#
# A fatal error has been detected by the Java Runtime Environment:
#
#  EXCEPTION_ACCESS_VIOLATION (0xc0000005) at pc=0x000000002bee0000, pid=17316, tid=3308
#
# JRE version: Java(TM) SE Runtime Environment (8.0_51-b16) (build 1.8.0_51-b16)
# Java VM: Java HotSpot(TM) 64-Bit Server VM (25.51-b03 mixed mode windows-amd64 compressed oops)
# Problematic frame:
# C  0x000000002bee0000
#
# Failed to write core dump. Minidumps are not enabled by default on client versions of Windows
#
# If you would like to submit a bug report, please visit:
#   http://bugreport.java.com/bugreport/crash.jsp
# The crash happened outside the Java Virtual Machine in native code.
# See problematic frame for where to report the bug.
#

---------------  T H R E A D  ---------------

Current thread (0x000000001ec1a800):  JavaThread "CraftPresence" [_thread_in_native, id=3308, stack(0x0000000029820000,0x0000000029920000)]

siginfo: ExceptionCode=0xc0000005, ExceptionInformation=0x0000000000000008 0x000000002bee0000

Registers:
RAX=0x000000002bee0000, RBX=0x0000000000010001, RCX=0x0000000000010001, RDX=0x000000002991e730
RSP=0x000000002991e6f8, RBP=0x000000002991e800, RSI=0x000000000135f770, RDI=0x0000000000000009
R8 =0x000000000135f770, R9 =0x00007ffb7dc137b0, R10=0x00007ffb76911a10, R11=0x000000002991eb68
R12=0x0000000000000000, R13=0x0000000080000001, R14=0x00000006c0000a70, R15=0x000000001ec1a800
RIP=0x000000002bee0000, EFLAGS=0x0000000000010206

Top of Stack: (sp=0x000000002991e6f8)
0x000000002991e6f8:   00007ffb7dc11f7c 0000000000000000
0x000000002991e708:   000000001ec1a800 0000fbc5b9e64f01
0x000000002991e718:   00000006c048a5b0 000000002991eac0
0x000000002991e728:   0000000068f320da 57464c4720656854
0x000000002991e738:   7972617262696c20 20746f6e20736920
0x000000002991e748:   696c616974696e69 000000000064657a
0x000000002991e758:   0000000068f64e03 0000000068fc37e0
0x000000002991e768:   0000000001841e60 0000000000000040
0x000000002991e778:   00000000ffffffff 0000000000000001
0x000000002991e788:   0000000068f638a8 000000002991ea4f
0x000000002991e798:   00007ffb93413550 000000002991eac0
0x000000002991e7a8:   0000000003840ba4 0000000027b60550
0x000000002991e7b8:   00007ffb90731e3b 0000000000000001
0x000000002991e7c8:   00007ffb93413550 0000fbc5b9e64e15
0x000000002991e7d8:   0000000000000001 000000002991e900
0x000000002991e7e8:   00007ffb90731e3b 0000002700000000 

Instructions: (pc=0x000000002bee0000)
0x000000002bedffe0:   
[error occurred during error reporting (printing registers, top of stack, instructions near pc), id 0xc0000005]

Register to memory mapping:

RAX=0x000000002bee0000 is an unknown value
RBX=0x0000000000010001 is pointing into the stack for thread: 0x000000009c1fc800
RCX=0x0000000000010001 is pointing into the stack for thread: 0x000000009c1fc800
RDX=0x000000002991e730 is pointing into the stack for thread: 0x000000001ec1a800
RSP=0x000000002991e6f8 is pointing into the stack for thread: 0x000000001ec1a800
RBP=0x000000002991e800 is pointing into the stack for thread: 0x000000001ec1a800
RSI=0x000000000135f770 is an unknown value
RDI=0x0000000000000009 is an unknown value
R8 =0x000000000135f770 is an unknown value
R9 =0x00007ffb7dc137b0 is an unknown value
R10=0x00007ffb76911a10 is an unknown value
R11=0x000000002991eb68 is pointing into the stack for thread: 0x000000001ec1a800
R12=0x0000000000000000 is an unknown value
R13=0x0000000080000001 is an unknown value
R14=0x00000006c0000a70 is an oop
[I 
 - klass: {type array int}
 - length: 256
R15=0x000000001ec1a800 is a thread


Stack: [0x0000000029820000,0x0000000029920000],  sp=0x000000002991e6f8,  free space=1017k
Native frames: (J=compiled Java code, j=interpreted, Vv=VM code, C=native code)
C  0x000000002bee0000

Java frames: (J=compiled Java code, j=interpreted, Vv=VM code)
J 14630  org.lwjgl.system.JNI.invokePI(JIJ)I (0 bytes) @ 0x0000000003ab540e [0x0000000003ab5360+0xae]
J 16706 C1 com.gitlab.cdagaming.craftpresence.utils.KeyUtils.onTick()V (150 bytes) @ 0x0000000003d9ae8c [0x0000000003d9a860+0x62c]
j  com.gitlab.cdagaming.craftpresence.utils.CommandUtils.reloadData(Z)V+15
j  com.gitlab.cdagaming.craftpresence.CraftPresence.clientTick()V+32
J 40327 C2 com.gitlab.cdagaming.craftpresence.CraftPresence$1.run()V (8 bytes) @ 0x00000000078e92a0 [0x00000000078e9260+0x40]
j  java.util.TimerThread.mainLoop()V+221
j  java.util.TimerThread.run()V+1
v  ~StubRoutines::call_stub

---------------  P R O C E S S  ---------------

Java Threads: ( => current thread )
  0x000000009c1f8000 JavaThread "Sound engine" daemon [_thread_blocked, id=6644, stack(0x0000000000610000,0x0000000000710000)]
  0x000000009c1ff000 JavaThread "Netty Server IO #1" daemon [_thread_in_native, id=9780, stack(0x0000000000510000,0x0000000000610000)]
  0x000000009c1fe000 JavaThread "Netty Local Client IO #0" daemon [_thread_blocked, id=1400, stack(0x0000000000410000,0x0000000000510000)]
  0x000000009c1f5800 JavaThread "Netty Server IO #0" daemon [_thread_in_native, id=16020, stack(0x0000000000210000,0x0000000000310000)]
  0x000000009c1fc800 JavaThread "ObjectCleanerThread" daemon [_thread_blocked, id=15836, stack(0x0000000000010000,0x0000000000110000)]
  0x000000009c1f6800 JavaThread "Java2D Disposer" daemon [_thread_blocked, id=11784, stack(0x0000000000110000,0x0000000000210000)]
  0x000000002caac800 JavaThread "Thread-31" daemon [_thread_in_native, id=14444, stack(0x000000003e960000,0x000000003ea60000)]
  0x000000002e039000 JavaThread "Snooper Timer" daemon [_thread_blocked, id=9980, stack(0x000000002d750000,0x000000002d850000)]
  0x000000002e02d000 JavaThread "Thread-26" daemon [_thread_blocked, id=1624, stack(0x000000003cdf0000,0x000000003cef0000)]
  0x000000002cab1000 JavaThread "Discord Rich Presence Timer Thread" daemon [_thread_blocked, id=3656, stack(0x000000003ddb0000,0x000000003deb0000)]
  0x000000002caae000 JavaThread "Thread-21" daemon [_thread_in_native, id=14952, stack(0x000000003c6e0000,0x000000003c7e0000)]
  0x000000002caa6800 JavaThread "Thread-20" daemon [_thread_in_native, id=4464, stack(0x000000003c5e0000,0x000000003c6e0000)]
  0x000000002cab4000 JavaThread "Thread-19" daemon [_thread_in_native, id=11864, stack(0x000000003c4e0000,0x000000003c5e0000)]
  0x000000002cab5800 JavaThread "Thread-18" daemon [_thread_in_native, id=16048, stack(0x0000000038120000,0x0000000038220000)]
  0x000000002caaa000 JavaThread "IPCClient-Reader" [_thread_blocked, id=8624, stack(0x0000000032360000,0x0000000032460000)]
  0x000000002caab000 JavaThread "Thread-11" daemon [_thread_in_native, id=2448, stack(0x0000000036080000,0x0000000036180000)]
  0x000000002caa9800 JavaThread "Thread-10" daemon [_thread_in_native, id=5344, stack(0x0000000035f80000,0x0000000036080000)]
  0x000000002caa7000 JavaThread "Thread-9" daemon [_thread_in_native, id=17168, stack(0x0000000035e80000,0x0000000035f80000)]
  0x000000002caa8800 JavaThread "Thread-8" daemon [_thread_in_native, id=13356, stack(0x0000000035d80000,0x0000000035e80000)]
  0x000000001ec1a000 JavaThread "Thread-7" daemon [_thread_in_native, id=17220, stack(0x0000000035c80000,0x0000000035d80000)]
=>0x000000001ec1a800 JavaThread "CraftPresence" [_thread_in_native, id=3308, stack(0x0000000029820000,0x0000000029920000)]
  0x000000001ec1d000 JavaThread "Timer hack thread" daemon [_thread_blocked, id=6860, stack(0x0000000031e10000,0x0000000031f10000)]
  0x00000000284bd800 JavaThread "pool-3-thread-1" [_thread_blocked, id=13320, stack(0x000000002bdd0000,0x000000002bed0000)]
  0x000000002c4cc000 JavaThread "Snooper Timer" daemon [_thread_blocked, id=16156, stack(0x000000001f530000,0x000000001f630000)]
  0x000000001fbfa800 JavaThread "Thread-2" daemon [_thread_in_native, id=5596, stack(0x0000000020d00000,0x0000000020e00000)]
  0x000000001fbfa000 JavaThread "Thread-1" daemon [_thread_blocked, id=14908, stack(0x0000000020a00000,0x0000000020b00000)]
  0x000000001e220800 JavaThread "Service Thread" daemon [_thread_blocked, id=14056, stack(0x000000001e5f0000,0x000000001e6f0000)]
  0x000000001c99e000 JavaThread "C1 CompilerThread2" daemon [_thread_blocked, id=14660, stack(0x000000001e0f0000,0x000000001e1f0000)]
  0x000000001c997800 JavaThread "C2 CompilerThread1" daemon [_thread_blocked, id=1224, stack(0x000000001dff0000,0x000000001e0f0000)]
  0x000000001c995800 JavaThread "C2 CompilerThread0" daemon [_thread_blocked, id=12856, stack(0x000000001def0000,0x000000001dff0000)]
  0x000000001c993800 JavaThread "Attach Listener" daemon [_thread_blocked, id=1084, stack(0x000000001ddf0000,0x000000001def0000)]
  0x000000001c992000 JavaThread "Signal Dispatcher" daemon [_thread_blocked, id=2528, stack(0x000000001dcf0000,0x000000001ddf0000)]
  0x00000000032bb800 JavaThread "Finalizer" daemon [_thread_blocked, id=6752, stack(0x000000001dbf0000,0x000000001dcf0000)]
  0x00000000032b2800 JavaThread "Reference Handler" daemon [_thread_blocked, id=17052, stack(0x000000001daf0000,0x000000001dbf0000)]
  0x00000000031c4800 JavaThread "Render thread" [_thread_blocked, id=9504, stack(0x00000000030c0000,0x00000000031c0000)]

Other Threads:
  0x000000001c957000 VMThread [stack: 0x000000001d9f0000,0x000000001daf0000] [id=16680]
  0x000000001e229800 WatcherThread [stack: 0x000000001e6f0000,0x000000001e7f0000] [id=15844]

VM state:not at safepoint (normal execution)

VM Mutex/Monitor currently owned by a thread: None

Heap:
 PSYoungGen      total 1072640K, used 212008K [0x000000076ab00000, 0x00000007c0000000, 0x00000007c0000000)
  eden space 763904K, 1% used [0x000000076ab00000,0x000000076b38d0c8,0x0000000799500000)
  from space 308736K, 65% used [0x00000007ad280000,0x00000007b98fd1c8,0x00000007c0000000)
  to   space 316928K, 0% used [0x0000000799500000,0x0000000799500000,0x00000007aca80000)
 ParOldGen       total 2758144K, used 2160776K [0x00000006c0000000, 0x0000000768580000, 0x000000076ab00000)
  object space 2758144K, 78% used [0x00000006c0000000,0x0000000743e221a0,0x0000000768580000)
 Metaspace       used 208063K, capacity 235964K, committed 236120K, reserved 1241088K
  class space    used 36213K, capacity 44095K, committed 44120K, reserved 1048576K

Card table byte_map: [0x0000000012680000,0x0000000012e90000] byte_map_base: 0x000000000f080000

Marking Bits: (ParMarkBitMap*) 0x0000000068e84040
 Begin Bits: [0x00000000137f0000, 0x00000000177f0000)
 End Bits:   [0x00000000177f0000, 0x000000001b7f0000)

Polling page: 0x0000000001250000

CodeCache: size=245760Kb used=103479Kb max_used=105164Kb free=142280Kb
 bounds [0x00000000032c0000, 0x0000000009a20000, 0x00000000122c0000]
 total_blobs=29775 nmethods=27619 adapters=2060
 compilation: enabled

Compilation events (10 events):
Event: 376.710 Thread 0x000000001c99e000 nmethod 40348 0x0000000004def810 code [0x0000000004def9a0, 0x0000000004defdb8]
Event: 376.710 Thread 0x000000001c997800 40349       4       net.minecraft.client.renderer.texture.NativeImage::close (39 bytes)
Event: 376.711 Thread 0x000000001c997800 nmethod 40349 0x0000000005ba9b50 code [0x0000000005ba9ca0, 0x0000000005ba9d98]
Event: 376.712 Thread 0x000000001c997800 40350       4       net.minecraft.client.renderer.texture.TextureAtlasSprite::close (51 bytes)
Event: 376.715 Thread 0x000000001c997800 nmethod 40350 0x0000000003f00910 code [0x0000000003f00a80, 0x0000000003f00c88]
Event: 376.717 Thread 0x000000001c99e000 40351       3       net.minecraft.client.gui.fonts.providers.UnicodeTextureGlyphProvider$$Lambda$16447/901622540::accept (8 bytes)
Event: 376.718 Thread 0x000000001c99e000 nmethod 40351 0x0000000007654f50 code [0x00000000076550c0, 0x00000000076553c8]
Event: 376.721 Thread 0x000000001c995800 nmethod 40345 0x0000000007662750 code [0x0000000007662940, 0x0000000007662ff0]
Event: 376.798 Thread 0x000000001c99e000 40352       3       org.apache.logging.log4j.util.StackLocator::getCallerClass (62 bytes)
Event: 376.799 Thread 0x000000001c99e000 nmethod 40352 0x0000000007831450 code [0x0000000007831620, 0x0000000007831f48]

GC Heap History (10 events):
Event: 370.418 GC heap before
{Heap before GC invocations=219 (full 9):
 PSYoungGen      total 1009664K, used 1009373K [0x000000076ab00000, 0x00000007c0000000, 0x00000007c0000000)
  eden space 851968K, 100% used [0x000000076ab00000,0x000000079eb00000,0x000000079eb00000)
  from space 157696K, 99% used [0x000000079eb00000,0x00000007a84b7500,0x00000007a8500000)
  to   space 276480K, 0% used [0x00000007af200000,0x00000007af200000,0x00000007c0000000)
 ParOldGen       total 2758144K, used 2158245K [0x00000006c0000000, 0x0000000768580000, 0x000000076ab00000)
  object space 2758144K, 78% used [0x00000006c0000000,0x0000000743ba96a8,0x0000000768580000)
 Metaspace       used 207921K, capacity 235732K, committed 235864K, reserved 1241088K
  class space    used 36193K, capacity 44071K, committed 44120K, reserved 1048576K
Event: 370.508 GC heap after
Heap after GC invocations=219 (full 9):
 PSYoungGen      total 1115136K, used 160588K [0x000000076ab00000, 0x00000007c0000000, 0x00000007c0000000)
  eden space 838656K, 0% used [0x000000076ab00000,0x000000076ab00000,0x000000079de00000)
  from space 276480K, 58% used [0x00000007af200000,0x00000007b8ed30b8,0x00000007c0000000)
  to   space 279552K, 0% used [0x000000079de00000,0x000000079de00000,0x00000007aef00000)
 ParOldGen       total 2758144K, used 2158261K [0x00000006c0000000, 0x0000000768580000, 0x000000076ab00000)
  object space 2758144K, 78% used [0x00000006c0000000,0x0000000743bad6a8,0x0000000768580000)
 Metaspace       used 207921K, capacity 235732K, committed 235864K, reserved 1241088K
  class space    used 36193K, capacity 44071K, committed 44120K, reserved 1048576K
}
Event: 372.571 GC heap before
{Heap before GC invocations=220 (full 9):
 PSYoungGen      total 1115136K, used 999244K [0x000000076ab00000, 0x00000007c0000000, 0x00000007c0000000)
  eden space 838656K, 100% used [0x000000076ab00000,0x000000079de00000,0x000000079de00000)
  from space 276480K, 58% used [0x00000007af200000,0x00000007b8ed30b8,0x00000007c0000000)
  to   space 279552K, 0% used [0x000000079de00000,0x000000079de00000,0x00000007aef00000)
 ParOldGen       total 2758144K, used 2159120K [0x00000006c0000000, 0x0000000768580000, 0x000000076ab00000)
  object space 2758144K, 78% used [0x00000006c0000000,0x0000000743c841f0,0x0000000768580000)
 Metaspace       used 208013K, capacity 235858K, committed 236120K, reserved 1241088K
  class space    used 36202K, capacity 44080K, committed 44120K, reserved 1048576K
Event: 372.663 GC heap after
Heap after GC invocations=220 (full 9):
 PSYoungGen      total 1006592K, used 167524K [0x000000076ab00000, 0x00000007c0000000, 0x00000007c0000000)
  eden space 838656K, 0% used [0x000000076ab00000,0x000000076ab00000,0x000000079de00000)
  from space 167936K, 99% used [0x000000079de00000,0x00000007a8199230,0x00000007a8200000)
  to   space 283136K, 0% used [0x00000007aeb80000,0x00000007aeb80000,0x00000007c0000000)
 ParOldGen       total 2758144K, used 2159136K [0x00000006c0000000, 0x0000000768580000, 0x000000076ab00000)
  object space 2758144K, 78% used [0x00000006c0000000,0x0000000743c881f0,0x0000000768580000)
 Metaspace       used 208013K, capacity 235858K, committed 236120K, reserved 1241088K
  class space    used 36202K, capacity 44080K, committed 44120K, reserved 1048576K
}
Event: 373.948 GC heap before
{Heap before GC invocations=221 (full 9):
 PSYoungGen      total 1006592K, used 1006180K [0x000000076ab00000, 0x00000007c0000000, 0x00000007c0000000)
  eden space 838656K, 100% used [0x000000076ab00000,0x000000079de00000,0x000000079de00000)
  from space 167936K, 99% used [0x000000079de00000,0x00000007a8199230,0x00000007a8200000)
  to   space 283136K, 0% used [0x00000007aeb80000,0x00000007aeb80000,0x00000007c0000000)
 ParOldGen       total 2758144K, used 2160526K [0x00000006c0000000, 0x0000000768580000, 0x000000076ab00000)
  object space 2758144K, 78% used [0x00000006c0000000,0x0000000743de3a98,0x0000000768580000)
 Metaspace       used 208020K, capacity 235858K, committed 236120K, reserved 1241088K
  class space    used 36203K, capacity 44080K, committed 44120K, reserved 1048576K
Event: 374.053 GC heap after
Heap after GC invocations=221 (full 9):
 PSYoungGen      total 1095168K, used 187825K [0x000000076ab00000, 0x00000007c0000000, 0x00000007c0000000)
  eden space 812032K, 0% used [0x000000076ab00000,0x000000076ab00000,0x000000079c400000)
  from space 283136K, 66% used [0x00000007aeb80000,0x00000007ba2ec6f8,0x00000007c0000000)
  to   space 292864K, 0% used [0x000000079c400000,0x000000079c400000,0x00000007ae200000)
 ParOldGen       total 2758144K, used 2160542K [0x00000006c0000000, 0x0000000768580000, 0x000000076ab00000)
  object space 2758144K, 78% used [0x00000006c0000000,0x0000000743de7a98,0x0000000768580000)
 Metaspace       used 208020K, capacity 235858K, committed 236120K, reserved 1241088K
  class space    used 36203K, capacity 44080K, committed 44120K, reserved 1048576K
}
Event: 375.244 GC heap before
{Heap before GC invocations=222 (full 9):
 PSYoungGen      total 1095168K, used 999857K [0x000000076ab00000, 0x00000007c0000000, 0x00000007c0000000)
  eden space 812032K, 100% used [0x000000076ab00000,0x000000079c400000,0x000000079c400000)
  from space 283136K, 66% used [0x00000007aeb80000,0x00000007ba2ec6f8,0x00000007c0000000)
  to   space 292864K, 0% used [0x000000079c400000,0x000000079c400000,0x00000007ae200000)
 ParOldGen       total 2758144K, used 2160725K [0x00000006c0000000, 0x0000000768580000, 0x000000076ab00000)
  object space 2758144K, 78% used [0x00000006c0000000,0x0000000743e15758,0x0000000768580000)
 Metaspace       used 208021K, capacity 235858K, committed 236120K, reserved 1241088K
  class space    used 36203K, capacity 44080K, committed 44120K, reserved 1048576K
Event: 375.351 GC heap after
Heap after GC invocations=222 (full 9):
 PSYoungGen      total 1025024K, used 212919K [0x000000076ab00000, 0x00000007c0000000, 0x00000007c0000000)
  eden space 812032K, 0% used [0x000000076ab00000,0x000000076ab00000,0x000000079c400000)
  from space 212992K, 99% used [0x000000079c400000,0x00000007a93edf80,0x00000007a9400000)
  to   space 308736K, 0% used [0x00000007ad280000,0x00000007ad280000,0x00000007c0000000)
 ParOldGen       total 2758144K, used 2160741K [0x00000006c0000000, 0x0000000768580000, 0x000000076ab00000)
  object space 2758144K, 78% used [0x00000006c0000000,0x0000000743e19758,0x0000000768580000)
 Metaspace       used 208021K, capacity 235858K, committed 236120K, reserved 1241088K
  class space    used 36203K, capacity 44080K, committed 44120K, reserved 1048576K
}
Event: 376.800 GC heap before
{Heap before GC invocations=223 (full 9):
 PSYoungGen      total 1025024K, used 1024951K [0x000000076ab00000, 0x00000007c0000000, 0x00000007c0000000)
  eden space 812032K, 100% used [0x000000076ab00000,0x000000079c400000,0x000000079c400000)
  from space 212992K, 99% used [0x000000079c400000,0x00000007a93edf80,0x00000007a9400000)
  to   space 308736K, 0% used [0x00000007ad280000,0x00000007ad280000,0x00000007c0000000)
 ParOldGen       total 2758144K, used 2160744K [0x00000006c0000000, 0x0000000768580000, 0x000000076ab00000)
  object space 2758144K, 78% used [0x00000006c0000000,0x0000000743e1a1a0,0x0000000768580000)
 Metaspace       used 208061K, capacity 235964K, committed 236120K, reserved 1241088K
  class space    used 36212K, capacity 44095K, committed 44120K, reserved 1048576K
Event: 376.959 GC heap after
Heap after GC invocations=223 (full 9):
 PSYoungGen      total 1072640K, used 203252K [0x000000076ab00000, 0x00000007c0000000, 0x00000007c0000000)
  eden space 763904K, 0% used [0x000000076ab00000,0x000000076ab00000,0x0000000799500000)
  from space 308736K, 65% used [0x00000007ad280000,0x00000007b98fd1c8,0x00000007c0000000)
  to   space 316928K, 0% used [0x0000000799500000,0x0000000799500000,0x00000007aca80000)
 ParOldGen       total 2758144K, used 2160776K [0x00000006c0000000, 0x0000000768580000, 0x000000076ab00000)
  object space 2758144K, 78% used [0x00000006c0000000,0x0000000743e221a0,0x0000000768580000)
 Metaspace       used 208061K, capacity 235964K, committed 236120K, reserved 1241088K
  class space    used 36212K, capacity 44095K, committed 44120K, reserved 1048576K
}

Deoptimization events (10 events):
Event: 376.709 Thread 0x00000000031c4800 Uncommon trap: reason=class_check action=maybe_recompile pc=0x00000000093e0724 method=com.google.common.cache.LocalCache$Segment.expireEntries(J)V @ 67
Event: 376.737 Thread 0x00000000031c4800 Uncommon trap: reason=unstable_if action=reinterpret pc=0x000000000785f6e8 method=java.util.concurrent.ForkJoinPool.tryTerminate(ZZ)Z @ 19
Event: 376.737 Thread 0x000000009c1f9800 Uncommon trap: reason=unstable_if action=reinterpret pc=0x0000000006bc68d4 method=java.util.concurrent.ForkJoinPool.scan(Ljava/util/concurrent/ForkJoinPool$WorkQueue;I)Ljava/util/concurrent/ForkJoinTask; @ 321
Event: 376.752 Thread 0x000000001ec1a800 Uncommon trap: reason=unstable_if action=reinterpret pc=0x0000000008724a24 method=com.gitlab.cdagaming.craftpresence.utils.server.ServerUtils.onTick()V @ 118
Event: 376.752 Thread 0x000000001ec1a800 Uncommon trap: reason=unstable_if action=reinterpret pc=0x0000000008cb5e40 method=com.gitlab.cdagaming.craftpresence.CraftPresence.clientTick()V @ 281
Event: 376.798 Thread 0x000000009c1f8800 Uncommon trap: reason=predicate action=maybe_recompile pc=0x00000000086232e4 method=java.util.ComparableTimSort.reverseRange([Ljava/lang/Object;II)V @ 8
Event: 376.798 Thread 0x000000009c1f8800 Uncommon trap: reason=predicate action=maybe_recompile pc=0x00000000064208b0 method=java.util.ComparableTimSort.binarySort([Ljava/lang/Object;III)V @ 37
Event: 376.799 Thread 0x000000009c1f8800 Uncommon trap: reason=class_check action=maybe_recompile pc=0x0000000005714b54 method=org.apache.logging.log4j.spi.AbstractLogger.logIfEnabled(Ljava/lang/String;Lorg/apache/logging/log4j/Level;Lorg/apache/logging/log4j/Marker;Ljava/lang/String;Ljava/lang/O
Event: 376.799 Thread 0x000000009c1f8800 Uncommon trap: reason=class_check action=maybe_recompile pc=0x0000000005714b54 method=org.apache.logging.log4j.spi.AbstractLogger.logIfEnabled(Ljava/lang/String;Lorg/apache/logging/log4j/Level;Lorg/apache/logging/log4j/Marker;Ljava/lang/String;Ljava/lang/O€õ)ÈŒw@
Event: 376.799 Thread 0x000000009c1f8800 Uncommon trap: reason=class_check action=maybe_recompile pc=0x0000000005714b54 method=org.apache.logging.log4j.spi.AbstractLogger.logIfEnabled(Ljava/lang/String;Lorg/apache/logging/log4j/Level;Lorg/apache/logging/log4j/Marker;Ljava/lang/String;Ljava/lang/OãP+V‹w@

Internal exceptions (10 events):
Event: 372.419 Thread 0x000000001ec1c000 Exception <a 'sun/nio/fs/WindowsException'> (0x000000079caccac0) thrown at [C:\re\workspace\8-2-build-windows-amd64-cygwin\jdk8u51\3951\hotspot\src\share\vm\prims\jni.cpp, line 709]
Event: 372.421 Thread 0x000000001ec1c000 Exception <a 'sun/nio/fs/WindowsException'> (0x000000079cad2588) thrown at [C:\re\workspace\8-2-build-windows-amd64-cygwin\jdk8u51\3951\hotspot\src\share\vm\prims\jni.cpp, line 709]
Event: 372.423 Thread 0x000000001ec1c000 Exception <a 'sun/nio/fs/WindowsException'> (0x000000079cae0d48) thrown at [C:\re\workspace\8-2-build-windows-amd64-cygwin\jdk8u51\3951\hotspot\src\share\vm\prims\jni.cpp, line 709]
Event: 372.426 Thread 0x000000001ec1c000 Exception <a 'sun/nio/fs/WindowsException'> (0x000000079caeb1c0) thrown at [C:\re\workspace\8-2-build-windows-amd64-cygwin\jdk8u51\3951\hotspot\src\share\vm\prims\jni.cpp, line 709]
Event: 372.427 Thread 0x000000001ec1c000 Exception <a 'sun/nio/fs/WindowsException'> (0x000000079caf0870) thrown at [C:\re\workspace\8-2-build-windows-amd64-cygwin\jdk8u51\3951\hotspot\src\share\vm\prims\jni.cpp, line 709]
Event: 372.428 Thread 0x000000001ec1c000 Exception <a 'sun/nio/fs/WindowsException'> (0x000000079caf6228) thrown at [C:\re\workspace\8-2-build-windows-amd64-cygwin\jdk8u51\3951\hotspot\src\share\vm\prims\jni.cpp, line 709]
Event: 372.429 Thread 0x000000001ec1c000 Exception <a 'sun/nio/fs/WindowsException'> (0x000000079cafb6f0) thrown at [C:\re\workspace\8-2-build-windows-amd64-cygwin\jdk8u51\3951\hotspot\src\share\vm\prims\jni.cpp, line 709]
Event: 372.430 Thread 0x000000001ec1c000 Exception <a 'sun/nio/fs/WindowsException'> (0x000000079cb00da8) thrown at [C:\re\workspace\8-2-build-windows-amd64-cygwin\jdk8u51\3951\hotspot\src\share\vm\prims\jni.cpp, line 709]
Event: 373.735 Thread 0x000000002e02d000 Implicit null exception at 0x00000000055252e2 to 0x000000000552552e
Event: 373.735 Thread 0x000000002e02d000 Exception <a 'java/lang/NullPointerException'> (0x000000076d6a3bb0) thrown at [C:\re\workspace\8-2-build-windows-amd64-cygwin\jdk8u51\3951\hotspot\src\share\vm\runtime\sharedRuntime.cpp, line 605]

Events (10 events):
Event: 376.799 Thread 0x000000009c1f8800 DEOPT PACKING pc=0x0000000005714b54 sp=0x000000000158ea80
Event: 376.799 Thread 0x000000009c1f8800 DEOPT UNPACKING pc=0x000000000330582a sp=0x000000000158ea58 mode 2
Event: 376.799 Thread 0x000000009c1f8800 Uncommon trap: trap_request=0xffffffde fr.pc=0x0000000005714b54
Event: 376.799 Thread 0x000000009c1f8800 DEOPT PACKING pc=0x0000000005714b54 sp=0x000000000158ea80
Event: 376.799 Thread 0x000000009c1f8800 DEOPT UNPACKING pc=0x000000000330582a sp=0x000000000158ea58 mode 2
Event: 376.799 Thread 0x000000009c1f8800 Uncommon trap: trap_request=0xffffffde fr.pc=0x0000000005714b54
Event: 376.799 Thread 0x000000009c1f8800 DEOPT PACKING pc=0x0000000005714b54 sp=0x000000000158ea80
Event: 376.799 Thread 0x000000009c1f8800 DEOPT UNPACKING pc=0x000000000330582a sp=0x000000000158ea58 mode 2
Event: 376.799 Executing VM operation: ParallelGCFailedAllocation
Event: 376.959 Executing VM operation: ParallelGCFailedAllocation done


Dynamic libraries:
0x00007ff7cd110000 - 0x00007ff7cd147000 	C:\Users\Home\Twitch\Minecraft\Install\runtime\jre-x64\bin\javaw.exe
0x00007ffb933c0000 - 0x00007ffb935b0000 	C:\WINDOWS\SYSTEM32\ntdll.dll
0x00007ffb92eb0000 - 0x00007ffb92f62000 	C:\WINDOWS\System32\KERNEL32.DLL
0x00007ffb90710000 - 0x00007ffb909b4000 	C:\WINDOWS\System32\KERNELBASE.dll
0x00007ffb91d50000 - 0x00007ffb91df3000 	C:\WINDOWS\System32\ADVAPI32.dll
0x00007ffb92fc0000 - 0x00007ffb9305e000 	C:\WINDOWS\System32\msvcrt.dll
0x00007ffb93060000 - 0x00007ffb930f7000 	C:\WINDOWS\System32\sechost.dll
0x00007ffb93260000 - 0x00007ffb93380000 	C:\WINDOWS\System32\RPCRT4.dll
0x00007ffb927b0000 - 0x00007ffb92944000 	C:\WINDOWS\System32\USER32.dll
0x00007ffb906e0000 - 0x00007ffb90701000 	C:\WINDOWS\System32\win32u.dll
0x00007ffb92950000 - 0x00007ffb92976000 	C:\WINDOWS\System32\GDI32.dll
0x00007ffb90410000 - 0x00007ffb905a6000 	C:\WINDOWS\System32\gdi32full.dll
0x00007ffb90370000 - 0x00007ffb9040e000 	C:\WINDOWS\System32\msvcp_win.dll
0x00007ffb91150000 - 0x00007ffb9124a000 	C:\WINDOWS\System32\ucrtbase.dll
0x00007ffb870a0000 - 0x00007ffb87324000 	C:\WINDOWS\WinSxS\amd64_microsoft.windows.common-controls_6595b64144ccf1df_6.0.18362.959_none_e6c7bbbf130c62bb\COMCTL32.dll
0x00007ffb92330000 - 0x00007ffb92665000 	C:\WINDOWS\System32\combase.dll
0x00007ffb905b0000 - 0x00007ffb90630000 	C:\WINDOWS\System32\bcryptPrimitives.dll
0x00007ffb92f90000 - 0x00007ffb92fbe000 	C:\WINDOWS\System32\IMM32.DLL
0x0000000068f10000 - 0x0000000068fe2000 	C:\Users\Home\Twitch\Minecraft\Install\runtime\jre-x64\bin\msvcr100.dll
0x0000000068680000 - 0x0000000068f03000 	C:\Users\Home\Twitch\Minecraft\Install\runtime\jre-x64\bin\server\jvm.dll
0x00007ffb91ed0000 - 0x00007ffb91ed8000 	C:\WINDOWS\System32\PSAPI.DLL
0x00007ffb7fd50000 - 0x00007ffb7fd74000 	C:\WINDOWS\SYSTEM32\WINMM.dll
0x00007ffb8b050000 - 0x00007ffb8b05a000 	C:\WINDOWS\SYSTEM32\VERSION.dll
0x00007ffb895d0000 - 0x00007ffb895d9000 	C:\WINDOWS\SYSTEM32\WSOCK32.dll
0x00007ffb92740000 - 0x00007ffb927af000 	C:\WINDOWS\System32\WS2_32.dll
0x00007ffb7fd20000 - 0x00007ffb7fd4d000 	C:\WINDOWS\SYSTEM32\WINMMBASE.dll
0x00007ffb90690000 - 0x00007ffb906da000 	C:\WINDOWS\System32\cfgmgr32.dll
0x0000000068670000 - 0x000000006867f000 	C:\Users\Home\Twitch\Minecraft\Install\runtime\jre-x64\bin\verify.dll
0x0000000068640000 - 0x0000000068669000 	C:\Users\Home\Twitch\Minecraft\Install\runtime\jre-x64\bin\java.dll
0x0000000068620000 - 0x0000000068636000 	C:\Users\Home\Twitch\Minecraft\Install\runtime\jre-x64\bin\zip.dll
0x00007ffb91600000 - 0x00007ffb91ce6000 	C:\WINDOWS\System32\SHELL32.dll
0x00007ffb91550000 - 0x00007ffb915f9000 	C:\WINDOWS\System32\shcore.dll
0x00007ffb909c0000 - 0x00007ffb91142000 	C:\WINDOWS\System32\windows.storage.dll
0x00007ffb902f0000 - 0x00007ffb90313000 	C:\WINDOWS\System32\profapi.dll
0x00007ffb90280000 - 0x00007ffb902ca000 	C:\WINDOWS\System32\powrprof.dll
0x00007ffb90270000 - 0x00007ffb90280000 	C:\WINDOWS\System32\UMPDC.dll
0x00007ffb914f0000 - 0x00007ffb91542000 	C:\WINDOWS\System32\shlwapi.dll
0x00007ffb90320000 - 0x00007ffb90331000 	C:\WINDOWS\System32\kernel.appcore.dll
0x00007ffb91450000 - 0x00007ffb91467000 	C:\WINDOWS\System32\cryptsp.dll
0x0000000068610000 - 0x000000006861d000 	C:\Users\Home\Twitch\Minecraft\Install\runtime\jre-x64\bin\management.dll
0x00000000685f0000 - 0x000000006860a000 	C:\Users\Home\Twitch\Minecraft\Install\runtime\jre-x64\bin\net.dll
0x00007ffb8fae0000 - 0x00007ffb8fb47000 	C:\WINDOWS\system32\mswsock.dll
0x00007ffb74860000 - 0x00007ffb74876000 	C:\WINDOWS\system32\napinsp.dll
0x00007ffb746d0000 - 0x00007ffb746ea000 	C:\WINDOWS\system32\pnrpnsp.dll
0x00007ffb8f830000 - 0x00007ffb8f8fb000 	C:\WINDOWS\SYSTEM32\DNSAPI.dll
0x00007ffb93100000 - 0x00007ffb93108000 	C:\WINDOWS\System32\NSI.dll
0x00007ffb8f7f0000 - 0x00007ffb8f82a000 	C:\WINDOWS\SYSTEM32\IPHLPAPI.DLL
0x00007ffb83290000 - 0x00007ffb8329e000 	C:\WINDOWS\System32\winrnr.dll
0x00007ffb8b0e0000 - 0x00007ffb8b0fc000 	C:\WINDOWS\system32\NLAapi.dll
0x00007ffb8c320000 - 0x00007ffb8c335000 	C:\WINDOWS\system32\wshbth.dll
0x00007ffb88600000 - 0x00007ffb8860a000 	C:\Windows\System32\rasadhlp.dll
0x00007ffb89e00000 - 0x00007ffb89e77000 	C:\WINDOWS\System32\fwpuclnt.dll
0x00007ffb90340000 - 0x00007ffb90366000 	C:\WINDOWS\System32\bcrypt.dll
0x00000000685d0000 - 0x00000000685e1000 	C:\Users\Home\Twitch\Minecraft\Install\runtime\jre-x64\bin\nio.dll
0x00000000685a0000 - 0x00000000685c4000 	C:\Users\Home\Twitch\Minecraft\Install\runtime\jre-x64\bin\sunec.dll
0x00007ffb8f5f0000 - 0x00007ffb8f623000 	C:\WINDOWS\system32\rsaenh.dll
0x00007ffb90190000 - 0x00007ffb901b5000 	C:\WINDOWS\SYSTEM32\USERENV.dll
0x00007ffb8fcb0000 - 0x00007ffb8fcbc000 	C:\WINDOWS\SYSTEM32\CRYPTBASE.dll
0x00007ffb8aa70000 - 0x00007ffb8aa86000 	C:\WINDOWS\SYSTEM32\dhcpcsvc6.DLL
0x00007ffb8aa50000 - 0x00007ffb8aa6c000 	C:\WINDOWS\SYSTEM32\dhcpcsvc.DLL
0x00007ffb76910000 - 0x00007ffb76982000 	C:\Users\Home\Twitch\Minecraft\Install\bin\b32b-2d1d-45d8-94e9\lwjgl.dll
0x00007ffb5b190000 - 0x00007ffb5b3e1000 	C:\Users\Home\Twitch\Minecraft\Install\bin\b32b-2d1d-45d8-94e9\jemalloc.dll
0x00007ffb7dc10000 - 0x00007ffb7dc6e000 	C:\Users\Home\Twitch\Minecraft\Install\bin\b32b-2d1d-45d8-94e9\glfw.dll
0x00007ffb8e5e0000 - 0x00007ffb8e679000 	C:\WINDOWS\system32\uxtheme.dll
0x00007ffb90070000 - 0x00007ffb9009a000 	C:\WINDOWS\SYSTEM32\DEVOBJ.dll
0x00007ffb8ea10000 - 0x00007ffb8ea3d000 	C:\WINDOWS\SYSTEM32\dwmapi.dll
0x00007ffb80d40000 - 0x00007ffb80e5b000 	C:\WINDOWS\SYSTEM32\inputhost.dll
0x00007ffb8df70000 - 0x00007ffb8e044000 	C:\WINDOWS\SYSTEM32\CoreMessaging.dll
0x00007ffb7ea90000 - 0x00007ffb7edba000 	C:\WINDOWS\SYSTEM32\CoreUIComponents.dll
0x00007ffb8cc60000 - 0x00007ffb8cd50000 	C:\WINDOWS\SYSTEM32\PROPSYS.dll
0x00007ffb8c380000 - 0x00007ffb8c4d3000 	C:\WINDOWS\SYSTEM32\wintypes.dll
0x00007ffb91e00000 - 0x00007ffb91ec5000 	C:\WINDOWS\System32\OLEAUT32.dll
0x00007ffb8f380000 - 0x00007ffb8f3b1000 	C:\WINDOWS\SYSTEM32\ntmarta.dll
0x00007ffb921f0000 - 0x00007ffb92325000 	C:\WINDOWS\System32\MSCTF.dll
0x00007ffb92a40000 - 0x00007ffb92eb0000 	C:\WINDOWS\System32\SETUPAPI.DLL
0x00007ffb90630000 - 0x00007ffb9068c000 	C:\WINDOWS\System32\WINTRUST.dll
0x00007ffb902d0000 - 0x00007ffb902e2000 	C:\WINDOWS\System32\MSASN1.dll
0x00007ffb91250000 - 0x00007ffb91399000 	C:\WINDOWS\System32\CRYPT32.dll
0x00007ffb630a0000 - 0x00007ffb631f6000 	C:\WINDOWS\SYSTEM32\opengl32.dll
0x00007ffb7f310000 - 0x00007ffb7f33c000 	C:\WINDOWS\SYSTEM32\GLU32.dll
0x00007ffb8eee0000 - 0x00007ffb8ef00000 	C:\WINDOWS\SYSTEM32\dxcore.dll
0x00007ffb460d0000 - 0x00007ffb48915000 	C:\WINDOWS\System32\DriverStore\FileRepository\nv_dispi.inf_amd64_e92a0ac2e05fb2ca\nvoglv64.dll
0x00007ffb91ee0000 - 0x00007ffb92037000 	C:\WINDOWS\System32\ole32.dll
0x00007ffb8bac0000 - 0x00007ffb8bad3000 	C:\WINDOWS\SYSTEM32\WTSAPI32.dll
0x00007ffb66530000 - 0x00007ffb667de000 	C:\WINDOWS\system32\nvspcap64.dll
0x00007ffb8f690000 - 0x00007ffb8f6e6000 	C:\WINDOWS\SYSTEM32\WINSTA.dll
0x00007ffb76890000 - 0x00007ffb7690f000 	C:\Users\Home\Twitch\Minecraft\Install\bin\b32b-2d1d-45d8-94e9\lwjgl_stb.dll
0x00007ffb7cd30000 - 0x00007ffb7cdde000 	C:\WINDOWS\SYSTEM32\mscms.dll
0x00007ffb7f6d0000 - 0x00007ffb7f6e7000 	C:\WINDOWS\SYSTEM32\ColorAdapterClient.dll
0x00007ffb75880000 - 0x00007ffb758c3000 	C:\WINDOWS\SYSTEM32\icm32.dll
0x00007ffb748e0000 - 0x00007ffb74938000 	C:\Users\Home\Twitch\Minecraft\Install\bin\b32b-2d1d-45d8-94e9\lwjgl_opengl.dll
0x00007ffb733f0000 - 0x00007ffb73432000 	C:\Users\Home\AppData\Local\Temp\jna-2255103\jna2289076646189218103.dll
0x00007ffb86370000 - 0x00007ffb8640e000 	C:\WINDOWS\System32\TextInputFramework.dll
0x00007ffb834c0000 - 0x00007ffb83766000 	C:\WINDOWS\System32\iertutil.dll
0x0000000068400000 - 0x0000000068598000 	C:\Users\Home\Twitch\Minecraft\Install\runtime\jre-x64\bin\awt.dll
0x00007ffb8e530000 - 0x00007ffb8e5bf000 	C:\WINDOWS\SYSTEM32\apphelp.dll
0x00007ffb89010000 - 0x00007ffb8902a000 	C:\Users\Home\Twitch\Minecraft\Install\bin\b32b-2d1d-45d8-94e9\SAPIWrapper_x64.dll
0x00007ffb92980000 - 0x00007ffb92a22000 	C:\WINDOWS\System32\clbcatq.dll
0x00007ffb8b670000 - 0x00007ffb8b6e2000 	C:\WINDOWS\System32\MMDevApi.dll
0x00007ffb6a5f0000 - 0x00007ffb6a704000 	C:\Users\Home\Twitch\Minecraft\Install\bin\b32b-2d1d-45d8-94e9\OpenAL.dll
0x00007ffb8b7a0000 - 0x00007ffb8b8fd000 	C:\WINDOWS\SYSTEM32\AUDIOSES.DLL
0x00007ffb8e910000 - 0x00007ffb8e924000 	C:\WINDOWS\SYSTEM32\resourcepolicyclient.dll
0x00007ffb8a660000 - 0x00007ffb8a854000 	C:\WINDOWS\SYSTEM32\dbghelp.dll

VM Arguments:
jvm_args: -XX:HeapDumpPath=MojangTricksIntelDriversForPerformance_javaw.exe_minecraft.exe.heapdump -Dos.name=Windows 10 -Dos.version=10.0 -Xss1M -Djava.library.path=C:\Users\Home\Twitch\Minecraft\Install\bin\b32b-2d1d-45d8-94e9 -Dminecraft.launcher.brand=minecraft-launcher -Dminecraft.launcher.version=2.1.16101 -Xmx4096m -Xms256m -XX:PermSize=256m -Dminecraft.applet.TargetDirectory=C:\Users\Home\Twitch\Minecraft\Instances\Craft to Exile [1.15.2] -Dfml.ignorePatchDiscrepancies=true -Dfml.ignoreInvalidMinecraftCertificates=true -Duser.language=en -Duser.country=US -Dlog4j.configurationFile=C:\Users\Home\Twitch\Minecraft\Install\assets\log_configs\client-1.12.xml 
java_command: cpw.mods.modlauncher.Launcher --username Mageronix --version forge-31.2.31 --gameDir C:\Users\Home\Twitch\Minecraft\Instances\Craft to Exile [1.15.2] --assetsDir C:\Users\Home\Twitch\Minecraft\Install\assets --assetIndex 1.15 --uuid 078e6d6a263646289d0d28d4dd831d5f --accessToken eyJhbGciOiJIUzI1NiJ9.eyJzdWIiOiJlMTdjMzAwM2Q5MDk4YjAzMThiYzljN2VlODFlOTFhNCIsInlnZ3QiOiJiMjVlYmZhOWIyNjQ0ZTBiODJhYzVmODU0NmM1NmRkZCIsInNwciI6IjA3OGU2ZDZhMjYzNjQ2Mjg5ZDBkMjhkNGRkODMxZDVmIiwiaXNzIjoiWWdnZHJhc2lsLUF1dGgiLCJleHAiOjE1OTY1ODAxNzQsImlhdCI6MTU5NjQwNzM3NH0.ovF5Npbt1mmRi-syHC7W5P3MY0VtAXQKeArNYYCk3qU --userType mojang --versionType release --width 1024 --height 768 --launchTarget fmlclient --fml.forgeVersion 31.2.31 --fml.mcVersion 1.15.2 --fml.forgeGroup net.minecraftforge --fml.mcpVersion 20200515.085601
java_class_path (initial): C:\Users\Home\Twitch\Minecraft\Install\libraries\net\minecraftforge\forge\1.15.2-31.2.31\forge-1.15.2-31.2.31.jar;C:\Users\Home\Twitch\Minecraft\Install\libraries\org\ow2\asm\asm\7.2\asm-7.2.jar;C:\Users\Home\Twitch\Minecraft\Install\libraries\org\ow2\asm\asm-commons\7.2\asm-commons-7.2.jar;C:\Users\Home\Twitch\Minecraft\Install\libraries\org\ow2\asm\asm-tree\7.2\asm-tree-7.2.jar;C:\Users\Home\Twitch\Minecraft\Install\libraries\cpw\mods\modlauncher\5.1.0\modlauncher-5.1.0.jar;C:\Users\Home\Twitch\Minecraft\Install\libraries\cpw\mods\grossjava9hacks\1.3.0\grossjava9hacks-1.3.0.jar;C:\Users\Home\Twitch\Minecraft\Install\libraries\net\minecraftforge\accesstransformers\2.1.3-shadowed\accesstransformers-2.1.3-shadowed.jar;C:\Users\Home\Twitch\Minecraft\Install\libraries\net\minecraftforge\eventbus\2.2.0-service\eventbus-2.2.0-service.jar;C:\Users\Home\Twitch\Minecraft\Install\libraries\net\minecraftforge\forgespi\3.0.0\forgespi-3.0.0.jar;C:\Users\Home\Twitch\Minecraft\Install\libraries\net\minecraftforge\coremods\2.0.3\coremods-2.0.3.jar;C:\Users\Home\Twitch\Minecraft\Install\libraries\net\minecraftforge\unsafe\0.2.0\unsafe-0.2.0.jar;C:\Users\Home\Twitch\Minecraft\Install\libraries\com\electronwill\night-config\core\3.6.2\core-3.6.2.jar;C:\Users\Home\Twitch\Minecraft\Install\libraries\com\electronwill\night-config\toml\3.6.2\toml-3.6.2.jar;C:\Users\Home\Twitch\Minecraft\Install\libraries\org\jline\jline\3.12.1\jline-3.12.1.jar;C:\Users\Home\Twitch\Minecraft\Install\libraries\org\apache\maven\maven-artifact\3.6.0\maven-artifact-3.6.0.jar;C:\Users\Home\Twitch\Minecraft\Install\libraries\net\jodah\typetools\0.8.1\typetools-0.8.1.jar;C:\Users\Home\Twitch\Minecraft\Install\libraries\org\apache\logging\log4j\log4j-api\2.11.2\log4j-api-2.11.2.jar;C:\Users\Home\Twitch\Minecraft\Install\libraries\org\apache\logging\log4j\log4j-core\2.11.2\log4j-core-2.11.2.jar;C:\Users\Home\Twitch\Minecraft\Install\libraries\net\minecrell\terminalconsoleappender\1.2.0
Launcher Type: SUN_STANDARD

Environment Variables:
PATH=C:\Program Files (x86)\Common Files\Oracle\Java\javapath;C:\Windows\system32;C:\Windows;C:\Windows\System32\Wbem;C:\Windows\System32\WindowsPowerShell\v1.0\;C:\Windows\System32\OpenSSH\;C:\Program Files\NVIDIA Corporation\NVIDIA NvDLISR;;C:\Program Files (x86)\NVIDIA Corporation\PhysX\Common;C:\WINDOWS\system32;C:\WINDOWS;C:\WINDOWS\System32\Wbem;C:\WINDOWS\System32\WindowsPowerShell\v1.0\;C:\WINDOWS\System32\OpenSSH\;C:\Program Files\nodejs\;C:\Users\Home\AppData\Local\Microsoft\WindowsApps;C:\Users\Home\AppData\Local\GitHubDesktop\bin;C:\Users\Home\AppData\Roaming\npm
USERNAME=Home
OS=Windows_NT
PROCESSOR_IDENTIFIER=AMD64 Family 23 Model 17 Stepping 0, AuthenticAMD



---------------  S Y S T E M  ---------------

OS: Windows 10.0 , 64 bit Build 18362 (10.0.18362.959)

CPU:total 4 (4 cores per cpu, 1 threads per core) family 23 model 17 stepping 0, cmov, cx8, fxsr, mmx, sse, sse2, sse3, ssse3, sse4.1, sse4.2, popcnt, avx, avx2, aes, clmul, mmxext, 3dnowpref, lzcnt, sse4a, tsc, tscinvbit, tscinv, bmi1

Memory: 4k page, physical 16705536k(6906340k free), swap 19195904k(4929568k free)

vm_info: Java HotSpot(TM) 64-Bit Server VM (25.51-b03) for windows-amd64 JRE (1.8.0_51-b16), built on Jun  8 2015 18:03:07 by "java_re" with MS VC++ 10.0 (VS2010)

time: Mon Aug 03 23:26:14 2020
elapsed time: 376 seconds (0d 0h 6m 16s)

