#
# A fatal error has been detected by the Java Runtime Environment:
#
#  EXCEPTION_ACCESS_VIOLATION (0xc0000005) at pc=0x000002286a4a0000, pid=4860, tid=0x0000000000003600
#
# JRE version: OpenJDK Runtime Environment (8.0_242-b08) (build 1.8.0_242-b08)
# Java VM: OpenJDK 64-Bit Server VM (25.242-b08 mixed mode windows-amd64 compressed oops)
# Problematic frame:
# C  0x000002286a4a0000
#
# Failed to write core dump. Minidumps are not enabled by default on client versions of Windows
#
# If you would like to submit a bug report, please visit:
#   
# The crash happened outside the Java Virtual Machine in native code.
# See problematic frame for where to report the bug.
#

---------------  T H R E A D  ---------------

Current thread (0x000002286897a000):  JavaThread "CraftPresence" [_thread_in_native, id=13824, stack(0x000000adcf600000,0x000000adcf700000)]

siginfo: ExceptionCode=0xc0000005, ExceptionInformation=0x0000000000000008 0x000002286a4a0000

Registers:
RAX=0x000002286a4a0000, RBX=0x0000000000010001, RCX=0x0000000000010001, RDX=0x000000adcf6febb0
RSP=0x000000adcf6feb78, RBP=0x000000adcf6fec80, RSI=0x00000005c62c5898, RDI=0x00000000b99fdab4
R8 =0x000002285c310f40, R9 =0x00007ffcc67b37b0, R10=0x00007ffcb0681a10, R11=0x000000adcf6fefe8
R12=0x0000000000000000, R13=0x000000adcf6ff258, R14=0x0000000000000000, R15=0x000002286897a000
RIP=0x000002286a4a0000, EFLAGS=0x0000000000010206

Top of Stack: (sp=0x000000adcf6feb78)
0x000000adcf6feb78:   00007ffcc67b1f7c 000000adcf6feef0
0x000000adcf6feb88:   00000005e2d01798 000000adcf6feef0
0x000000adcf6feb98:   00000228309da816 0000000764f1ee80
0x000000adcf6feba8:   0000000764f1efa8 57464c4720656854
0x000000adcf6febb8:   7972617262696c20 20746f6e20736920
0x000000adcf6febc8:   696c616974696e69 000000ad0064657a
0x000000adcf6febd8:   000002283135b174 000002286897a000
0x000000adcf6febe8:   000000adcf6fedd0 0000022830287b00
0x000000adcf6febf8:   00007ffccad42f19 000002286897a1e0
0x000000adcf6fec08:   000000adcf6fedb0 00000010f80572dd
0x000000adcf6fec18:   00000005c015b418 4c2d6e69766c654b
0x000000adcf6fec28:   0000006f766f6e65 0000000764f1ef60
0x000000adcf6fec38:   0000022870a18e00 0000000764f1efa8
0x000000adcf6fec48:   00000005c015b448 000000adcf6feef0
0x000000adcf6fec58:   00000228307c8720 000002286897a000
0x000000adcf6fec68:   0000000059362af5 0000000764f1efa8 

Instructions: (pc=0x000002286a4a0000)
0x000002286a49ffe0:   
[error occurred during error reporting (printing registers, top of stack, instructions near pc), id 0xc0000005]

Register to memory mapping:

RAX=0x000002286a4a0000 is an unknown value
RBX=0x0000000000010001 is an unknown value
RCX=0x0000000000010001 is an unknown value
RDX=0x000000adcf6febb0 is pointing into the stack for thread: 0x000002286897a000
RSP=0x000000adcf6feb78 is pointing into the stack for thread: 0x000002286897a000
RBP=0x000000adcf6fec80 is pointing into the stack for thread: 0x000002286897a000
RSI=0x00000005c62c5898 is an oop
java.lang.Class 
 - klass: 'java/lang/Class'
RDI=0x00000000b99fdab4 is an unknown value
R8 =0x000002285c310f40 is an unknown value
R9 =0x00007ffcc67b37b0 is an unknown value
R10=0x00007ffcb0681a10 is an unknown value
R11=0x000000adcf6fefe8 is pointing into the stack for thread: 0x000002286897a000
R12=0x0000000000000000 is an unknown value
R13=0x000000adcf6ff258 is pointing into the stack for thread: 0x000002286897a000
R14=0x0000000000000000 is an unknown value
R15=0x000002286897a000 is a thread


Stack: [0x000000adcf600000,0x000000adcf700000],  sp=0x000000adcf6feb78,  free space=1018k
Native frames: (J=compiled Java code, j=interpreted, Vv=VM code, C=native code)
C  0x000002286a4a0000

Java frames: (J=compiled Java code, j=interpreted, Vv=VM code)
J 15601  org.lwjgl.system.JNI.invokePI(JIJ)I (0 bytes) @ 0x0000022832de7f1d [0x0000022832de7e60+0xbd]
J 23718 C2 com.gitlab.cdagaming.craftpresence.utils.KeyUtils.onTick()V (156 bytes) @ 0x0000022833e77880 [0x0000022833e77720+0x160]
J 34818 C1 com.gitlab.cdagaming.craftpresence.utils.CommandUtils.reloadData(Z)V (167 bytes) @ 0x00000228361a8914 [0x00000228361a8840+0xd4]
J 34817 C1 com.gitlab.cdagaming.craftpresence.CraftPresence.clientTick()V (339 bytes) @ 0x00000228361a9ac4 [0x00000228361a97c0+0x304]
J 23663 C2 com.gitlab.cdagaming.craftpresence.CraftPresence$1.run()V (8 bytes) @ 0x0000022830545aa0 [0x0000022830545a60+0x40]
j  java.util.TimerThread.mainLoop()V+221
j  java.util.TimerThread.run()V+1
v  ~StubRoutines::call_stub

---------------  P R O C E S S  ---------------

Java Threads: ( => current thread )
  0x00000228a17f5800 JavaThread "Sound engine" daemon [_thread_blocked, id=20092, stack(0x000000adcb500000,0x000000adcb600000)]
  0x00000228773fc800 JavaThread "Netty Server IO #1" daemon [_thread_in_native, id=16964, stack(0x000000add0e00000,0x000000add0f00000)]
  0x00000228773f5000 JavaThread "Netty Local Client IO #0" daemon [_thread_blocked, id=11628, stack(0x000000add0a00000,0x000000add0b00000)]
  0x00000228773fb800 JavaThread "Netty Server IO #0" daemon [_thread_in_native, id=7192, stack(0x000000add0900000,0x000000add0a00000)]
  0x00000228773fb000 JavaThread "ObjectCleanerThread" daemon [_thread_blocked, id=11804, stack(0x000000add0600000,0x000000add0700000)]
  0x000002285b8be800 JavaThread "Thread-25" daemon [_thread_in_native, id=1996, stack(0x000000adcef00000,0x000000adcf000000)]
  0x000002285b8bf800 JavaThread "Snooper Timer" daemon [_thread_blocked, id=19440, stack(0x000000adceb00000,0x000000adcec00000)]
  0x0000022868238800 JavaThread "Java2D Disposer" daemon [_thread_blocked, id=15864, stack(0x000000add1400000,0x000000add1500000)]
  0x000002285c347800 JavaThread "Thread-22" daemon [_thread_blocked, id=7556, stack(0x000000add1300000,0x000000add1400000)]
  0x000002285c348800 JavaThread "Discord Rich Presence Timer Thread" daemon [_thread_blocked, id=16752, stack(0x000000add2c00000,0x000000add2d00000)]
  0x000002286823b800 JavaThread "Thread-17" daemon [_thread_in_native, id=16436, stack(0x000000add2500000,0x000000add2600000)]
  0x000002286822d000 JavaThread "Thread-16" daemon [_thread_in_native, id=3152, stack(0x000000add2400000,0x000000add2500000)]
  0x000002285b8c8000 JavaThread "Thread-15" daemon [_thread_in_native, id=19732, stack(0x000000add2300000,0x000000add2400000)]
  0x000002285b8cb000 JavaThread "Thread-14" daemon [_thread_in_native, id=13096, stack(0x000000add1e00000,0x000000add1f00000)]
  0x000002286822c000 JavaThread "IPCClient-Reader" [_thread_blocked, id=18876, stack(0x000000add0c00000,0x000000add0d00000)]
  0x0000022868233000 JavaThread "Thread-7" daemon [_thread_blocked, id=13260, stack(0x000000add0b00000,0x000000add0c00000)]
=>0x000002286897a000 JavaThread "CraftPresence" [_thread_in_native, id=13824, stack(0x000000adcf600000,0x000000adcf700000)]
  0x0000022868979800 JavaThread "Timer hack thread" daemon [_thread_blocked, id=11848, stack(0x000000adcfd00000,0x000000adcfe00000)]
  0x00000228699f0000 JavaThread "pool-3-thread-1" [_thread_blocked, id=11888, stack(0x000000adcfc00000,0x000000adcfd00000)]
  0x00000228664b0800 JavaThread "pool-4-thread-1" [_thread_blocked, id=16848, stack(0x000000adcfb00000,0x000000adcfc00000)]
  0x000002286772c800 JavaThread "Snooper Timer" daemon [_thread_blocked, id=14180, stack(0x000000adcfa00000,0x000000adcfb00000)]
  0x000002285af69800 JavaThread "Thread-2" daemon [_thread_in_native, id=4048, stack(0x000000adced00000,0x000000adcee00000)]
  0x000002285c16f000 JavaThread "Thread-1" daemon [_thread_blocked, id=8944, stack(0x000000adcec00000,0x000000adced00000)]
  0x00000228599ce800 JavaThread "Service Thread" daemon [_thread_blocked, id=4656, stack(0x000000adce900000,0x000000adcea00000)]
  0x000002285995f000 JavaThread "C1 CompilerThread11" daemon [_thread_blocked, id=1584, stack(0x000000adce800000,0x000000adce900000)]
  0x0000022859963000 JavaThread "C1 CompilerThread10" daemon [_thread_blocked, id=19688, stack(0x000000adce700000,0x000000adce800000)]
  0x0000022859963800 JavaThread "C1 CompilerThread9" daemon [_thread_blocked, id=20668, stack(0x000000adce600000,0x000000adce700000)]
  0x0000022859964800 JavaThread "C1 CompilerThread8" daemon [_thread_blocked, id=5416, stack(0x000000adce500000,0x000000adce600000)]
  0x0000022859960000 JavaThread "C2 CompilerThread7" daemon [_thread_blocked, id=20484, stack(0x000000adce400000,0x000000adce500000)]
  0x000002285995e800 JavaThread "C2 CompilerThread6" daemon [_thread_blocked, id=3216, stack(0x000000adce300000,0x000000adce400000)]
  0x0000022859965000 JavaThread "C2 CompilerThread5" daemon [_thread_blocked, id=20312, stack(0x000000adce200000,0x000000adce300000)]
  0x000002285994d800 JavaThread "C2 CompilerThread4" daemon [_thread_blocked, id=1800, stack(0x000000adce100000,0x000000adce200000)]
  0x000002285992b000 JavaThread "C2 CompilerThread3" daemon [_thread_blocked, id=20684, stack(0x000000adce000000,0x000000adce100000)]
  0x0000022859929000 JavaThread "C2 CompilerThread2" daemon [_thread_blocked, id=15448, stack(0x000000adcdf00000,0x000000adce000000)]
  0x000002285991b800 JavaThread "C2 CompilerThread1" daemon [_thread_blocked, id=7628, stack(0x000000adcde00000,0x000000adcdf00000)]
  0x0000022859916000 JavaThread "C2 CompilerThread0" daemon [_thread_blocked, id=14744, stack(0x000000adcdd00000,0x000000adcde00000)]
  0x0000022859914800 JavaThread "Attach Listener" daemon [_thread_blocked, id=1776, stack(0x000000adcdc00000,0x000000adcdd00000)]
  0x0000022859911800 JavaThread "Signal Dispatcher" daemon [_thread_blocked, id=1892, stack(0x000000adcdb00000,0x000000adcdc00000)]
  0x0000022859910000 JavaThread "Surrogate Locker Thread (Concurrent GC)" daemon [_thread_blocked, id=12064, stack(0x000000adcda00000,0x000000adcdb00000)]
  0x0000022856a48800 JavaThread "Finalizer" daemon [_thread_blocked, id=12104, stack(0x000000adcd900000,0x000000adcda00000)]
  0x0000022856a3e000 JavaThread "Reference Handler" daemon [_thread_blocked, id=10956, stack(0x000000adcd800000,0x000000adcd900000)]
  0x000002282e8b9000 JavaThread "Render thread" [_thread_blocked, id=21096, stack(0x000000adcb700000,0x000000adcb800000)]

Other Threads:
  0x0000022856a3a000 VMThread [stack: 0x000000adcd700000,0x000000adcd800000] [id=15872]
  0x0000022859b02000 WatcherThread [stack: 0x000000adcea00000,0x000000adceb00000] [id=16948]

VM state:not at safepoint (normal execution)

VM Mutex/Monitor currently owned by a thread: None

heap address: 0x00000005c0000000, size: 8192 MB, Compressed Oops mode: Zero based, Oop shift amount: 3
Narrow klass base: 0x0000000000000000, Narrow klass shift: 3
Compressed class space size: 1073741824 Address: 0x00000007c0000000

Heap:
 garbage-first heap   total 8388608K, used 5216007K [0x00000005c0000000, 0x00000005c2000800, 0x00000007c0000000)
  region size 32768K, 51 young (1671168K), 5 survivors (163840K)
 Metaspace       used 244073K, capacity 276778K, committed 277112K, reserved 1273856K
  class space    used 42471K, capacity 52611K, committed 52692K, reserved 1048576K

Heap Regions: (Y=young(eden), SU=young(survivor), HS=humongous(starts), HC=humongous(continues), CS=collection set, F=free, TS=gc time stamp, PTAMS=previous top-at-mark-start, NTAMS=next top-at-mark-start)
AC   0  O    TS     0 PTAMS 0x00000005c2000000 NTAMS 0x00000005c2000000 space 32768K, 100% used [0x00000005c0000000, 0x00000005c2000000)
AC   0  O    TS     0 PTAMS 0x00000005c4000000 NTAMS 0x00000005c4000000 space 32768K, 100% used [0x00000005c2000000, 0x00000005c4000000)
AC   0  O    TS     0 PTAMS 0x00000005c6000000 NTAMS 0x00000005c6000000 space 32768K, 100% used [0x00000005c4000000, 0x00000005c6000000)
AC   0  O    TS     0 PTAMS 0x00000005c8000000 NTAMS 0x00000005c8000000 space 32768K, 100% used [0x00000005c6000000, 0x00000005c8000000)
AC   0  O    TS     0 PTAMS 0x00000005ca000000 NTAMS 0x00000005ca000000 space 32768K, 100% used [0x00000005c8000000, 0x00000005ca000000)
AC   0  O    TS     0 PTAMS 0x00000005cc000000 NTAMS 0x00000005cc000000 space 32768K, 100% used [0x00000005ca000000, 0x00000005cc000000)
AC   0  O    TS     0 PTAMS 0x00000005ce000000 NTAMS 0x00000005ce000000 space 32768K, 100% used [0x00000005cc000000, 0x00000005ce000000)
AC   0  O    TS     0 PTAMS 0x00000005d0000000 NTAMS 0x00000005d0000000 space 32768K, 100% used [0x00000005ce000000, 0x00000005d0000000)
AC   0  O    TS     0 PTAMS 0x00000005d2000000 NTAMS 0x00000005d2000000 space 32768K, 100% used [0x00000005d0000000, 0x00000005d2000000)
AC   0  O    TS     0 PTAMS 0x00000005d4000000 NTAMS 0x00000005d4000000 space 32768K, 100% used [0x00000005d2000000, 0x00000005d4000000)
AC   0  F    TS     0 PTAMS 0x00000005d4000000 NTAMS 0x00000005d4000000 space 32768K,   0% used [0x00000005d4000000, 0x00000005d6000000)
AC   0  O    TS     0 PTAMS 0x00000005d8000000 NTAMS 0x00000005d8000000 space 32768K, 100% used [0x00000005d6000000, 0x00000005d8000000)
AC   0  O    TS     0 PTAMS 0x00000005da000000 NTAMS 0x00000005da000000 space 32768K, 100% used [0x00000005d8000000, 0x00000005da000000)
AC   0  O    TS     0 PTAMS 0x00000005dc000000 NTAMS 0x00000005dc000000 space 32768K, 100% used [0x00000005da000000, 0x00000005dc000000)
AC   0  O    TS     0 PTAMS 0x00000005de000000 NTAMS 0x00000005de000000 space 32768K, 100% used [0x00000005dc000000, 0x00000005de000000)
AC   0  O    TS     0 PTAMS 0x00000005e0000000 NTAMS 0x00000005e0000000 space 32768K, 100% used [0x00000005de000000, 0x00000005e0000000)
AC   0  O    TS     0 PTAMS 0x00000005e2000000 NTAMS 0x00000005e2000000 space 32768K, 100% used [0x00000005e0000000, 0x00000005e2000000)
AC   0  O    TS     0 PTAMS 0x00000005e4000000 NTAMS 0x00000005e4000000 space 32768K, 100% used [0x00000005e2000000, 0x00000005e4000000)
AC   0  O    TS     0 PTAMS 0x00000005e6000000 NTAMS 0x00000005e6000000 space 32768K, 100% used [0x00000005e4000000, 0x00000005e6000000)
AC   0  O    TS     0 PTAMS 0x00000005e8000000 NTAMS 0x00000005e8000000 space 32768K, 100% used [0x00000005e6000000, 0x00000005e8000000)
AC   0  O    TS     0 PTAMS 0x00000005ea000000 NTAMS 0x00000005ea000000 space 32768K, 100% used [0x00000005e8000000, 0x00000005ea000000)
AC   0  O    TS     0 PTAMS 0x00000005ec000000 NTAMS 0x00000005ec000000 space 32768K, 100% used [0x00000005ea000000, 0x00000005ec000000)
AC   0  O    TS     0 PTAMS 0x00000005ee000000 NTAMS 0x00000005ee000000 space 32768K, 100% used [0x00000005ec000000, 0x00000005ee000000)
AC   0  O    TS     0 PTAMS 0x00000005f0000000 NTAMS 0x00000005f0000000 space 32768K, 100% used [0x00000005ee000000, 0x00000005f0000000)
AC   0  O    TS     0 PTAMS 0x00000005f2000000 NTAMS 0x00000005f2000000 space 32768K, 100% used [0x00000005f0000000, 0x00000005f2000000)
AC   0  O    TS     0 PTAMS 0x00000005f4000000 NTAMS 0x00000005f4000000 space 32768K, 100% used [0x00000005f2000000, 0x00000005f4000000)
AC   0  O    TS     0 PTAMS 0x00000005f6000000 NTAMS 0x00000005f6000000 space 32768K, 100% used [0x00000005f4000000, 0x00000005f6000000)
AC   0  O    TS     0 PTAMS 0x00000005f8000000 NTAMS 0x00000005f8000000 space 32768K, 100% used [0x00000005f6000000, 0x00000005f8000000)
AC   0  O    TS     0 PTAMS 0x00000005fa000000 NTAMS 0x00000005fa000000 space 32768K, 100% used [0x00000005f8000000, 0x00000005fa000000)
AC   0  O    TS     0 PTAMS 0x00000005fc000000 NTAMS 0x00000005fc000000 space 32768K, 100% used [0x00000005fa000000, 0x00000005fc000000)
AC   0  O    TS     0 PTAMS 0x00000005fe000000 NTAMS 0x00000005fe000000 space 32768K, 100% used [0x00000005fc000000, 0x00000005fe000000)
AC   0  O    TS     0 PTAMS 0x0000000600000000 NTAMS 0x0000000600000000 space 32768K, 100% used [0x00000005fe000000, 0x0000000600000000)
AC   0  O    TS     0 PTAMS 0x0000000602000000 NTAMS 0x0000000602000000 space 32768K, 100% used [0x0000000600000000, 0x0000000602000000)
AC   0  O    TS     0 PTAMS 0x0000000604000000 NTAMS 0x0000000604000000 space 32768K, 100% used [0x0000000602000000, 0x0000000604000000)
AC   0  O    TS     0 PTAMS 0x0000000606000000 NTAMS 0x0000000606000000 space 32768K, 100% used [0x0000000604000000, 0x0000000606000000)
AC   0  O    TS     0 PTAMS 0x0000000608000000 NTAMS 0x0000000608000000 space 32768K, 100% used [0x0000000606000000, 0x0000000608000000)
AC   0  O    TS     0 PTAMS 0x000000060a000000 NTAMS 0x000000060a000000 space 32768K, 100% used [0x0000000608000000, 0x000000060a000000)
AC   0  O    TS     0 PTAMS 0x000000060c000000 NTAMS 0x000000060c000000 space 32768K, 100% used [0x000000060a000000, 0x000000060c000000)
AC   0  O    TS     0 PTAMS 0x000000060e000000 NTAMS 0x000000060e000000 space 32768K, 100% used [0x000000060c000000, 0x000000060e000000)
AC   0  O    TS     0 PTAMS 0x0000000610000000 NTAMS 0x0000000610000000 space 32768K, 100% used [0x000000060e000000, 0x0000000610000000)
AC   0  O    TS     0 PTAMS 0x0000000612000000 NTAMS 0x0000000612000000 space 32768K, 100% used [0x0000000610000000, 0x0000000612000000)
AC   0  O    TS     0 PTAMS 0x0000000614000000 NTAMS 0x0000000614000000 space 32768K, 100% used [0x0000000612000000, 0x0000000614000000)
AC   0  O    TS     0 PTAMS 0x0000000616000000 NTAMS 0x0000000616000000 space 32768K, 100% used [0x0000000614000000, 0x0000000616000000)
AC   0  O    TS     0 PTAMS 0x0000000618000000 NTAMS 0x0000000618000000 space 32768K, 100% used [0x0000000616000000, 0x0000000618000000)
AC   0  O    TS     0 PTAMS 0x000000061a000000 NTAMS 0x000000061a000000 space 32768K, 100% used [0x0000000618000000, 0x000000061a000000)
AC   0  O    TS     0 PTAMS 0x000000061c000000 NTAMS 0x000000061c000000 space 32768K, 100% used [0x000000061a000000, 0x000000061c000000)
AC   0  O    TS     0 PTAMS 0x000000061e000000 NTAMS 0x000000061e000000 space 32768K, 100% used [0x000000061c000000, 0x000000061e000000)
AC   0  O    TS     0 PTAMS 0x0000000620000000 NTAMS 0x0000000620000000 space 32768K, 100% used [0x000000061e000000, 0x0000000620000000)
AC   0  O    TS     0 PTAMS 0x0000000622000000 NTAMS 0x0000000622000000 space 32768K, 100% used [0x0000000620000000, 0x0000000622000000)
AC   0  O    TS     0 PTAMS 0x0000000624000000 NTAMS 0x0000000624000000 space 32768K, 100% used [0x0000000622000000, 0x0000000624000000)
AC   0  O    TS     0 PTAMS 0x0000000626000000 NTAMS 0x0000000626000000 space 32768K, 100% used [0x0000000624000000, 0x0000000626000000)
AC   0  O    TS     0 PTAMS 0x0000000628000000 NTAMS 0x0000000628000000 space 32768K, 100% used [0x0000000626000000, 0x0000000628000000)
AC   0  O    TS     0 PTAMS 0x000000062a000000 NTAMS 0x000000062a000000 space 32768K, 100% used [0x0000000628000000, 0x000000062a000000)
AC   0  O    TS     0 PTAMS 0x000000062c000000 NTAMS 0x000000062c000000 space 32768K, 100% used [0x000000062a000000, 0x000000062c000000)
AC   0  O    TS     0 PTAMS 0x000000062e000000 NTAMS 0x000000062e000000 space 32768K, 100% used [0x000000062c000000, 0x000000062e000000)
AC   0  O    TS     0 PTAMS 0x0000000630000000 NTAMS 0x0000000630000000 space 32768K, 100% used [0x000000062e000000, 0x0000000630000000)
AC   0  O    TS     0 PTAMS 0x0000000632000000 NTAMS 0x0000000632000000 space 32768K, 100% used [0x0000000630000000, 0x0000000632000000)
AC   0  O    TS     0 PTAMS 0x0000000634000000 NTAMS 0x0000000634000000 space 32768K, 100% used [0x0000000632000000, 0x0000000634000000)
AC   0  O    TS     0 PTAMS 0x0000000636000000 NTAMS 0x0000000636000000 space 32768K, 100% used [0x0000000634000000, 0x0000000636000000)
AC   0  O    TS     0 PTAMS 0x0000000638000000 NTAMS 0x0000000638000000 space 32768K, 100% used [0x0000000636000000, 0x0000000638000000)
AC   0  O    TS     0 PTAMS 0x000000063a000000 NTAMS 0x000000063a000000 space 32768K, 100% used [0x0000000638000000, 0x000000063a000000)
AC   0  O    TS     0 PTAMS 0x000000063c000000 NTAMS 0x000000063c000000 space 32768K, 100% used [0x000000063a000000, 0x000000063c000000)
AC   0  O    TS     0 PTAMS 0x000000063e000000 NTAMS 0x000000063e000000 space 32768K, 100% used [0x000000063c000000, 0x000000063e000000)
AC   0  O    TS     0 PTAMS 0x0000000640000000 NTAMS 0x0000000640000000 space 32768K, 100% used [0x000000063e000000, 0x0000000640000000)
AC   0  O    TS     0 PTAMS 0x0000000642000000 NTAMS 0x0000000642000000 space 32768K, 100% used [0x0000000640000000, 0x0000000642000000)
AC   0  O    TS     0 PTAMS 0x0000000644000000 NTAMS 0x0000000644000000 space 32768K, 100% used [0x0000000642000000, 0x0000000644000000)
AC   0  O    TS     0 PTAMS 0x0000000646000000 NTAMS 0x0000000646000000 space 32768K, 100% used [0x0000000644000000, 0x0000000646000000)
AC   0  F    TS     0 PTAMS 0x0000000646000000 NTAMS 0x0000000646000000 space 32768K,   0% used [0x0000000646000000, 0x0000000648000000)
AC   0  O    TS     0 PTAMS 0x000000064a000000 NTAMS 0x000000064a000000 space 32768K, 100% used [0x0000000648000000, 0x000000064a000000)
AC   0  O    TS     0 PTAMS 0x000000064c000000 NTAMS 0x000000064c000000 space 32768K, 100% used [0x000000064a000000, 0x000000064c000000)
AC   0  O    TS     0 PTAMS 0x000000064e000000 NTAMS 0x000000064e000000 space 32768K, 100% used [0x000000064c000000, 0x000000064e000000)
AC   0  O    TS     0 PTAMS 0x0000000650000000 NTAMS 0x0000000650000000 space 32768K, 100% used [0x000000064e000000, 0x0000000650000000)
AC   0  O    TS     0 PTAMS 0x0000000652000000 NTAMS 0x0000000652000000 space 32768K, 100% used [0x0000000650000000, 0x0000000652000000)
AC   0  O    TS     0 PTAMS 0x0000000654000000 NTAMS 0x0000000654000000 space 32768K, 100% used [0x0000000652000000, 0x0000000654000000)
AC   0  F    TS     0 PTAMS 0x0000000654000000 NTAMS 0x0000000654000000 space 32768K,   0% used [0x0000000654000000, 0x0000000656000000)
AC   0  O    TS     0 PTAMS 0x0000000658000000 NTAMS 0x0000000658000000 space 32768K, 100% used [0x0000000656000000, 0x0000000658000000)
AC   0  O    TS     0 PTAMS 0x000000065a000000 NTAMS 0x000000065a000000 space 32768K, 100% used [0x0000000658000000, 0x000000065a000000)
AC   0  O    TS     0 PTAMS 0x000000065c000000 NTAMS 0x000000065c000000 space 32768K, 100% used [0x000000065a000000, 0x000000065c000000)
AC   0  O    TS     0 PTAMS 0x000000065e000000 NTAMS 0x000000065e000000 space 32768K, 100% used [0x000000065c000000, 0x000000065e000000)
AC   0  F    TS     0 PTAMS 0x000000065e000000 NTAMS 0x000000065e000000 space 32768K,   0% used [0x000000065e000000, 0x0000000660000000)
AC   0  O    TS     0 PTAMS 0x0000000662000000 NTAMS 0x0000000662000000 space 32768K, 100% used [0x0000000660000000, 0x0000000662000000)
AC   0  O    TS     0 PTAMS 0x0000000664000000 NTAMS 0x0000000664000000 space 32768K, 100% used [0x0000000662000000, 0x0000000664000000)
AC   0  O    TS     0 PTAMS 0x0000000666000000 NTAMS 0x0000000666000000 space 32768K, 100% used [0x0000000664000000, 0x0000000666000000)
AC   0  O    TS     0 PTAMS 0x0000000668000000 NTAMS 0x0000000668000000 space 32768K, 100% used [0x0000000666000000, 0x0000000668000000)
AC   0  O    TS     0 PTAMS 0x000000066a000000 NTAMS 0x000000066a000000 space 32768K, 100% used [0x0000000668000000, 0x000000066a000000)
AC   0  O    TS     0 PTAMS 0x000000066c000000 NTAMS 0x000000066c000000 space 32768K, 100% used [0x000000066a000000, 0x000000066c000000)
AC   0  O    TS     0 PTAMS 0x000000066e000000 NTAMS 0x000000066e000000 space 32768K, 100% used [0x000000066c000000, 0x000000066e000000)
AC   0  O    TS     0 PTAMS 0x0000000670000000 NTAMS 0x0000000670000000 space 32768K, 100% used [0x000000066e000000, 0x0000000670000000)
AC   0  O    TS     0 PTAMS 0x0000000672000000 NTAMS 0x0000000672000000 space 32768K, 100% used [0x0000000670000000, 0x0000000672000000)
AC   0  O    TS     0 PTAMS 0x0000000674000000 NTAMS 0x0000000674000000 space 32768K, 100% used [0x0000000672000000, 0x0000000674000000)
AC   0  O    TS     0 PTAMS 0x0000000676000000 NTAMS 0x0000000676000000 space 32768K, 100% used [0x0000000674000000, 0x0000000676000000)
AC   0  O    TS     0 PTAMS 0x0000000678000000 NTAMS 0x0000000678000000 space 32768K, 100% used [0x0000000676000000, 0x0000000678000000)
AC   0  O    TS     0 PTAMS 0x000000067a000000 NTAMS 0x000000067a000000 space 32768K, 100% used [0x0000000678000000, 0x000000067a000000)
AC   0  O    TS     0 PTAMS 0x000000067c000000 NTAMS 0x000000067c000000 space 32768K, 100% used [0x000000067a000000, 0x000000067c000000)
AC   0  F    TS     0 PTAMS 0x000000067c000000 NTAMS 0x000000067c000000 space 32768K,   0% used [0x000000067c000000, 0x000000067e000000)
AC   0  O    TS     0 PTAMS 0x0000000680000000 NTAMS 0x0000000680000000 space 32768K, 100% used [0x000000067e000000, 0x0000000680000000)
AC   0  O    TS     0 PTAMS 0x0000000682000000 NTAMS 0x0000000682000000 space 32768K, 100% used [0x0000000680000000, 0x0000000682000000)
AC   0  O    TS     0 PTAMS 0x0000000684000000 NTAMS 0x0000000684000000 space 32768K, 100% used [0x0000000682000000, 0x0000000684000000)
AC   0  O    TS     0 PTAMS 0x0000000686000000 NTAMS 0x0000000686000000 space 32768K, 100% used [0x0000000684000000, 0x0000000686000000)
AC   0  O    TS     0 PTAMS 0x0000000688000000 NTAMS 0x0000000688000000 space 32768K, 100% used [0x0000000686000000, 0x0000000688000000)
AC   0  O    TS     0 PTAMS 0x000000068a000000 NTAMS 0x000000068a000000 space 32768K, 100% used [0x0000000688000000, 0x000000068a000000)
AC   0  O    TS     0 PTAMS 0x000000068c000000 NTAMS 0x000000068c000000 space 32768K, 100% used [0x000000068a000000, 0x000000068c000000)
AC   0  O    TS     0 PTAMS 0x000000068e000000 NTAMS 0x000000068e000000 space 32768K, 100% used [0x000000068c000000, 0x000000068e000000)
AC   0  F    TS     0 PTAMS 0x000000068e000000 NTAMS 0x000000068e000000 space 32768K,   0% used [0x000000068e000000, 0x0000000690000000)
AC   0  O    TS     0 PTAMS 0x0000000692000000 NTAMS 0x0000000692000000 space 32768K, 100% used [0x0000000690000000, 0x0000000692000000)
AC   0  F    TS     0 PTAMS 0x0000000692000000 NTAMS 0x0000000692000000 space 32768K,   0% used [0x0000000692000000, 0x0000000694000000)
AC   0  O    TS     0 PTAMS 0x0000000696000000 NTAMS 0x0000000696000000 space 32768K, 100% used [0x0000000694000000, 0x0000000696000000)
AC   0  O    TS     0 PTAMS 0x0000000698000000 NTAMS 0x0000000698000000 space 32768K, 100% used [0x0000000696000000, 0x0000000698000000)
AC   0  O    TS     0 PTAMS 0x000000069a000000 NTAMS 0x000000069a000000 space 32768K, 100% used [0x0000000698000000, 0x000000069a000000)
AC   0  O    TS     0 PTAMS 0x000000069c000000 NTAMS 0x000000069c000000 space 32768K, 100% used [0x000000069a000000, 0x000000069c000000)
AC   0  O    TS     0 PTAMS 0x000000069e000000 NTAMS 0x000000069e000000 space 32768K, 100% used [0x000000069c000000, 0x000000069e000000)
AC   0  F    TS     0 PTAMS 0x000000069e000000 NTAMS 0x000000069e000000 space 32768K,   0% used [0x000000069e000000, 0x00000006a0000000)
AC   0  O    TS     0 PTAMS 0x00000006a2000000 NTAMS 0x00000006a2000000 space 32768K, 100% used [0x00000006a0000000, 0x00000006a2000000)
AC   0  F    TS     0 PTAMS 0x00000006a2000000 NTAMS 0x00000006a2000000 space 32768K,   0% used [0x00000006a2000000, 0x00000006a4000000)
AC   0  F    TS     0 PTAMS 0x00000006a4000000 NTAMS 0x00000006a4000000 space 32768K,   0% used [0x00000006a4000000, 0x00000006a6000000)
AC   0  O    TS     0 PTAMS 0x00000006a8000000 NTAMS 0x00000006a8000000 space 32768K, 100% used [0x00000006a6000000, 0x00000006a8000000)
AC   0  O    TS     0 PTAMS 0x00000006aa000000 NTAMS 0x00000006aa000000 space 32768K, 100% used [0x00000006a8000000, 0x00000006aa000000)
AC   0  O    TS     0 PTAMS 0x00000006ac000000 NTAMS 0x00000006ac000000 space 32768K, 100% used [0x00000006aa000000, 0x00000006ac000000)
AC   0  O    TS     3 PTAMS 0x00000006ac4a7e00 NTAMS 0x00000006ac4a7e00 space 32768K, 100% used [0x00000006ac000000, 0x00000006ae000000)
AC   0  O    TS     3 PTAMS 0x00000006ae000000 NTAMS 0x00000006ae000000 space 32768K,  84% used [0x00000006ae000000, 0x00000006b0000000)
AC   0  F    TS     0 PTAMS 0x00000006b0000000 NTAMS 0x00000006b0000000 space 32768K,   0% used [0x00000006b0000000, 0x00000006b2000000)
AC   0  F    TS     0 PTAMS 0x00000006b2000000 NTAMS 0x00000006b2000000 space 32768K,   0% used [0x00000006b2000000, 0x00000006b4000000)
AC   0  F    TS     0 PTAMS 0x00000006b4000000 NTAMS 0x00000006b4000000 space 32768K,   0% used [0x00000006b4000000, 0x00000006b6000000)
AC   0  F    TS     0 PTAMS 0x00000006b6000000 NTAMS 0x00000006b6000000 space 32768K,   0% used [0x00000006b6000000, 0x00000006b8000000)
AC   0  F    TS     0 PTAMS 0x00000006b8000000 NTAMS 0x00000006b8000000 space 32768K,   0% used [0x00000006b8000000, 0x00000006ba000000)
AC   0  F    TS     0 PTAMS 0x00000006ba000000 NTAMS 0x00000006ba000000 space 32768K,   0% used [0x00000006ba000000, 0x00000006bc000000)
AC   0  F    TS     0 PTAMS 0x00000006bc000000 NTAMS 0x00000006bc000000 space 32768K,   0% used [0x00000006bc000000, 0x00000006be000000)
AC   0  F    TS     0 PTAMS 0x00000006be000000 NTAMS 0x00000006be000000 space 32768K,   0% used [0x00000006be000000, 0x00000006c0000000)
AC   0  F    TS     0 PTAMS 0x00000006c0000000 NTAMS 0x00000006c0000000 space 32768K,   0% used [0x00000006c0000000, 0x00000006c2000000)
AC   0  F    TS     0 PTAMS 0x00000006c2000000 NTAMS 0x00000006c2000000 space 32768K,   0% used [0x00000006c2000000, 0x00000006c4000000)
AC   0  F    TS     0 PTAMS 0x00000006c4000000 NTAMS 0x00000006c4000000 space 32768K,   0% used [0x00000006c4000000, 0x00000006c6000000)
AC   0  F    TS     0 PTAMS 0x00000006c6000000 NTAMS 0x00000006c6000000 space 32768K,   0% used [0x00000006c6000000, 0x00000006c8000000)
AC   0  F    TS     0 PTAMS 0x00000006c8000000 NTAMS 0x00000006c8000000 space 32768K,   0% used [0x00000006c8000000, 0x00000006ca000000)
AC   0  F    TS     0 PTAMS 0x00000006ca000000 NTAMS 0x00000006ca000000 space 32768K,   0% used [0x00000006ca000000, 0x00000006cc000000)
AC   0  F    TS     0 PTAMS 0x00000006cc000000 NTAMS 0x00000006cc000000 space 32768K,   0% used [0x00000006cc000000, 0x00000006ce000000)
AC   0  F    TS     0 PTAMS 0x00000006ce000000 NTAMS 0x00000006ce000000 space 32768K,   0% used [0x00000006ce000000, 0x00000006d0000000)
AC   0  F    TS     0 PTAMS 0x00000006d0000000 NTAMS 0x00000006d0000000 space 32768K,   0% used [0x00000006d0000000, 0x00000006d2000000)
AC   0  F    TS     0 PTAMS 0x00000006d2000000 NTAMS 0x00000006d2000000 space 32768K,   0% used [0x00000006d2000000, 0x00000006d4000000)
AC   0  F    TS     0 PTAMS 0x00000006d4000000 NTAMS 0x00000006d4000000 space 32768K,   0% used [0x00000006d4000000, 0x00000006d6000000)
AC   0  F    TS     0 PTAMS 0x00000006d6000000 NTAMS 0x00000006d6000000 space 32768K,   0% used [0x00000006d6000000, 0x00000006d8000000)
AC   0  F    TS     0 PTAMS 0x00000006d8000000 NTAMS 0x00000006d8000000 space 32768K,   0% used [0x00000006d8000000, 0x00000006da000000)
AC   0  F    TS     0 PTAMS 0x00000006da000000 NTAMS 0x00000006da000000 space 32768K,   0% used [0x00000006da000000, 0x00000006dc000000)
AC   0  F    TS     0 PTAMS 0x00000006dc000000 NTAMS 0x00000006dc000000 space 32768K,   0% used [0x00000006dc000000, 0x00000006de000000)
AC   0  F    TS     0 PTAMS 0x00000006de000000 NTAMS 0x00000006de000000 space 32768K,   0% used [0x00000006de000000, 0x00000006e0000000)
AC   0  F    TS     0 PTAMS 0x00000006e0000000 NTAMS 0x00000006e0000000 space 32768K,   0% used [0x00000006e0000000, 0x00000006e2000000)
AC   0  F    TS     0 PTAMS 0x00000006e2000000 NTAMS 0x00000006e2000000 space 32768K,   0% used [0x00000006e2000000, 0x00000006e4000000)
AC   0  F    TS     0 PTAMS 0x00000006e4000000 NTAMS 0x00000006e4000000 space 32768K,   0% used [0x00000006e4000000, 0x00000006e6000000)
AC   0  F    TS     0 PTAMS 0x00000006e6000000 NTAMS 0x00000006e6000000 space 32768K,   0% used [0x00000006e6000000, 0x00000006e8000000)
AC   0  F    TS     0 PTAMS 0x00000006e8000000 NTAMS 0x00000006e8000000 space 32768K,   0% used [0x00000006e8000000, 0x00000006ea000000)
AC   0  F    TS     0 PTAMS 0x00000006ea000000 NTAMS 0x00000006ea000000 space 32768K,   0% used [0x00000006ea000000, 0x00000006ec000000)
AC   0  F    TS     0 PTAMS 0x00000006ec000000 NTAMS 0x00000006ec000000 space 32768K,   0% used [0x00000006ec000000, 0x00000006ee000000)
AC   0  F    TS     0 PTAMS 0x00000006ee000000 NTAMS 0x00000006ee000000 space 32768K,   0% used [0x00000006ee000000, 0x00000006f0000000)
AC   0  F    TS     0 PTAMS 0x00000006f0000000 NTAMS 0x00000006f0000000 space 32768K,   0% used [0x00000006f0000000, 0x00000006f2000000)
AC   0  F    TS     0 PTAMS 0x00000006f2000000 NTAMS 0x00000006f2000000 space 32768K,   0% used [0x00000006f2000000, 0x00000006f4000000)
AC   0  F    TS     0 PTAMS 0x00000006f4000000 NTAMS 0x00000006f4000000 space 32768K,   0% used [0x00000006f4000000, 0x00000006f6000000)
AC   0  F    TS     0 PTAMS 0x00000006f6000000 NTAMS 0x00000006f6000000 space 32768K,   0% used [0x00000006f6000000, 0x00000006f8000000)
AC   0  F    TS     0 PTAMS 0x00000006f8000000 NTAMS 0x00000006f8000000 space 32768K,   0% used [0x00000006f8000000, 0x00000006fa000000)
AC   0  F    TS     0 PTAMS 0x00000006fa000000 NTAMS 0x00000006fa000000 space 32768K,   0% used [0x00000006fa000000, 0x00000006fc000000)
AC   0  F    TS     0 PTAMS 0x00000006fc000000 NTAMS 0x00000006fc000000 space 32768K,   0% used [0x00000006fc000000, 0x00000006fe000000)
AC   0  F    TS     0 PTAMS 0x00000006fe000000 NTAMS 0x00000006fe000000 space 32768K,   0% used [0x00000006fe000000, 0x0000000700000000)
AC   0  F    TS     0 PTAMS 0x0000000700000000 NTAMS 0x0000000700000000 space 32768K,   0% used [0x0000000700000000, 0x0000000702000000)
AC   0  F    TS     0 PTAMS 0x0000000702000000 NTAMS 0x0000000702000000 space 32768K,   0% used [0x0000000702000000, 0x0000000704000000)
AC   0  F    TS     0 PTAMS 0x0000000704000000 NTAMS 0x0000000704000000 space 32768K,   0% used [0x0000000704000000, 0x0000000706000000)
AC   0  F    TS     0 PTAMS 0x0000000706000000 NTAMS 0x0000000706000000 space 32768K,   0% used [0x0000000706000000, 0x0000000708000000)
AC   0  F    TS     0 PTAMS 0x0000000708000000 NTAMS 0x0000000708000000 space 32768K,   0% used [0x0000000708000000, 0x000000070a000000)
AC   0  F    TS     0 PTAMS 0x000000070a000000 NTAMS 0x000000070a000000 space 32768K,   0% used [0x000000070a000000, 0x000000070c000000)
AC   0  F    TS     0 PTAMS 0x000000070c000000 NTAMS 0x000000070c000000 space 32768K,   0% used [0x000000070c000000, 0x000000070e000000)
AC   0  F    TS     0 PTAMS 0x000000070e000000 NTAMS 0x000000070e000000 space 32768K,   0% used [0x000000070e000000, 0x0000000710000000)
AC   0  F    TS     0 PTAMS 0x0000000710000000 NTAMS 0x0000000710000000 space 32768K,   0% used [0x0000000710000000, 0x0000000712000000)
AC   0  F    TS     0 PTAMS 0x0000000712000000 NTAMS 0x0000000712000000 space 32768K,   0% used [0x0000000712000000, 0x0000000714000000)
AC   0  F    TS     0 PTAMS 0x0000000714000000 NTAMS 0x0000000714000000 space 32768K,   0% used [0x0000000714000000, 0x0000000716000000)
AC   0  F    TS     0 PTAMS 0x0000000716000000 NTAMS 0x0000000716000000 space 32768K,   0% used [0x0000000716000000, 0x0000000718000000)
AC   0  F    TS     0 PTAMS 0x0000000718000000 NTAMS 0x0000000718000000 space 32768K,   0% used [0x0000000718000000, 0x000000071a000000)
AC   0  F    TS     0 PTAMS 0x000000071a000000 NTAMS 0x000000071a000000 space 32768K,   0% used [0x000000071a000000, 0x000000071c000000)
AC   0  F    TS     0 PTAMS 0x000000071c000000 NTAMS 0x000000071c000000 space 32768K,   0% used [0x000000071c000000, 0x000000071e000000)
AC   0  F    TS     0 PTAMS 0x000000071e000000 NTAMS 0x000000071e000000 space 32768K,   0% used [0x000000071e000000, 0x0000000720000000)
AC   0  F    TS     0 PTAMS 0x0000000720000000 NTAMS 0x0000000720000000 space 32768K,   0% used [0x0000000720000000, 0x0000000722000000)
AC   0  F    TS     0 PTAMS 0x0000000722000000 NTAMS 0x0000000722000000 space 32768K,   0% used [0x0000000722000000, 0x0000000724000000)
AC   0  F    TS     0 PTAMS 0x0000000724000000 NTAMS 0x0000000724000000 space 32768K,   0% used [0x0000000724000000, 0x0000000726000000)
AC   0  F    TS     0 PTAMS 0x0000000726000000 NTAMS 0x0000000726000000 space 32768K,   0% used [0x0000000726000000, 0x0000000728000000)
AC   0  F    TS     0 PTAMS 0x0000000728000000 NTAMS 0x0000000728000000 space 32768K,   0% used [0x0000000728000000, 0x000000072a000000)
AC   0  F    TS     0 PTAMS 0x000000072a000000 NTAMS 0x000000072a000000 space 32768K,   0% used [0x000000072a000000, 0x000000072c000000)
AC   0  F    TS     0 PTAMS 0x000000072c000000 NTAMS 0x000000072c000000 space 32768K,   0% used [0x000000072c000000, 0x000000072e000000)
AC   0  F    TS     0 PTAMS 0x000000072e000000 NTAMS 0x000000072e000000 space 32768K,   0% used [0x000000072e000000, 0x0000000730000000)
AC   0  F    TS     0 PTAMS 0x0000000730000000 NTAMS 0x0000000730000000 space 32768K,   0% used [0x0000000730000000, 0x0000000732000000)
AC   0  F    TS     0 PTAMS 0x0000000732000000 NTAMS 0x0000000732000000 space 32768K,   0% used [0x0000000732000000, 0x0000000734000000)
AC   0  F    TS     0 PTAMS 0x0000000734000000 NTAMS 0x0000000734000000 space 32768K,   0% used [0x0000000734000000, 0x0000000736000000)
AC   0  F    TS     0 PTAMS 0x0000000736000000 NTAMS 0x0000000736000000 space 32768K,   0% used [0x0000000736000000, 0x0000000738000000)
AC   0  F    TS     0 PTAMS 0x0000000738000000 NTAMS 0x0000000738000000 space 32768K,   0% used [0x0000000738000000, 0x000000073a000000)
AC   0  F    TS     0 PTAMS 0x000000073a000000 NTAMS 0x000000073a000000 space 32768K,   0% used [0x000000073a000000, 0x000000073c000000)
AC   0  F    TS     0 PTAMS 0x000000073c000000 NTAMS 0x000000073c000000 space 32768K,   0% used [0x000000073c000000, 0x000000073e000000)
AC   0  F    TS     0 PTAMS 0x000000073e000000 NTAMS 0x000000073e000000 space 32768K,   0% used [0x000000073e000000, 0x0000000740000000)
AC   0  F    TS     0 PTAMS 0x0000000740000000 NTAMS 0x0000000740000000 space 32768K,   0% used [0x0000000740000000, 0x0000000742000000)
AC   0  F    TS     0 PTAMS 0x0000000742000000 NTAMS 0x0000000742000000 space 32768K,   0% used [0x0000000742000000, 0x0000000744000000)
AC   0  F    TS     0 PTAMS 0x0000000744000000 NTAMS 0x0000000744000000 space 32768K,   0% used [0x0000000744000000, 0x0000000746000000)
AC   0  F    TS     0 PTAMS 0x0000000746000000 NTAMS 0x0000000746000000 space 32768K,   0% used [0x0000000746000000, 0x0000000748000000)
AC   0  F    TS     0 PTAMS 0x0000000748000000 NTAMS 0x0000000748000000 space 32768K,   0% used [0x0000000748000000, 0x000000074a000000)
AC   0  F    TS     0 PTAMS 0x000000074a000000 NTAMS 0x000000074a000000 space 32768K,   0% used [0x000000074a000000, 0x000000074c000000)
AC   0  F    TS     0 PTAMS 0x000000074c000000 NTAMS 0x000000074c000000 space 32768K,   0% used [0x000000074c000000, 0x000000074e000000)
AC   0  F    TS     0 PTAMS 0x000000074e000000 NTAMS 0x000000074e000000 space 32768K,   0% used [0x000000074e000000, 0x0000000750000000)
AC   0  F    TS     1 PTAMS 0x0000000750000000 NTAMS 0x0000000750000000 space 32768K,   0% used [0x0000000750000000, 0x0000000752000000)
AC   0  F    TS     1 PTAMS 0x0000000752000000 NTAMS 0x0000000752000000 space 32768K,   0% used [0x0000000752000000, 0x0000000754000000)
AC   0  F    TS     1 PTAMS 0x0000000754000000 NTAMS 0x0000000754000000 space 32768K,   0% used [0x0000000754000000, 0x0000000756000000)
AC   0  S CS TS     3 PTAMS 0x0000000756000000 NTAMS 0x0000000756000000 space 32768K,  33% used [0x0000000756000000, 0x0000000758000000)
AC   0  S CS TS     3 PTAMS 0x0000000758000000 NTAMS 0x0000000758000000 space 32768K, 100% used [0x0000000758000000, 0x000000075a000000)
AC   0  F    TS     1 PTAMS 0x000000075a000000 NTAMS 0x000000075a000000 space 32768K,   0% used [0x000000075a000000, 0x000000075c000000)
AC   0  S CS TS     3 PTAMS 0x000000075c000000 NTAMS 0x000000075c000000 space 32768K, 100% used [0x000000075c000000, 0x000000075e000000)
AC   0  S CS TS     3 PTAMS 0x000000075e000000 NTAMS 0x000000075e000000 space 32768K, 100% used [0x000000075e000000, 0x0000000760000000)
AC   0  S CS TS     3 PTAMS 0x0000000760000000 NTAMS 0x0000000760000000 space 32768K, 100% used [0x0000000760000000, 0x0000000762000000)
AC   0  F    TS     0 PTAMS 0x0000000762000000 NTAMS 0x0000000762000000 space 32768K,   0% used [0x0000000762000000, 0x0000000764000000)
AC   0  E    TS     0 PTAMS 0x0000000764000000 NTAMS 0x0000000764000000 space 32768K,  79% used [0x0000000764000000, 0x0000000766000000)
AC   0  E CS TS     0 PTAMS 0x0000000766000000 NTAMS 0x0000000766000000 space 32768K, 100% used [0x0000000766000000, 0x0000000768000000)
AC   0  E CS TS     0 PTAMS 0x0000000768000000 NTAMS 0x0000000768000000 space 32768K, 100% used [0x0000000768000000, 0x000000076a000000)
AC   0  E CS TS     0 PTAMS 0x000000076a000000 NTAMS 0x000000076a000000 space 32768K, 100% used [0x000000076a000000, 0x000000076c000000)
AC   0  E CS TS     0 PTAMS 0x000000076c000000 NTAMS 0x000000076c000000 space 32768K, 100% used [0x000000076c000000, 0x000000076e000000)
AC   0  E CS TS     0 PTAMS 0x000000076e000000 NTAMS 0x000000076e000000 space 32768K, 100% used [0x000000076e000000, 0x0000000770000000)
AC   0  E CS TS     0 PTAMS 0x0000000770000000 NTAMS 0x0000000770000000 space 32768K, 100% used [0x0000000770000000, 0x0000000772000000)
AC   0  E CS TS     0 PTAMS 0x0000000772000000 NTAMS 0x0000000772000000 space 32768K, 100% used [0x0000000772000000, 0x0000000774000000)
AC   0  E CS TS     0 PTAMS 0x0000000774000000 NTAMS 0x0000000774000000 space 32768K, 100% used [0x0000000774000000, 0x0000000776000000)
AC   0  E CS TS     0 PTAMS 0x0000000776000000 NTAMS 0x0000000776000000 space 32768K, 100% used [0x0000000776000000, 0x0000000778000000)
AC   0  E CS TS     0 PTAMS 0x0000000778000000 NTAMS 0x0000000778000000 space 32768K, 100% used [0x0000000778000000, 0x000000077a000000)
AC   0  E CS TS     0 PTAMS 0x000000077a000000 NTAMS 0x000000077a000000 space 32768K, 100% used [0x000000077a000000, 0x000000077c000000)
AC   0  E CS TS     0 PTAMS 0x000000077c000000 NTAMS 0x000000077c000000 space 32768K, 100% used [0x000000077c000000, 0x000000077e000000)
AC   0  E CS TS     0 PTAMS 0x000000077e000000 NTAMS 0x000000077e000000 space 32768K, 100% used [0x000000077e000000, 0x0000000780000000)
AC   0  E CS TS     0 PTAMS 0x0000000780000000 NTAMS 0x0000000780000000 space 32768K, 100% used [0x0000000780000000, 0x0000000782000000)
AC   0  E CS TS     0 PTAMS 0x0000000782000000 NTAMS 0x0000000782000000 space 32768K, 100% used [0x0000000782000000, 0x0000000784000000)
AC   0  E CS TS     0 PTAMS 0x0000000784000000 NTAMS 0x0000000784000000 space 32768K, 100% used [0x0000000784000000, 0x0000000786000000)
AC   0  E CS TS     0 PTAMS 0x0000000786000000 NTAMS 0x0000000786000000 space 32768K, 100% used [0x0000000786000000, 0x0000000788000000)
AC   0  E CS TS     0 PTAMS 0x0000000788000000 NTAMS 0x0000000788000000 space 32768K, 100% used [0x0000000788000000, 0x000000078a000000)
AC   0  E CS TS     0 PTAMS 0x000000078a000000 NTAMS 0x000000078a000000 space 32768K, 100% used [0x000000078a000000, 0x000000078c000000)
AC   0  E CS TS     0 PTAMS 0x000000078c000000 NTAMS 0x000000078c000000 space 32768K, 100% used [0x000000078c000000, 0x000000078e000000)
AC   0  E CS TS     0 PTAMS 0x000000078e000000 NTAMS 0x000000078e000000 space 32768K, 100% used [0x000000078e000000, 0x0000000790000000)
AC   0  E CS TS     0 PTAMS 0x0000000790000000 NTAMS 0x0000000790000000 space 32768K, 100% used [0x0000000790000000, 0x0000000792000000)
AC   0  E CS TS     0 PTAMS 0x0000000792000000 NTAMS 0x0000000792000000 space 32768K, 100% used [0x0000000792000000, 0x0000000794000000)
AC   0  E CS TS     0 PTAMS 0x0000000794000000 NTAMS 0x0000000794000000 space 32768K, 100% used [0x0000000794000000, 0x0000000796000000)
AC   0  E CS TS     0 PTAMS 0x0000000796000000 NTAMS 0x0000000796000000 space 32768K, 100% used [0x0000000796000000, 0x0000000798000000)
AC   0  E CS TS     0 PTAMS 0x0000000798000000 NTAMS 0x0000000798000000 space 32768K, 100% used [0x0000000798000000, 0x000000079a000000)
AC   0  E CS TS     0 PTAMS 0x000000079a000000 NTAMS 0x000000079a000000 space 32768K, 100% used [0x000000079a000000, 0x000000079c000000)
AC   0  E CS TS     0 PTAMS 0x000000079c000000 NTAMS 0x000000079c000000 space 32768K, 100% used [0x000000079c000000, 0x000000079e000000)
AC   0  E CS TS     0 PTAMS 0x000000079e000000 NTAMS 0x000000079e000000 space 32768K, 100% used [0x000000079e000000, 0x00000007a0000000)
AC   0  E CS TS     0 PTAMS 0x00000007a0000000 NTAMS 0x00000007a0000000 space 32768K, 100% used [0x00000007a0000000, 0x00000007a2000000)
AC   0  E CS TS     0 PTAMS 0x00000007a2000000 NTAMS 0x00000007a2000000 space 32768K, 100% used [0x00000007a2000000, 0x00000007a4000000)
AC   0  E CS TS     0 PTAMS 0x00000007a4000000 NTAMS 0x00000007a4000000 space 32768K, 100% used [0x00000007a4000000, 0x00000007a6000000)
AC   0  E CS TS     0 PTAMS 0x00000007a6000000 NTAMS 0x00000007a6000000 space 32768K, 100% used [0x00000007a6000000, 0x00000007a8000000)
AC   0  E CS TS     0 PTAMS 0x00000007a8000000 NTAMS 0x00000007a8000000 space 32768K, 100% used [0x00000007a8000000, 0x00000007aa000000)
AC   0  E CS TS     0 PTAMS 0x00000007aa000000 NTAMS 0x00000007aa000000 space 32768K, 100% used [0x00000007aa000000, 0x00000007ac000000)
AC   0  E CS TS     0 PTAMS 0x00000007ac000000 NTAMS 0x00000007ac000000 space 32768K, 100% used [0x00000007ac000000, 0x00000007ae000000)
AC   0  E CS TS     0 PTAMS 0x00000007ae000000 NTAMS 0x00000007ae000000 space 32768K, 100% used [0x00000007ae000000, 0x00000007b0000000)
AC   0  E CS TS     0 PTAMS 0x00000007b0000000 NTAMS 0x00000007b0000000 space 32768K, 100% used [0x00000007b0000000, 0x00000007b2000000)
AC   0  E CS TS     0 PTAMS 0x00000007b2000000 NTAMS 0x00000007b2000000 space 32768K, 100% used [0x00000007b2000000, 0x00000007b4000000)
AC   0  E CS TS     0 PTAMS 0x00000007b4000000 NTAMS 0x00000007b4000000 space 32768K, 100% used [0x00000007b4000000, 0x00000007b6000000)
AC   0  E CS TS     0 PTAMS 0x00000007b6000000 NTAMS 0x00000007b6000000 space 32768K, 100% used [0x00000007b6000000, 0x00000007b8000000)
AC   0  E CS TS     0 PTAMS 0x00000007b8000000 NTAMS 0x00000007b8000000 space 32768K, 100% used [0x00000007b8000000, 0x00000007ba000000)
AC   0  E CS TS     0 PTAMS 0x00000007ba000000 NTAMS 0x00000007ba000000 space 32768K, 100% used [0x00000007ba000000, 0x00000007bc000000)
AC   0  E CS TS     0 PTAMS 0x00000007bc000000 NTAMS 0x00000007bc000000 space 32768K, 100% used [0x00000007bc000000, 0x00000007be000000)
AC   0  E CS TS     0 PTAMS 0x00000007be000000 NTAMS 0x00000007be000000 space 32768K, 100% used [0x00000007be000000, 0x00000007c0000000)

Card table byte_map: [0x0000022842420000,0x0000022843420000] byte_map_base: 0x000002283f620000

Marking Bits (Prev, Next): (CMBitMap*) 0x000002282e958690, (CMBitMap*) 0x000002282e958638
 Prev Bits: [0x000002284c420000, 0x0000022854420000)
 Next Bits: [0x0000022844420000, 0x000002284c420000)

Polling page: 0x000002282e850000

CodeCache: size=245760Kb used=130876Kb max_used=132307Kb free=114883Kb
 bounds [0x0000022830280000, 0x0000022838480000, 0x000002283f280000]
 total_blobs=34550 nmethods=32307 adapters=2147
 compilation: enabled

Compilation events (10 events):
Event: 588.841 Thread 0x000002285995f000 45658       3       net.minecraft.client.gui.fonts.providers.UnicodeTextureGlyphProvider$$Lambda$20925/1008715486::accept (8 bytes)
Event: 588.842 Thread 0x000002285995f000 nmethod 45658 0x0000022838262dd0 code [0x0000022838262f40, 0x0000022838263250]
Event: 588.897 Thread 0x0000022859963000 45659       3       java.util.concurrent.ForkJoinPool$WorkQueue::poll (107 bytes)
Event: 588.897 Thread 0x0000022859963800 45661   !   3       java.util.concurrent.ForkJoinPool::tryTerminate (559 bytes)
Event: 588.898 Thread 0x0000022859964800 45660       3       java.util.concurrent.ForkJoinPool$WorkQueue::cancelAll (53 bytes)
Event: 588.899 Thread 0x0000022859929000 45662       4       java.lang.Thread::isInterrupted (6 bytes)
Event: 588.899 Thread 0x0000022859963000 nmethod 45659 0x0000022838346210 code [0x00000228383463a0, 0x00000228383468b8]
Event: 588.900 Thread 0x0000022859929000 nmethod 45662 0x0000022833bed650 code [0x0000022833bed7a0, 0x0000022833bed848]
Event: 588.902 Thread 0x0000022859964800 nmethod 45660 0x000002283710be90 code [0x000002283710c0a0, 0x000002283710cc60]
Event: 588.902 Thread 0x0000022859963800 nmethod 45661 0x0000022837ab2610 code [0x0000022837ab28e0, 0x0000022837ab3f70]

GC Heap History (10 events):
Event: 498.283 GC heap before
{Heap before GC invocations=172 (full 0):
 garbage-first heap   total 8388608K, used 5222338K [0x00000005c0000000, 0x00000005c2000800, 0x00000007c0000000)
  region size 32768K, 51 young (1671168K), 7 survivors (229376K)
 Metaspace       used 238623K, capacity 270344K, committed 270456K, reserved 1267712K
  class space    used 42144K, capacity 52166K, committed 52180K, reserved 1048576K
Event: 498.371 GC heap after
Heap after GC invocations=173 (full 0):
 garbage-first heap   total 8388608K, used 3918756K [0x00000005c0000000, 0x00000005c2000800, 0x00000007c0000000)
  region size 32768K, 7 young (229376K), 7 survivors (229376K)
 Metaspace       used 238623K, capacity 270344K, committed 270456K, reserved 1267712K
  class space    used 42144K, capacity 52166K, committed 52180K, reserved 1048576K
}
Event: 502.099 GC heap before
{Heap before GC invocations=173 (full 0):
 garbage-first heap   total 8388608K, used 5360548K [0x00000005c0000000, 0x00000005c2000800, 0x00000007c0000000)
  region size 32768K, 51 young (1671168K), 7 survivors (229376K)
 Metaspace       used 241172K, capacity 273564K, committed 273656K, reserved 1269760K
  class space    used 42386K, capacity 52538K, committed 52564K, reserved 1048576K
Event: 502.166 GC heap after
Heap after GC invocations=174 (full 0):
 garbage-first heap   total 8388608K, used 4051059K [0x00000005c0000000, 0x00000005c2000800, 0x00000007c0000000)
  region size 32768K, 7 young (229376K), 7 survivors (229376K)
 Metaspace       used 241172K, capacity 273564K, committed 273656K, reserved 1269760K
  class space    used 42386K, capacity 52538K, committed 52564K, reserved 1048576K
}
Event: 507.097 GC heap before
{Heap before GC invocations=174 (full 0):
 garbage-first heap   total 8388608K, used 5492851K [0x00000005c0000000, 0x00000005c2000800, 0x00000007c0000000)
  region size 32768K, 51 young (1671168K), 7 survivors (229376K)
 Metaspace       used 242657K, capacity 275228K, committed 275448K, reserved 1271808K
  class space    used 42408K, capacity 52544K, committed 52564K, reserved 1048576K
Event: 507.147 GC heap after
Heap after GC invocations=175 (full 0):
 garbage-first heap   total 8388608K, used 4064828K [0x00000005c0000000, 0x00000005c2000800, 0x00000007c0000000)
  region size 32768K, 5 young (163840K), 5 survivors (163840K)
 Metaspace       used 242657K, capacity 275228K, committed 275448K, reserved 1271808K
  class space    used 42408K, capacity 52544K, committed 52564K, reserved 1048576K
}
Event: 516.828 GC heap before
{Heap before GC invocations=176 (full 0):
 garbage-first heap   total 8388608K, used 5572156K [0x00000005c0000000, 0x00000005c2000800, 0x00000007c0000000)
  region size 32768K, 52 young (1703936K), 5 survivors (163840K)
 Metaspace       used 243108K, capacity 275544K, committed 275704K, reserved 1271808K
  class space    used 42398K, capacity 52474K, committed 52564K, reserved 1048576K
Event: 516.891 GC heap after
Heap after GC invocations=177 (full 0):
 garbage-first heap   total 8388608K, used 4016433K [0x00000005c0000000, 0x00000005c2000800, 0x00000007c0000000)
  region size 32768K, 4 young (131072K), 4 survivors (131072K)
 Metaspace       used 243108K, capacity 275544K, committed 275704K, reserved 1271808K
  class space    used 42398K, capacity 52474K, committed 52564K, reserved 1048576K
}
Event: 526.579 GC heap before
{Heap before GC invocations=177 (full 0):
 garbage-first heap   total 8388608K, used 5556529K [0x00000005c0000000, 0x00000005c2000800, 0x00000007c0000000)
  region size 32768K, 51 young (1671168K), 4 survivors (131072K)
 Metaspace       used 243750K, capacity 276368K, committed 276600K, reserved 1273856K
  class space    used 42442K, capacity 52544K, committed 52692K, reserved 1048576K
Event: 526.652 GC heap after
Heap after GC invocations=178 (full 0):
 garbage-first heap   total 8388608K, used 3741447K [0x00000005c0000000, 0x00000005c2000800, 0x00000007c0000000)
  region size 32768K, 5 young (163840K), 5 survivors (163840K)
 Metaspace       used 243750K, capacity 276368K, committed 276600K, reserved 1273856K
  class space    used 42442K, capacity 52544K, committed 52692K, reserved 1048576K
}

Deoptimization events (10 events):
Event: 587.265 Thread 0x000002282e8b9000 Uncommon trap: reason=class_check action=maybe_recompile pc=0x00000228337618c4 method=org.lwjgl.system.Pointer$Default.wrap(Ljava/lang/Class;JI)Lorg/lwjgl/system/CustomBuffer; @ 7
Event: 587.615 Thread 0x000002282e8b9000 Uncommon trap: reason=unstable_if action=reinterpret pc=0x00000228357f4b00 method=de.keksuccino.fancymenu.menu.fancy.menuhandler.custom.MainMenuHandler.drawToBackground(Lnet/minecraftforge/client/event/GuiScreenEvent$BackgroundDrawnEvent;)V @ 691
Event: 588.154 Thread 0x000002282e8b9000 Uncommon trap: reason=unstable_if action=reinterpret pc=0x0000022833b74e68 method=net.minecraft.client.gui.widget.Widget.isHovered()Z @ 4
Event: 588.897 Thread 0x000002282e8b9000 Uncommon trap: reason=unstable_if action=reinterpret pc=0x0000022835f1aac8 method=java.util.concurrent.ForkJoinPool.tryTerminate(ZZ)Z @ 19
Event: 588.897 Thread 0x00000228a17fe800 Uncommon trap: reason=unstable_if action=reinterpret pc=0x0000022834e54eec method=java.util.concurrent.ForkJoinPool.scan(Ljava/util/concurrent/ForkJoinPool$WorkQueue;I)Ljava/util/concurrent/ForkJoinTask; @ 321
Event: 588.897 Thread 0x00000228a17fc000 Uncommon trap: reason=unstable_if action=reinterpret pc=0x0000022834e54eec method=java.util.concurrent.ForkJoinPool.scan(Ljava/util/concurrent/ForkJoinPool$WorkQueue;I)Ljava/util/concurrent/ForkJoinTask; @ 321
Event: 588.897 Thread 0x00000228a17fe800 Uncommon trap: reason=unstable_if action=reinterpret pc=0x0000022834f85b64 method=java.util.concurrent.ForkJoinPool.awaitWork(Ljava/util/concurrent/ForkJoinPool$WorkQueue;I)Z @ 8
Event: 588.897 Thread 0x00000228a1801800 Uncommon trap: reason=unstable_if action=reinterpret pc=0x0000022834f85b64 method=java.util.concurrent.ForkJoinPool.awaitWork(Ljava/util/concurrent/ForkJoinPool$WorkQueue;I)Z @ 8
Event: 588.898 Thread 0x0000022868985800 Uncommon trap: reason=unstable_if action=reinterpret pc=0x0000022834e54eec method=java.util.concurrent.ForkJoinPool.scan(Ljava/util/concurrent/ForkJoinPool$WorkQueue;I)Ljava/util/concurrent/ForkJoinTask; @ 321
Event: 588.898 Thread 0x00000228a17fd000 Uncommon trap: reason=unstable_if action=reinterpret pc=0x0000022834f85b64 method=java.util.concurrent.ForkJoinPool.awaitWork(Ljava/util/concurrent/ForkJoinPool$WorkQueue;I)Z @ 8

Classes redefined (0 events):
No events

Internal exceptions (10 events):
Event: 584.328 Thread 0x0000022868977000 Exception <a 'sun/nio/fs/WindowsException'> (0x000000078848f040) thrown at [C:\cygwin64\tmp\openjdk-jdk8u-windows-x64-hotspot\workspace\build\src\hotspot\src\share\vm\prims\jni.cpp, line 710]
Event: 584.333 Thread 0x0000022868977000 Exception <a 'sun/nio/fs/WindowsException'> (0x0000000788498d18) thrown at [C:\cygwin64\tmp\openjdk-jdk8u-windows-x64-hotspot\workspace\build\src\hotspot\src\share\vm\prims\jni.cpp, line 710]
Event: 584.336 Thread 0x0000022868977000 Exception <a 'sun/nio/fs/WindowsException'> (0x000000078849dcc8) thrown at [C:\cygwin64\tmp\openjdk-jdk8u-windows-x64-hotspot\workspace\build\src\hotspot\src\share\vm\prims\jni.cpp, line 710]
Event: 584.339 Thread 0x0000022868977000 Exception <a 'sun/nio/fs/WindowsException'> (0x00000007884a2cd0) thrown at [C:\cygwin64\tmp\openjdk-jdk8u-windows-x64-hotspot\workspace\build\src\hotspot\src\share\vm\prims\jni.cpp, line 710]
Event: 584.342 Thread 0x0000022868977000 Exception <a 'sun/nio/fs/WindowsException'> (0x00000007884abfb0) thrown at [C:\cygwin64\tmp\openjdk-jdk8u-windows-x64-hotspot\workspace\build\src\hotspot\src\share\vm\prims\jni.cpp, line 710]
Event: 584.346 Thread 0x0000022868977000 Exception <a 'sun/nio/fs/WindowsException'> (0x00000007884b5470) thrown at [C:\cygwin64\tmp\openjdk-jdk8u-windows-x64-hotspot\workspace\build\src\hotspot\src\share\vm\prims\jni.cpp, line 710]
Event: 584.351 Thread 0x0000022868977000 Exception <a 'sun/nio/fs/WindowsException'> (0x00000007884be998) thrown at [C:\cygwin64\tmp\openjdk-jdk8u-windows-x64-hotspot\workspace\build\src\hotspot\src\share\vm\prims\jni.cpp, line 710]
Event: 585.264 Thread 0x000002285c347800 NullPointerException at vtable entry 0x0000022830865037
Event: 585.264 Thread 0x000002285c347800 Exception <a 'java/lang/NullPointerException'> (0x00000007ba044a90) thrown at [C:\cygwin64\tmp\openjdk-jdk8u-windows-x64-hotspot\workspace\build\src\hotspot\src\share\vm\runtime\sharedRuntime.cpp, line 605]
Event: 586.500 Thread 0x000002285b8be800 Exception <a 'sun/nio/fs/WindowsException'> (0x000000076400a270) thrown at [C:\cygwin64\tmp\openjdk-jdk8u-windows-x64-hotspot\workspace\build\src\hotspot\src\share\vm\prims\jni.cpp, line 710]

Events (10 events):
Event: 588.903 Thread 0x00000228a17fd000 Thread exited: 0x00000228a17fd000
Event: 588.903 Thread 0x0000022868985800 Thread exited: 0x0000022868985800
Event: 588.941 Thread 0x00000228a17f2800 Thread added: 0x00000228a17f2800
Event: 588.941 Thread 0x00000228a17fc000 Thread added: 0x00000228a17fc000
Event: 588.941 Thread 0x00000228a1800800 Thread added: 0x00000228a1800800
Event: 588.941 Thread 0x00000228a1800000 Thread added: 0x00000228a1800000
Event: 588.941 Thread 0x00000228a1801800 Thread added: 0x00000228a1801800
Event: 588.941 Thread 0x00000228a17fd000 Thread added: 0x00000228a17fd000
Event: 588.941 Thread 0x00000228a17fd800 Thread added: 0x00000228a17fd800
Event: 588.942 Thread 0x00000228a17f2800 Thread exited: 0x00000228a17f2800


Dynamic libraries:
0x00007ff68d470000 - 0x00007ff68d4aa000 	C:\_gdl\java\8u242-b08\bin\java.exe
0x00007ffcd8fc0000 - 0x00007ffcd91b0000 	C:\Windows\SYSTEM32\ntdll.dll
0x00007ffcd7190000 - 0x00007ffcd7242000 	C:\Windows\System32\KERNEL32.DLL
0x00007ffcd6130000 - 0x00007ffcd63d5000 	C:\Windows\System32\KERNELBASE.dll
0x00007ffcd7a00000 - 0x00007ffcd7aa3000 	C:\Windows\System32\ADVAPI32.dll
0x00007ffcd82a0000 - 0x00007ffcd833e000 	C:\Windows\System32\msvcrt.dll
0x00007ffcd8620000 - 0x00007ffcd86b7000 	C:\Windows\System32\sechost.dll
0x00007ffcd7070000 - 0x00007ffcd718f000 	C:\Windows\System32\RPCRT4.dll
0x00007ffcd7860000 - 0x00007ffcd79f4000 	C:\Windows\System32\USER32.dll
0x00007ffcd6720000 - 0x00007ffcd6741000 	C:\Windows\System32\win32u.dll
0x00007ffcd77b0000 - 0x00007ffcd77d6000 	C:\Windows\System32\GDI32.dll
0x00007ffcd6ed0000 - 0x00007ffcd7068000 	C:\Windows\System32\gdi32full.dll
0x00007ffcd6580000 - 0x00007ffcd661e000 	C:\Windows\System32\msvcp_win.dll
0x00007ffcd6620000 - 0x00007ffcd671a000 	C:\Windows\System32\ucrtbase.dll
0x00007ffcc5d10000 - 0x00007ffcc5f94000 	C:\Windows\WinSxS\amd64_microsoft.windows.common-controls_6595b64144ccf1df_6.0.18362.1379_none_9e7ff3b3e45cc0c4\COMCTL32.dll
0x00007ffcd7300000 - 0x00007ffcd7637000 	C:\Windows\System32\combase.dll
0x00007ffcd64f0000 - 0x00007ffcd6571000 	C:\Windows\System32\bcryptPrimitives.dll
0x00007ffcd8a80000 - 0x00007ffcd8aae000 	C:\Windows\System32\IMM32.DLL
0x00007ffcaca30000 - 0x00007ffcacb1f000 	C:\_gdl\java\8u242-b08\bin\msvcr120.dll
0x00007ffccaaf0000 - 0x00007ffccab96000 	C:\_gdl\java\8u242-b08\bin\msvcp120.dll
0x0000000059350000 - 0x0000000059b51000 	C:\_gdl\java\8u242-b08\bin\server\jvm.dll
0x00007ffcd7640000 - 0x00007ffcd7648000 	C:\Windows\System32\PSAPI.DLL
0x00007ffccf930000 - 0x00007ffccf939000 	C:\Windows\SYSTEM32\WSOCK32.dll
0x00007ffcd34c0000 - 0x00007ffcd34e4000 	C:\Windows\SYSTEM32\WINMM.dll
0x00007ffcd8860000 - 0x00007ffcd88cf000 	C:\Windows\System32\WS2_32.dll
0x00007ffcce580000 - 0x00007ffcce58a000 	C:\Windows\SYSTEM32\VERSION.dll
0x00007ffcd2f80000 - 0x00007ffcd2fad000 	C:\Windows\SYSTEM32\WINMMBASE.dll
0x00007ffcd5f40000 - 0x00007ffcd5f8a000 	C:\Windows\System32\cfgmgr32.dll
0x00007ffccf870000 - 0x00007ffccf87f000 	C:\_gdl\java\8u242-b08\bin\verify.dll
0x00007ffccae10000 - 0x00007ffccae38000 	C:\_gdl\java\8u242-b08\bin\java.dll
0x00007ffccef00000 - 0x00007ffccef16000 	C:\_gdl\java\8u242-b08\bin\zip.dll
0x00007ffcd7ab0000 - 0x00007ffcd8198000 	C:\Windows\System32\SHELL32.dll
0x00007ffcd8570000 - 0x00007ffcd8617000 	C:\Windows\System32\shcore.dll
0x00007ffcd6750000 - 0x00007ffcd6ecb000 	C:\Windows\System32\windows.storage.dll
0x00007ffcd5ec0000 - 0x00007ffcd5ee3000 	C:\Windows\System32\profapi.dll
0x00007ffcd5ef0000 - 0x00007ffcd5f3a000 	C:\Windows\System32\powrprof.dll
0x00007ffcd5e70000 - 0x00007ffcd5e80000 	C:\Windows\System32\UMPDC.dll
0x00007ffcd86c0000 - 0x00007ffcd8712000 	C:\Windows\System32\shlwapi.dll
0x00007ffcd5ea0000 - 0x00007ffcd5eb1000 	C:\Windows\System32\kernel.appcore.dll
0x00007ffcd6110000 - 0x00007ffcd6127000 	C:\Windows\System32\cryptsp.dll
0x00007ffccf090000 - 0x00007ffccf09d000 	C:\_gdl\java\8u242-b08\bin\management.dll
0x00007ffccad40000 - 0x00007ffccad5a000 	C:\_gdl\java\8u242-b08\bin\net.dll
0x00007ffcd56b0000 - 0x00007ffcd5717000 	C:\Windows\system32\mswsock.dll
0x00007ffcbe1c0000 - 0x00007ffcbe1d6000 	C:\Windows\system32\napinsp.dll
0x00007ffcbdc10000 - 0x00007ffcbdc2a000 	C:\Windows\system32\pnrpnsp.dll
0x00007ffcd5400000 - 0x00007ffcd54cb000 	C:\Windows\SYSTEM32\DNSAPI.dll
0x00007ffcd8480000 - 0x00007ffcd8488000 	C:\Windows\System32\NSI.dll
0x00007ffcd53c0000 - 0x00007ffcd53fa000 	C:\Windows\SYSTEM32\IPHLPAPI.DLL
0x00007ffcceed0000 - 0x00007ffcceede000 	C:\Windows\System32\winrnr.dll
0x00007ffcd2850000 - 0x00007ffcd286c000 	C:\Windows\system32\NLAapi.dll
0x00007ffcd2870000 - 0x00007ffcd2885000 	C:\Windows\system32\wshbth.dll
0x00007ffccbc80000 - 0x00007ffccbc8a000 	C:\Windows\System32\rasadhlp.dll
0x00007ffccf320000 - 0x00007ffccf397000 	C:\Windows\System32\fwpuclnt.dll
0x00007ffcd5f90000 - 0x00007ffcd5fb6000 	C:\Windows\System32\bcrypt.dll
0x00007ffccad20000 - 0x00007ffccad32000 	C:\_gdl\java\8u242-b08\bin\nio.dll
0x00007ffccaac0000 - 0x00007ffccaae3000 	C:\_gdl\java\8u242-b08\bin\sunec.dll
0x00007ffcd5230000 - 0x00007ffcd5263000 	C:\Windows\system32\rsaenh.dll
0x00007ffcd5d50000 - 0x00007ffcd5d75000 	C:\Windows\SYSTEM32\USERENV.dll
0x00007ffcd5880000 - 0x00007ffcd588c000 	C:\Windows\SYSTEM32\CRYPTBASE.dll
0x00007ffcd00c0000 - 0x00007ffcd00d6000 	C:\Windows\SYSTEM32\dhcpcsvc6.DLL
0x00007ffccffb0000 - 0x00007ffccffcc000 	C:\Windows\SYSTEM32\dhcpcsvc.DLL
0x00007ffcb0680000 - 0x00007ffcb06f2000 	C:\_gdl\instances\Craft to Exile [Dissonance]\natives\lwjgl.dll
0x00007ffc9d2d0000 - 0x00007ffc9d521000 	C:\_gdl\instances\Craft to Exile [Dissonance]\natives\jemalloc.dll
0x00007ffcc67b0000 - 0x00007ffcc680e000 	C:\_gdl\instances\Craft to Exile [Dissonance]\natives\glfw.dll
0x00007ffcd3de0000 - 0x00007ffcd3e79000 	C:\Windows\system32\uxtheme.dll
0x00007ffcd5c50000 - 0x00007ffcd5c7a000 	C:\Windows\SYSTEM32\DEVOBJ.dll
0x00007ffcd43b0000 - 0x00007ffcd43dd000 	C:\Windows\SYSTEM32\dwmapi.dll
0x00007ffccf200000 - 0x00007ffccf31c000 	C:\Windows\SYSTEM32\inputhost.dll
0x00007ffcd2890000 - 0x00007ffcd29e2000 	C:\Windows\SYSTEM32\wintypes.dll
0x00007ffcd2ea0000 - 0x00007ffcd2f74000 	C:\Windows\SYSTEM32\CoreMessaging.dll
0x00007ffccfc10000 - 0x00007ffccff3a000 	C:\Windows\SYSTEM32\CoreUIComponents.dll
0x00007ffcd3a00000 - 0x00007ffcd3af0000 	C:\Windows\SYSTEM32\PROPSYS.dll
0x00007ffcd81d0000 - 0x00007ffcd8295000 	C:\Windows\System32\OLEAUT32.dll
0x00007ffcd4eb0000 - 0x00007ffcd4ee1000 	C:\Windows\SYSTEM32\ntmarta.dll
0x00007ffcd8720000 - 0x00007ffcd8855000 	C:\Windows\System32\MSCTF.dll
0x00007ffcd8ab0000 - 0x00007ffcd8f20000 	C:\Windows\System32\SETUPAPI.DLL
0x00007ffcd6490000 - 0x00007ffcd64ec000 	C:\Windows\System32\WINTRUST.dll
0x00007ffcd5e80000 - 0x00007ffcd5e92000 	C:\Windows\System32\MSASN1.dll
0x00007ffcd5fc0000 - 0x00007ffcd610a000 	C:\Windows\System32\CRYPT32.dll
0x00007ffca6160000 - 0x00007ffca62b6000 	C:\Windows\SYSTEM32\opengl32.dll
0x00007ffcba040000 - 0x00007ffcba06c000 	C:\Windows\SYSTEM32\GLU32.dll
0x00007ffcd4b20000 - 0x00007ffcd4b40000 	C:\Windows\SYSTEM32\dxcore.dll
0x00007ffc814e0000 - 0x00007ffc83d35000 	C:\Windows\System32\DriverStore\FileRepository\nvlt.inf_amd64_6fdb2f2a4eb90886\nvoglv64.dll
0x00007ffcd7650000 - 0x00007ffcd77a7000 	C:\Windows\System32\ole32.dll
0x00007ffcd1500000 - 0x00007ffcd1513000 	C:\Windows\SYSTEM32\WTSAPI32.dll
0x00007ffcce650000 - 0x00007ffcce67f000 	C:\Windows\SYSTEM32\cryptnet.dll
0x00007ffca3c50000 - 0x00007ffca3efe000 	C:\Windows\system32\nvspcap64.dll
0x00007ffcd4f50000 - 0x00007ffcd4fa6000 	C:\Windows\SYSTEM32\WINSTA.dll
0x00007ffcaf2e0000 - 0x00007ffcaf35f000 	C:\_gdl\instances\Craft to Exile [Dissonance]\natives\lwjgl_stb.dll
0x00007ffcd1080000 - 0x00007ffcd112e000 	C:\Windows\SYSTEM32\mscms.dll
0x00007ffcd0f80000 - 0x00007ffcd0f97000 	C:\Windows\SYSTEM32\ColorAdapterClient.dll
0x00007ffcad980000 - 0x00007ffcad9c3000 	C:\Windows\SYSTEM32\icm32.dll
0x00007ffcac9d0000 - 0x00007ffcaca28000 	C:\_gdl\instances\Craft to Exile [Dissonance]\natives\lwjgl_opengl.dll
0x00007ffcac980000 - 0x00007ffcac9c2000 	C:\Users\Kelvin Vuu\AppData\Local\Temp\jna--18023041\jna4944632676330677571.dll
0x00007ffccae00000 - 0x00007ffccae0b000 	C:\_gdl\java\8u242-b08\bin\sunmscapi.dll
0x00007ffc9c590000 - 0x00007ffc9c725000 	C:\_gdl\java\8u242-b08\bin\awt.dll
0x00007ffcd35c0000 - 0x00007ffcd364f000 	C:\Windows\SYSTEM32\apphelp.dll
0x00007ffccaa80000 - 0x00007ffccaa9a000 	C:\_gdl\instances\Craft to Exile [Dissonance]\natives\SAPIWrapper_x64.dll
0x00007ffcd7250000 - 0x00007ffcd72f2000 	C:\Windows\System32\clbcatq.dll
0x00007ffcce330000 - 0x00007ffcce3a2000 	C:\Windows\System32\MMDevApi.dll
0x00007ffccff40000 - 0x00007ffccffa5000 	C:\Windows\system32\Ninput.dll
0x00007ffcd0cb0000 - 0x00007ffcd0d4d000 	C:\Windows\System32\TextInputFramework.dll
0x00007ffcc97e0000 - 0x00007ffcc9a87000 	C:\Windows\System32\iertutil.dll
0x00007ffc978c0000 - 0x00007ffc979d4000 	C:\_gdl\instances\Craft to Exile [Dissonance]\natives\OpenAL.dll
0x00007ffcce420000 - 0x00007ffcce57f000 	C:\Windows\SYSTEM32\AUDIOSES.DLL
0x00007ffcd41b0000 - 0x00007ffcd41c4000 	C:\Windows\SYSTEM32\resourcepolicyclient.dll
0x00007ffcd4830000 - 0x00007ffcd4a24000 	C:\Windows\SYSTEM32\dbghelp.dll

VM Arguments:
jvm_args: -XX:HeapDumpPath=MojangTricksIntelDriversForPerformance_javaw.exe_minecraft.exe.heapdump -Dos.name=Windows 10 -Dos.version=10.0 -Djava.library.path=C:\_gdl\instances\Craft to Exile [Dissonance]\natives -Dminecraft.launcher.brand=GDLauncher -Dminecraft.launcher.version=1.0 -Xmx8192m -Xms8192m -Dminecraft.applet.TargetDirectory=C:\_gdl\instances\Craft to Exile [Dissonance] -Dfml.ignorePatchDiscrepancies=true -Dfml.ignoreInvalidMinecraftCertificates=true -XX:HeapDumpPath=MojangTricksIntelDriversForPerformance_javaw.exe_minecraft.exe.heapdump -Xms256m -XX:+UseG1GC -Dsun.rmi.dgc.server.gcInterval=2147483646 -XX:+UnlockExperimentalVMOptions -XX:G1NewSizePercent=20 -XX:G1ReservePercent=20 -XX:MaxGCPauseMillis=50 -XX:G1HeapRegionSize=32M 
java_command: cpw.mods.modlauncher.Launcher --width 854 --height 480 --username Mahjerion --version 1.15.2 --gameDir C:\_gdl\instances\Craft to Exile [Dissonance] --assetsDir C:\_gdl\datastore\assets --assetIndex 1.15 --uuid 078e6d6a263646289d0d28d4dd831d5f --accessToken eyJhbGciOiJIUzI1NiJ9.eyJzdWIiOiJlMTdjMzAwM2Q5MDk4YjAzMThiYzljN2VlODFlOTFhNCIsInlnZ3QiOiI3MjdiZTgwOTE0NGI0MzhjOGM3YTczZGE0NjE5M2Y5OSIsInNwciI6IjA3OGU2ZDZhMjYzNjQ2Mjg5ZDBkMjhkNGRkODMxZDVmIiwiaXNzIjoiWWdnZHJhc2lsLUF1dGgiLCJleHAiOjE2MTQ3OTk3ODIsImlhdCI6MTYxNDYyNjk4Mn0.93w-mvF4dmL59dewfiKqTlGIqZsgPjP3n9JCH-z8ghM --userType mojang --versionType release --launchTarget fmlclient --fml.forgeVersion 31.2.47 --fml.mcVersion 1.15.2 --fml.forgeGroup net.minecraftforge --fml.mcpVersion 20200515.085601
java_class_path (initial): C:\_gdl\datastore\libraries\net\minecraftforge\forge\1.15.2-31.2.47\forge-1.15.2-31.2.47.jar;C:\_gdl\datastore\libraries\org\ow2\asm\asm\7.2\asm-7.2.jar;C:\_gdl\datastore\libraries\org\ow2\asm\asm-commons\7.2\asm-commons-7.2.jar;C:\_gdl\datastore\libraries\org\ow2\asm\asm-tree\7.2\asm-tree-7.2.jar;C:\_gdl\datastore\libraries\org\ow2\asm\asm-util\7.2\asm-util-7.2.jar;C:\_gdl\datastore\libraries\org\ow2\asm\asm-analysis\7.2\asm-analysis-7.2.jar;C:\_gdl\datastore\libraries\cpw\mods\modlauncher\5.1.2\modlauncher-5.1.2.jar;C:\_gdl\datastore\libraries\cpw\mods\grossjava9hacks\1.3.0\grossjava9hacks-1.3.0.jar;C:\_gdl\datastore\libraries\net\minecraftforge\accesstransformers\2.1.3-shadowed\accesstransformers-2.1.3-shadowed.jar;C:\_gdl\datastore\libraries\net\minecraftforge\eventbus\2.2.1-service\eventbus-2.2.1-service.jar;C:\_gdl\datastore\libraries\net\minecraftforge\forgespi\3.0.0\forgespi-3.0.0.jar;C:\_gdl\datastore\libraries\net\minecraftforge\coremods\2.0.3\coremods-2.0.3.jar;C:\_gdl\datastore\libraries\net\minecraftforge\unsafe\0.2.0\unsafe-0.2.0.jar;C:\_gdl\datastore\libraries\org\spongepowered\mixin\0.8.2\mixin-0.8.2.jar;C:\_gdl\datastore\libraries\com\electronwill\night-config\core\3.6.2\core-3.6.2.jar;C:\_gdl\datastore\libraries\com\electronwill\night-config\toml\3.6.2\toml-3.6.2.jar;C:\_gdl\datastore\libraries\org\jline\jline\3.12.1\jline-3.12.1.jar;C:\_gdl\datastore\libraries\org\apache\maven\maven-artifact\3.6.0\maven-artifact-3.6.0.jar;C:\_gdl\datastore\libraries\net\jodah\typetools\0.8.1\typetools-0.8.1.jar;C:\_gdl\datastore\libraries\org\apache\logging\log4j\log4j-api\2.11.2\log4j-api-2.11.2.jar;C:\_gdl\datastore\libraries\org\apache\logging\log4j\log4j-core\2.11.2\log4j-core-2.11.2.jar;C:\_gdl\datastore\libraries\net\minecrell\terminalconsoleappender\1.2.0\terminalconsoleappender-1.2.0.jar;C:\_gdl\datastore\libraries\net\sf\jopt-simple\jopt-simple\5.0.4\jopt-simple-5.0.4.jar;C:\_gdl\datastore\libraries\com\mojang\patchy\1.1\patch
Launcher Type: SUN_STANDARD

Environment Variables:
JAVA_HOME=C:\Program Files\AdoptOpenJDK\jdk-8.0.275.1-hotspot
PATH=C:\Program Files\AdoptOpenJDK\jdk-11.0.10.9-hotspot\bin;C:\Program Files\AdoptOpenJDK\jdk-8.0.275.1-hotspot\bin;C:\Program Files\AdoptOpenJDK\jre-8.0.275.1-hotspot\bin;C:\Windows\system32;C:\Windows;C:\Windows\System32\Wbem;C:\Windows\System32\WindowsPowerShell\v1.0\;C:\Windows\System32\OpenSSH\;C:\Program Files (x86)\NVIDIA Corporation\PhysX\Common;C:\Program Files\NVIDIA Corporation\NVIDIA NvDLISR;C:\Program Files\Git\cmd;C:\Applied Biosystems\Primer Express\App\libs;C:\Users\Kelvin Vuu\AppData\Local\Microsoft\WindowsApps;C:\Users\Kelvin Vuu\AppData\Local\GitHubDesktop\bin
USERNAME=Kelvin Vuu
OS=Windows_NT
PROCESSOR_IDENTIFIER=AMD64 Family 23 Model 96 Stepping 1, AuthenticAMD



---------------  S Y S T E M  ---------------

OS: Windows 10.0 , 64 bit Build 18362 (10.0.18362.1350)

CPU:total 16 (initial active 16) (16 cores per cpu, 1 threads per core) family 23 model 96 stepping 1, cmov, cx8, fxsr, mmx, sse, sse2, sse3, ssse3, sse4.1, sse4.2, popcnt, avx, avx2, aes, clmul, mmxext, 3dnowpref, lzcnt, sse4a, tsc, tscinvbit, tscinv, bmi1

Memory: 4k page, physical 16119108k(1600272k free), swap 22600840k(3975456k free)

vm_info: OpenJDK 64-Bit Server VM (25.242-b08) for windows-amd64 JRE (1.8.0_242-b08), built on Jan 19 2020 14:45:52 by "jenkins" with MS VC++ 12.0 (VS2013)

time: Wed Mar 03 12:51:52 2021
timezone: Eastern Standard Time
elapsed time: 588 seconds (0d 0h 9m 48s)

