#
# A fatal error has been detected by the Java Runtime Environment:
#
#  EXCEPTION_ACCESS_VIOLATION (0xc0000005) at pc=0x0000000027480000, pid=14780, tid=12608
#
# JRE version: Java(TM) SE Runtime Environment (8.0_51-b16) (build 1.8.0_51-b16)
# Java VM: Java HotSpot(TM) 64-Bit Server VM (25.51-b03 mixed mode windows-amd64 compressed oops)
# Problematic frame:
# C  0x0000000027480000
#
# Failed to write core dump. Minidumps are not enabled by default on client versions of Windows
#
# If you would like to submit a bug report, please visit:
#   http://bugreport.java.com/bugreport/crash.jsp
# The crash happened outside the Java Virtual Machine in native code.
# See problematic frame for where to report the bug.
#

---------------  T H R E A D  ---------------

Current thread (0x000000001f225800):  JavaThread "CraftPresence" [_thread_in_native, id=12608, stack(0x0000000027c60000,0x0000000027d60000)]

siginfo: ExceptionCode=0xc0000005, ExceptionInformation=0x0000000000000008 0x0000000027480000

Registers:
RAX=0x0000000027480000, RBX=0x0000000000010001, RCX=0x0000000000010001, RDX=0x0000000027d5ec10
RSP=0x0000000027d5ebd8, RBP=0x0000000027d5ece0, RSI=0x00000000ffffffa0, RDI=0x0000000000000009
R8 =0x00000000009b0140, R9 =0x00007ffb862937b0, R10=0x00007ffb89041a10, R11=0x0000000027d5f048
R12=0x0000000000000000, R13=0x0000000027d5f2c8, R14=0x0000000000000000, R15=0x000000001f225800
RIP=0x0000000027480000, EFLAGS=0x0000000000010206

Top of Stack: (sp=0x0000000027d5ebd8)
0x0000000027d5ebd8:   00007ffb86291f7c 000000001f225800
0x0000000027d5ebe8:   00000007c000d5e0 000000077fde11d0
0x0000000027d5ebf8:   00000007f1c8d520 0000000000000007
0x0000000027d5ec08:   000000078e46a900 57464c4720656854
0x0000000027d5ec18:   7972617262696c20 20746f6e20736920
0x0000000027d5ec28:   696c616974696e69 000000070064657a
0x0000000027d5ec38:   0000001000000010 0000000000000008
0x0000000027d5ec48:   000000000691426d 0000001000000010
0x0000000027d5ec58:   0000000000000058 00000000f1c8d51d
0x0000000027d5ec68:   0000000008b87772 00000006c43b0f98
0x0000000027d5ec78:   000000080000008e 0000000000000002
0x0000000027d5ec88:   0000000008c2b2a4 0000008e8e46ab70
0x0000000027d5ec98:   00000007c000d5e0 00000006c5b758d0
0x0000000027d5eca8:   00000007f1c8d520 0000000000000001
0x0000000027d5ecb8:   00000000f1c8d520 000000078e46a948
0x0000000027d5ecc8:   00000007f1c8d520 00000000f1c8d51d 

Instructions: (pc=0x0000000027480000)
0x000000002747ffe0:   
[error occurred during error reporting (printing registers, top of stack, instructions near pc), id 0xc0000005]

Register to memory mapping:

RAX=0x0000000027480000 is an unknown value
RBX=0x0000000000010001 is an unknown value
RCX=0x0000000000010001 is an unknown value
RDX=0x0000000027d5ec10 is pointing into the stack for thread: 0x000000001f225800
RSP=0x0000000027d5ebd8 is pointing into the stack for thread: 0x000000001f225800
RBP=0x0000000027d5ece0 is pointing into the stack for thread: 0x000000001f225800
RSI=0x00000000ffffffa0 is an unknown value
RDI=0x0000000000000009 is an unknown value
R8 =0x00000000009b0140 is an unknown value
R9 =0x00007ffb862937b0 is an unknown value
R10=0x00007ffb89041a10 is an unknown value
R11=0x0000000027d5f048 is pointing into the stack for thread: 0x000000001f225800
R12=0x0000000000000000 is an unknown value
R13=0x0000000027d5f2c8 is pointing into the stack for thread: 0x000000001f225800
R14=0x0000000000000000 is an unknown value
R15=0x000000001f225800 is a thread


Stack: [0x0000000027c60000,0x0000000027d60000],  sp=0x0000000027d5ebd8,  free space=1018k
Native frames: (J=compiled Java code, j=interpreted, Vv=VM code, C=native code)
C  0x0000000027480000

Java frames: (J=compiled Java code, j=interpreted, Vv=VM code)
J 14918  org.lwjgl.system.JNI.invokePI(JIJ)I (0 bytes) @ 0x0000000004bbf1ce [0x0000000004bbf120+0xae]
J 55974 C2 com.gitlab.cdagaming.craftpresence.utils.KeyUtils.onTick()V (150 bytes) @ 0x000000000a554dd0 [0x000000000a554460+0x970]
J 55959 C1 com.gitlab.cdagaming.craftpresence.utils.CommandUtils.reloadData(Z)V (155 bytes) @ 0x00000000094363d4 [0x0000000009436300+0xd4]
J 55960 C1 com.gitlab.cdagaming.craftpresence.CraftPresence.clientTick()V (477 bytes) @ 0x000000000afe1acc [0x000000000afe1940+0x18c]
J 21608 C2 com.gitlab.cdagaming.craftpresence.CraftPresence$1.run()V (8 bytes) @ 0x0000000005aba420 [0x0000000005aba3e0+0x40]
j  java.util.TimerThread.mainLoop()V+221
j  java.util.TimerThread.run()V+1
v  ~StubRoutines::call_stub

---------------  P R O C E S S  ---------------

Java Threads: ( => current thread )
  0x00000000b0196000 JavaThread "Sound engine" daemon [_thread_blocked, id=7240, stack(0x000000003aff0000,0x000000003b0f0000)]
  0x00000000b0194800 JavaThread "Netty Server IO #2" daemon [_thread_in_native, id=5540, stack(0x000000006e370000,0x000000006e470000)]
  0x00000000966c1800 JavaThread "Netty Server IO #1" daemon [_thread_in_native, id=10068, stack(0x0000000071f10000,0x0000000072010000)]
  0x00000000966bf000 JavaThread "Netty Local Client IO #0" daemon [_thread_blocked, id=2092, stack(0x0000000071e10000,0x0000000071f10000)]
  0x00000000966c3000 JavaThread "Netty Server IO #0" daemon [_thread_in_native, id=15956, stack(0x0000000070560000,0x0000000070660000)]
  0x00000000966bd000 JavaThread "ObjectCleanerThread" daemon [_thread_blocked, id=9488, stack(0x000000003b640000,0x000000003b740000)]
  0x00000000966bd800 JavaThread "Java2D Disposer" daemon [_thread_blocked, id=1232, stack(0x000000007d050000,0x000000007d150000)]
  0x000000002c965800 JavaThread "Thread-25" daemon [_thread_in_native, id=15432, stack(0x000000006f390000,0x000000006f490000)]
  0x000000002de2f800 JavaThread "Snooper Timer" daemon [_thread_blocked, id=16024, stack(0x00000000309b0000,0x0000000030ab0000)]
  0x000000001ef96000 JavaThread "Thread-20" daemon [_thread_blocked, id=10568, stack(0x000000003da60000,0x000000003db60000)]
  0x000000002c96f800 JavaThread "Discord Rich Presence Timer Thread" daemon [_thread_blocked, id=5312, stack(0x000000003b750000,0x000000003b850000)]
  0x000000002c960000 JavaThread "Thread-15" daemon [_thread_in_native, id=14132, stack(0x000000003ad80000,0x000000003ae80000)]
  0x000000002c969800 JavaThread "Thread-14" daemon [_thread_in_native, id=1176, stack(0x000000003ac80000,0x000000003ad80000)]
  0x000000002c964000 JavaThread "Thread-13" daemon [_thread_in_native, id=244, stack(0x0000000038cc0000,0x0000000038dc0000)]
  0x000000002c96a000 JavaThread "Thread-12" daemon [_thread_in_native, id=5336, stack(0x0000000036500000,0x0000000036600000)]
  0x000000001f22a000 JavaThread "IPCClient-Reader" [_thread_blocked, id=14908, stack(0x000000002a800000,0x000000002a900000)]
=>0x000000001f225800 JavaThread "CraftPresence" [_thread_in_native, id=12608, stack(0x0000000027c60000,0x0000000027d60000)]
  0x000000001f224800 JavaThread "Timer hack thread" daemon [_thread_blocked, id=6220, stack(0x0000000027370000,0x0000000027470000)]
  0x000000001ef91800 JavaThread "pool-3-thread-1" [_thread_blocked, id=2936, stack(0x000000002fd00000,0x000000002fe00000)]
  0x000000001ef92800 JavaThread "Snooper Timer" daemon [_thread_blocked, id=11416, stack(0x000000001fdf0000,0x000000001fef0000)]
  0x000000001ef94800 JavaThread "Thread-2" daemon [_thread_in_native, id=14376, stack(0x000000001fff0000,0x00000000200f0000)]
  0x000000001ef90000 JavaThread "Thread-1" daemon [_thread_blocked, id=6648, stack(0x000000001fef0000,0x000000001fff0000)]
  0x000000001d718800 JavaThread "Service Thread" daemon [_thread_blocked, id=13576, stack(0x000000001dae0000,0x000000001dbe0000)]
  0x000000001be90000 JavaThread "C1 CompilerThread2" daemon [_thread_blocked, id=7804, stack(0x000000001d5e0000,0x000000001d6e0000)]
  0x000000001be88800 JavaThread "C2 CompilerThread1" daemon [_thread_blocked, id=15240, stack(0x000000001d4e0000,0x000000001d5e0000)]
  0x000000001be86800 JavaThread "C2 CompilerThread0" daemon [_thread_blocked, id=2560, stack(0x000000001d3e0000,0x000000001d4e0000)]
  0x000000001be84800 JavaThread "Attach Listener" daemon [_thread_blocked, id=8716, stack(0x000000001d2e0000,0x000000001d3e0000)]
  0x000000001be83000 JavaThread "Signal Dispatcher" daemon [_thread_blocked, id=6020, stack(0x000000001d1e0000,0x000000001d2e0000)]
  0x00000000026db800 JavaThread "Finalizer" daemon [_thread_blocked, id=9472, stack(0x000000001d0e0000,0x000000001d1e0000)]
  0x00000000026d2800 JavaThread "Reference Handler" daemon [_thread_blocked, id=4508, stack(0x000000001cfe0000,0x000000001d0e0000)]
  0x00000000025e4800 JavaThread "Render thread" [_thread_blocked, id=4620, stack(0x0000000000d00000,0x0000000000e00000)]

Other Threads:
  0x000000001be47800 VMThread [stack: 0x000000001cee0000,0x000000001cfe0000] [id=11376]
  0x000000001d72b000 WatcherThread [stack: 0x000000001dbe0000,0x000000001dce0000] [id=3848]

VM state:not at safepoint (normal execution)

VM Mutex/Monitor currently owned by a thread: None

Heap:
 PSYoungGen      total 1282048K, used 624681K [0x000000076ab00000, 0x00000007c0000000, 0x00000007c0000000)
  eden space 1166336K, 50% used [0x000000076ab00000,0x000000078eed2530,0x00000007b1e00000)
  from space 115712K, 26% used [0x00000007b1e00000,0x00000007b3c38000,0x00000007b8f00000)
  to   space 114688K, 0% used [0x00000007b9000000,0x00000007b9000000,0x00000007c0000000)
 ParOldGen       total 2796544K, used 2596653K [0x00000006c0000000, 0x000000076ab00000, 0x000000076ab00000)
  object space 2796544K, 92% used [0x00000006c0000000,0x000000075e7cb688,0x000000076ab00000)
 Metaspace       used 214582K, capacity 243555K, committed 244864K, reserved 1249280K
  class space    used 36635K, capacity 44513K, committed 44928K, reserved 1048576K

Card table byte_map: [0x0000000011b70000,0x0000000012380000] byte_map_base: 0x000000000e570000

Marking Bits: (ParMarkBitMap*) 0x0000000068de4040
 Begin Bits: [0x0000000012ce0000, 0x0000000016ce0000)
 End Bits:   [0x0000000016ce0000, 0x000000001ace0000)

Polling page: 0x00000000008f0000

CodeCache: size=245760Kb used=138583Kb max_used=138661Kb free=107176Kb
 bounds [0x00000000027b0000, 0x000000000b010000, 0x00000000117b0000]
 total_blobs=36521 nmethods=34313 adapters=2109
 compilation: enabled

Compilation events (10 events):
Event: 2089.155 Thread 0x000000001be90000 55996       3       net.minecraft.client.renderer.texture.TextureAtlasSprite::close (51 bytes)
Event: 2089.155 Thread 0x000000001be90000 nmethod 55996 0x00000000063edb90 code [0x00000000063edd20, 0x00000000063ee138]
Event: 2089.156 Thread 0x000000001be88800 55997       4       net.minecraft.client.renderer.texture.NativeImage::close (39 bytes)
Event: 2089.157 Thread 0x000000001be88800 nmethod 55997 0x0000000009435d10 code [0x0000000009435e60, 0x0000000009435f58]
Event: 2089.158 Thread 0x000000001be86800 55998       4       net.minecraft.client.renderer.texture.TextureAtlasSprite::close (51 bytes)
Event: 2089.161 Thread 0x000000001be86800 nmethod 55998 0x0000000009158290 code [0x0000000009158400, 0x0000000009158608]
Event: 2089.163 Thread 0x000000001be90000 55999       3       net.minecraft.client.gui.fonts.providers.UnicodeTextureGlyphProvider$$Lambda$16940/802073647::accept (8 bytes)
Event: 2089.163 Thread 0x000000001be90000 nmethod 55999 0x000000000821ed10 code [0x000000000821ee80, 0x000000000821f188]
Event: 2089.172 Thread 0x000000001be90000 56000       3       org.lwjgl.openal.AL10::alDeleteBuffers (15 bytes)
Event: 2089.173 Thread 0x000000001be90000 nmethod 56000 0x0000000008746a10 code [0x0000000008746bc0, 0x0000000008746fc8]

GC Heap History (10 events):
Event: 1916.995 GC heap before
{Heap before GC invocations=496 (full 12):
 PSYoungGen      total 1295360K, used 1255403K [0x000000076ab00000, 0x00000007c0000000, 0x00000007c0000000)
  eden space 1192960K, 100% used [0x000000076ab00000,0x00000007b3800000,0x00000007b3800000)
  from space 102400K, 60% used [0x00000007b3800000,0x00000007b74faf60,0x00000007b9c00000)
  to   space 102400K, 0% used [0x00000007b9c00000,0x00000007b9c00000,0x00000007c0000000)
 ParOldGen       total 2796544K, used 2761266K [0x00000006c0000000, 0x000000076ab00000, 0x000000076ab00000)
  object space 2796544K, 98% used [0x00000006c0000000,0x000000076888cb18,0x000000076ab00000)
 Metaspace       used 215130K, capacity 244667K, committed 244864K, reserved 1249280K
  class space    used 36825K, capacity 44879K, committed 44928K, reserved 1048576K
Event: 1917.023 GC heap after
Heap after GC invocations=496 (full 12):
 PSYoungGen      total 1288192K, used 54197K [0x000000076ab00000, 0x00000007bf900000, 0x00000007c0000000)
  eden space 1192960K, 0% used [0x000000076ab00000,0x000000076ab00000,0x00000007b3800000)
  from space 95232K, 56% used [0x00000007b9c00000,0x00000007bd0ed748,0x00000007bf900000)
  to   space 98816K, 0% used [0x00000007b3800000,0x00000007b3800000,0x00000007b9880000)
 ParOldGen       total 2796544K, used 2770125K [0x00000006c0000000, 0x000000076ab00000, 0x000000076ab00000)
  object space 2796544K, 99% used [0x00000006c0000000,0x0000000769133450,0x000000076ab00000)
 Metaspace       used 215130K, capacity 244667K, committed 244864K, reserved 1249280K
  class space    used 36825K, capacity 44879K, committed 44928K, reserved 1048576K
}
Event: 1924.976 GC heap before
{Heap before GC invocations=497 (full 12):
 PSYoungGen      total 1288192K, used 1247157K [0x000000076ab00000, 0x00000007bf900000, 0x00000007c0000000)
  eden space 1192960K, 100% used [0x000000076ab00000,0x00000007b3800000,0x00000007b3800000)
  from space 95232K, 56% used [0x00000007b9c00000,0x00000007bd0ed748,0x00000007bf900000)
  to   space 98816K, 0% used [0x00000007b3800000,0x00000007b3800000,0x00000007b9880000)
 ParOldGen       total 2796544K, used 2770133K [0x00000006c0000000, 0x000000076ab00000, 0x000000076ab00000)
  object space 2796544K, 99% used [0x00000006c0000000,0x0000000769135460,0x000000076ab00000)
 Metaspace       used 215175K, capacity 244697K, committed 244864K, reserved 1249280K
  class space    used 36830K, capacity 44882K, committed 44928K, reserved 1048576K
Event: 1925.020 GC heap after
Heap after GC invocations=497 (full 12):
 PSYoungGen      total 1291776K, used 98787K [0x000000076ab00000, 0x00000007c0000000, 0x00000007c0000000)
  eden space 1192960K, 0% used [0x000000076ab00000,0x000000076ab00000,0x00000007b3800000)
  from space 98816K, 99% used [0x00000007b3800000,0x00000007b9878c78,0x00000007b9880000)
  to   space 105984K, 0% used [0x00000007b9880000,0x00000007b9880000,0x00000007c0000000)
 ParOldGen       total 2796544K, used 2782782K [0x00000006c0000000, 0x000000076ab00000, 0x000000076ab00000)
  object space 2796544K, 99% used [0x00000006c0000000,0x0000000769d8fa70,0x000000076ab00000)
 Metaspace       used 215175K, capacity 244697K, committed 244864K, reserved 1249280K
  class space    used 36830K, capacity 44882K, committed 44928K, reserved 1048576K
}
Event: 1927.918 GC heap before
{Heap before GC invocations=498 (full 12):
 PSYoungGen      total 1291776K, used 1291747K [0x000000076ab00000, 0x00000007c0000000, 0x00000007c0000000)
  eden space 1192960K, 100% used [0x000000076ab00000,0x00000007b3800000,0x00000007b3800000)
  from space 98816K, 99% used [0x00000007b3800000,0x00000007b9878c78,0x00000007b9880000)
  to   space 105984K, 0% used [0x00000007b9880000,0x00000007b9880000,0x00000007c0000000)
 ParOldGen       total 2796544K, used 2783321K [0x00000006c0000000, 0x000000076ab00000, 0x000000076ab00000)
  object space 2796544K, 99% used [0x00000006c0000000,0x0000000769e16440,0x000000076ab00000)
 Metaspace       used 215186K, capacity 244715K, committed 244864K, reserved 1249280K
  class space    used 36832K, capacity 44885K, committed 44928K, reserved 1048576K
Event: 1927.984 GC heap after
Heap after GC invocations=498 (full 12):
 PSYoungGen      total 1272320K, used 70472K [0x000000076ab00000, 0x00000007c0000000, 0x00000007c0000000)
  eden space 1166336K, 0% used [0x000000076ab00000,0x000000076ab00000,0x00000007b1e00000)
  from space 105984K, 66% used [0x00000007b9880000,0x00000007bdd52010,0x00000007c0000000)
  to   space 115712K, 0% used [0x00000007b1e00000,0x00000007b1e00000,0x00000007b8f00000)
 ParOldGen       total 2796544K, used 2791015K [0x00000006c0000000, 0x000000076ab00000, 0x000000076ab00000)
  object space 2796544K, 99% used [0x00000006c0000000,0x000000076a599e80,0x000000076ab00000)
 Metaspace       used 215186K, capacity 244715K, committed 244864K, reserved 1249280K
  class space    used 36832K, capacity 44885K, committed 44928K, reserved 1048576K
}
Event: 1927.984 GC heap before
{Heap before GC invocations=499 (full 13):
 PSYoungGen      total 1272320K, used 70472K [0x000000076ab00000, 0x00000007c0000000, 0x00000007c0000000)
  eden space 1166336K, 0% used [0x000000076ab00000,0x000000076ab00000,0x00000007b1e00000)
  from space 105984K, 66% used [0x00000007b9880000,0x00000007bdd52010,0x00000007c0000000)
  to   space 115712K, 0% used [0x00000007b1e00000,0x00000007b1e00000,0x00000007b8f00000)
 ParOldGen       total 2796544K, used 2791015K [0x00000006c0000000, 0x000000076ab00000, 0x000000076ab00000)
  object space 2796544K, 99% used [0x00000006c0000000,0x000000076a599e80,0x000000076ab00000)
 Metaspace       used 215186K, capacity 244715K, committed 244864K, reserved 1249280K
  class space    used 36832K, capacity 44885K, committed 44928K, reserved 1048576K
Event: 1929.876 GC heap after
Heap after GC invocations=499 (full 13):
 PSYoungGen      total 1272320K, used 0K [0x000000076ab00000, 0x00000007c0000000, 0x00000007c0000000)
  eden space 1166336K, 0% used [0x000000076ab00000,0x000000076ab00000,0x00000007b1e00000)
  from space 105984K, 0% used [0x00000007b9880000,0x00000007b9880000,0x00000007c0000000)
  to   space 115712K, 0% used [0x00000007b1e00000,0x00000007b1e00000,0x00000007b8f00000)
 ParOldGen       total 2796544K, used 2596651K [0x00000006c0000000, 0x000000076ab00000, 0x000000076ab00000)
  object space 2796544K, 92% used [0x00000006c0000000,0x000000075e7caef0,0x000000076ab00000)
 Metaspace       used 214545K, capacity 243517K, committed 244864K, reserved 1249280K
  class space    used 36626K, capacity 44498K, committed 44928K, reserved 1048576K
}
Event: 1931.434 GC heap before
{Heap before GC invocations=500 (full 13):
 PSYoungGen      total 1272320K, used 1166336K [0x000000076ab00000, 0x00000007c0000000, 0x00000007c0000000)
  eden space 1166336K, 100% used [0x000000076ab00000,0x00000007b1e00000,0x00000007b1e00000)
  from space 105984K, 0% used [0x00000007b9880000,0x00000007b9880000,0x00000007c0000000)
  to   space 115712K, 0% used [0x00000007b1e00000,0x00000007b1e00000,0x00000007b8f00000)
 ParOldGen       total 2796544K, used 2596653K [0x00000006c0000000, 0x000000076ab00000, 0x000000076ab00000)
  object space 2796544K, 92% used [0x00000006c0000000,0x000000075e7cb688,0x000000076ab00000)
 Metaspace       used 214545K, capacity 243517K, committed 244864K, reserved 1249280K
  class space    used 36626K, capacity 44498K, committed 44928K, reserved 1048576K
Event: 1931.475 GC heap after
Heap after GC invocations=500 (full 13):
 PSYoungGen      total 1282048K, used 30944K [0x000000076ab00000, 0x00000007c0000000, 0x00000007c0000000)
  eden space 1166336K, 0% used [0x000000076ab00000,0x000000076ab00000,0x00000007b1e00000)
  from space 115712K, 26% used [0x00000007b1e00000,0x00000007b3c38000,0x00000007b8f00000)
  to   space 114688K, 0% used [0x00000007b9000000,0x00000007b9000000,0x00000007c0000000)
 ParOldGen       total 2796544K, used 2596653K [0x00000006c0000000, 0x000000076ab00000, 0x000000076ab00000)
  object space 2796544K, 92% used [0x00000006c0000000,0x000000075e7cb688,0x000000076ab00000)
 Metaspace       used 214545K, capacity 243517K, committed 244864K, reserved 1249280K
  class space    used 36626K, capacity 44498K, committed 44928K, reserved 1048576K
}

Deoptimization events (10 events):
Event: 1932.028 Thread 0x000000001f225800 Uncommon trap: reason=unstable_if action=reinterpret pc=0x0000000007ac8a40 method=com.gitlab.cdagaming.craftpresence.utils.server.ServerUtils.onTick()V @ 118
Event: 1932.028 Thread 0x000000001f225800 Uncommon trap: reason=unstable_if action=reinterpret pc=0x0000000003b7c300 method=com.gitlab.cdagaming.craftpresence.CraftPresence.clientTick()V @ 281
Event: 1932.278 Thread 0x000000001f22a000 Uncommon trap: reason=unstable_if action=reinterpret pc=0x0000000002e47b4c method=java.lang.ref.SoftReference.get()Ljava/lang/Object; @ 6
Event: 1948.739 Thread 0x00000000025e4800 Uncommon trap: reason=unstable_if action=reinterpret pc=0x000000000a557e38 method=shadows.menu.buttons.JsonButton.renderImageButton(IIF)V @ 32
Event: 1948.739 Thread 0x00000000025e4800 Uncommon trap: reason=unstable_if action=reinterpret pc=0x000000000afd41a4 method=shadows.menu.buttons.JsonButton.renderImageButton(IIF)V @ 32
Event: 2085.518 Thread 0x00000000025e4800 Uncommon trap: reason=class_check action=maybe_recompile pc=0x00000000097e7ab4 method=java.security.MessageDigest$Delegate.clone()Ljava/lang/Object; @ 4
Event: 2085.518 Thread 0x00000000025e4800 Uncommon trap: reason=class_check action=maybe_recompile pc=0x0000000007cb24a4 method=java.security.MessageDigest$Delegate.engineGetDigestLength()I @ 4
Event: 2086.606 Thread 0x00000000025e4800 Uncommon trap: reason=unstable_if action=reinterpret pc=0x0000000008488458 method=net.minecraft.client.gui.widget.list.AbstractList.renderList(IIIIF)V @ 113
Event: 2089.190 Thread 0x00000000025e4800 Uncommon trap: reason=unstable_if action=reinterpret pc=0x0000000005f4f868 method=java.util.concurrent.ForkJoinPool.tryTerminate(ZZ)Z @ 19
Event: 2089.191 Thread 0x00000000025e4800 Uncommon trap: reason=unstable_if action=reinterpret pc=0x0000000003e6cbfc method=java.lang.ref.SoftReference.get()Ljava/lang/Object; @ 6

Internal exceptions (10 events):
Event: 1926.406 Thread 0x00000000b781d800 Exception <a 'sun/nio/fs/WindowsException'> (0x0000000777b746d8) thrown at [C:\re\workspace\8-2-build-windows-amd64-cygwin\jdk8u51\3951\hotspot\src\share\vm\prims\jni.cpp, line 709]
Event: 1926.406 Thread 0x00000000b781d800 Exception <a 'sun/nio/fs/WindowsException'> (0x0000000777b790c0) thrown at [C:\re\workspace\8-2-build-windows-amd64-cygwin\jdk8u51\3951\hotspot\src\share\vm\prims\jni.cpp, line 709]
Event: 1926.407 Thread 0x00000000b781d800 Exception <a 'sun/nio/fs/WindowsException'> (0x0000000777b7e0c0) thrown at [C:\re\workspace\8-2-build-windows-amd64-cygwin\jdk8u51\3951\hotspot\src\share\vm\prims\jni.cpp, line 709]
Event: 1926.408 Thread 0x00000000b781d800 Exception <a 'sun/nio/fs/WindowsException'> (0x0000000777b831a0) thrown at [C:\re\workspace\8-2-build-windows-amd64-cygwin\jdk8u51\3951\hotspot\src\share\vm\prims\jni.cpp, line 709]
Event: 1926.408 Thread 0x00000000b781d800 Exception <a 'sun/nio/fs/WindowsException'> (0x0000000777b87b98) thrown at [C:\re\workspace\8-2-build-windows-amd64-cygwin\jdk8u51\3951\hotspot\src\share\vm\prims\jni.cpp, line 709]
Event: 1926.408 Thread 0x00000000b781d800 Exception <a 'sun/nio/fs/WindowsException'> (0x0000000777b8c590) thrown at [C:\re\workspace\8-2-build-windows-amd64-cygwin\jdk8u51\3951\hotspot\src\share\vm\prims\jni.cpp, line 709]
Event: 1926.409 Thread 0x00000000b781d800 Exception <a 'sun/nio/fs/WindowsException'> (0x0000000777b90f88) thrown at [C:\re\workspace\8-2-build-windows-amd64-cygwin\jdk8u51\3951\hotspot\src\share\vm\prims\jni.cpp, line 709]
Event: 1926.409 Thread 0x00000000b781d800 Exception <a 'sun/nio/fs/WindowsException'> (0x0000000777b95970) thrown at [C:\re\workspace\8-2-build-windows-amd64-cygwin\jdk8u51\3951\hotspot\src\share\vm\prims\jni.cpp, line 709]
Event: 1932.278 Thread 0x000000001f22a000 Implicit null exception at 0x0000000002e4736a to 0x0000000002e47b15
Event: 2089.191 Thread 0x00000000025e4800 Implicit null exception at 0x0000000003e6b053 to 0x0000000003e6cbe5

Events (10 events):
Event: 2089.191 Thread 0x00000000025e4800 Uncommon trap: trap_request=0xffffff65 fr.pc=0x0000000003e6cbfc
Event: 2089.191 Thread 0x00000000025e4800 DEOPT PACKING pc=0x0000000003e6cbfc sp=0x0000000000dfc610
Event: 2089.191 Thread 0x00000000025e4800 DEOPT UNPACKING pc=0x00000000027f582a sp=0x0000000000dfc5a8 mode 2
Event: 2089.264 Thread 0x00000000b0192000 Thread added: 0x00000000b0192000
Event: 2089.264 Thread 0x00000000b019d800 Thread added: 0x00000000b019d800
Event: 2089.264 Thread 0x00000000966b8800 Thread added: 0x00000000966b8800
Event: 2089.264 Thread 0x00000000966bb800 Thread added: 0x00000000966bb800
Event: 2089.264 Thread 0x00000000966b5800 Thread added: 0x00000000966b5800
Event: 2089.264 Thread 0x00000000966b7800 Thread added: 0x00000000966b7800
Event: 2089.264 Thread 0x00000000966c0800 Thread added: 0x00000000966c0800


Dynamic libraries:
0x00007ff6caa60000 - 0x00007ff6caa97000 	C:\Users\Home\Twitch\Minecraft\Install\runtime\jre-x64\bin\javaw.exe
0x00007ffb933c0000 - 0x00007ffb935b0000 	C:\WINDOWS\SYSTEM32\ntdll.dll
0x00007ffb92eb0000 - 0x00007ffb92f62000 	C:\WINDOWS\System32\KERNEL32.DLL
0x00007ffb90710000 - 0x00007ffb909b4000 	C:\WINDOWS\System32\KERNELBASE.dll
0x00007ffb91d50000 - 0x00007ffb91df3000 	C:\WINDOWS\System32\ADVAPI32.dll
0x00007ffb92fc0000 - 0x00007ffb9305e000 	C:\WINDOWS\System32\msvcrt.dll
0x00007ffb93060000 - 0x00007ffb930f7000 	C:\WINDOWS\System32\sechost.dll
0x00007ffb93260000 - 0x00007ffb93380000 	C:\WINDOWS\System32\RPCRT4.dll
0x00007ffb927b0000 - 0x00007ffb92944000 	C:\WINDOWS\System32\USER32.dll
0x00007ffb906e0000 - 0x00007ffb90701000 	C:\WINDOWS\System32\win32u.dll
0x00007ffb92950000 - 0x00007ffb92976000 	C:\WINDOWS\System32\GDI32.dll
0x00007ffb90410000 - 0x00007ffb905a6000 	C:\WINDOWS\System32\gdi32full.dll
0x00007ffb90370000 - 0x00007ffb9040e000 	C:\WINDOWS\System32\msvcp_win.dll
0x00007ffb91150000 - 0x00007ffb9124a000 	C:\WINDOWS\System32\ucrtbase.dll
0x00007ffb870a0000 - 0x00007ffb87324000 	C:\WINDOWS\WinSxS\amd64_microsoft.windows.common-controls_6595b64144ccf1df_6.0.18362.959_none_e6c7bbbf130c62bb\COMCTL32.dll
0x00007ffb92330000 - 0x00007ffb92665000 	C:\WINDOWS\System32\combase.dll
0x00007ffb905b0000 - 0x00007ffb90630000 	C:\WINDOWS\System32\bcryptPrimitives.dll
0x00007ffb92f90000 - 0x00007ffb92fbe000 	C:\WINDOWS\System32\IMM32.DLL
0x0000000068e70000 - 0x0000000068f42000 	C:\Users\Home\Twitch\Minecraft\Install\runtime\jre-x64\bin\msvcr100.dll
0x00000000685e0000 - 0x0000000068e63000 	C:\Users\Home\Twitch\Minecraft\Install\runtime\jre-x64\bin\server\jvm.dll
0x00007ffb91ed0000 - 0x00007ffb91ed8000 	C:\WINDOWS\System32\PSAPI.DLL
0x00007ffb7fd50000 - 0x00007ffb7fd74000 	C:\WINDOWS\SYSTEM32\WINMM.dll
0x00007ffb8b050000 - 0x00007ffb8b05a000 	C:\WINDOWS\SYSTEM32\VERSION.dll
0x00007ffb8b3e0000 - 0x00007ffb8b3e9000 	C:\WINDOWS\SYSTEM32\WSOCK32.dll
0x00007ffb7fd20000 - 0x00007ffb7fd4d000 	C:\WINDOWS\SYSTEM32\winmmbase.dll
0x00007ffb90690000 - 0x00007ffb906da000 	C:\WINDOWS\System32\cfgmgr32.dll
0x00007ffb92740000 - 0x00007ffb927af000 	C:\WINDOWS\System32\WS2_32.dll
0x0000000068fe0000 - 0x0000000068fef000 	C:\Users\Home\Twitch\Minecraft\Install\runtime\jre-x64\bin\verify.dll
0x0000000068fb0000 - 0x0000000068fd9000 	C:\Users\Home\Twitch\Minecraft\Install\runtime\jre-x64\bin\java.dll
0x00000000685c0000 - 0x00000000685d6000 	C:\Users\Home\Twitch\Minecraft\Install\runtime\jre-x64\bin\zip.dll
0x00007ffb91600000 - 0x00007ffb91ce6000 	C:\WINDOWS\System32\SHELL32.dll
0x00007ffb91550000 - 0x00007ffb915f9000 	C:\WINDOWS\System32\shcore.dll
0x00007ffb909c0000 - 0x00007ffb91142000 	C:\WINDOWS\System32\windows.storage.dll
0x00007ffb902f0000 - 0x00007ffb90313000 	C:\WINDOWS\System32\profapi.dll
0x00007ffb90280000 - 0x00007ffb902ca000 	C:\WINDOWS\System32\powrprof.dll
0x00007ffb90270000 - 0x00007ffb90280000 	C:\WINDOWS\System32\UMPDC.dll
0x00007ffb914f0000 - 0x00007ffb91542000 	C:\WINDOWS\System32\shlwapi.dll
0x00007ffb90320000 - 0x00007ffb90331000 	C:\WINDOWS\System32\kernel.appcore.dll
0x00007ffb91450000 - 0x00007ffb91467000 	C:\WINDOWS\System32\cryptsp.dll
0x0000000068fa0000 - 0x0000000068fad000 	C:\Users\Home\Twitch\Minecraft\Install\runtime\jre-x64\bin\management.dll
0x00000000685a0000 - 0x00000000685ba000 	C:\Users\Home\Twitch\Minecraft\Install\runtime\jre-x64\bin\net.dll
0x00007ffb8fae0000 - 0x00007ffb8fb47000 	C:\WINDOWS\system32\mswsock.dll
0x00007ffb746d0000 - 0x00007ffb746e6000 	C:\WINDOWS\system32\napinsp.dll
0x00007ffb73370000 - 0x00007ffb7338a000 	C:\WINDOWS\system32\pnrpnsp.dll
0x00007ffb8f830000 - 0x00007ffb8f8fb000 	C:\WINDOWS\SYSTEM32\DNSAPI.dll
0x00007ffb93100000 - 0x00007ffb93108000 	C:\WINDOWS\System32\NSI.dll
0x00007ffb8f7f0000 - 0x00007ffb8f82a000 	C:\WINDOWS\SYSTEM32\IPHLPAPI.DLL
0x00007ffb85a60000 - 0x00007ffb85a6e000 	C:\WINDOWS\System32\winrnr.dll
0x00007ffb8b0e0000 - 0x00007ffb8b0fc000 	C:\WINDOWS\system32\NLAapi.dll
0x00007ffb8c320000 - 0x00007ffb8c335000 	C:\WINDOWS\system32\wshbth.dll
0x00007ffb88600000 - 0x00007ffb8860a000 	C:\Windows\System32\rasadhlp.dll
0x00007ffb89e00000 - 0x00007ffb89e77000 	C:\WINDOWS\System32\fwpuclnt.dll
0x00007ffb90340000 - 0x00007ffb90366000 	C:\WINDOWS\System32\bcrypt.dll
0x0000000068580000 - 0x0000000068591000 	C:\Users\Home\Twitch\Minecraft\Install\runtime\jre-x64\bin\nio.dll
0x0000000068550000 - 0x0000000068574000 	C:\Users\Home\Twitch\Minecraft\Install\runtime\jre-x64\bin\sunec.dll
0x00007ffb8f5f0000 - 0x00007ffb8f623000 	C:\WINDOWS\system32\rsaenh.dll
0x00007ffb90190000 - 0x00007ffb901b5000 	C:\WINDOWS\SYSTEM32\USERENV.dll
0x00007ffb8fcb0000 - 0x00007ffb8fcbc000 	C:\WINDOWS\SYSTEM32\CRYPTBASE.dll
0x00007ffb8aa70000 - 0x00007ffb8aa86000 	C:\WINDOWS\SYSTEM32\dhcpcsvc6.DLL
0x00007ffb8aa50000 - 0x00007ffb8aa6c000 	C:\WINDOWS\SYSTEM32\dhcpcsvc.DLL
0x00007ffb89040000 - 0x00007ffb890b2000 	C:\Users\Home\Twitch\Minecraft\Install\bin\410e-06ff-c4b7-a50f\lwjgl.dll
0x00007ffb56e00000 - 0x00007ffb57051000 	C:\Users\Home\Twitch\Minecraft\Install\bin\410e-06ff-c4b7-a50f\jemalloc.dll
0x00007ffb86290000 - 0x00007ffb862ee000 	C:\Users\Home\Twitch\Minecraft\Install\bin\410e-06ff-c4b7-a50f\glfw.dll
0x00007ffb8e5e0000 - 0x00007ffb8e679000 	C:\WINDOWS\system32\uxtheme.dll
0x00007ffb90070000 - 0x00007ffb9009a000 	C:\WINDOWS\SYSTEM32\DEVOBJ.dll
0x00007ffb8ea10000 - 0x00007ffb8ea3d000 	C:\WINDOWS\SYSTEM32\dwmapi.dll
0x00007ffb846e0000 - 0x00007ffb847fb000 	C:\WINDOWS\SYSTEM32\inputhost.dll
0x00007ffb7ea90000 - 0x00007ffb7edba000 	C:\WINDOWS\SYSTEM32\CoreUIComponents.dll
0x00007ffb8cc60000 - 0x00007ffb8cd50000 	C:\WINDOWS\SYSTEM32\PROPSYS.dll
0x00007ffb8df70000 - 0x00007ffb8e044000 	C:\WINDOWS\SYSTEM32\CoreMessaging.dll
0x00007ffb91e00000 - 0x00007ffb91ec5000 	C:\WINDOWS\System32\OLEAUT32.dll
0x00007ffb8c380000 - 0x00007ffb8c4d3000 	C:\WINDOWS\SYSTEM32\wintypes.dll
0x00007ffb8f380000 - 0x00007ffb8f3b1000 	C:\WINDOWS\SYSTEM32\ntmarta.dll
0x00007ffb921f0000 - 0x00007ffb92325000 	C:\WINDOWS\System32\MSCTF.dll
0x00007ffb92a40000 - 0x00007ffb92eb0000 	C:\WINDOWS\System32\SETUPAPI.DLL
0x00007ffb90630000 - 0x00007ffb9068c000 	C:\WINDOWS\System32\WINTRUST.dll
0x00007ffb902d0000 - 0x00007ffb902e2000 	C:\WINDOWS\System32\MSASN1.dll
0x00007ffb91250000 - 0x00007ffb91399000 	C:\WINDOWS\System32\CRYPT32.dll
0x00007ffb7b470000 - 0x00007ffb7b5c6000 	C:\WINDOWS\SYSTEM32\opengl32.dll
0x00007ffb85a70000 - 0x00007ffb85a9c000 	C:\WINDOWS\SYSTEM32\GLU32.dll
0x00007ffb8eee0000 - 0x00007ffb8ef00000 	C:\WINDOWS\SYSTEM32\dxcore.dll
0x00007ffb46330000 - 0x00007ffb48b75000 	C:\WINDOWS\System32\DriverStore\FileRepository\nv_dispi.inf_amd64_e92a0ac2e05fb2ca\nvoglv64.dll
0x00007ffb91ee0000 - 0x00007ffb92037000 	C:\WINDOWS\System32\ole32.dll
0x00007ffb8bac0000 - 0x00007ffb8bad3000 	C:\WINDOWS\SYSTEM32\WTSAPI32.dll
0x00007ffb7abf0000 - 0x00007ffb7ae9e000 	C:\WINDOWS\system32\nvspcap64.dll
0x00007ffb8f690000 - 0x00007ffb8f6e6000 	C:\WINDOWS\SYSTEM32\WINSTA.dll
0x00007ffb7df80000 - 0x00007ffb7dfff000 	C:\Users\Home\Twitch\Minecraft\Install\bin\410e-06ff-c4b7-a50f\lwjgl_stb.dll
0x00007ffb7cd30000 - 0x00007ffb7cdde000 	C:\WINDOWS\SYSTEM32\mscms.dll
0x00007ffb7f6d0000 - 0x00007ffb7f6e7000 	C:\WINDOWS\SYSTEM32\ColorAdapterClient.dll
0x00007ffb7f190000 - 0x00007ffb7f1d3000 	C:\WINDOWS\SYSTEM32\icm32.dll
0x00007ffb7df20000 - 0x00007ffb7df78000 	C:\Users\Home\Twitch\Minecraft\Install\bin\410e-06ff-c4b7-a50f\lwjgl_opengl.dll
0x00007ffb89110000 - 0x00007ffb89152000 	C:\Users\Home\AppData\Local\Temp\jna-2255103\jna677853541178347676.dll
0x00000000683b0000 - 0x0000000068548000 	C:\Users\Home\Twitch\Minecraft\Install\runtime\jre-x64\bin\awt.dll
0x00007ffb8e530000 - 0x00007ffb8e5bf000 	C:\WINDOWS\SYSTEM32\apphelp.dll
0x00007ffb88ee0000 - 0x00007ffb88efa000 	C:\Users\Home\Twitch\Minecraft\Install\bin\410e-06ff-c4b7-a50f\SAPIWrapper_x64.dll
0x00007ffb92980000 - 0x00007ffb92a22000 	C:\WINDOWS\System32\clbcatq.dll
0x00007ffb8b670000 - 0x00007ffb8b6e2000 	C:\WINDOWS\System32\MMDevApi.dll
0x00007ffb86840000 - 0x00007ffb868de000 	C:\WINDOWS\System32\TextInputFramework.dll
0x00007ffb834c0000 - 0x00007ffb83766000 	C:\WINDOWS\System32\iertutil.dll
0x00007ffb5b4f0000 - 0x00007ffb5b604000 	C:\Users\Home\Twitch\Minecraft\Install\bin\410e-06ff-c4b7-a50f\OpenAL.dll
0x00007ffb8b7a0000 - 0x00007ffb8b8fd000 	C:\WINDOWS\SYSTEM32\AUDIOSES.DLL
0x00007ffb8e910000 - 0x00007ffb8e924000 	C:\WINDOWS\SYSTEM32\resourcepolicyclient.dll
0x00007ffb8a660000 - 0x00007ffb8a854000 	C:\WINDOWS\SYSTEM32\dbghelp.dll

VM Arguments:
jvm_args: -XX:HeapDumpPath=MojangTricksIntelDriversForPerformance_javaw.exe_minecraft.exe.heapdump -Dos.name=Windows 10 -Dos.version=10.0 -Xss1M -Djava.library.path=C:\Users\Home\Twitch\Minecraft\Install\bin\410e-06ff-c4b7-a50f -Dminecraft.launcher.brand=minecraft-launcher -Dminecraft.launcher.version=2.1.16101 -Xmx4096m -Xms256m -XX:PermSize=256m -Dminecraft.applet.TargetDirectory=C:\Users\Home\Twitch\Minecraft\Instances\Craft to Exile [1.15.2] -Dfml.ignorePatchDiscrepancies=true -Dfml.ignoreInvalidMinecraftCertificates=true -Duser.language=en -Duser.country=US -Dlog4j.configurationFile=C:\Users\Home\Twitch\Minecraft\Install\assets\log_configs\client-1.12.xml 
java_command: cpw.mods.modlauncher.Launcher --username Mageronix --version forge-31.2.31 --gameDir C:\Users\Home\Twitch\Minecraft\Instances\Craft to Exile [1.15.2] --assetsDir C:\Users\Home\Twitch\Minecraft\Install\assets --assetIndex 1.15 --uuid 078e6d6a263646289d0d28d4dd831d5f --accessToken eyJhbGciOiJIUzI1NiJ9.eyJzdWIiOiJlMTdjMzAwM2Q5MDk4YjAzMThiYzljN2VlODFlOTFhNCIsInlnZ3QiOiJkYmYwY2QwMjQxNjQ0MGQ1YTVlYjZjMmRiNTQ3MzYyNyIsInNwciI6IjA3OGU2ZDZhMjYzNjQ2Mjg5ZDBkMjhkNGRkODMxZDVmIiwiaXNzIjoiWWdnZHJhc2lsLUF1dGgiLCJleHAiOjE1OTY0MDQ5ODQsImlhdCI6MTU5NjIzMjE4NH0.NMBUDf8BEP0zifoVBGZJF9CcJPWOrz5YYrSHKeXL0gs --userType mojang --versionType release --width 1024 --height 768 --launchTarget fmlclient --fml.forgeVersion 31.2.31 --fml.mcVersion 1.15.2 --fml.forgeGroup net.minecraftforge --fml.mcpVersion 20200515.085601
java_class_path (initial): C:\Users\Home\Twitch\Minecraft\Install\libraries\net\minecraftforge\forge\1.15.2-31.2.31\forge-1.15.2-31.2.31.jar;C:\Users\Home\Twitch\Minecraft\Install\libraries\org\ow2\asm\asm\7.2\asm-7.2.jar;C:\Users\Home\Twitch\Minecraft\Install\libraries\org\ow2\asm\asm-commons\7.2\asm-commons-7.2.jar;C:\Users\Home\Twitch\Minecraft\Install\libraries\org\ow2\asm\asm-tree\7.2\asm-tree-7.2.jar;C:\Users\Home\Twitch\Minecraft\Install\libraries\cpw\mods\modlauncher\5.1.0\modlauncher-5.1.0.jar;C:\Users\Home\Twitch\Minecraft\Install\libraries\cpw\mods\grossjava9hacks\1.3.0\grossjava9hacks-1.3.0.jar;C:\Users\Home\Twitch\Minecraft\Install\libraries\net\minecraftforge\accesstransformers\2.1.3-shadowed\accesstransformers-2.1.3-shadowed.jar;C:\Users\Home\Twitch\Minecraft\Install\libraries\net\minecraftforge\eventbus\2.2.0-service\eventbus-2.2.0-service.jar;C:\Users\Home\Twitch\Minecraft\Install\libraries\net\minecraftforge\forgespi\3.0.0\forgespi-3.0.0.jar;C:\Users\Home\Twitch\Minecraft\Install\libraries\net\minecraftforge\coremods\2.0.3\coremods-2.0.3.jar;C:\Users\Home\Twitch\Minecraft\Install\libraries\net\minecraftforge\unsafe\0.2.0\unsafe-0.2.0.jar;C:\Users\Home\Twitch\Minecraft\Install\libraries\com\electronwill\night-config\core\3.6.2\core-3.6.2.jar;C:\Users\Home\Twitch\Minecraft\Install\libraries\com\electronwill\night-config\toml\3.6.2\toml-3.6.2.jar;C:\Users\Home\Twitch\Minecraft\Install\libraries\org\jline\jline\3.12.1\jline-3.12.1.jar;C:\Users\Home\Twitch\Minecraft\Install\libraries\org\apache\maven\maven-artifact\3.6.0\maven-artifact-3.6.0.jar;C:\Users\Home\Twitch\Minecraft\Install\libraries\net\jodah\typetools\0.8.1\typetools-0.8.1.jar;C:\Users\Home\Twitch\Minecraft\Install\libraries\org\apache\logging\log4j\log4j-api\2.11.2\log4j-api-2.11.2.jar;C:\Users\Home\Twitch\Minecraft\Install\libraries\org\apache\logging\log4j\log4j-core\2.11.2\log4j-core-2.11.2.jar;C:\Users\Home\Twitch\Minecraft\Install\libraries\net\minecrell\terminalconsoleappender\1.2.0
Launcher Type: SUN_STANDARD

Environment Variables:
PATH=C:\Program Files (x86)\Common Files\Oracle\Java\javapath;C:\Windows\system32;C:\Windows;C:\Windows\System32\Wbem;C:\Windows\System32\WindowsPowerShell\v1.0\;C:\Windows\System32\OpenSSH\;C:\Program Files\NVIDIA Corporation\NVIDIA NvDLISR;;C:\Program Files (x86)\NVIDIA Corporation\PhysX\Common;%SystemRoot%\system32;%SystemRoot%;%SystemRoot%\System32\Wbem;%SYSTEMROOT%\System32\WindowsPowerShell\v1.0\;%SYSTEMROOT%\System32\OpenSSH\;C:\Users\Home\AppData\Local\Microsoft\WindowsApps;C:\Users\Home\AppData\Local\GitHubDesktop\bin
USERNAME=Home
OS=Windows_NT
PROCESSOR_IDENTIFIER=AMD64 Family 23 Model 17 Stepping 0, AuthenticAMD



---------------  S Y S T E M  ---------------

OS: Windows 10.0 , 64 bit Build 18362 (10.0.18362.959)

CPU:total 4 (4 cores per cpu, 1 threads per core) family 23 model 17 stepping 0, cmov, cx8, fxsr, mmx, sse, sse2, sse3, ssse3, sse4.1, sse4.2, popcnt, avx, avx2, aes, clmul, mmxext, 3dnowpref, lzcnt, sse4a, tsc, tscinvbit, tscinv, bmi1

Memory: 4k page, physical 16705536k(6612148k free), swap 19564036k(5029420k free)

vm_info: Java HotSpot(TM) 64-Bit Server VM (25.51-b03) for windows-amd64 JRE (1.8.0_51-b16), built on Jun  8 2015 18:03:07 by "java_re" with MS VC++ 10.0 (VS2010)

time: Sat Aug 01 17:50:44 2020
elapsed time: 2089 seconds (0d 0h 34m 49s)

