#
# A fatal error has been detected by the Java Runtime Environment:
#
#  EXCEPTION_ACCESS_VIOLATION (0xc0000005) at pc=0x00000207c1060000, pid=10728, tid=0x0000000000000a0c
#
# JRE version: OpenJDK Runtime Environment (8.0_242-b08) (build 1.8.0_242-b08)
# Java VM: OpenJDK 64-Bit Server VM (25.242-b08 mixed mode windows-amd64 compressed oops)
# Problematic frame:
# C  0x00000207c1060000
#
# Failed to write core dump. Minidumps are not enabled by default on client versions of Windows
#
# If you would like to submit a bug report, please visit:
#   
# The crash happened outside the Java Virtual Machine in native code.
# See problematic frame for where to report the bug.
#

---------------  T H R E A D  ---------------

Current thread (0x00000207c0787800):  JavaThread "CraftPresence" [_thread_in_native, id=2572, stack(0x0000006079700000,0x0000006079800000)]

siginfo: ExceptionCode=0xc0000005, ExceptionInformation=0x0000000000000008 0x00000207c1060000

Registers:
RAX=0x00000207c1060000, RBX=0x0000000000010001, RCX=0x0000000000010001, RDX=0x00000060797fe9d0
RSP=0x00000060797fe998, RBP=0x00000060797feaa0, RSI=0x00000005e6144468, RDI=0x00000000c209a293
R8 =0x00000207b2357c10, R9 =0x00007ffa1d3037b0, R10=0x00007ffa1d361a10, R11=0x00000060797fee08
R12=0x0000000000000000, R13=0x00000060797ff078, R14=0x0000000000000000, R15=0x00000207c0787800
RIP=0x00000207c1060000, EFLAGS=0x0000000000010206

Top of Stack: (sp=0x00000060797fe998)
0x00000060797fe998:   00007ffa1d301f7c 00000207c0787800
0x00000060797fe9a8:   00000207b0e3f880 00000207c00e9820
0x00000060797fe9b8:   00000207c00e9838 000000000000230d
0x00000060797fe9c8:   00000007b49e1de0 57464c4720656854
0x00000060797fe9d8:   7972617262696c20 20746f6e20736920
0x00000060797fe9e8:   696c616974696e69 000000070064657a
0x00000060797fe9f8:   000000000000230d 00000007b49e1ed0
0x00000060797fea08:   000002078799bb2b 0000000000000016
0x00000060797fea18:   0000020788213e58 00000000f693c3d0
0x00000060797fea28:   0000020788202e77 0000000000000005
0x00000060797fea38:   0000000000002300 00000207c0787800
0x00000060797fea48:   00000007b49e1e00 0000006400000001
0x00000060797fea58:   00000207c696d980 0000000100000009
0x00000060797fea68:   00000007c00001f8 0000f6c28ab84a35
0x00000060797fea78:   0000000000000c00 00000207c0787800
0x00000060797fea88:   0000000075eb2af5 00000005ccb372e8 

Instructions: (pc=0x00000207c1060000)
0x00000207c105ffe0:   
[error occurred during error reporting (printing registers, top of stack, instructions near pc), id 0xc0000005]

Register to memory mapping:

RAX=0x00000207c1060000 is an unknown value
RBX=0x0000000000010001 is an unknown value
RCX=0x0000000000010001 is an unknown value
RDX=0x00000060797fe9d0 is pointing into the stack for thread: 0x00000207c0787800
RSP=0x00000060797fe998 is pointing into the stack for thread: 0x00000207c0787800
RBP=0x00000060797feaa0 is pointing into the stack for thread: 0x00000207c0787800
RSI=0x00000005e6144468 is an oop
java.lang.Class 
 - klass: 'java/lang/Class'
RDI=0x00000000c209a293 is an unknown value
R8 =0x00000207b2357c10 is an unknown value
R9 =0x00007ffa1d3037b0 is an unknown value
R10=0x00007ffa1d361a10 is an unknown value
R11=0x00000060797fee08 is pointing into the stack for thread: 0x00000207c0787800
R12=0x0000000000000000 is an unknown value
R13=0x00000060797ff078 is pointing into the stack for thread: 0x00000207c0787800
R14=0x0000000000000000 is an unknown value
R15=0x00000207c0787800 is a thread


Stack: [0x0000006079700000,0x0000006079800000],  sp=0x00000060797fe998,  free space=1018k
Native frames: (J=compiled Java code, j=interpreted, Vv=VM code, C=native code)
C  0x00000207c1060000

Java frames: (J=compiled Java code, j=interpreted, Vv=VM code)
J 15751  org.lwjgl.system.JNI.invokePI(JIJ)I (0 bytes) @ 0x000002078a0820dd [0x000002078a082020+0xbd]
J 22974 C2 com.gitlab.cdagaming.craftpresence.utils.KeyUtils.onTick()V (156 bytes) @ 0x000002078abfa04c [0x000002078abf9ee0+0x16c]
J 36129 C1 com.gitlab.cdagaming.craftpresence.utils.CommandUtils.reloadData(Z)V (167 bytes) @ 0x000002078d684c94 [0x000002078d684bc0+0xd4]
J 36108 C1 com.gitlab.cdagaming.craftpresence.CraftPresence.clientTick()V (339 bytes) @ 0x000002078d66a004 [0x000002078d669d00+0x304]
J 22970 C2 com.gitlab.cdagaming.craftpresence.CraftPresence$1.run()V (8 bytes) @ 0x0000020789ca2a20 [0x0000020789ca29e0+0x40]
j  java.util.TimerThread.mainLoop()V+221
j  java.util.TimerThread.run()V+1
v  ~StubRoutines::call_stub

---------------  P R O C E S S  ---------------

Java Threads: ( => current thread )
  0x0000020811c4f000 JavaThread "Sound engine" daemon [_thread_blocked, id=12176, stack(0x0000006079000000,0x0000006079100000)]
  0x000002081410f800 JavaThread "Netty Server IO #1" daemon [_thread_in_native, id=16296, stack(0x000000607a800000,0x000000607a900000)]
  0x0000020814110000 JavaThread "Netty Local Client IO #0" daemon [_thread_blocked, id=7316, stack(0x000000607a700000,0x000000607a800000)]
  0x000002081410e800 JavaThread "Netty Server IO #0" daemon [_thread_in_native, id=18944, stack(0x000000607a500000,0x000000607a600000)]
  0x000002081410e000 JavaThread "ObjectCleanerThread" daemon [_thread_blocked, id=17844, stack(0x0000006079a00000,0x0000006079b00000)]
  0x0000020814108000 JavaThread "ForkJoinPool.commonPool-worker-6" daemon [_thread_blocked, id=6208, stack(0x000000607d400000,0x000000607d500000)]
  0x000002081410a000 JavaThread "ForkJoinPool.commonPool-worker-13" daemon [_thread_blocked, id=8596, stack(0x000000607d300000,0x000000607d400000)]
  0x0000020814109800 JavaThread "Java2D Disposer" daemon [_thread_blocked, id=1744, stack(0x000000607cf00000,0x000000607d000000)]
  0x00000207bdb6c800 JavaThread "Thread-23" daemon [_thread_in_native, id=14156, stack(0x0000006079100000,0x0000006079200000)]
  0x00000207bdb65800 JavaThread "Snooper Timer" daemon [_thread_blocked, id=14596, stack(0x0000006078d00000,0x0000006078e00000)]
  0x00000207bdb6e000 JavaThread "Thread-20" daemon [_thread_blocked, id=9192, stack(0x000000607ba00000,0x000000607bb00000)]
  0x00000207bdb66800 JavaThread "Thread-17" daemon [_thread_blocked, id=9112, stack(0x000000607bd00000,0x000000607be00000)]
  0x00000207bdb65000 JavaThread "Discord Rich Presence Timer Thread" daemon [_thread_blocked, id=12328, stack(0x000000607b900000,0x000000607ba00000)]
  0x00000207bdb67000 JavaThread "Thread-15" daemon [_thread_in_native, id=11200, stack(0x000000607b600000,0x000000607b700000)]
  0x00000207bdb68800 JavaThread "Thread-14" daemon [_thread_in_native, id=2524, stack(0x000000607b500000,0x000000607b600000)]
  0x00000207bdb6b800 JavaThread "Thread-13" daemon [_thread_in_native, id=10556, stack(0x000000607b400000,0x000000607b500000)]
  0x00000207bda92000 JavaThread "Thread-12" daemon [_thread_in_native, id=7240, stack(0x0000006079f00000,0x000000607a000000)]
  0x00000207bda96000 JavaThread "IPCClient-Reader" [_thread_blocked, id=15564, stack(0x000000607a000000,0x000000607a100000)]
=>0x00000207c0787800 JavaThread "CraftPresence" [_thread_in_native, id=2572, stack(0x0000006079700000,0x0000006079800000)]
  0x00000207c0789800 JavaThread "Timer hack thread" daemon [_thread_blocked, id=10532, stack(0x000000607a400000,0x000000607a500000)]
  0x00000207bf728000 JavaThread "pool-3-thread-1" [_thread_blocked, id=16352, stack(0x0000006079c00000,0x0000006079d00000)]
  0x00000207be666000 JavaThread "Snooper Timer" daemon [_thread_blocked, id=14404, stack(0x0000006079b00000,0x0000006079c00000)]
  0x00000207b2eff000 JavaThread "Thread-2" daemon [_thread_in_native, id=9516, stack(0x0000006078f00000,0x0000006079000000)]
  0x00000207b0e96800 JavaThread "Thread-1" daemon [_thread_blocked, id=13264, stack(0x0000006078e00000,0x0000006078f00000)]
  0x00000207b0d78800 JavaThread "Service Thread" daemon [_thread_blocked, id=12736, stack(0x0000006078b00000,0x0000006078c00000)]
  0x00000207b0ba7000 JavaThread "C1 CompilerThread11" daemon [_thread_blocked, id=8640, stack(0x0000006078a00000,0x0000006078b00000)]
  0x00000207b0baa800 JavaThread "C1 CompilerThread10" daemon [_thread_blocked, id=13524, stack(0x0000006078900000,0x0000006078a00000)]
  0x00000207b0ba6000 JavaThread "C1 CompilerThread9" daemon [_thread_blocked, id=15172, stack(0x0000006078800000,0x0000006078900000)]
  0x00000207b0bac000 JavaThread "C1 CompilerThread8" daemon [_thread_blocked, id=9360, stack(0x0000006078700000,0x0000006078800000)]
  0x00000207b0bab800 JavaThread "C2 CompilerThread7" daemon [_thread_blocked, id=8160, stack(0x0000006078600000,0x0000006078700000)]
  0x00000207b0ba9000 JavaThread "C2 CompilerThread6" daemon [_thread_blocked, id=15056, stack(0x0000006078500000,0x0000006078600000)]
  0x00000207b0bad000 JavaThread "C2 CompilerThread5" daemon [_thread_blocked, id=1368, stack(0x0000006078400000,0x0000006078500000)]
  0x00000207b0ba4800 JavaThread "C2 CompilerThread4" daemon [_thread_blocked, id=12468, stack(0x0000006078300000,0x0000006078400000)]
  0x00000207b0b93800 JavaThread "C2 CompilerThread3" daemon [_thread_blocked, id=5704, stack(0x0000006078200000,0x0000006078300000)]
  0x00000207b0b92800 JavaThread "C2 CompilerThread2" daemon [_thread_blocked, id=4012, stack(0x0000006078100000,0x0000006078200000)]
  0x00000207b0b91800 JavaThread "C2 CompilerThread1" daemon [_thread_blocked, id=6912, stack(0x0000006078000000,0x0000006078100000)]
  0x00000207b0b90800 JavaThread "C2 CompilerThread0" daemon [_thread_blocked, id=6652, stack(0x0000006077f00000,0x0000006078000000)]
  0x00000207b0b8d800 JavaThread "Attach Listener" daemon [_thread_blocked, id=15468, stack(0x0000006077e00000,0x0000006077f00000)]
  0x00000207b0b8a800 JavaThread "Signal Dispatcher" daemon [_thread_blocked, id=11696, stack(0x0000006077d00000,0x0000006077e00000)]
  0x00000207b0b88800 JavaThread "Surrogate Locker Thread (Concurrent GC)" daemon [_thread_blocked, id=18596, stack(0x0000006077c00000,0x0000006077d00000)]
  0x00000207b0b24800 JavaThread "Finalizer" daemon [_thread_blocked, id=1820, stack(0x0000006077b00000,0x0000006077c00000)]
  0x00000207ab975000 JavaThread "Reference Handler" daemon [_thread_blocked, id=2720, stack(0x0000006077a00000,0x0000006077b00000)]
  0x00000207859c8800 JavaThread "Render thread" [_thread_blocked, id=16176, stack(0x0000006075900000,0x0000006075a00000)]

Other Threads:
  0x00000207ab972000 VMThread [stack: 0x0000006077900000,0x0000006077a00000] [id=11532]
  0x00000207b0d79800 WatcherThread [stack: 0x0000006078c00000,0x0000006078d00000] [id=16464]

VM state:not at safepoint (normal execution)

VM Mutex/Monitor currently owned by a thread: None

heap address: 0x00000005c0000000, size: 8192 MB, Compressed Oops mode: Zero based, Oop shift amount: 3
Narrow klass base: 0x0000000000000000, Narrow klass shift: 3
Compressed class space size: 1073741824 Address: 0x00000007c0000000

Heap:
 garbage-first heap   total 8388608K, used 3766951K [0x00000005c0000000, 0x00000005c2000800, 0x00000007c0000000)
  region size 32768K, 13 young (425984K), 7 survivors (229376K)
 Metaspace       used 233028K, capacity 264537K, committed 264676K, reserved 1263616K
  class space    used 40738K, capacity 50446K, committed 50480K, reserved 1048576K

Heap Regions: (Y=young(eden), SU=young(survivor), HS=humongous(starts), HC=humongous(continues), CS=collection set, F=free, TS=gc time stamp, PTAMS=previous top-at-mark-start, NTAMS=next top-at-mark-start)
AC   0  O    TS     0 PTAMS 0x00000005c2000000 NTAMS 0x00000005c2000000 space 32768K, 100% used [0x00000005c0000000, 0x00000005c2000000)
AC   0  O    TS     0 PTAMS 0x00000005c4000000 NTAMS 0x00000005c4000000 space 32768K, 100% used [0x00000005c2000000, 0x00000005c4000000)
AC   0  O    TS     5 PTAMS 0x00000005c4000000 NTAMS 0x00000005c4000000 space 32768K, 100% used [0x00000005c4000000, 0x00000005c6000000)
AC   0  O    TS     0 PTAMS 0x00000005c8000000 NTAMS 0x00000005c8000000 space 32768K, 100% used [0x00000005c6000000, 0x00000005c8000000)
AC   0  O    TS     0 PTAMS 0x00000005ca000000 NTAMS 0x00000005ca000000 space 32768K, 100% used [0x00000005c8000000, 0x00000005ca000000)
AC   0  O    TS     0 PTAMS 0x00000005cc000000 NTAMS 0x00000005cc000000 space 32768K, 100% used [0x00000005ca000000, 0x00000005cc000000)
AC   0  O    TS     0 PTAMS 0x00000005ce000000 NTAMS 0x00000005ce000000 space 32768K, 100% used [0x00000005cc000000, 0x00000005ce000000)
AC   0  O    TS    11 PTAMS 0x00000005ce000000 NTAMS 0x00000005ce000000 space 32768K, 100% used [0x00000005ce000000, 0x00000005d0000000)
AC   0  O    TS     0 PTAMS 0x00000005d2000000 NTAMS 0x00000005d2000000 space 32768K, 100% used [0x00000005d0000000, 0x00000005d2000000)
AC   0  F    TS     0 PTAMS 0x00000005d2000000 NTAMS 0x00000005d2000000 space 32768K,   0% used [0x00000005d2000000, 0x00000005d4000000)
AC   0  O    TS     0 PTAMS 0x00000005d6000000 NTAMS 0x00000005d6000000 space 32768K, 100% used [0x00000005d4000000, 0x00000005d6000000)
AC   0  O    TS     0 PTAMS 0x00000005d8000000 NTAMS 0x00000005d8000000 space 32768K, 100% used [0x00000005d6000000, 0x00000005d8000000)
AC   0  O    TS     9 PTAMS 0x00000005d8000000 NTAMS 0x00000005d8000000 space 32768K, 100% used [0x00000005d8000000, 0x00000005da000000)
AC   0  O    TS     0 PTAMS 0x00000005dc000000 NTAMS 0x00000005dc000000 space 32768K, 100% used [0x00000005da000000, 0x00000005dc000000)
AC   0  O    TS    11 PTAMS 0x00000005dc000000 NTAMS 0x00000005dc000000 space 32768K, 100% used [0x00000005dc000000, 0x00000005de000000)
AC   0  O    TS    11 PTAMS 0x00000005de000000 NTAMS 0x00000005de000000 space 32768K, 100% used [0x00000005de000000, 0x00000005e0000000)
AC   0  O    TS     0 PTAMS 0x00000005e2000000 NTAMS 0x00000005e2000000 space 32768K, 100% used [0x00000005e0000000, 0x00000005e2000000)
AC   0  O    TS     0 PTAMS 0x00000005e4000000 NTAMS 0x00000005e4000000 space 32768K, 100% used [0x00000005e2000000, 0x00000005e4000000)
AC   0  O    TS    11 PTAMS 0x00000005e4000000 NTAMS 0x00000005e4000000 space 32768K, 100% used [0x00000005e4000000, 0x00000005e6000000)
AC   0  O    TS     0 PTAMS 0x00000005e8000000 NTAMS 0x00000005e8000000 space 32768K, 100% used [0x00000005e6000000, 0x00000005e8000000)
AC   0  O    TS     9 PTAMS 0x00000005e8000000 NTAMS 0x00000005e8000000 space 32768K, 100% used [0x00000005e8000000, 0x00000005ea000000)
AC   0  O    TS     0 PTAMS 0x00000005ec000000 NTAMS 0x00000005ec000000 space 32768K, 100% used [0x00000005ea000000, 0x00000005ec000000)
AC   0  O    TS     0 PTAMS 0x00000005ee000000 NTAMS 0x00000005ee000000 space 32768K, 100% used [0x00000005ec000000, 0x00000005ee000000)
AC   0  O    TS     0 PTAMS 0x00000005f0000000 NTAMS 0x00000005f0000000 space 32768K, 100% used [0x00000005ee000000, 0x00000005f0000000)
AC   0  O    TS     7 PTAMS 0x00000005f0000000 NTAMS 0x00000005f0000000 space 32768K, 100% used [0x00000005f0000000, 0x00000005f2000000)
AC   0  O    TS     0 PTAMS 0x00000005f4000000 NTAMS 0x00000005f4000000 space 32768K, 100% used [0x00000005f2000000, 0x00000005f4000000)
AC   0  O    TS     0 PTAMS 0x00000005f6000000 NTAMS 0x00000005f6000000 space 32768K, 100% used [0x00000005f4000000, 0x00000005f6000000)
AC   0  O    TS     5 PTAMS 0x00000005f6000000 NTAMS 0x00000005f6000000 space 32768K, 100% used [0x00000005f6000000, 0x00000005f8000000)
AC   0  O    TS     0 PTAMS 0x00000005fa000000 NTAMS 0x00000005fa000000 space 32768K, 100% used [0x00000005f8000000, 0x00000005fa000000)
AC   0  O    TS     0 PTAMS 0x00000005fc000000 NTAMS 0x00000005fc000000 space 32768K, 100% used [0x00000005fa000000, 0x00000005fc000000)
AC   0  O    TS     0 PTAMS 0x00000005fe000000 NTAMS 0x00000005fe000000 space 32768K, 100% used [0x00000005fc000000, 0x00000005fe000000)
AC   0  O    TS     0 PTAMS 0x0000000600000000 NTAMS 0x0000000600000000 space 32768K, 100% used [0x00000005fe000000, 0x0000000600000000)
AC   0  O    TS    11 PTAMS 0x0000000600000000 NTAMS 0x0000000600000000 space 32768K, 100% used [0x0000000600000000, 0x0000000602000000)
AC   0  F    TS     0 PTAMS 0x0000000602000000 NTAMS 0x0000000602000000 space 32768K,   0% used [0x0000000602000000, 0x0000000604000000)
AC   0  F    TS     0 PTAMS 0x0000000604000000 NTAMS 0x0000000604000000 space 32768K,   0% used [0x0000000604000000, 0x0000000606000000)
AC   0  O    TS     0 PTAMS 0x0000000608000000 NTAMS 0x0000000608000000 space 32768K, 100% used [0x0000000606000000, 0x0000000608000000)
AC   0  O    TS     9 PTAMS 0x0000000608000000 NTAMS 0x0000000608000000 space 32768K, 100% used [0x0000000608000000, 0x000000060a000000)
AC   0  O    TS     5 PTAMS 0x000000060a000000 NTAMS 0x000000060a000000 space 32768K, 100% used [0x000000060a000000, 0x000000060c000000)
AC   0  O    TS     0 PTAMS 0x000000060e000000 NTAMS 0x000000060e000000 space 32768K, 100% used [0x000000060c000000, 0x000000060e000000)
AC   0  O    TS     0 PTAMS 0x0000000610000000 NTAMS 0x0000000610000000 space 32768K, 100% used [0x000000060e000000, 0x0000000610000000)
AC   0  O    TS     0 PTAMS 0x0000000612000000 NTAMS 0x0000000612000000 space 32768K, 100% used [0x0000000610000000, 0x0000000612000000)
AC   0  O    TS     7 PTAMS 0x0000000612000000 NTAMS 0x0000000612000000 space 32768K, 100% used [0x0000000612000000, 0x0000000614000000)
AC   0  O    TS     5 PTAMS 0x0000000614000000 NTAMS 0x0000000614000000 space 32768K, 100% used [0x0000000614000000, 0x0000000616000000)
AC   0  O    TS     7 PTAMS 0x0000000616000000 NTAMS 0x0000000616000000 space 32768K, 100% used [0x0000000616000000, 0x0000000618000000)
AC   0  O    TS     7 PTAMS 0x0000000618000000 NTAMS 0x0000000618000000 space 32768K, 100% used [0x0000000618000000, 0x000000061a000000)
AC   0  O    TS     7 PTAMS 0x000000061a000000 NTAMS 0x000000061a000000 space 32768K, 100% used [0x000000061a000000, 0x000000061c000000)
AC   0  O    TS     7 PTAMS 0x000000061c000000 NTAMS 0x000000061c000000 space 32768K, 100% used [0x000000061c000000, 0x000000061e000000)
AC   0  O    TS     7 PTAMS 0x000000061e000000 NTAMS 0x000000061e000000 space 32768K, 100% used [0x000000061e000000, 0x0000000620000000)
AC   0  O    TS     7 PTAMS 0x0000000620000000 NTAMS 0x0000000620000000 space 32768K, 100% used [0x0000000620000000, 0x0000000622000000)
AC   0  O    TS     9 PTAMS 0x0000000622000000 NTAMS 0x0000000622000000 space 32768K, 100% used [0x0000000622000000, 0x0000000624000000)
AC   0  O    TS     9 PTAMS 0x0000000624000000 NTAMS 0x0000000624000000 space 32768K, 100% used [0x0000000624000000, 0x0000000626000000)
AC   0  O    TS     7 PTAMS 0x0000000626000000 NTAMS 0x0000000626000000 space 32768K, 100% used [0x0000000626000000, 0x0000000628000000)
AC   0  O    TS     0 PTAMS 0x000000062a000000 NTAMS 0x000000062a000000 space 32768K, 100% used [0x0000000628000000, 0x000000062a000000)
AC   0  O    TS     5 PTAMS 0x000000062a000000 NTAMS 0x000000062a000000 space 32768K, 100% used [0x000000062a000000, 0x000000062c000000)
AC   0  O    TS     7 PTAMS 0x000000062c000000 NTAMS 0x000000062c000000 space 32768K, 100% used [0x000000062c000000, 0x000000062e000000)
AC   0  O    TS     0 PTAMS 0x0000000630000000 NTAMS 0x0000000630000000 space 32768K, 100% used [0x000000062e000000, 0x0000000630000000)
AC   0  O    TS     7 PTAMS 0x0000000630000000 NTAMS 0x0000000630000000 space 32768K, 100% used [0x0000000630000000, 0x0000000632000000)
AC   0  O    TS     7 PTAMS 0x0000000632000000 NTAMS 0x0000000632000000 space 32768K, 100% used [0x0000000632000000, 0x0000000634000000)
AC   0  O    TS     7 PTAMS 0x0000000634000000 NTAMS 0x0000000634000000 space 32768K, 100% used [0x0000000634000000, 0x0000000636000000)
AC   0  O    TS     7 PTAMS 0x0000000636000000 NTAMS 0x0000000636000000 space 32768K, 100% used [0x0000000636000000, 0x0000000638000000)
AC   0  O    TS     9 PTAMS 0x0000000638000000 NTAMS 0x0000000638000000 space 32768K, 100% used [0x0000000638000000, 0x000000063a000000)
AC   0  O    TS     9 PTAMS 0x000000063a000000 NTAMS 0x000000063a000000 space 32768K, 100% used [0x000000063a000000, 0x000000063c000000)
AC   0  O    TS    11 PTAMS 0x000000063c000000 NTAMS 0x000000063c000000 space 32768K, 100% used [0x000000063c000000, 0x000000063e000000)
AC   0  O    TS     9 PTAMS 0x000000063e000000 NTAMS 0x000000063e000000 space 32768K, 100% used [0x000000063e000000, 0x0000000640000000)
AC   0  O    TS     9 PTAMS 0x0000000640000000 NTAMS 0x0000000640000000 space 32768K, 100% used [0x0000000640000000, 0x0000000642000000)
AC   0  O    TS     9 PTAMS 0x0000000642000000 NTAMS 0x0000000642000000 space 32768K, 100% used [0x0000000642000000, 0x0000000644000000)
AC   0  O    TS     0 PTAMS 0x0000000646000000 NTAMS 0x0000000646000000 space 32768K, 100% used [0x0000000644000000, 0x0000000646000000)
AC   0  O    TS     0 PTAMS 0x0000000648000000 NTAMS 0x0000000648000000 space 32768K, 100% used [0x0000000646000000, 0x0000000648000000)
AC   0  O    TS     0 PTAMS 0x000000064a000000 NTAMS 0x000000064a000000 space 32768K, 100% used [0x0000000648000000, 0x000000064a000000)
AC   0  O    TS     0 PTAMS 0x000000064c000000 NTAMS 0x000000064c000000 space 32768K, 100% used [0x000000064a000000, 0x000000064c000000)
AC   0  O    TS     0 PTAMS 0x000000064e000000 NTAMS 0x000000064e000000 space 32768K, 100% used [0x000000064c000000, 0x000000064e000000)
AC   0  O    TS     0 PTAMS 0x0000000650000000 NTAMS 0x0000000650000000 space 32768K, 100% used [0x000000064e000000, 0x0000000650000000)
AC   0  O    TS     9 PTAMS 0x0000000650000000 NTAMS 0x0000000650000000 space 32768K, 100% used [0x0000000650000000, 0x0000000652000000)
AC   0  O    TS     0 PTAMS 0x0000000654000000 NTAMS 0x0000000654000000 space 32768K, 100% used [0x0000000652000000, 0x0000000654000000)
AC   0  O    TS     0 PTAMS 0x0000000656000000 NTAMS 0x0000000656000000 space 32768K, 100% used [0x0000000654000000, 0x0000000656000000)
AC   0  O    TS     0 PTAMS 0x0000000658000000 NTAMS 0x0000000658000000 space 32768K, 100% used [0x0000000656000000, 0x0000000658000000)
AC   0  O    TS    11 PTAMS 0x0000000658000000 NTAMS 0x0000000658000000 space 32768K, 100% used [0x0000000658000000, 0x000000065a000000)
AC   0  O    TS    13 PTAMS 0x000000065a000000 NTAMS 0x000000065a000000 space 32768K,  50% used [0x000000065a000000, 0x000000065c000000)
AC   0  O    TS     0 PTAMS 0x000000065e000000 NTAMS 0x000000065e000000 space 32768K, 100% used [0x000000065c000000, 0x000000065e000000)
AC   0  F    TS     0 PTAMS 0x000000065e000000 NTAMS 0x000000065e000000 space 32768K,   0% used [0x000000065e000000, 0x0000000660000000)
AC   0  O    TS     0 PTAMS 0x0000000662000000 NTAMS 0x0000000662000000 space 32768K, 100% used [0x0000000660000000, 0x0000000662000000)
AC   0  F    TS     0 PTAMS 0x0000000662000000 NTAMS 0x0000000662000000 space 32768K,   0% used [0x0000000662000000, 0x0000000664000000)
AC   0  F    TS     0 PTAMS 0x0000000664000000 NTAMS 0x0000000664000000 space 32768K,   0% used [0x0000000664000000, 0x0000000666000000)
AC   0  F    TS     0 PTAMS 0x0000000666000000 NTAMS 0x0000000666000000 space 32768K,   0% used [0x0000000666000000, 0x0000000668000000)
AC   0  O    TS     0 PTAMS 0x000000066a000000 NTAMS 0x000000066a000000 space 32768K, 100% used [0x0000000668000000, 0x000000066a000000)
AC   0  O    TS     0 PTAMS 0x000000066c000000 NTAMS 0x000000066c000000 space 32768K, 100% used [0x000000066a000000, 0x000000066c000000)
AC   0  O    TS     0 PTAMS 0x000000066e000000 NTAMS 0x000000066e000000 space 32768K, 100% used [0x000000066c000000, 0x000000066e000000)
AC   0  O    TS     0 PTAMS 0x0000000670000000 NTAMS 0x0000000670000000 space 32768K, 100% used [0x000000066e000000, 0x0000000670000000)
AC   0  O    TS     0 PTAMS 0x0000000672000000 NTAMS 0x0000000672000000 space 32768K, 100% used [0x0000000670000000, 0x0000000672000000)
AC   0  O    TS     0 PTAMS 0x0000000674000000 NTAMS 0x0000000674000000 space 32768K, 100% used [0x0000000672000000, 0x0000000674000000)
AC   0  O    TS     0 PTAMS 0x0000000676000000 NTAMS 0x0000000676000000 space 32768K, 100% used [0x0000000674000000, 0x0000000676000000)
AC   0  O    TS     0 PTAMS 0x0000000678000000 NTAMS 0x0000000678000000 space 32768K, 100% used [0x0000000676000000, 0x0000000678000000)
AC   0  O    TS     0 PTAMS 0x000000067a000000 NTAMS 0x000000067a000000 space 32768K, 100% used [0x0000000678000000, 0x000000067a000000)
AC   0  O    TS     0 PTAMS 0x000000067c000000 NTAMS 0x000000067c000000 space 32768K, 100% used [0x000000067a000000, 0x000000067c000000)
AC   0  F    TS     0 PTAMS 0x000000067c000000 NTAMS 0x000000067c000000 space 32768K,   0% used [0x000000067c000000, 0x000000067e000000)
AC   0  O    TS     0 PTAMS 0x0000000680000000 NTAMS 0x0000000680000000 space 32768K, 100% used [0x000000067e000000, 0x0000000680000000)
AC   0  O    TS     0 PTAMS 0x0000000682000000 NTAMS 0x0000000682000000 space 32768K, 100% used [0x0000000680000000, 0x0000000682000000)
AC   0  O    TS     0 PTAMS 0x0000000684000000 NTAMS 0x0000000684000000 space 32768K, 100% used [0x0000000682000000, 0x0000000684000000)
AC   0  O    TS     0 PTAMS 0x0000000686000000 NTAMS 0x0000000686000000 space 32768K, 100% used [0x0000000684000000, 0x0000000686000000)
AC   0  O    TS     0 PTAMS 0x0000000688000000 NTAMS 0x0000000688000000 space 32768K, 100% used [0x0000000686000000, 0x0000000688000000)
AC   0  O    TS     0 PTAMS 0x000000068a000000 NTAMS 0x000000068a000000 space 32768K, 100% used [0x0000000688000000, 0x000000068a000000)
AC   0  O    TS     0 PTAMS 0x000000068c000000 NTAMS 0x000000068c000000 space 32768K, 100% used [0x000000068a000000, 0x000000068c000000)
AC   0  O    TS     0 PTAMS 0x000000068e000000 NTAMS 0x000000068e000000 space 32768K, 100% used [0x000000068c000000, 0x000000068e000000)
AC   0  O    TS     0 PTAMS 0x0000000690000000 NTAMS 0x0000000690000000 space 32768K, 100% used [0x000000068e000000, 0x0000000690000000)
AC   0  F    TS     0 PTAMS 0x0000000690000000 NTAMS 0x0000000690000000 space 32768K,   0% used [0x0000000690000000, 0x0000000692000000)
AC   0  F    TS     0 PTAMS 0x0000000692000000 NTAMS 0x0000000692000000 space 32768K,   0% used [0x0000000692000000, 0x0000000694000000)
AC   0  O    TS     0 PTAMS 0x0000000696000000 NTAMS 0x0000000696000000 space 32768K, 100% used [0x0000000694000000, 0x0000000696000000)
AC   0  F    TS     0 PTAMS 0x0000000696000000 NTAMS 0x0000000696000000 space 32768K,   0% used [0x0000000696000000, 0x0000000698000000)
AC   0  O    TS     0 PTAMS 0x000000069a000000 NTAMS 0x000000069a000000 space 32768K, 100% used [0x0000000698000000, 0x000000069a000000)
AC   0  O    TS     0 PTAMS 0x000000069c000000 NTAMS 0x000000069c000000 space 32768K, 100% used [0x000000069a000000, 0x000000069c000000)
AC   0  F    TS     0 PTAMS 0x000000069c000000 NTAMS 0x000000069c000000 space 32768K,   0% used [0x000000069c000000, 0x000000069e000000)
AC   0  O    TS     0 PTAMS 0x00000006a0000000 NTAMS 0x00000006a0000000 space 32768K, 100% used [0x000000069e000000, 0x00000006a0000000)
AC   0  O    TS     0 PTAMS 0x00000006a2000000 NTAMS 0x00000006a2000000 space 32768K, 100% used [0x00000006a0000000, 0x00000006a2000000)
AC   0  O    TS     0 PTAMS 0x00000006a4000000 NTAMS 0x00000006a4000000 space 32768K, 100% used [0x00000006a2000000, 0x00000006a4000000)
AC   0  F    TS     0 PTAMS 0x00000006a4000000 NTAMS 0x00000006a4000000 space 32768K,   0% used [0x00000006a4000000, 0x00000006a6000000)
AC   0  O    TS     0 PTAMS 0x00000006a8000000 NTAMS 0x00000006a8000000 space 32768K, 100% used [0x00000006a6000000, 0x00000006a8000000)
AC   0  F    TS     0 PTAMS 0x00000006a8000000 NTAMS 0x00000006a8000000 space 32768K,   0% used [0x00000006a8000000, 0x00000006aa000000)
AC   0  F    TS     0 PTAMS 0x00000006aa000000 NTAMS 0x00000006aa000000 space 32768K,   0% used [0x00000006aa000000, 0x00000006ac000000)
AC   0  F    TS     0 PTAMS 0x00000006ac000000 NTAMS 0x00000006ac000000 space 32768K,   0% used [0x00000006ac000000, 0x00000006ae000000)
AC   0  F    TS     0 PTAMS 0x00000006ae000000 NTAMS 0x00000006ae000000 space 32768K,   0% used [0x00000006ae000000, 0x00000006b0000000)
AC   0  F    TS     0 PTAMS 0x00000006b0000000 NTAMS 0x00000006b0000000 space 32768K,   0% used [0x00000006b0000000, 0x00000006b2000000)
AC   0  O    TS     3 PTAMS 0x00000006b2b7ee00 NTAMS 0x00000006b2b7ee00 space 32768K, 100% used [0x00000006b2000000, 0x00000006b4000000)
AC   0  F    TS     0 PTAMS 0x00000006b4000000 NTAMS 0x00000006b4000000 space 32768K,   0% used [0x00000006b4000000, 0x00000006b6000000)
AC   0  F    TS     0 PTAMS 0x00000006b6000000 NTAMS 0x00000006b6000000 space 32768K,   0% used [0x00000006b6000000, 0x00000006b8000000)
AC   0  F    TS     0 PTAMS 0x00000006b8000000 NTAMS 0x00000006b8000000 space 32768K,   0% used [0x00000006b8000000, 0x00000006ba000000)
AC   0  F    TS     0 PTAMS 0x00000006ba000000 NTAMS 0x00000006ba000000 space 32768K,   0% used [0x00000006ba000000, 0x00000006bc000000)
AC   0  F    TS     0 PTAMS 0x00000006bc000000 NTAMS 0x00000006bc000000 space 32768K,   0% used [0x00000006bc000000, 0x00000006be000000)
AC   0  F    TS     0 PTAMS 0x00000006be000000 NTAMS 0x00000006be000000 space 32768K,   0% used [0x00000006be000000, 0x00000006c0000000)
AC   0  F    TS     0 PTAMS 0x00000006c0000000 NTAMS 0x00000006c0000000 space 32768K,   0% used [0x00000006c0000000, 0x00000006c2000000)
AC   0  F    TS     0 PTAMS 0x00000006c2000000 NTAMS 0x00000006c2000000 space 32768K,   0% used [0x00000006c2000000, 0x00000006c4000000)
AC   0  F    TS     0 PTAMS 0x00000006c4000000 NTAMS 0x00000006c4000000 space 32768K,   0% used [0x00000006c4000000, 0x00000006c6000000)
AC   0  F    TS     0 PTAMS 0x00000006c6000000 NTAMS 0x00000006c6000000 space 32768K,   0% used [0x00000006c6000000, 0x00000006c8000000)
AC   0  F    TS     0 PTAMS 0x00000006c8000000 NTAMS 0x00000006c8000000 space 32768K,   0% used [0x00000006c8000000, 0x00000006ca000000)
AC   0  F    TS     0 PTAMS 0x00000006ca000000 NTAMS 0x00000006ca000000 space 32768K,   0% used [0x00000006ca000000, 0x00000006cc000000)
AC   0  F    TS     0 PTAMS 0x00000006cc000000 NTAMS 0x00000006cc000000 space 32768K,   0% used [0x00000006cc000000, 0x00000006ce000000)
AC   0  F    TS     0 PTAMS 0x00000006ce000000 NTAMS 0x00000006ce000000 space 32768K,   0% used [0x00000006ce000000, 0x00000006d0000000)
AC   0  F    TS     0 PTAMS 0x00000006d0000000 NTAMS 0x00000006d0000000 space 32768K,   0% used [0x00000006d0000000, 0x00000006d2000000)
AC   0  F    TS     0 PTAMS 0x00000006d2000000 NTAMS 0x00000006d2000000 space 32768K,   0% used [0x00000006d2000000, 0x00000006d4000000)
AC   0  F    TS     0 PTAMS 0x00000006d4000000 NTAMS 0x00000006d4000000 space 32768K,   0% used [0x00000006d4000000, 0x00000006d6000000)
AC   0  F    TS     0 PTAMS 0x00000006d6000000 NTAMS 0x00000006d6000000 space 32768K,   0% used [0x00000006d6000000, 0x00000006d8000000)
AC   0  F    TS     0 PTAMS 0x00000006d8000000 NTAMS 0x00000006d8000000 space 32768K,   0% used [0x00000006d8000000, 0x00000006da000000)
AC   0  F    TS     0 PTAMS 0x00000006da000000 NTAMS 0x00000006da000000 space 32768K,   0% used [0x00000006da000000, 0x00000006dc000000)
AC   0  F    TS     0 PTAMS 0x00000006dc000000 NTAMS 0x00000006dc000000 space 32768K,   0% used [0x00000006dc000000, 0x00000006de000000)
AC   0  F    TS     0 PTAMS 0x00000006de000000 NTAMS 0x00000006de000000 space 32768K,   0% used [0x00000006de000000, 0x00000006e0000000)
AC   0  F    TS     0 PTAMS 0x00000006e0000000 NTAMS 0x00000006e0000000 space 32768K,   0% used [0x00000006e0000000, 0x00000006e2000000)
AC   0  F    TS     0 PTAMS 0x00000006e2000000 NTAMS 0x00000006e2000000 space 32768K,   0% used [0x00000006e2000000, 0x00000006e4000000)
AC   0  F    TS     0 PTAMS 0x00000006e4000000 NTAMS 0x00000006e4000000 space 32768K,   0% used [0x00000006e4000000, 0x00000006e6000000)
AC   0  F    TS     0 PTAMS 0x00000006e6000000 NTAMS 0x00000006e6000000 space 32768K,   0% used [0x00000006e6000000, 0x00000006e8000000)
AC   0  F    TS     0 PTAMS 0x00000006e8000000 NTAMS 0x00000006e8000000 space 32768K,   0% used [0x00000006e8000000, 0x00000006ea000000)
AC   0  F    TS     0 PTAMS 0x00000006ea000000 NTAMS 0x00000006ea000000 space 32768K,   0% used [0x00000006ea000000, 0x00000006ec000000)
AC   0  F    TS     0 PTAMS 0x00000006ec000000 NTAMS 0x00000006ec000000 space 32768K,   0% used [0x00000006ec000000, 0x00000006ee000000)
AC   0  F    TS     0 PTAMS 0x00000006ee000000 NTAMS 0x00000006ee000000 space 32768K,   0% used [0x00000006ee000000, 0x00000006f0000000)
AC   0  F    TS     0 PTAMS 0x00000006f0000000 NTAMS 0x00000006f0000000 space 32768K,   0% used [0x00000006f0000000, 0x00000006f2000000)
AC   0  F    TS     0 PTAMS 0x00000006f2000000 NTAMS 0x00000006f2000000 space 32768K,   0% used [0x00000006f2000000, 0x00000006f4000000)
AC   0  F    TS     0 PTAMS 0x00000006f4000000 NTAMS 0x00000006f4000000 space 32768K,   0% used [0x00000006f4000000, 0x00000006f6000000)
AC   0  F    TS     0 PTAMS 0x00000006f6000000 NTAMS 0x00000006f6000000 space 32768K,   0% used [0x00000006f6000000, 0x00000006f8000000)
AC   0  F    TS     0 PTAMS 0x00000006f8000000 NTAMS 0x00000006f8000000 space 32768K,   0% used [0x00000006f8000000, 0x00000006fa000000)
AC   0  F    TS     0 PTAMS 0x00000006fa000000 NTAMS 0x00000006fa000000 space 32768K,   0% used [0x00000006fa000000, 0x00000006fc000000)
AC   0  F    TS     0 PTAMS 0x00000006fc000000 NTAMS 0x00000006fc000000 space 32768K,   0% used [0x00000006fc000000, 0x00000006fe000000)
AC   0  F    TS     0 PTAMS 0x00000006fe000000 NTAMS 0x00000006fe000000 space 32768K,   0% used [0x00000006fe000000, 0x0000000700000000)
AC   0  F    TS     0 PTAMS 0x0000000700000000 NTAMS 0x0000000700000000 space 32768K,   0% used [0x0000000700000000, 0x0000000702000000)
AC   0  F    TS     0 PTAMS 0x0000000702000000 NTAMS 0x0000000702000000 space 32768K,   0% used [0x0000000702000000, 0x0000000704000000)
AC   0  F    TS     0 PTAMS 0x0000000704000000 NTAMS 0x0000000704000000 space 32768K,   0% used [0x0000000704000000, 0x0000000706000000)
AC   0  F    TS     0 PTAMS 0x0000000706000000 NTAMS 0x0000000706000000 space 32768K,   0% used [0x0000000706000000, 0x0000000708000000)
AC   0  F    TS     0 PTAMS 0x0000000708000000 NTAMS 0x0000000708000000 space 32768K,   0% used [0x0000000708000000, 0x000000070a000000)
AC   0  F    TS     0 PTAMS 0x000000070a000000 NTAMS 0x000000070a000000 space 32768K,   0% used [0x000000070a000000, 0x000000070c000000)
AC   0  F    TS     0 PTAMS 0x000000070c000000 NTAMS 0x000000070c000000 space 32768K,   0% used [0x000000070c000000, 0x000000070e000000)
AC   0  F    TS     0 PTAMS 0x000000070e000000 NTAMS 0x000000070e000000 space 32768K,   0% used [0x000000070e000000, 0x0000000710000000)
AC   0  F    TS     0 PTAMS 0x0000000710000000 NTAMS 0x0000000710000000 space 32768K,   0% used [0x0000000710000000, 0x0000000712000000)
AC   0  F    TS     0 PTAMS 0x0000000712000000 NTAMS 0x0000000712000000 space 32768K,   0% used [0x0000000712000000, 0x0000000714000000)
AC   0  F    TS     0 PTAMS 0x0000000714000000 NTAMS 0x0000000714000000 space 32768K,   0% used [0x0000000714000000, 0x0000000716000000)
AC   0  F    TS     0 PTAMS 0x0000000716000000 NTAMS 0x0000000716000000 space 32768K,   0% used [0x0000000716000000, 0x0000000718000000)
AC   0  F    TS     0 PTAMS 0x0000000718000000 NTAMS 0x0000000718000000 space 32768K,   0% used [0x0000000718000000, 0x000000071a000000)
AC   0  F    TS     0 PTAMS 0x000000071a000000 NTAMS 0x000000071a000000 space 32768K,   0% used [0x000000071a000000, 0x000000071c000000)
AC   0  F    TS     0 PTAMS 0x000000071c000000 NTAMS 0x000000071c000000 space 32768K,   0% used [0x000000071c000000, 0x000000071e000000)
AC   0  F    TS     0 PTAMS 0x000000071e000000 NTAMS 0x000000071e000000 space 32768K,   0% used [0x000000071e000000, 0x0000000720000000)
AC   0  F    TS     0 PTAMS 0x0000000720000000 NTAMS 0x0000000720000000 space 32768K,   0% used [0x0000000720000000, 0x0000000722000000)
AC   0  F    TS     0 PTAMS 0x0000000722000000 NTAMS 0x0000000722000000 space 32768K,   0% used [0x0000000722000000, 0x0000000724000000)
AC   0  F    TS     0 PTAMS 0x0000000724000000 NTAMS 0x0000000724000000 space 32768K,   0% used [0x0000000724000000, 0x0000000726000000)
AC   0  F    TS     0 PTAMS 0x0000000726000000 NTAMS 0x0000000726000000 space 32768K,   0% used [0x0000000726000000, 0x0000000728000000)
AC   0  F    TS     0 PTAMS 0x0000000728000000 NTAMS 0x0000000728000000 space 32768K,   0% used [0x0000000728000000, 0x000000072a000000)
AC   0  F    TS     0 PTAMS 0x000000072a000000 NTAMS 0x000000072a000000 space 32768K,   0% used [0x000000072a000000, 0x000000072c000000)
AC   0  F    TS     0 PTAMS 0x000000072c000000 NTAMS 0x000000072c000000 space 32768K,   0% used [0x000000072c000000, 0x000000072e000000)
AC   0  F    TS     0 PTAMS 0x000000072e000000 NTAMS 0x000000072e000000 space 32768K,   0% used [0x000000072e000000, 0x0000000730000000)
AC   0  F    TS     0 PTAMS 0x0000000730000000 NTAMS 0x0000000730000000 space 32768K,   0% used [0x0000000730000000, 0x0000000732000000)
AC   0  F    TS     0 PTAMS 0x0000000732000000 NTAMS 0x0000000732000000 space 32768K,   0% used [0x0000000732000000, 0x0000000734000000)
AC   0  F    TS     0 PTAMS 0x0000000734000000 NTAMS 0x0000000734000000 space 32768K,   0% used [0x0000000734000000, 0x0000000736000000)
AC   0  F    TS     0 PTAMS 0x0000000736000000 NTAMS 0x0000000736000000 space 32768K,   0% used [0x0000000736000000, 0x0000000738000000)
AC   0  F    TS     0 PTAMS 0x0000000738000000 NTAMS 0x0000000738000000 space 32768K,   0% used [0x0000000738000000, 0x000000073a000000)
AC   0  F    TS     0 PTAMS 0x000000073a000000 NTAMS 0x000000073a000000 space 32768K,   0% used [0x000000073a000000, 0x000000073c000000)
AC   0  F    TS     0 PTAMS 0x000000073c000000 NTAMS 0x000000073c000000 space 32768K,   0% used [0x000000073c000000, 0x000000073e000000)
AC   0  F    TS     0 PTAMS 0x000000073e000000 NTAMS 0x000000073e000000 space 32768K,   0% used [0x000000073e000000, 0x0000000740000000)
AC   0  F    TS     0 PTAMS 0x0000000740000000 NTAMS 0x0000000740000000 space 32768K,   0% used [0x0000000740000000, 0x0000000742000000)
AC   0  F    TS     0 PTAMS 0x0000000742000000 NTAMS 0x0000000742000000 space 32768K,   0% used [0x0000000742000000, 0x0000000744000000)
AC   0  F    TS     0 PTAMS 0x0000000744000000 NTAMS 0x0000000744000000 space 32768K,   0% used [0x0000000744000000, 0x0000000746000000)
AC   0  F    TS     0 PTAMS 0x0000000746000000 NTAMS 0x0000000746000000 space 32768K,   0% used [0x0000000746000000, 0x0000000748000000)
AC   0  F    TS     0 PTAMS 0x0000000748000000 NTAMS 0x0000000748000000 space 32768K,   0% used [0x0000000748000000, 0x000000074a000000)
AC   0  S CS TS    13 PTAMS 0x000000074a000000 NTAMS 0x000000074a000000 space 32768K,  45% used [0x000000074a000000, 0x000000074c000000)
AC   0  S CS TS    13 PTAMS 0x000000074c000000 NTAMS 0x000000074c000000 space 32768K, 100% used [0x000000074c000000, 0x000000074e000000)
AC   0  S CS TS    13 PTAMS 0x000000074e000000 NTAMS 0x000000074e000000 space 32768K, 100% used [0x000000074e000000, 0x0000000750000000)
AC   0  F    TS    11 PTAMS 0x0000000750000000 NTAMS 0x0000000750000000 space 32768K,   0% used [0x0000000750000000, 0x0000000752000000)
AC   0  F    TS    11 PTAMS 0x0000000752000000 NTAMS 0x0000000752000000 space 32768K,   0% used [0x0000000752000000, 0x0000000754000000)
AC   0  S CS TS    13 PTAMS 0x0000000754000000 NTAMS 0x0000000754000000 space 32768K, 100% used [0x0000000754000000, 0x0000000756000000)
AC   0  F    TS    11 PTAMS 0x0000000756000000 NTAMS 0x0000000756000000 space 32768K,   0% used [0x0000000756000000, 0x0000000758000000)
AC   0  F    TS    11 PTAMS 0x0000000758000000 NTAMS 0x0000000758000000 space 32768K,   0% used [0x0000000758000000, 0x000000075a000000)
AC   0  S CS TS    13 PTAMS 0x000000075a000000 NTAMS 0x000000075a000000 space 32768K, 100% used [0x000000075a000000, 0x000000075c000000)
AC   0  S CS TS    13 PTAMS 0x000000075c000000 NTAMS 0x000000075c000000 space 32768K, 100% used [0x000000075c000000, 0x000000075e000000)
AC   0  F    TS    11 PTAMS 0x000000075e000000 NTAMS 0x000000075e000000 space 32768K,   0% used [0x000000075e000000, 0x0000000760000000)
AC   0  S CS TS    13 PTAMS 0x0000000760000000 NTAMS 0x0000000760000000 space 32768K, 100% used [0x0000000760000000, 0x0000000762000000)
AC   0  F    TS    11 PTAMS 0x0000000762000000 NTAMS 0x0000000762000000 space 32768K,   0% used [0x0000000762000000, 0x0000000764000000)
AC   0  F    TS     7 PTAMS 0x0000000764000000 NTAMS 0x0000000764000000 space 32768K,   0% used [0x0000000764000000, 0x0000000766000000)
AC   0  F    TS     7 PTAMS 0x0000000766000000 NTAMS 0x0000000766000000 space 32768K,   0% used [0x0000000766000000, 0x0000000768000000)
AC   0  F    TS     0 PTAMS 0x0000000768000000 NTAMS 0x0000000768000000 space 32768K,   0% used [0x0000000768000000, 0x000000076a000000)
AC   0  F    TS     0 PTAMS 0x000000076a000000 NTAMS 0x000000076a000000 space 32768K,   0% used [0x000000076a000000, 0x000000076c000000)
AC   0  F    TS     0 PTAMS 0x000000076c000000 NTAMS 0x000000076c000000 space 32768K,   0% used [0x000000076c000000, 0x000000076e000000)
AC   0  F    TS     0 PTAMS 0x000000076e000000 NTAMS 0x000000076e000000 space 32768K,   0% used [0x000000076e000000, 0x0000000770000000)
AC   0  F    TS     0 PTAMS 0x0000000770000000 NTAMS 0x0000000770000000 space 32768K,   0% used [0x0000000770000000, 0x0000000772000000)
AC   0  F    TS     0 PTAMS 0x0000000772000000 NTAMS 0x0000000772000000 space 32768K,   0% used [0x0000000772000000, 0x0000000774000000)
AC   0  F    TS     0 PTAMS 0x0000000774000000 NTAMS 0x0000000774000000 space 32768K,   0% used [0x0000000774000000, 0x0000000776000000)
AC   0  F    TS     0 PTAMS 0x0000000776000000 NTAMS 0x0000000776000000 space 32768K,   0% used [0x0000000776000000, 0x0000000778000000)
AC   0  F    TS     0 PTAMS 0x0000000778000000 NTAMS 0x0000000778000000 space 32768K,   0% used [0x0000000778000000, 0x000000077a000000)
AC   0  F    TS     0 PTAMS 0x000000077a000000 NTAMS 0x000000077a000000 space 32768K,   0% used [0x000000077a000000, 0x000000077c000000)
AC   0  F    TS     0 PTAMS 0x000000077c000000 NTAMS 0x000000077c000000 space 32768K,   0% used [0x000000077c000000, 0x000000077e000000)
AC   0  F    TS     0 PTAMS 0x000000077e000000 NTAMS 0x000000077e000000 space 32768K,   0% used [0x000000077e000000, 0x0000000780000000)
AC   0  F    TS     0 PTAMS 0x0000000780000000 NTAMS 0x0000000780000000 space 32768K,   0% used [0x0000000780000000, 0x0000000782000000)
AC   0  F    TS     0 PTAMS 0x0000000782000000 NTAMS 0x0000000782000000 space 32768K,   0% used [0x0000000782000000, 0x0000000784000000)
AC   0  F    TS     0 PTAMS 0x0000000784000000 NTAMS 0x0000000784000000 space 32768K,   0% used [0x0000000784000000, 0x0000000786000000)
AC   0  F    TS     0 PTAMS 0x0000000786000000 NTAMS 0x0000000786000000 space 32768K,   0% used [0x0000000786000000, 0x0000000788000000)
AC   0  F    TS     0 PTAMS 0x0000000788000000 NTAMS 0x0000000788000000 space 32768K,   0% used [0x0000000788000000, 0x000000078a000000)
AC   0  F    TS     0 PTAMS 0x000000078a000000 NTAMS 0x000000078a000000 space 32768K,   0% used [0x000000078a000000, 0x000000078c000000)
AC   0  F    TS     0 PTAMS 0x000000078c000000 NTAMS 0x000000078c000000 space 32768K,   0% used [0x000000078c000000, 0x000000078e000000)
AC   0  F    TS     0 PTAMS 0x000000078e000000 NTAMS 0x000000078e000000 space 32768K,   0% used [0x000000078e000000, 0x0000000790000000)
AC   0  F    TS     0 PTAMS 0x0000000790000000 NTAMS 0x0000000790000000 space 32768K,   0% used [0x0000000790000000, 0x0000000792000000)
AC   0  F    TS     0 PTAMS 0x0000000792000000 NTAMS 0x0000000792000000 space 32768K,   0% used [0x0000000792000000, 0x0000000794000000)
AC   0  F    TS     0 PTAMS 0x0000000794000000 NTAMS 0x0000000794000000 space 32768K,   0% used [0x0000000794000000, 0x0000000796000000)
AC   0  F    TS     0 PTAMS 0x0000000796000000 NTAMS 0x0000000796000000 space 32768K,   0% used [0x0000000796000000, 0x0000000798000000)
AC   0  F    TS     0 PTAMS 0x0000000798000000 NTAMS 0x0000000798000000 space 32768K,   0% used [0x0000000798000000, 0x000000079a000000)
AC   0  F    TS     0 PTAMS 0x000000079a000000 NTAMS 0x000000079a000000 space 32768K,   0% used [0x000000079a000000, 0x000000079c000000)
AC   0  F    TS     0 PTAMS 0x000000079c000000 NTAMS 0x000000079c000000 space 32768K,   0% used [0x000000079c000000, 0x000000079e000000)
AC   0  F    TS     0 PTAMS 0x000000079e000000 NTAMS 0x000000079e000000 space 32768K,   0% used [0x000000079e000000, 0x00000007a0000000)
AC   0  F    TS     0 PTAMS 0x00000007a0000000 NTAMS 0x00000007a0000000 space 32768K,   0% used [0x00000007a0000000, 0x00000007a2000000)
AC   0  F    TS     0 PTAMS 0x00000007a2000000 NTAMS 0x00000007a2000000 space 32768K,   0% used [0x00000007a2000000, 0x00000007a4000000)
AC   0  F    TS     0 PTAMS 0x00000007a4000000 NTAMS 0x00000007a4000000 space 32768K,   0% used [0x00000007a4000000, 0x00000007a6000000)
AC   0  F    TS     0 PTAMS 0x00000007a6000000 NTAMS 0x00000007a6000000 space 32768K,   0% used [0x00000007a6000000, 0x00000007a8000000)
AC   0  F    TS     0 PTAMS 0x00000007a8000000 NTAMS 0x00000007a8000000 space 32768K,   0% used [0x00000007a8000000, 0x00000007aa000000)
AC   0  F    TS     0 PTAMS 0x00000007aa000000 NTAMS 0x00000007aa000000 space 32768K,   0% used [0x00000007aa000000, 0x00000007ac000000)
AC   0  F    TS     0 PTAMS 0x00000007ac000000 NTAMS 0x00000007ac000000 space 32768K,   0% used [0x00000007ac000000, 0x00000007ae000000)
AC   0  F    TS     0 PTAMS 0x00000007ae000000 NTAMS 0x00000007ae000000 space 32768K,   0% used [0x00000007ae000000, 0x00000007b0000000)
AC   0  F    TS     0 PTAMS 0x00000007b0000000 NTAMS 0x00000007b0000000 space 32768K,   0% used [0x00000007b0000000, 0x00000007b2000000)
AC   0  F    TS     0 PTAMS 0x00000007b2000000 NTAMS 0x00000007b2000000 space 32768K,   0% used [0x00000007b2000000, 0x00000007b4000000)
AC   0  E    TS     0 PTAMS 0x00000007b4000000 NTAMS 0x00000007b4000000 space 32768K,  83% used [0x00000007b4000000, 0x00000007b6000000)
AC   0  E CS TS     0 PTAMS 0x00000007b6000000 NTAMS 0x00000007b6000000 space 32768K, 100% used [0x00000007b6000000, 0x00000007b8000000)
AC   0  E CS TS     0 PTAMS 0x00000007b8000000 NTAMS 0x00000007b8000000 space 32768K, 100% used [0x00000007b8000000, 0x00000007ba000000)
AC   0  E CS TS     0 PTAMS 0x00000007ba000000 NTAMS 0x00000007ba000000 space 32768K, 100% used [0x00000007ba000000, 0x00000007bc000000)
AC   0  E CS TS     0 PTAMS 0x00000007bc000000 NTAMS 0x00000007bc000000 space 32768K, 100% used [0x00000007bc000000, 0x00000007be000000)
AC   0  E CS TS     0 PTAMS 0x00000007be000000 NTAMS 0x00000007be000000 space 32768K, 100% used [0x00000007be000000, 0x00000007c0000000)

Card table byte_map: [0x0000020799670000,0x000002079a670000] byte_map_base: 0x0000020796870000

Marking Bits (Prev, Next): (CMBitMap*) 0x0000020785a78bc8, (CMBitMap*) 0x0000020785a78c20
 Prev Bits: [0x000002079b670000, 0x00000207a3670000)
 Next Bits: [0x00000207a3670000, 0x00000207ab670000)

Polling page: 0x0000020785c40000

CodeCache: size=245760Kb used=132817Kb max_used=134029Kb free=112942Kb
 bounds [0x00000207874e0000, 0x000002078f920000, 0x00000207964e0000]
 total_blobs=34226 nmethods=31989 adapters=2139
 compilation: enabled

Compilation events (10 events):
Event: 466.781 Thread 0x00000207b0bac000 45603       3       java.util.concurrent.ForkJoinPool$WorkQueue::poll (107 bytes)
Event: 466.781 Thread 0x00000207b0baa800 45604       3       java.util.concurrent.ForkJoinPool$WorkQueue::cancelAll (53 bytes)
Event: 466.782 Thread 0x00000207b0b92800 45606       4       java.lang.Thread::isInterrupted (6 bytes)
Event: 466.782 Thread 0x00000207b0ba6000 45605   !   3       java.util.concurrent.ForkJoinPool::tryTerminate (559 bytes)
Event: 466.783 Thread 0x00000207b0baa800 nmethod 45604 0x000002078b5d93d0 code [0x000002078b5d95e0, 0x000002078b5da1a0]
Event: 466.783 Thread 0x00000207b0bac000 nmethod 45603 0x000002078eacbf50 code [0x000002078eacc0e0, 0x000002078eacc5f8]
Event: 466.783 Thread 0x00000207b0b92800 nmethod 45606 0x000002078b51ce50 code [0x000002078b51cfa0, 0x000002078b51d048]
Event: 466.784 Thread 0x00000207b0ba6000 nmethod 45605 0x000002078e5e8890 code [0x000002078e5e8b60, 0x000002078e5ea1f0]
Event: 466.786 Thread 0x00000207b0ba7000 45607       1       xaero.map.region.MapTileChunk::getColorBuffer (5 bytes)
Event: 466.786 Thread 0x00000207b0ba7000 nmethod 45607 0x000002078d512c10 code [0x000002078d512d60, 0x000002078d512e78]

GC Heap History (10 events):
Event: 415.628 GC heap before
{Heap before GC invocations=140 (full 0):
 garbage-first heap   total 8388608K, used 5115853K [0x00000005c0000000, 0x00000005c2000800, 0x00000007c0000000)
  region size 32768K, 51 young (1671168K), 5 survivors (163840K)
 Metaspace       used 227210K, capacity 257609K, committed 258276K, reserved 1257472K
  class space    used 40383K, capacity 49984K, committed 50224K, reserved 1048576K
Event: 415.724 GC heap after
Heap after GC invocations=141 (full 0):
 garbage-first heap   total 8388608K, used 3480392K [0x00000005c0000000, 0x00000005c2000800, 0x00000007c0000000)
  region size 32768K, 7 young (229376K), 7 survivors (229376K)
 Metaspace       used 227210K, capacity 257609K, committed 258276K, reserved 1257472K
  class space    used 40383K, capacity 49984K, committed 50224K, reserved 1048576K
}
Event: 419.215 GC heap before
{Heap before GC invocations=141 (full 0):
 garbage-first heap   total 8388608K, used 4922184K [0x00000005c0000000, 0x00000005c2000800, 0x00000007c0000000)
  region size 32768K, 51 young (1671168K), 7 survivors (229376K)
 Metaspace       used 229906K, capacity 260903K, committed 261220K, reserved 1259520K
  class space    used 40580K, capacity 50253K, committed 50352K, reserved 1048576K
Event: 419.337 GC heap after
Heap after GC invocations=142 (full 0):
 garbage-first heap   total 8388608K, used 3579952K [0x00000005c0000000, 0x00000005c2000800, 0x00000007c0000000)
  region size 32768K, 7 young (229376K), 7 survivors (229376K)
 Metaspace       used 229906K, capacity 260903K, committed 261220K, reserved 1259520K
  class space    used 40580K, capacity 50253K, committed 50352K, reserved 1048576K
}
Event: 430.352 GC heap before
{Heap before GC invocations=142 (full 0):
 garbage-first heap   total 8388608K, used 5021744K [0x00000005c0000000, 0x00000005c2000800, 0x00000007c0000000)
  region size 32768K, 52 young (1703936K), 7 survivors (229376K)
 Metaspace       used 232158K, capacity 263385K, committed 263524K, reserved 1263616K
  class space    used 40653K, capacity 50328K, committed 50352K, reserved 1048576K
Event: 430.480 GC heap after
Heap after GC invocations=143 (full 0):
 garbage-first heap   total 8388608K, used 3528053K [0x00000005c0000000, 0x00000005c2000800, 0x00000007c0000000)
  region size 32768K, 6 young (196608K), 6 survivors (196608K)
 Metaspace       used 232158K, capacity 263385K, committed 263524K, reserved 1263616K
  class space    used 40653K, capacity 50328K, committed 50352K, reserved 1048576K
}
Event: 451.647 GC heap before
{Heap before GC invocations=143 (full 0):
 garbage-first heap   total 8388608K, used 5002613K [0x00000005c0000000, 0x00000005c2000800, 0x00000007c0000000)
  region size 32768K, 52 young (1703936K), 6 survivors (196608K)
 Metaspace       used 232718K, capacity 264083K, committed 264420K, reserved 1263616K
  class space    used 40699K, capacity 50397K, committed 50480K, reserved 1048576K
Event: 451.778 GC heap after
Heap after GC invocations=144 (full 0):
 garbage-first heap   total 8388608K, used 3585608K [0x00000005c0000000, 0x00000005c2000800, 0x00000007c0000000)
  region size 32768K, 6 young (196608K), 6 survivors (196608K)
 Metaspace       used 232718K, capacity 264083K, committed 264420K, reserved 1263616K
  class space    used 40699K, capacity 50397K, committed 50480K, reserved 1048576K
}
Event: 466.391 GC heap before
{Heap before GC invocations=144 (full 0):
 garbage-first heap   total 8388608K, used 5060168K [0x00000005c0000000, 0x00000005c2000800, 0x00000007c0000000)
  region size 32768K, 52 young (1703936K), 6 survivors (196608K)
 Metaspace       used 232973K, capacity 264417K, committed 264676K, reserved 1263616K
  class space    used 40727K, capacity 50428K, committed 50480K, reserved 1048576K
Event: 466.454 GC heap after
Heap after GC invocations=145 (full 0):
 garbage-first heap   total 8388608K, used 3603111K [0x00000005c0000000, 0x00000005c2000800, 0x00000007c0000000)
  region size 32768K, 7 young (229376K), 7 survivors (229376K)
 Metaspace       used 232973K, capacity 264417K, committed 264676K, reserved 1263616K
  class space    used 40727K, capacity 50428K, committed 50480K, reserved 1048576K
}

Deoptimization events (10 events):
Event: 466.723 Thread 0x00000207859c8800 Uncommon trap: reason=unstable_if action=reinterpret pc=0x000002078dbed150 method=net.minecraft.client.renderer.chunk.ChunkRenderDispatcher$ChunkRender.func_228935_i_()V @ 4
Event: 466.781 Thread 0x00000207859c8800 Uncommon trap: reason=unstable_if action=reinterpret pc=0x000002078cbf8148 method=java.util.concurrent.ForkJoinPool.tryTerminate(ZZ)Z @ 19
Event: 466.781 Thread 0x00000207c0780000 Uncommon trap: reason=unstable_if action=reinterpret pc=0x000002078bcac728 method=java.util.concurrent.ForkJoinPool.scan(Ljava/util/concurrent/ForkJoinPool$WorkQueue;I)Ljava/util/concurrent/ForkJoinTask; @ 321
Event: 466.781 Thread 0x00000207bdb74000 Uncommon trap: reason=unstable_if action=reinterpret pc=0x000002078bcac728 method=java.util.concurrent.ForkJoinPool.scan(Ljava/util/concurrent/ForkJoinPool$WorkQueue;I)Ljava/util/concurrent/ForkJoinTask; @ 321
Event: 466.781 Thread 0x00000207c077f000 Uncommon trap: reason=unstable_if action=reinterpret pc=0x000002078bcac728 method=java.util.concurrent.ForkJoinPool.scan(Ljava/util/concurrent/ForkJoinPool$WorkQueue;I)Ljava/util/concurrent/ForkJoinTask; @ 321
Event: 466.781 Thread 0x00000207c077d000 Uncommon trap: reason=unstable_if action=reinterpret pc=0x000002078bcac728 method=java.util.concurrent.ForkJoinPool.scan(Ljava/util/concurrent/ForkJoinPool$WorkQueue;I)Ljava/util/concurrent/ForkJoinTask; @ 321
Event: 466.781 Thread 0x0000020814113000 Uncommon trap: reason=unstable_if action=reinterpret pc=0x000002078be76d08 method=java.util.concurrent.ForkJoinPool.awaitWork(Ljava/util/concurrent/ForkJoinPool$WorkQueue;I)Z @ 8
Event: 466.781 Thread 0x00000207bdb69800 Uncommon trap: reason=unstable_if action=reinterpret pc=0x000002078be76d08 method=java.util.concurrent.ForkJoinPool.awaitWork(Ljava/util/concurrent/ForkJoinPool$WorkQueue;I)Z @ 8
Event: 466.782 Thread 0x0000020811c47800 Uncommon trap: reason=unstable_if action=reinterpret pc=0x000002078bcac728 method=java.util.concurrent.ForkJoinPool.scan(Ljava/util/concurrent/ForkJoinPool$WorkQueue;I)Ljava/util/concurrent/ForkJoinTask; @ 321
Event: 466.782 Thread 0x00000207bdb74000 Uncommon trap: reason=unstable_if action=reinterpret pc=0x000002078be76d08 method=java.util.concurrent.ForkJoinPool.awaitWork(Ljava/util/concurrent/ForkJoinPool$WorkQueue;I)Z @ 8

Classes redefined (0 events):
No events

Internal exceptions (10 events):
Event: 465.617 Thread 0x0000020814112800 Exception <a 'sun/nio/fs/WindowsException'> (0x000000077e4aaac8) thrown at [C:\cygwin64\tmp\openjdk-jdk8u-windows-x64-hotspot\workspace\build\src\hotspot\src\share\vm\prims\jni.cpp, line 710]
Event: 465.618 Thread 0x0000020814112800 Exception <a 'sun/nio/fs/WindowsException'> (0x000000077e4b0080) thrown at [C:\cygwin64\tmp\openjdk-jdk8u-windows-x64-hotspot\workspace\build\src\hotspot\src\share\vm\prims\jni.cpp, line 710]
Event: 465.619 Thread 0x0000020814112800 Exception <a 'sun/nio/fs/WindowsException'> (0x000000077e4b54b8) thrown at [C:\cygwin64\tmp\openjdk-jdk8u-windows-x64-hotspot\workspace\build\src\hotspot\src\share\vm\prims\jni.cpp, line 710]
Event: 465.620 Thread 0x0000020814112800 Exception <a 'sun/nio/fs/WindowsException'> (0x000000077e4ba880) thrown at [C:\cygwin64\tmp\openjdk-jdk8u-windows-x64-hotspot\workspace\build\src\hotspot\src\share\vm\prims\jni.cpp, line 710]
Event: 465.621 Thread 0x0000020814112800 Exception <a 'sun/nio/fs/WindowsException'> (0x000000077e4bfbe0) thrown at [C:\cygwin64\tmp\openjdk-jdk8u-windows-x64-hotspot\workspace\build\src\hotspot\src\share\vm\prims\jni.cpp, line 710]
Event: 465.621 Thread 0x0000020814112800 Exception <a 'sun/nio/fs/WindowsException'> (0x000000077e4c4ef0) thrown at [C:\cygwin64\tmp\openjdk-jdk8u-windows-x64-hotspot\workspace\build\src\hotspot\src\share\vm\prims\jni.cpp, line 710]
Event: 465.622 Thread 0x0000020814112800 Exception <a 'sun/nio/fs/WindowsException'> (0x000000077e4ca1a8) thrown at [C:\cygwin64\tmp\openjdk-jdk8u-windows-x64-hotspot\workspace\build\src\hotspot\src\share\vm\prims\jni.cpp, line 710]
Event: 466.694 Thread 0x00000207bdb6c800 Exception <a 'sun/nio/fs/WindowsException'> (0x00000007b4710828) thrown at [C:\cygwin64\tmp\openjdk-jdk8u-windows-x64-hotspot\workspace\build\src\hotspot\src\share\vm\prims\jni.cpp, line 710]
Event: 466.785 Thread 0x00000207bdb6e000 NullPointerException at vtable entry 0x0000020787ab4937
Event: 466.785 Thread 0x00000207bdb6e000 Exception <a 'java/lang/NullPointerException'> (0x00000007b5266530) thrown at [C:\cygwin64\tmp\openjdk-jdk8u-windows-x64-hotspot\workspace\build\src\hotspot\src\share\vm\runtime\sharedRuntime.cpp, line 605]

Events (10 events):
Event: 466.783 Executing VM operation: BulkRevokeBias done
Event: 466.783 Thread 0x00000207c0780000 Thread exited: 0x00000207c0780000
Event: 466.783 Thread 0x0000020811c47800 Thread exited: 0x0000020811c47800
Event: 466.783 Thread 0x00000207c077f000 Thread exited: 0x00000207c077f000
Event: 466.783 Thread 0x00000207bdb69800 Thread exited: 0x00000207bdb69800
Event: 466.783 Thread 0x00000207bdb74000 Thread exited: 0x00000207bdb74000
Event: 466.783 Thread 0x00000207c077d000 Thread exited: 0x00000207c077d000
Event: 466.783 Thread 0x0000020814113000 Thread exited: 0x0000020814113000
Event: 466.784 loading class org/lwjgl/glfw/Callbacks
Event: 466.784 loading class org/lwjgl/glfw/Callbacks done


Dynamic libraries:
0x00007ff76edf0000 - 0x00007ff76ee2a000 	C:\_gdl\java\8u242-b08\bin\java.exe
0x00007ffa2e660000 - 0x00007ffa2e850000 	C:\Windows\SYSTEM32\ntdll.dll
0x00007ffa2dcc0000 - 0x00007ffa2dd72000 	C:\Windows\System32\KERNEL32.DLL
0x00007ffa2c0b0000 - 0x00007ffa2c355000 	C:\Windows\System32\KERNELBASE.dll
0x00007ffa2dbd0000 - 0x00007ffa2dc73000 	C:\Windows\System32\ADVAPI32.dll
0x00007ffa2de80000 - 0x00007ffa2df1e000 	C:\Windows\System32\msvcrt.dll
0x00007ffa2db30000 - 0x00007ffa2dbc7000 	C:\Windows\System32\sechost.dll
0x00007ffa2d9a0000 - 0x00007ffa2dac0000 	C:\Windows\System32\RPCRT4.dll
0x00007ffa2d4c0000 - 0x00007ffa2d654000 	C:\Windows\System32\USER32.dll
0x00007ffa2bf80000 - 0x00007ffa2bfa1000 	C:\Windows\System32\win32u.dll
0x00007ffa2dc90000 - 0x00007ffa2dcb6000 	C:\Windows\System32\GDI32.dll
0x00007ffa2b650000 - 0x00007ffa2b7e6000 	C:\Windows\System32\gdi32full.dll
0x00007ffa2c430000 - 0x00007ffa2c4ce000 	C:\Windows\System32\msvcp_win.dll
0x00007ffa2bfb0000 - 0x00007ffa2c0aa000 	C:\Windows\System32\ucrtbase.dll
0x00007ffa1c4b0000 - 0x00007ffa1c734000 	C:\Windows\WinSxS\amd64_microsoft.windows.common-controls_6595b64144ccf1df_6.0.18362.1256_none_9e7e379be45e40e2\COMCTL32.dll
0x00007ffa2d660000 - 0x00007ffa2d996000 	C:\Windows\System32\combase.dll
0x00007ffa2c620000 - 0x00007ffa2c6a1000 	C:\Windows\System32\bcryptPrimitives.dll
0x00007ffa2de50000 - 0x00007ffa2de7e000 	C:\Windows\System32\IMM32.DLL
0x00007ffa205a0000 - 0x00007ffa2068f000 	C:\_gdl\java\8u242-b08\bin\msvcr120.dll
0x00007ffa1f1e0000 - 0x00007ffa1f286000 	C:\_gdl\java\8u242-b08\bin\msvcp120.dll
0x0000000075ea0000 - 0x00000000766a1000 	C:\_gdl\java\8u242-b08\bin\server\jvm.dll
0x00007ffa2dc80000 - 0x00007ffa2dc88000 	C:\Windows\System32\PSAPI.DLL
0x00007ffa29220000 - 0x00007ffa29244000 	C:\Windows\SYSTEM32\WINMM.dll
0x00007ffa23890000 - 0x00007ffa2389a000 	C:\Windows\SYSTEM32\VERSION.dll
0x00007ffa27ae0000 - 0x00007ffa27ae9000 	C:\Windows\SYSTEM32\WSOCK32.dll
0x00007ffa2d450000 - 0x00007ffa2d4bf000 	C:\Windows\System32\WS2_32.dll
0x00007ffa291f0000 - 0x00007ffa2921d000 	C:\Windows\SYSTEM32\WINMMBASE.dll
0x00007ffa2b600000 - 0x00007ffa2b64a000 	C:\Windows\System32\cfgmgr32.dll
0x00007ffa243b0000 - 0x00007ffa243bf000 	C:\_gdl\java\8u242-b08\bin\verify.dll
0x00007ffa1f1b0000 - 0x00007ffa1f1d8000 	C:\_gdl\java\8u242-b08\bin\java.dll
0x00007ffa23200000 - 0x00007ffa23216000 	C:\_gdl\java\8u242-b08\bin\zip.dll
0x00007ffa2c710000 - 0x00007ffa2cdf7000 	C:\Windows\System32\SHELL32.dll
0x00007ffa2d2a0000 - 0x00007ffa2d349000 	C:\Windows\System32\shcore.dll
0x00007ffa2b7f0000 - 0x00007ffa2bf71000 	C:\Windows\System32\windows.storage.dll
0x00007ffa2b510000 - 0x00007ffa2b533000 	C:\Windows\System32\profapi.dll
0x00007ffa2b580000 - 0x00007ffa2b5ca000 	C:\Windows\System32\powrprof.dll
0x00007ffa2b500000 - 0x00007ffa2b510000 	C:\Windows\System32\UMPDC.dll
0x00007ffa2d190000 - 0x00007ffa2d1e2000 	C:\Windows\System32\shlwapi.dll
0x00007ffa2b560000 - 0x00007ffa2b571000 	C:\Windows\System32\kernel.appcore.dll
0x00007ffa2c410000 - 0x00007ffa2c427000 	C:\Windows\System32\cryptsp.dll
0x00007ffa241a0000 - 0x00007ffa241ad000 	C:\_gdl\java\8u242-b08\bin\management.dll
0x00007ffa1f190000 - 0x00007ffa1f1aa000 	C:\_gdl\java\8u242-b08\bin\net.dll
0x00007ffa2ad50000 - 0x00007ffa2adb7000 	C:\Windows\system32\mswsock.dll
0x00007ffa21380000 - 0x00007ffa21396000 	C:\Windows\system32\napinsp.dll
0x00007ffa1fe20000 - 0x00007ffa1fe3a000 	C:\Windows\system32\pnrpnsp.dll
0x00007ffa2aa40000 - 0x00007ffa2ab0b000 	C:\Windows\SYSTEM32\DNSAPI.dll
0x00007ffa2d3b0000 - 0x00007ffa2d3b8000 	C:\Windows\System32\NSI.dll
0x00007ffa2aa00000 - 0x00007ffa2aa3a000 	C:\Windows\SYSTEM32\IPHLPAPI.DLL
0x00007ffa26ac0000 - 0x00007ffa26ace000 	C:\Windows\System32\winrnr.dll
0x00007ffa279e0000 - 0x00007ffa279fc000 	C:\Windows\system32\NLAapi.dll
0x00007ffa26eb0000 - 0x00007ffa26ec5000 	C:\Windows\system32\wshbth.dll
0x00007ffa1f6d0000 - 0x00007ffa1f6da000 	C:\Windows\System32\rasadhlp.dll
0x00007ffa21860000 - 0x00007ffa218d7000 	C:\Windows\System32\fwpuclnt.dll
0x00007ffa2b5d0000 - 0x00007ffa2b5f6000 	C:\Windows\System32\bcrypt.dll
0x00007ffa1f170000 - 0x00007ffa1f182000 	C:\_gdl\java\8u242-b08\bin\nio.dll
0x00007ffa1f140000 - 0x00007ffa1f163000 	C:\_gdl\java\8u242-b08\bin\sunec.dll
0x00007ffa2a860000 - 0x00007ffa2a893000 	C:\Windows\system32\rsaenh.dll
0x00007ffa2b420000 - 0x00007ffa2b445000 	C:\Windows\SYSTEM32\USERENV.dll
0x00007ffa2af20000 - 0x00007ffa2af2c000 	C:\Windows\SYSTEM32\CRYPTBASE.dll
0x00007ffa21b20000 - 0x00007ffa21b36000 	C:\Windows\SYSTEM32\dhcpcsvc6.DLL
0x00007ffa21f10000 - 0x00007ffa21f2c000 	C:\Windows\SYSTEM32\dhcpcsvc.DLL
0x00007ffa1d360000 - 0x00007ffa1d3d2000 	C:\_gdl\instances\Craft to Exile [Dissonance]\natives\lwjgl.dll
0x00007ff9eeb70000 - 0x00007ff9eedc1000 	C:\_gdl\instances\Craft to Exile [Dissonance]\natives\jemalloc.dll
0x00007ffa1d300000 - 0x00007ffa1d35e000 	C:\_gdl\instances\Craft to Exile [Dissonance]\natives\glfw.dll
0x00007ffa29500000 - 0x00007ffa29599000 	C:\Windows\system32\uxtheme.dll
0x00007ffa2b2f0000 - 0x00007ffa2b31a000 	C:\Windows\SYSTEM32\DEVOBJ.dll
0x00007ffa29930000 - 0x00007ffa2995d000 	C:\Windows\SYSTEM32\dwmapi.dll
0x00007ffa1f9b0000 - 0x00007ffa1facb000 	C:\Windows\SYSTEM32\inputhost.dll
0x00007ffa265e0000 - 0x00007ffa2690a000 	C:\Windows\SYSTEM32\CoreUIComponents.dll
0x00007ffa28fe0000 - 0x00007ffa290b4000 	C:\Windows\SYSTEM32\CoreMessaging.dll
0x00007ffa26ed0000 - 0x00007ffa27023000 	C:\Windows\SYSTEM32\wintypes.dll
0x00007ffa27b40000 - 0x00007ffa27c30000 	C:\Windows\SYSTEM32\PROPSYS.dll
0x00007ffa2ce00000 - 0x00007ffa2cec5000 	C:\Windows\System32\OLEAUT32.dll
0x00007ffa2a540000 - 0x00007ffa2a571000 	C:\Windows\SYSTEM32\ntmarta.dll
0x00007ffa2cef0000 - 0x00007ffa2d025000 	C:\Windows\System32\MSCTF.dll
0x00007ffa2dfa0000 - 0x00007ffa2e410000 	C:\Windows\System32\SETUPAPI.DLL
0x00007ffa2c6b0000 - 0x00007ffa2c70c000 	C:\Windows\System32\WINTRUST.dll
0x00007ffa2b540000 - 0x00007ffa2b552000 	C:\Windows\System32\MSASN1.dll
0x00007ffa2c4d0000 - 0x00007ffa2c619000 	C:\Windows\System32\CRYPT32.dll
0x00007ffa06830000 - 0x00007ffa06986000 	C:\Windows\SYSTEM32\opengl32.dll
0x00007ffa0cc60000 - 0x00007ffa0cc8c000 	C:\Windows\SYSTEM32\GLU32.dll
0x00007ffa2a140000 - 0x00007ffa2a160000 	C:\Windows\SYSTEM32\dxcore.dll
0x00007ff9e0e50000 - 0x00007ff9e3696000 	C:\Windows\System32\DriverStore\FileRepository\nvlt.inf_amd64_5ec931c1c66cdc90\nvoglv64.dll
0x00007ffa2d030000 - 0x00007ffa2d187000 	C:\Windows\System32\ole32.dll
0x00007ffa27c60000 - 0x00007ffa27c73000 	C:\Windows\SYSTEM32\WTSAPI32.dll
0x00007ff9f9e60000 - 0x00007ff9fa117000 	C:\Windows\system32\nvspcap64.dll
0x00007ffa2ac60000 - 0x00007ffa2acb6000 	C:\Windows\SYSTEM32\WINSTA.dll
0x00007ffa06740000 - 0x00007ffa067bf000 	C:\_gdl\instances\Craft to Exile [Dissonance]\natives\lwjgl_stb.dll
0x00007ffa26080000 - 0x00007ffa2612e000 	C:\Windows\SYSTEM32\mscms.dll
0x00007ffa25fa0000 - 0x00007ffa25fb7000 	C:\Windows\SYSTEM32\ColorAdapterClient.dll
0x00007ffa0c150000 - 0x00007ffa0c193000 	C:\Windows\SYSTEM32\icm32.dll
0x00007ffa05ff0000 - 0x00007ffa06048000 	C:\_gdl\instances\Craft to Exile [Dissonance]\natives\lwjgl_opengl.dll
0x00007ffa24150000 - 0x00007ffa24192000 	C:\Users\Kelvin Vuu\AppData\Local\Temp\jna--18023041\jna504240061535741614.dll
0x00007ffa24140000 - 0x00007ffa2414b000 	C:\_gdl\java\8u242-b08\bin\sunmscapi.dll
0x00007ffa1cb70000 - 0x00007ffa1cd05000 	C:\_gdl\java\8u242-b08\bin\awt.dll
0x00007ffa29320000 - 0x00007ffa293af000 	C:\Windows\SYSTEM32\apphelp.dll
0x00007ffa24090000 - 0x00007ffa240aa000 	C:\_gdl\instances\Craft to Exile [Dissonance]\natives\SAPIWrapper_x64.dll
0x00007ffa2d1f0000 - 0x00007ffa2d292000 	C:\Windows\System32\clbcatq.dll
0x00007ffa04440000 - 0x00007ffa045bf000 	C:\Windows\System32\Speech\Common\sapi.dll
0x00007ffa24080000 - 0x00007ffa2408b000 	C:\Windows\SYSTEM32\msdmo.dll
0x00007ffa07700000 - 0x00007ffa0771c000 	C:\Windows\SYSTEM32\MSACM32.dll
0x00007ffa22030000 - 0x00007ffa220a2000 	C:\Windows\System32\MMDevApi.dll
0x00007ffa25a70000 - 0x00007ffa25b0e000 	C:\Windows\System32\TextInputFramework.dll
0x00007ffa1c740000 - 0x00007ffa1c9e7000 	C:\Windows\System32\iertutil.dll
0x00007ff9f1290000 - 0x00007ff9f13a4000 	C:\_gdl\instances\Craft to Exile [Dissonance]\natives\OpenAL.dll
0x00007ffa21db0000 - 0x00007ffa21f0d000 	C:\Windows\SYSTEM32\AUDIOSES.DLL
0x00007ffa29ed0000 - 0x00007ffa2a0c4000 	C:\Windows\SYSTEM32\dbghelp.dll

VM Arguments:
jvm_args: -XX:HeapDumpPath=MojangTricksIntelDriversForPerformance_javaw.exe_minecraft.exe.heapdump -Dos.name=Windows 10 -Dos.version=10.0 -Djava.library.path=C:\_gdl\instances\Craft to Exile [Dissonance]\natives -Dminecraft.launcher.brand=GDLauncher -Dminecraft.launcher.version=1.0 -Xmx8192m -Xms8192m -Dminecraft.applet.TargetDirectory=C:\_gdl\instances\Craft to Exile [Dissonance] -Dfml.ignorePatchDiscrepancies=true -Dfml.ignoreInvalidMinecraftCertificates=true -XX:HeapDumpPath=MojangTricksIntelDriversForPerformance_javaw.exe_minecraft.exe.heapdump -Xms256m -XX:+UseG1GC -Dsun.rmi.dgc.server.gcInterval=2147483646 -XX:+UnlockExperimentalVMOptions -XX:G1NewSizePercent=20 -XX:G1ReservePercent=20 -XX:MaxGCPauseMillis=50 -XX:G1HeapRegionSize=32M 
java_command: cpw.mods.modlauncher.Launcher --width 854 --height 480 --username XihuanXigua --version 1.15.2 --gameDir C:\_gdl\instances\Craft to Exile [Dissonance] --assetsDir C:\_gdl\datastore\assets --assetIndex 1.15 --uuid 66c27608249346e99553ff38a6b6d84e --accessToken eyJhbGciOiJIUzI1NiJ9.eyJzdWIiOiI1NmVmODhjZWFkOGRmMWNlMTU3NmQ4YjU5MTFlYmU4MSIsInlnZ3QiOiI5MzNiODZkMzdiOGE0OTQ2OGU4ZDFlN2E5ZGY1NTAzNyIsInNwciI6IjY2YzI3NjA4MjQ5MzQ2ZTk5NTUzZmYzOGE2YjZkODRlIiwiaXNzIjoiWWdnZHJhc2lsLUF1dGgiLCJleHAiOjE2MDk5MTkyMDEsImlhdCI6MTYwOTc0NjQwMX0.nNHS_IaXQdQaN2oN4iVaLShPHzTHSFH8o414hyxQshw --userType mojang --versionType release --launchTarget fmlclient --fml.forgeVersion 31.2.45 --fml.mcVersion 1.15.2 --fml.forgeGroup net.minecraftforge --fml.mcpVersion 20200515.085601
java_class_path (initial): C:\_gdl\datastore\libraries\net\minecraftforge\forge\1.15.2-31.2.45\forge-1.15.2-31.2.45.jar;C:\_gdl\datastore\libraries\org\ow2\asm\asm\7.2\asm-7.2.jar;C:\_gdl\datastore\libraries\org\ow2\asm\asm-commons\7.2\asm-commons-7.2.jar;C:\_gdl\datastore\libraries\org\ow2\asm\asm-tree\7.2\asm-tree-7.2.jar;C:\_gdl\datastore\libraries\org\ow2\asm\asm-util\7.2\asm-util-7.2.jar;C:\_gdl\datastore\libraries\org\ow2\asm\asm-analysis\7.2\asm-analysis-7.2.jar;C:\_gdl\datastore\libraries\cpw\mods\modlauncher\5.1.2\modlauncher-5.1.2.jar;C:\_gdl\datastore\libraries\cpw\mods\grossjava9hacks\1.3.0\grossjava9hacks-1.3.0.jar;C:\_gdl\datastore\libraries\net\minecraftforge\accesstransformers\2.1.3-shadowed\accesstransformers-2.1.3-shadowed.jar;C:\_gdl\datastore\libraries\net\minecraftforge\eventbus\2.2.0-service\eventbus-2.2.0-service.jar;C:\_gdl\datastore\libraries\net\minecraftforge\forgespi\3.0.0\forgespi-3.0.0.jar;C:\_gdl\datastore\libraries\net\minecraftforge\coremods\2.0.3\coremods-2.0.3.jar;C:\_gdl\datastore\libraries\net\minecraftforge\unsafe\0.2.0\unsafe-0.2.0.jar;C:\_gdl\datastore\libraries\org\spongepowered\mixin\0.8.2\mixin-0.8.2.jar;C:\_gdl\datastore\libraries\com\electronwill\night-config\core\3.6.2\core-3.6.2.jar;C:\_gdl\datastore\libraries\com\electronwill\night-config\toml\3.6.2\toml-3.6.2.jar;C:\_gdl\datastore\libraries\org\jline\jline\3.12.1\jline-3.12.1.jar;C:\_gdl\datastore\libraries\org\apache\maven\maven-artifact\3.6.0\maven-artifact-3.6.0.jar;C:\_gdl\datastore\libraries\net\jodah\typetools\0.8.1\typetools-0.8.1.jar;C:\_gdl\datastore\libraries\org\apache\logging\log4j\log4j-api\2.11.2\log4j-api-2.11.2.jar;C:\_gdl\datastore\libraries\org\apache\logging\log4j\log4j-core\2.11.2\log4j-core-2.11.2.jar;C:\_gdl\datastore\libraries\net\minecrell\terminalconsoleappender\1.2.0\terminalconsoleappender-1.2.0.jar;C:\_gdl\datastore\libraries\net\sf\jopt-simple\jopt-simple\5.0.4\jopt-simple-5.0.4.jar;C:\_gdl\datastore\libraries\com\mojang\patchy\1.1\patch
Launcher Type: SUN_STANDARD

Environment Variables:
JAVA_HOME=C:\Program Files\AdoptOpenJDK\jdk-8.0.275.1-hotspot
PATH=C:\Program Files\AdoptOpenJDK\jdk-8.0.275.1-hotspot\bin;C:\Program Files\AdoptOpenJDK\jre-8.0.275.1-hotspot\bin;C:\Windows\system32;C:\Windows;C:\Windows\System32\Wbem;C:\Windows\System32\WindowsPowerShell\v1.0\;C:\Windows\System32\OpenSSH\;C:\Program Files (x86)\NVIDIA Corporation\PhysX\Common;C:\Program Files\NVIDIA Corporation\NVIDIA NvDLISR;C:\Program Files\Git\cmd;C:\Users\Kelvin Vuu\AppData\Local\Microsoft\WindowsApps;C:\Users\Kelvin Vuu\AppData\Local\GitHubDesktop\bin
USERNAME=Kelvin Vuu
OS=Windows_NT
PROCESSOR_IDENTIFIER=AMD64 Family 23 Model 96 Stepping 1, AuthenticAMD



---------------  S Y S T E M  ---------------

OS: Windows 10.0 , 64 bit Build 18362 (10.0.18362.1110)

CPU:total 16 (initial active 16) (16 cores per cpu, 1 threads per core) family 23 model 96 stepping 1, cmov, cx8, fxsr, mmx, sse, sse2, sse3, ssse3, sse4.1, sse4.2, popcnt, avx, avx2, aes, clmul, mmxext, 3dnowpref, lzcnt, sse4a, tsc, tscinvbit, tscinv, bmi1

Memory: 4k page, physical 16119108k(2264800k free), swap 20814028k(3009172k free)

vm_info: OpenJDK 64-Bit Server VM (25.242-b08) for windows-amd64 JRE (1.8.0_242-b08), built on Jan 19 2020 14:45:52 by "jenkins" with MS VC++ 12.0 (VS2013)

time: Tue Jan 05 03:00:13 2021
timezone: Eastern Standard Time
elapsed time: 466 seconds (0d 0h 7m 46s)

