#
# A fatal error has been detected by the Java Runtime Environment:
#
#  EXCEPTION_ACCESS_VIOLATION (0xc0000005) at pc=0x000002a28a880000, pid=6292, tid=0x0000000000003e64
#
# JRE version: OpenJDK Runtime Environment (8.0_242-b08) (build 1.8.0_242-b08)
# Java VM: OpenJDK 64-Bit Server VM (25.242-b08 mixed mode windows-amd64 compressed oops)
# Problematic frame:
# C  0x000002a28a880000
#
# Failed to write core dump. Minidumps are not enabled by default on client versions of Windows
#
# If you would like to submit a bug report, please visit:
#   
# The crash happened outside the Java Virtual Machine in native code.
# See problematic frame for where to report the bug.
#

---------------  T H R E A D  ---------------

Current thread (0x000002a2fa7b2000):  JavaThread "CraftPresence" [_thread_in_native, id=15972, stack(0x000000d33a900000,0x000000d33aa00000)]

siginfo: ExceptionCode=0xc0000005, ExceptionInformation=0x0000000000000008 0x000002a28a880000

Registers:
RAX=0x000002a28a880000, RBX=0x0000000000010001, RCX=0x0000000000010001, RDX=0x000000d33a9fe960
RSP=0x000000d33a9fe928, RBP=0x000000d33a9fea30, RSI=0x0000000000027c54, RDI=0x0000000609147a58
R8 =0x000002a2fb764c40, R9 =0x00007ffa0f9d37b0, R10=0x00007ffa1a191a10, R11=0x000000d33a9fed98
R12=0x0000000000000000, R13=0x0000000000000005, R14=0x0000000000000004, R15=0x000002a2fa7b2000
RIP=0x000002a28a880000, EFLAGS=0x0000000000010206

Top of Stack: (sp=0x000000d33a9fe928)
0x000000d33a9fe928:   00007ffa0f9d1f7c 000000d33a9fe960
0x000000d33a9fe938:   0000000074fe5d73 000000d33a9fe970
0x000000d33a9fe948:   0000000074fa9640 0000000000000003
0x000000d33a9fe958:   000000007509c0ed 57464c4720656854
0x000000d33a9fe968:   7972617262696c20 20746f6e20736920
0x000000d33a9fe978:   696c616974696e69 000002a20064657a
0x000000d33a9fe988:   000002a2cebec4b0 0000000000000001
0x000000d33a9fe998:   ffffffff0000000b 3ff0000000000000
0x000000d33a9fe9a8:   0000000000000000 00000007b202d048
0x000000d33a9fe9b8:   000000000000004a 0000000000000000
0x000000d33a9fe9c8:   000000007509c0ed 000002a285d03ba0
0x000000d33a9fe9d8:   000002a2f48f3420 0000000000000000
0x000000d33a9fe9e8:   0000000000000000 000002a2fa7b2000
0x000000d33a9fe9f8:   000000007509bd0d 000002a285d03ba0
0x000000d33a9fea08:   000000d33a9feaa0 000002a2f48f3420
0x000000d33a9fea18:   0000000000000000 000002a2fa7b2000 

Instructions: (pc=0x000002a28a880000)
0x000002a28a87ffe0:   
[error occurred during error reporting (printing registers, top of stack, instructions near pc), id 0xc0000005]

Register to memory mapping:

RAX=0x000002a28a880000 is an unknown value
RBX=0x0000000000010001 is an unknown value
RCX=0x0000000000010001 is an unknown value
RDX=0x000000d33a9fe960 is pointing into the stack for thread: 0x000002a2fa7b2000
RSP=0x000000d33a9fe928 is pointing into the stack for thread: 0x000002a2fa7b2000
RBP=0x000000d33a9fea30 is pointing into the stack for thread: 0x000002a2fa7b2000
RSI=0x0000000000027c54 is an unknown value
RDI=0x0000000609147a58 is an oop
java.util.ArrayList 
 - klass: 'java/util/ArrayList'
R8 =0x000002a2fb764c40 is an unknown value
R9 =0x00007ffa0f9d37b0 is an unknown value
R10=0x00007ffa1a191a10 is an unknown value
R11=0x000000d33a9fed98 is pointing into the stack for thread: 0x000002a2fa7b2000
R12=0x0000000000000000 is an unknown value
R13=0x0000000000000005 is an unknown value
R14=0x0000000000000004 is an unknown value
R15=0x000002a2fa7b2000 is a thread


Stack: [0x000000d33a900000,0x000000d33aa00000],  sp=0x000000d33a9fe928,  free space=1018k
Native frames: (J=compiled Java code, j=interpreted, Vv=VM code, C=native code)
C  0x000002a28a880000

Java frames: (J=compiled Java code, j=interpreted, Vv=VM code)
J 15540  org.lwjgl.system.JNI.invokePI(JIJ)I (0 bytes) @ 0x000002a2d1dc77dd [0x000002a2d1dc7720+0xbd]
J 15538 C1 com.gitlab.cdagaming.craftpresence.utils.KeyUtils.onTick()V (156 bytes) @ 0x000002a2d1dc81a4 [0x000002a2d1dc7c80+0x524]
J 17444 C1 com.gitlab.cdagaming.craftpresence.utils.CommandUtils.reloadData(Z)V (167 bytes) @ 0x000002a2d33186d4 [0x000002a2d3318600+0xd4]
J 15534 C1 com.gitlab.cdagaming.craftpresence.CraftPresence.clientTick()V (339 bytes) @ 0x000002a2d0e5c744 [0x000002a2d0e5c440+0x304]
J 15532 C1 com.gitlab.cdagaming.craftpresence.CraftPresence$1.run()V (8 bytes) @ 0x000002a2d230108c [0x000002a2d2300fc0+0xcc]
j  java.util.TimerThread.mainLoop()V+221
j  java.util.TimerThread.run()V+1
v  ~StubRoutines::call_stub

---------------  P R O C E S S  ---------------

Java Threads: ( => current thread )
  0x000002a28741e800 JavaThread "Sound engine" daemon [_thread_blocked, id=20428, stack(0x000000d339f00000,0x000000d33a000000)]
  0x000002a287419000 JavaThread "Thread-19" daemon [_thread_blocked, id=22104, stack(0x000000d33ce00000,0x000000d33cf00000)]
  0x000002a28741a000 JavaThread "Discord Rich Presence Timer Thread" daemon [_thread_blocked, id=7352, stack(0x000000d33cd00000,0x000000d33ce00000)]
  0x000002a287415800 JavaThread "Thread-17" daemon [_thread_in_native, id=21512, stack(0x000000d33ca00000,0x000000d33cb00000)]
  0x000002a2f9b7e000 JavaThread "Thread-16" daemon [_thread_in_native, id=21836, stack(0x000000d33c900000,0x000000d33ca00000)]
  0x000002a2fa7b5000 JavaThread "Thread-15" daemon [_thread_in_native, id=14288, stack(0x000000d33c800000,0x000000d33c900000)]
  0x000002a2888f2000 JavaThread "Thread-14" daemon [_thread_in_native, id=20464, stack(0x000000d33b100000,0x000000d33b200000)]
  0x000002a2888e7800 JavaThread "IPCClient-Reader" [_thread_blocked, id=15820, stack(0x000000d33b300000,0x000000d33b400000)]
  0x000002a2888ec000 JavaThread "Thread-9" daemon [_thread_blocked, id=6420, stack(0x000000d33c700000,0x000000d33c800000)]
  0x000002a2888e8000 JavaThread "Thread-7" daemon [_thread_blocked, id=22244, stack(0x000000d33c300000,0x000000d33c400000)]
  0x000002a2888ee800 JavaThread "modloading-worker-0" daemon [_thread_blocked, id=10812, stack(0x000000d33c200000,0x000000d33c300000)]
  0x000002a2888e5000 JavaThread "modloading-worker-7" daemon [_thread_blocked, id=18840, stack(0x000000d33c100000,0x000000d33c200000)]
  0x000002a2888e6800 JavaThread "modloading-worker-5" daemon [_thread_blocked, id=20668, stack(0x000000d33bf00000,0x000000d33c000000)]
  0x000002a2fa7b9800 JavaThread "modloading-worker-10" daemon [_thread_blocked, id=13328, stack(0x000000d33bc00000,0x000000d33bd00000)]
  0x000002a2fa7b7000 JavaThread "modloading-worker-1" daemon [_thread_blocked, id=16484, stack(0x000000d33ba00000,0x000000d33bb00000)]
  0x000002a2fa7b8000 JavaThread "modloading-worker-6" daemon [_thread_blocked, id=14308, stack(0x000000d33b800000,0x000000d33b900000)]
  0x000002a2fa7b8800 JavaThread "modloading-worker-2" daemon [_thread_blocked, id=4184, stack(0x000000d33ab00000,0x000000d33ac00000)]
=>0x000002a2fa7b2000 JavaThread "CraftPresence" [_thread_in_native, id=15972, stack(0x000000d33a900000,0x000000d33aa00000)]
  0x000002a2fa7b1000 JavaThread "Timer hack thread" daemon [_thread_blocked, id=8712, stack(0x000000d33b600000,0x000000d33b700000)]
  0x000002a288e91800 JavaThread "pool-3-thread-1" [_thread_blocked, id=19184, stack(0x000000d33ae00000,0x000000d33af00000)]
  0x000002a2fa8fe800 JavaThread "Snooper Timer" daemon [_thread_blocked, id=21760, stack(0x000000d33ad00000,0x000000d33ae00000)]
  0x000002a2fb44a000 JavaThread "Thread-2" daemon [_thread_in_native, id=15728, stack(0x000000d33a100000,0x000000d33a200000)]
  0x000002a2fb231800 JavaThread "Thread-1" daemon [_thread_blocked, id=21336, stack(0x000000d33a000000,0x000000d33a100000)]
  0x000002a2f9bdd800 JavaThread "Service Thread" daemon [_thread_blocked, id=10132, stack(0x000000d339d00000,0x000000d339e00000)]
  0x000002a2f9b80000 JavaThread "C1 CompilerThread11" daemon [_thread_blocked, id=3536, stack(0x000000d339c00000,0x000000d339d00000)]
  0x000002a2f9b7d000 JavaThread "C1 CompilerThread10" daemon [_thread_blocked, id=15936, stack(0x000000d339b00000,0x000000d339c00000)]
  0x000002a2f9b7c800 JavaThread "C1 CompilerThread9" daemon [_thread_blocked, id=968, stack(0x000000d339a00000,0x000000d339b00000)]
  0x000002a2f9b66000 JavaThread "C1 CompilerThread8" daemon [_thread_blocked, id=21160, stack(0x000000d339900000,0x000000d339a00000)]
  0x000002a2f9b46000 JavaThread "C2 CompilerThread7" daemon [_thread_blocked, id=10628, stack(0x000000d339800000,0x000000d339900000)]
  0x000002a2f9b34000 JavaThread "C2 CompilerThread6" daemon [_thread_blocked, id=18556, stack(0x000000d339700000,0x000000d339800000)]
  0x000002a2f9b32800 JavaThread "C2 CompilerThread5" daemon [_thread_blocked, id=1300, stack(0x000000d339600000,0x000000d339700000)]
  0x000002a2f9b30800 JavaThread "C2 CompilerThread4" daemon [_thread_blocked, id=5532, stack(0x000000d339500000,0x000000d339600000)]
  0x000002a2f9b2d000 JavaThread "C2 CompilerThread3" daemon [_thread_blocked, id=9356, stack(0x000000d339400000,0x000000d339500000)]
  0x000002a2f9b2b800 JavaThread "C2 CompilerThread2" daemon [_thread_blocked, id=10956, stack(0x000000d339300000,0x000000d339400000)]
  0x000002a2f9b2a800 JavaThread "C2 CompilerThread1" daemon [_thread_blocked, id=21908, stack(0x000000d339200000,0x000000d339300000)]
  0x000002a2f9b29800 JavaThread "C2 CompilerThread0" daemon [_thread_blocked, id=10544, stack(0x000000d339100000,0x000000d339200000)]
  0x000002a2f9b28800 JavaThread "Attach Listener" daemon [_thread_blocked, id=20380, stack(0x000000d339000000,0x000000d339100000)]
  0x000002a2f9b26000 JavaThread "Signal Dispatcher" daemon [_thread_blocked, id=13052, stack(0x000000d338f00000,0x000000d339000000)]
  0x000002a2f9b25000 JavaThread "Surrogate Locker Thread (Concurrent GC)" daemon [_thread_blocked, id=10216, stack(0x000000d338e00000,0x000000d338f00000)]
  0x000002a2f493a800 JavaThread "Finalizer" daemon [_thread_blocked, id=16064, stack(0x000000d338d00000,0x000000d338e00000)]
  0x000002a2f4930000 JavaThread "Reference Handler" daemon [_thread_blocked, id=12248, stack(0x000000d338c00000,0x000000d338d00000)]
  0x000002a2cebda800 JavaThread "Render thread" [_thread_blocked, id=21716, stack(0x000000d336b00000,0x000000d336c00000)]

Other Threads:
  0x000002a2f491d800 VMThread [stack: 0x000000d338b00000,0x000000d338c00000] [id=8056]
  0x000002a2f9bde800 WatcherThread [stack: 0x000000d339e00000,0x000000d339f00000] [id=18140]

VM state:not at safepoint (normal execution)

VM Mutex/Monitor currently owned by a thread: None

heap address: 0x00000005c0000000, size: 8192 MB, Compressed Oops mode: Zero based, Oop shift amount: 3
Narrow klass base: 0x0000000000000000, Narrow klass shift: 3
Compressed class space size: 1073741824 Address: 0x00000007c0000000

Heap:
 garbage-first heap   total 8388608K, used 3997696K [0x00000005c0000000, 0x00000005c2000800, 0x00000007c0000000)
  region size 32768K, 14 young (458752K), 7 survivors (229376K)
 Metaspace       used 187532K, capacity 209380K, committed 209504K, reserved 1216512K
  class space    used 34616K, capacity 42296K, committed 42336K, reserved 1048576K

Heap Regions: (Y=young(eden), SU=young(survivor), HS=humongous(starts), HC=humongous(continues), CS=collection set, F=free, TS=gc time stamp, PTAMS=previous top-at-mark-start, NTAMS=next top-at-mark-start)
AC   0  O    TS     0 PTAMS 0x00000005c2000000 NTAMS 0x00000005c2000000 space 32768K, 100% used [0x00000005c0000000, 0x00000005c2000000)
AC   0  O    TS     0 PTAMS 0x00000005c4000000 NTAMS 0x00000005c4000000 space 32768K, 100% used [0x00000005c2000000, 0x00000005c4000000)
AC   0  O    TS     0 PTAMS 0x00000005c6000000 NTAMS 0x00000005c6000000 space 32768K, 100% used [0x00000005c4000000, 0x00000005c6000000)
AC   0  O    TS     0 PTAMS 0x00000005c8000000 NTAMS 0x00000005c8000000 space 32768K, 100% used [0x00000005c6000000, 0x00000005c8000000)
AC   0  O    TS     0 PTAMS 0x00000005ca000000 NTAMS 0x00000005ca000000 space 32768K, 100% used [0x00000005c8000000, 0x00000005ca000000)
AC   0  O    TS     0 PTAMS 0x00000005cc000000 NTAMS 0x00000005cc000000 space 32768K, 100% used [0x00000005ca000000, 0x00000005cc000000)
AC   0  O    TS     9 PTAMS 0x00000005cc000000 NTAMS 0x00000005cc000000 space 32768K, 100% used [0x00000005cc000000, 0x00000005ce000000)
AC   0  O    TS     0 PTAMS 0x00000005d0000000 NTAMS 0x00000005d0000000 space 32768K, 100% used [0x00000005ce000000, 0x00000005d0000000)
AC   0  O    TS     0 PTAMS 0x00000005d2000000 NTAMS 0x00000005d2000000 space 32768K, 100% used [0x00000005d0000000, 0x00000005d2000000)
AC   0  O    TS     9 PTAMS 0x00000005d2000000 NTAMS 0x00000005d2000000 space 32768K, 100% used [0x00000005d2000000, 0x00000005d4000000)
AC   0  O    TS     3 PTAMS 0x00000005d4000000 NTAMS 0x00000005d4000000 space 32768K, 100% used [0x00000005d4000000, 0x00000005d6000000)
AC   0  O    TS     3 PTAMS 0x00000005d6000000 NTAMS 0x00000005d6000000 space 32768K, 100% used [0x00000005d6000000, 0x00000005d8000000)
AC   0  O    TS     3 PTAMS 0x00000005d8000000 NTAMS 0x00000005d8000000 space 32768K, 100% used [0x00000005d8000000, 0x00000005da000000)
AC   0  O    TS     5 PTAMS 0x00000005da000000 NTAMS 0x00000005da000000 space 32768K, 100% used [0x00000005da000000, 0x00000005dc000000)
AC   0  O    TS     7 PTAMS 0x00000005dc000000 NTAMS 0x00000005dc000000 space 32768K, 100% used [0x00000005dc000000, 0x00000005de000000)
AC   0  O    TS     5 PTAMS 0x00000005de000000 NTAMS 0x00000005de000000 space 32768K, 100% used [0x00000005de000000, 0x00000005e0000000)
AC   0  O    TS     3 PTAMS 0x00000005e0000000 NTAMS 0x00000005e0000000 space 32768K, 100% used [0x00000005e0000000, 0x00000005e2000000)
AC   0  O    TS     3 PTAMS 0x00000005e2000000 NTAMS 0x00000005e2000000 space 32768K, 100% used [0x00000005e2000000, 0x00000005e4000000)
AC   0  O    TS     3 PTAMS 0x00000005e4000000 NTAMS 0x00000005e4000000 space 32768K, 100% used [0x00000005e4000000, 0x00000005e6000000)
AC   0  O    TS     7 PTAMS 0x00000005e6000000 NTAMS 0x00000005e6000000 space 32768K, 100% used [0x00000005e6000000, 0x00000005e8000000)
AC   0  O    TS     3 PTAMS 0x00000005e8000000 NTAMS 0x00000005e8000000 space 32768K, 100% used [0x00000005e8000000, 0x00000005ea000000)
AC   0  O    TS     3 PTAMS 0x00000005ea000000 NTAMS 0x00000005ea000000 space 32768K, 100% used [0x00000005ea000000, 0x00000005ec000000)
AC   0  O    TS     5 PTAMS 0x00000005ec000000 NTAMS 0x00000005ec000000 space 32768K, 100% used [0x00000005ec000000, 0x00000005ee000000)
AC   0  O    TS     5 PTAMS 0x00000005ee000000 NTAMS 0x00000005ee000000 space 32768K, 100% used [0x00000005ee000000, 0x00000005f0000000)
AC   0  O    TS     0 PTAMS 0x00000005f2000000 NTAMS 0x00000005f2000000 space 32768K, 100% used [0x00000005f0000000, 0x00000005f2000000)
AC   0  O    TS    11 PTAMS 0x00000005f2000000 NTAMS 0x00000005f2000000 space 32768K, 100% used [0x00000005f2000000, 0x00000005f4000000)
AC   0  O    TS     0 PTAMS 0x00000005f6000000 NTAMS 0x00000005f6000000 space 32768K, 100% used [0x00000005f4000000, 0x00000005f6000000)
AC   0  O    TS    11 PTAMS 0x00000005f6000000 NTAMS 0x00000005f6000000 space 32768K, 100% used [0x00000005f6000000, 0x00000005f8000000)
AC   0  O    TS    11 PTAMS 0x00000005f8000000 NTAMS 0x00000005f8000000 space 32768K, 100% used [0x00000005f8000000, 0x00000005fa000000)
AC   0  O    TS     0 PTAMS 0x00000005fc000000 NTAMS 0x00000005fc000000 space 32768K, 100% used [0x00000005fa000000, 0x00000005fc000000)
AC   0  O    TS     5 PTAMS 0x00000005fc000000 NTAMS 0x00000005fc000000 space 32768K, 100% used [0x00000005fc000000, 0x00000005fe000000)
AC   0  O    TS     5 PTAMS 0x00000005fe000000 NTAMS 0x00000005fe000000 space 32768K, 100% used [0x00000005fe000000, 0x0000000600000000)
AC   0  O    TS     0 PTAMS 0x0000000602000000 NTAMS 0x0000000602000000 space 32768K, 100% used [0x0000000600000000, 0x0000000602000000)
AC   0  O    TS     0 PTAMS 0x0000000604000000 NTAMS 0x0000000604000000 space 32768K, 100% used [0x0000000602000000, 0x0000000604000000)
AC   0  O    TS     0 PTAMS 0x0000000606000000 NTAMS 0x0000000606000000 space 32768K, 100% used [0x0000000604000000, 0x0000000606000000)
AC   0  O    TS     0 PTAMS 0x0000000608000000 NTAMS 0x0000000608000000 space 32768K, 100% used [0x0000000606000000, 0x0000000608000000)
AC   0  O    TS     0 PTAMS 0x000000060a000000 NTAMS 0x000000060a000000 space 32768K, 100% used [0x0000000608000000, 0x000000060a000000)
AC   0  O    TS     0 PTAMS 0x000000060c000000 NTAMS 0x000000060c000000 space 32768K, 100% used [0x000000060a000000, 0x000000060c000000)
AC   0  O    TS    11 PTAMS 0x000000060c000000 NTAMS 0x000000060c000000 space 32768K, 100% used [0x000000060c000000, 0x000000060e000000)
AC   0  O    TS     5 PTAMS 0x000000060e000000 NTAMS 0x000000060e000000 space 32768K, 100% used [0x000000060e000000, 0x0000000610000000)
AC   0  O    TS     5 PTAMS 0x0000000610000000 NTAMS 0x0000000610000000 space 32768K, 100% used [0x0000000610000000, 0x0000000612000000)
AC   0  O    TS     7 PTAMS 0x0000000612000000 NTAMS 0x0000000612000000 space 32768K, 100% used [0x0000000612000000, 0x0000000614000000)
AC   0  O    TS     7 PTAMS 0x0000000614000000 NTAMS 0x0000000614000000 space 32768K, 100% used [0x0000000614000000, 0x0000000616000000)
AC   0  O    TS     7 PTAMS 0x0000000616000000 NTAMS 0x0000000616000000 space 32768K, 100% used [0x0000000616000000, 0x0000000618000000)
AC   0  O    TS     7 PTAMS 0x0000000618000000 NTAMS 0x0000000618000000 space 32768K, 100% used [0x0000000618000000, 0x000000061a000000)
AC   0  O    TS     7 PTAMS 0x000000061a000000 NTAMS 0x000000061a000000 space 32768K, 100% used [0x000000061a000000, 0x000000061c000000)
AC   0  O    TS     7 PTAMS 0x000000061c000000 NTAMS 0x000000061c000000 space 32768K, 100% used [0x000000061c000000, 0x000000061e000000)
AC   0  O    TS     7 PTAMS 0x000000061e000000 NTAMS 0x000000061e000000 space 32768K, 100% used [0x000000061e000000, 0x0000000620000000)
AC   0  O    TS     9 PTAMS 0x0000000620000000 NTAMS 0x0000000620000000 space 32768K, 100% used [0x0000000620000000, 0x0000000622000000)
AC   0  O    TS     9 PTAMS 0x0000000622000000 NTAMS 0x0000000622000000 space 32768K, 100% used [0x0000000622000000, 0x0000000624000000)
AC   0  O    TS     9 PTAMS 0x0000000624000000 NTAMS 0x0000000624000000 space 32768K, 100% used [0x0000000624000000, 0x0000000626000000)
AC   0  O    TS     9 PTAMS 0x0000000626000000 NTAMS 0x0000000626000000 space 32768K, 100% used [0x0000000626000000, 0x0000000628000000)
AC   0  O    TS     9 PTAMS 0x0000000628000000 NTAMS 0x0000000628000000 space 32768K, 100% used [0x0000000628000000, 0x000000062a000000)
AC   0  O    TS     9 PTAMS 0x000000062a000000 NTAMS 0x000000062a000000 space 32768K, 100% used [0x000000062a000000, 0x000000062c000000)
AC   0  O    TS     9 PTAMS 0x000000062c000000 NTAMS 0x000000062c000000 space 32768K, 100% used [0x000000062c000000, 0x000000062e000000)
AC   0  O    TS     9 PTAMS 0x000000062e000000 NTAMS 0x000000062e000000 space 32768K, 100% used [0x000000062e000000, 0x0000000630000000)
AC   0  O    TS     9 PTAMS 0x0000000630000000 NTAMS 0x0000000630000000 space 32768K, 100% used [0x0000000630000000, 0x0000000632000000)
AC   0  O    TS     9 PTAMS 0x0000000632000000 NTAMS 0x0000000632000000 space 32768K, 100% used [0x0000000632000000, 0x0000000634000000)
AC   0  O    TS     9 PTAMS 0x0000000634000000 NTAMS 0x0000000634000000 space 32768K, 100% used [0x0000000634000000, 0x0000000636000000)
AC   0  O    TS     9 PTAMS 0x0000000636000000 NTAMS 0x0000000636000000 space 32768K, 100% used [0x0000000636000000, 0x0000000638000000)
AC   0  O    TS     9 PTAMS 0x0000000638000000 NTAMS 0x0000000638000000 space 32768K, 100% used [0x0000000638000000, 0x000000063a000000)
AC   0  O    TS    11 PTAMS 0x000000063a000000 NTAMS 0x000000063a000000 space 32768K, 100% used [0x000000063a000000, 0x000000063c000000)
AC   0  O    TS    11 PTAMS 0x000000063c000000 NTAMS 0x000000063c000000 space 32768K, 100% used [0x000000063c000000, 0x000000063e000000)
AC   0  O    TS    11 PTAMS 0x000000063e000000 NTAMS 0x000000063e000000 space 32768K, 100% used [0x000000063e000000, 0x0000000640000000)
AC   0  O    TS    35 PTAMS 0x0000000640000000 NTAMS 0x0000000640000000 space 32768K, 100% used [0x0000000640000000, 0x0000000642000000)
AC   0  O    TS    39 PTAMS 0x0000000642000000 NTAMS 0x0000000642000000 space 32768K, 100% used [0x0000000642000000, 0x0000000644000000)
AC   0  O    TS    41 PTAMS 0x0000000644000000 NTAMS 0x0000000644000000 space 32768K, 100% used [0x0000000644000000, 0x0000000646000000)
AC   0  O    TS    41 PTAMS 0x0000000646000000 NTAMS 0x0000000646000000 space 32768K, 100% used [0x0000000646000000, 0x0000000648000000)
AC   0  O    TS    43 PTAMS 0x0000000648000000 NTAMS 0x0000000648000000 space 32768K, 100% used [0x0000000648000000, 0x000000064a000000)
AC   0  O    TS    43 PTAMS 0x000000064a000000 NTAMS 0x000000064a000000 space 32768K, 100% used [0x000000064a000000, 0x000000064c000000)
AC   0  O    TS    51 PTAMS 0x000000064c000000 NTAMS 0x000000064c000000 space 32768K, 100% used [0x000000064c000000, 0x000000064e000000)
AC   0  O    TS    57 PTAMS 0x000000064e000000 NTAMS 0x000000064e000000 space 32768K, 100% used [0x000000064e000000, 0x0000000650000000)
AC   0  O    TS    73 PTAMS 0x0000000650000000 NTAMS 0x0000000650000000 space 32768K, 100% used [0x0000000650000000, 0x0000000652000000)
AC   0  O    TS    77 PTAMS 0x0000000652000000 NTAMS 0x0000000652000000 space 32768K, 100% used [0x0000000652000000, 0x0000000654000000)
AC   0  O    TS    79 PTAMS 0x0000000654000000 NTAMS 0x0000000654000000 space 32768K, 100% used [0x0000000654000000, 0x0000000656000000)
AC   0  O    TS    79 PTAMS 0x0000000656000000 NTAMS 0x0000000656000000 space 32768K, 100% used [0x0000000656000000, 0x0000000658000000)
AC   0  O    TS     0 PTAMS 0x000000065a000000 NTAMS 0x000000065a000000 space 32768K, 100% used [0x0000000658000000, 0x000000065a000000)
AC   0  O    TS     0 PTAMS 0x000000065c000000 NTAMS 0x000000065c000000 space 32768K, 100% used [0x000000065a000000, 0x000000065c000000)
AC   0  O    TS     0 PTAMS 0x000000065e000000 NTAMS 0x000000065e000000 space 32768K, 100% used [0x000000065c000000, 0x000000065e000000)
AC   0  O    TS    79 PTAMS 0x000000065e000000 NTAMS 0x000000065e000000 space 32768K, 100% used [0x000000065e000000, 0x0000000660000000)
AC   0  O    TS    79 PTAMS 0x0000000660000000 NTAMS 0x0000000660000000 space 32768K, 100% used [0x0000000660000000, 0x0000000662000000)
AC   0  O    TS    79 PTAMS 0x0000000662000000 NTAMS 0x0000000662000000 space 32768K, 100% used [0x0000000662000000, 0x0000000664000000)
AC   0  O    TS    79 PTAMS 0x0000000664000000 NTAMS 0x0000000664000000 space 32768K, 100% used [0x0000000664000000, 0x0000000666000000)
AC   0  O    TS    79 PTAMS 0x0000000666000000 NTAMS 0x0000000666000000 space 32768K, 100% used [0x0000000666000000, 0x0000000668000000)
AC   0  O    TS    79 PTAMS 0x0000000668000000 NTAMS 0x0000000668000000 space 32768K, 100% used [0x0000000668000000, 0x000000066a000000)
AC   0  O    TS    79 PTAMS 0x000000066a000000 NTAMS 0x000000066a000000 space 32768K, 100% used [0x000000066a000000, 0x000000066c000000)
AC   0  O    TS    79 PTAMS 0x000000066c000000 NTAMS 0x000000066c000000 space 32768K, 100% used [0x000000066c000000, 0x000000066e000000)
AC   0  O    TS    79 PTAMS 0x000000066e000000 NTAMS 0x000000066e000000 space 32768K, 100% used [0x000000066e000000, 0x0000000670000000)
AC   0  O    TS    81 PTAMS 0x0000000670000000 NTAMS 0x0000000670000000 space 32768K, 100% used [0x0000000670000000, 0x0000000672000000)
AC   0  O    TS    81 PTAMS 0x0000000672000000 NTAMS 0x0000000672000000 space 32768K, 100% used [0x0000000672000000, 0x0000000674000000)
AC   0  O    TS    81 PTAMS 0x0000000674000000 NTAMS 0x0000000674000000 space 32768K, 100% used [0x0000000674000000, 0x0000000676000000)
AC   0  O    TS    81 PTAMS 0x0000000676000000 NTAMS 0x0000000676000000 space 32768K, 100% used [0x0000000676000000, 0x0000000678000000)
AC   0  O    TS    81 PTAMS 0x0000000678000000 NTAMS 0x0000000678000000 space 32768K, 100% used [0x0000000678000000, 0x000000067a000000)
AC   0  O    TS    81 PTAMS 0x000000067a000000 NTAMS 0x000000067a000000 space 32768K, 100% used [0x000000067a000000, 0x000000067c000000)
AC   0  O    TS    81 PTAMS 0x000000067c000000 NTAMS 0x000000067c000000 space 32768K, 100% used [0x000000067c000000, 0x000000067e000000)
AC   0  O    TS    81 PTAMS 0x000000067e000000 NTAMS 0x000000067e000000 space 32768K, 100% used [0x000000067e000000, 0x0000000680000000)
AC   0  O    TS    81 PTAMS 0x0000000680000000 NTAMS 0x0000000680000000 space 32768K, 100% used [0x0000000680000000, 0x0000000682000000)
AC   0  O    TS    81 PTAMS 0x0000000682000000 NTAMS 0x0000000682000000 space 32768K, 100% used [0x0000000682000000, 0x0000000684000000)
AC   0  O    TS    81 PTAMS 0x0000000684000000 NTAMS 0x0000000684000000 space 32768K, 100% used [0x0000000684000000, 0x0000000686000000)
AC   0  O    TS    81 PTAMS 0x0000000686000000 NTAMS 0x0000000686000000 space 32768K, 100% used [0x0000000686000000, 0x0000000688000000)
AC   0  O    TS    81 PTAMS 0x0000000688000000 NTAMS 0x0000000688000000 space 32768K, 100% used [0x0000000688000000, 0x000000068a000000)
AC   0  O    TS    81 PTAMS 0x000000068a000000 NTAMS 0x000000068a000000 space 32768K, 100% used [0x000000068a000000, 0x000000068c000000)
AC   0  O    TS    81 PTAMS 0x000000068c000000 NTAMS 0x000000068c000000 space 32768K, 100% used [0x000000068c000000, 0x000000068e000000)
AC   0  O    TS    81 PTAMS 0x000000068e000000 NTAMS 0x000000068e000000 space 32768K, 100% used [0x000000068e000000, 0x0000000690000000)
AC   0  O    TS    81 PTAMS 0x0000000690000000 NTAMS 0x0000000690000000 space 32768K, 100% used [0x0000000690000000, 0x0000000692000000)
AC   0  O    TS    81 PTAMS 0x0000000692000000 NTAMS 0x0000000692000000 space 32768K, 100% used [0x0000000692000000, 0x0000000694000000)
AC   0  F    TS     0 PTAMS 0x0000000694000000 NTAMS 0x0000000694000000 space 32768K,   0% used [0x0000000694000000, 0x0000000696000000)
AC   0  F    TS     0 PTAMS 0x0000000696000000 NTAMS 0x0000000696000000 space 32768K,   0% used [0x0000000696000000, 0x0000000698000000)
AC   0  F    TS     0 PTAMS 0x0000000698000000 NTAMS 0x0000000698000000 space 32768K,   0% used [0x0000000698000000, 0x000000069a000000)
AC   0  F    TS     0 PTAMS 0x000000069a000000 NTAMS 0x000000069a000000 space 32768K,   0% used [0x000000069a000000, 0x000000069c000000)
AC   0  F    TS     0 PTAMS 0x000000069c000000 NTAMS 0x000000069c000000 space 32768K,   0% used [0x000000069c000000, 0x000000069e000000)
AC   0  F    TS     0 PTAMS 0x000000069e000000 NTAMS 0x000000069e000000 space 32768K,   0% used [0x000000069e000000, 0x00000006a0000000)
AC   0  F    TS     0 PTAMS 0x00000006a0000000 NTAMS 0x00000006a0000000 space 32768K,   0% used [0x00000006a0000000, 0x00000006a2000000)
AC   0  F    TS     0 PTAMS 0x00000006a2000000 NTAMS 0x00000006a2000000 space 32768K,   0% used [0x00000006a2000000, 0x00000006a4000000)
AC   0  F    TS     0 PTAMS 0x00000006a4000000 NTAMS 0x00000006a4000000 space 32768K,   0% used [0x00000006a4000000, 0x00000006a6000000)
AC   0  F    TS     0 PTAMS 0x00000006a6000000 NTAMS 0x00000006a6000000 space 32768K,   0% used [0x00000006a6000000, 0x00000006a8000000)
AC   0  O    TS     0 PTAMS 0x00000006aa000000 NTAMS 0x00000006aa000000 space 32768K, 100% used [0x00000006a8000000, 0x00000006aa000000)
AC   0  F    TS     0 PTAMS 0x00000006aa000000 NTAMS 0x00000006aa000000 space 32768K,   0% used [0x00000006aa000000, 0x00000006ac000000)
AC   0  O    TS     0 PTAMS 0x00000006ae000000 NTAMS 0x00000006ae000000 space 32768K, 100% used [0x00000006ac000000, 0x00000006ae000000)
AC   0  F    TS     0 PTAMS 0x00000006ae000000 NTAMS 0x00000006ae000000 space 32768K,   0% used [0x00000006ae000000, 0x00000006b0000000)
AC   0  O    TS     1 PTAMS 0x00000006b15aae00 NTAMS 0x00000006b15aae00 space 32768K, 100% used [0x00000006b0000000, 0x00000006b2000000)
AC   0  F    TS    37 PTAMS 0x00000006b2000000 NTAMS 0x00000006b2000000 space 32768K,   0% used [0x00000006b2000000, 0x00000006b4000000)
AC   0  F    TS    35 PTAMS 0x00000006b4000000 NTAMS 0x00000006b4000000 space 32768K,   0% used [0x00000006b4000000, 0x00000006b6000000)
AC   0  F    TS    35 PTAMS 0x00000006b6000000 NTAMS 0x00000006b6000000 space 32768K,   0% used [0x00000006b6000000, 0x00000006b8000000)
AC   0  F    TS    79 PTAMS 0x00000006b8000000 NTAMS 0x00000006b8000000 space 32768K,   0% used [0x00000006b8000000, 0x00000006ba000000)
AC   0  F    TS    79 PTAMS 0x00000006ba000000 NTAMS 0x00000006ba000000 space 32768K,   0% used [0x00000006ba000000, 0x00000006bc000000)
AC   0  F    TS    79 PTAMS 0x00000006bc000000 NTAMS 0x00000006bc000000 space 32768K,   0% used [0x00000006bc000000, 0x00000006be000000)
AC   0  F    TS    79 PTAMS 0x00000006be000000 NTAMS 0x00000006be000000 space 32768K,   0% used [0x00000006be000000, 0x00000006c0000000)
AC   0  F    TS    79 PTAMS 0x00000006c0000000 NTAMS 0x00000006c0000000 space 32768K,   0% used [0x00000006c0000000, 0x00000006c2000000)
AC   0  F    TS    79 PTAMS 0x00000006c2000000 NTAMS 0x00000006c2000000 space 32768K,   0% used [0x00000006c2000000, 0x00000006c4000000)
AC   0  F    TS    79 PTAMS 0x00000006c4000000 NTAMS 0x00000006c4000000 space 32768K,   0% used [0x00000006c4000000, 0x00000006c6000000)
AC   0  F    TS    79 PTAMS 0x00000006c6000000 NTAMS 0x00000006c6000000 space 32768K,   0% used [0x00000006c6000000, 0x00000006c8000000)
AC   0  F    TS    79 PTAMS 0x00000006c8000000 NTAMS 0x00000006c8000000 space 32768K,   0% used [0x00000006c8000000, 0x00000006ca000000)
AC   0  F    TS    79 PTAMS 0x00000006ca000000 NTAMS 0x00000006ca000000 space 32768K,   0% used [0x00000006ca000000, 0x00000006cc000000)
AC   0  F    TS    79 PTAMS 0x00000006cc000000 NTAMS 0x00000006cc000000 space 32768K,   0% used [0x00000006cc000000, 0x00000006ce000000)
AC   0  F    TS    77 PTAMS 0x00000006ce000000 NTAMS 0x00000006ce000000 space 32768K,   0% used [0x00000006ce000000, 0x00000006d0000000)
AC   0  F    TS    77 PTAMS 0x00000006d0000000 NTAMS 0x00000006d0000000 space 32768K,   0% used [0x00000006d0000000, 0x00000006d2000000)
AC   0  F    TS    79 PTAMS 0x00000006d2000000 NTAMS 0x00000006d2000000 space 32768K,   0% used [0x00000006d2000000, 0x00000006d4000000)
AC   0  F    TS    79 PTAMS 0x00000006d4000000 NTAMS 0x00000006d4000000 space 32768K,   0% used [0x00000006d4000000, 0x00000006d6000000)
AC   0  F    TS    79 PTAMS 0x00000006d6000000 NTAMS 0x00000006d6000000 space 32768K,   0% used [0x00000006d6000000, 0x00000006d8000000)
AC   0  F    TS    77 PTAMS 0x00000006d8000000 NTAMS 0x00000006d8000000 space 32768K,   0% used [0x00000006d8000000, 0x00000006da000000)
AC   0  F    TS    77 PTAMS 0x00000006da000000 NTAMS 0x00000006da000000 space 32768K,   0% used [0x00000006da000000, 0x00000006dc000000)
AC   0  F    TS    77 PTAMS 0x00000006dc000000 NTAMS 0x00000006dc000000 space 32768K,   0% used [0x00000006dc000000, 0x00000006de000000)
AC   0  F    TS    77 PTAMS 0x00000006de000000 NTAMS 0x00000006de000000 space 32768K,   0% used [0x00000006de000000, 0x00000006e0000000)
AC   0  F    TS    79 PTAMS 0x00000006e0000000 NTAMS 0x00000006e0000000 space 32768K,   0% used [0x00000006e0000000, 0x00000006e2000000)
AC   0  F    TS    73 PTAMS 0x00000006e2000000 NTAMS 0x00000006e2000000 space 32768K,   0% used [0x00000006e2000000, 0x00000006e4000000)
AC   0  F    TS    73 PTAMS 0x00000006e4000000 NTAMS 0x00000006e4000000 space 32768K,   0% used [0x00000006e4000000, 0x00000006e6000000)
AC   0  F    TS     0 PTAMS 0x00000006e6000000 NTAMS 0x00000006e6000000 space 32768K,   0% used [0x00000006e6000000, 0x00000006e8000000)
AC   0  F    TS     0 PTAMS 0x00000006e8000000 NTAMS 0x00000006e8000000 space 32768K,   0% used [0x00000006e8000000, 0x00000006ea000000)
AC   0  F    TS     0 PTAMS 0x00000006ea000000 NTAMS 0x00000006ea000000 space 32768K,   0% used [0x00000006ea000000, 0x00000006ec000000)
AC   0  F    TS     0 PTAMS 0x00000006ec000000 NTAMS 0x00000006ec000000 space 32768K,   0% used [0x00000006ec000000, 0x00000006ee000000)
AC   0  F    TS     0 PTAMS 0x00000006ee000000 NTAMS 0x00000006ee000000 space 32768K,   0% used [0x00000006ee000000, 0x00000006f0000000)
AC   0  F    TS     0 PTAMS 0x00000006f0000000 NTAMS 0x00000006f0000000 space 32768K,   0% used [0x00000006f0000000, 0x00000006f2000000)
AC   0  F    TS     0 PTAMS 0x00000006f2000000 NTAMS 0x00000006f2000000 space 32768K,   0% used [0x00000006f2000000, 0x00000006f4000000)
AC   0  F    TS     0 PTAMS 0x00000006f4000000 NTAMS 0x00000006f4000000 space 32768K,   0% used [0x00000006f4000000, 0x00000006f6000000)
AC   0  F    TS     0 PTAMS 0x00000006f6000000 NTAMS 0x00000006f6000000 space 32768K,   0% used [0x00000006f6000000, 0x00000006f8000000)
AC   0  F    TS     0 PTAMS 0x00000006f8000000 NTAMS 0x00000006f8000000 space 32768K,   0% used [0x00000006f8000000, 0x00000006fa000000)
AC   0  F    TS     0 PTAMS 0x00000006fa000000 NTAMS 0x00000006fa000000 space 32768K,   0% used [0x00000006fa000000, 0x00000006fc000000)
AC   0  F    TS     0 PTAMS 0x00000006fc000000 NTAMS 0x00000006fc000000 space 32768K,   0% used [0x00000006fc000000, 0x00000006fe000000)
AC   0  F    TS     0 PTAMS 0x00000006fe000000 NTAMS 0x00000006fe000000 space 32768K,   0% used [0x00000006fe000000, 0x0000000700000000)
AC   0  F    TS     0 PTAMS 0x0000000700000000 NTAMS 0x0000000700000000 space 32768K,   0% used [0x0000000700000000, 0x0000000702000000)
AC   0  F    TS     0 PTAMS 0x0000000702000000 NTAMS 0x0000000702000000 space 32768K,   0% used [0x0000000702000000, 0x0000000704000000)
AC   0  F    TS     0 PTAMS 0x0000000704000000 NTAMS 0x0000000704000000 space 32768K,   0% used [0x0000000704000000, 0x0000000706000000)
AC   0  F    TS     0 PTAMS 0x0000000706000000 NTAMS 0x0000000706000000 space 32768K,   0% used [0x0000000706000000, 0x0000000708000000)
AC   0  F    TS     0 PTAMS 0x0000000708000000 NTAMS 0x0000000708000000 space 32768K,   0% used [0x0000000708000000, 0x000000070a000000)
AC   0  F    TS     0 PTAMS 0x000000070a000000 NTAMS 0x000000070a000000 space 32768K,   0% used [0x000000070a000000, 0x000000070c000000)
AC   0  F    TS     0 PTAMS 0x000000070c000000 NTAMS 0x000000070c000000 space 32768K,   0% used [0x000000070c000000, 0x000000070e000000)
AC   0  F    TS     0 PTAMS 0x000000070e000000 NTAMS 0x000000070e000000 space 32768K,   0% used [0x000000070e000000, 0x0000000710000000)
AC   0  F    TS     0 PTAMS 0x0000000710000000 NTAMS 0x0000000710000000 space 32768K,   0% used [0x0000000710000000, 0x0000000712000000)
AC   0  F    TS     0 PTAMS 0x0000000712000000 NTAMS 0x0000000712000000 space 32768K,   0% used [0x0000000712000000, 0x0000000714000000)
AC   0  F    TS     0 PTAMS 0x0000000714000000 NTAMS 0x0000000714000000 space 32768K,   0% used [0x0000000714000000, 0x0000000716000000)
AC   0  F    TS     0 PTAMS 0x0000000716000000 NTAMS 0x0000000716000000 space 32768K,   0% used [0x0000000716000000, 0x0000000718000000)
AC   0  F    TS     0 PTAMS 0x0000000718000000 NTAMS 0x0000000718000000 space 32768K,   0% used [0x0000000718000000, 0x000000071a000000)
AC   0  F    TS     0 PTAMS 0x000000071a000000 NTAMS 0x000000071a000000 space 32768K,   0% used [0x000000071a000000, 0x000000071c000000)
AC   0  F    TS     0 PTAMS 0x000000071c000000 NTAMS 0x000000071c000000 space 32768K,   0% used [0x000000071c000000, 0x000000071e000000)
AC   0  F    TS     0 PTAMS 0x000000071e000000 NTAMS 0x000000071e000000 space 32768K,   0% used [0x000000071e000000, 0x0000000720000000)
AC   0  F    TS     0 PTAMS 0x0000000720000000 NTAMS 0x0000000720000000 space 32768K,   0% used [0x0000000720000000, 0x0000000722000000)
AC   0  F    TS     0 PTAMS 0x0000000722000000 NTAMS 0x0000000722000000 space 32768K,   0% used [0x0000000722000000, 0x0000000724000000)
AC   0  F    TS     0 PTAMS 0x0000000724000000 NTAMS 0x0000000724000000 space 32768K,   0% used [0x0000000724000000, 0x0000000726000000)
AC   0  F    TS     0 PTAMS 0x0000000726000000 NTAMS 0x0000000726000000 space 32768K,   0% used [0x0000000726000000, 0x0000000728000000)
AC   0  F    TS     0 PTAMS 0x0000000728000000 NTAMS 0x0000000728000000 space 32768K,   0% used [0x0000000728000000, 0x000000072a000000)
AC   0  F    TS     0 PTAMS 0x000000072a000000 NTAMS 0x000000072a000000 space 32768K,   0% used [0x000000072a000000, 0x000000072c000000)
AC   0  F    TS     0 PTAMS 0x000000072c000000 NTAMS 0x000000072c000000 space 32768K,   0% used [0x000000072c000000, 0x000000072e000000)
AC   0  F    TS     0 PTAMS 0x000000072e000000 NTAMS 0x000000072e000000 space 32768K,   0% used [0x000000072e000000, 0x0000000730000000)
AC   0  F    TS     0 PTAMS 0x0000000730000000 NTAMS 0x0000000730000000 space 32768K,   0% used [0x0000000730000000, 0x0000000732000000)
AC   0  F    TS     0 PTAMS 0x0000000732000000 NTAMS 0x0000000732000000 space 32768K,   0% used [0x0000000732000000, 0x0000000734000000)
AC   0  F    TS    59 PTAMS 0x0000000734000000 NTAMS 0x0000000734000000 space 32768K,   0% used [0x0000000734000000, 0x0000000736000000)
AC   0  F    TS    59 PTAMS 0x0000000736000000 NTAMS 0x0000000736000000 space 32768K,   0% used [0x0000000736000000, 0x0000000738000000)
AC   0  F    TS    59 PTAMS 0x0000000738000000 NTAMS 0x0000000738000000 space 32768K,   0% used [0x0000000738000000, 0x000000073a000000)
AC   0  F    TS    59 PTAMS 0x000000073a000000 NTAMS 0x000000073a000000 space 32768K,   0% used [0x000000073a000000, 0x000000073c000000)
AC   0  F    TS    59 PTAMS 0x000000073c000000 NTAMS 0x000000073c000000 space 32768K,   0% used [0x000000073c000000, 0x000000073e000000)
AC   0  F    TS    59 PTAMS 0x000000073e000000 NTAMS 0x000000073e000000 space 32768K,   0% used [0x000000073e000000, 0x0000000740000000)
AC   0  F    TS    59 PTAMS 0x0000000740000000 NTAMS 0x0000000740000000 space 32768K,   0% used [0x0000000740000000, 0x0000000742000000)
AC   0  F    TS     0 PTAMS 0x0000000742000000 NTAMS 0x0000000742000000 space 32768K,   0% used [0x0000000742000000, 0x0000000744000000)
AC   0  F    TS     0 PTAMS 0x0000000744000000 NTAMS 0x0000000744000000 space 32768K,   0% used [0x0000000744000000, 0x0000000746000000)
AC   0  F    TS     0 PTAMS 0x0000000746000000 NTAMS 0x0000000746000000 space 32768K,   0% used [0x0000000746000000, 0x0000000748000000)
AC   0  F    TS     0 PTAMS 0x0000000748000000 NTAMS 0x0000000748000000 space 32768K,   0% used [0x0000000748000000, 0x000000074a000000)
AC   0  F    TS    55 PTAMS 0x000000074a000000 NTAMS 0x000000074a000000 space 32768K,   0% used [0x000000074a000000, 0x000000074c000000)
AC   0  F    TS    55 PTAMS 0x000000074c000000 NTAMS 0x000000074c000000 space 32768K,   0% used [0x000000074c000000, 0x000000074e000000)
AC   0  F    TS    55 PTAMS 0x000000074e000000 NTAMS 0x000000074e000000 space 32768K,   0% used [0x000000074e000000, 0x0000000750000000)
AC   0  F    TS    55 PTAMS 0x0000000750000000 NTAMS 0x0000000750000000 space 32768K,   0% used [0x0000000750000000, 0x0000000752000000)
AC   0  F    TS    55 PTAMS 0x0000000752000000 NTAMS 0x0000000752000000 space 32768K,   0% used [0x0000000752000000, 0x0000000754000000)
AC   0  F    TS    53 PTAMS 0x0000000754000000 NTAMS 0x0000000754000000 space 32768K,   0% used [0x0000000754000000, 0x0000000756000000)
AC   0  F    TS    57 PTAMS 0x0000000756000000 NTAMS 0x0000000756000000 space 32768K,   0% used [0x0000000756000000, 0x0000000758000000)
AC   0  F    TS    55 PTAMS 0x0000000758000000 NTAMS 0x0000000758000000 space 32768K,   0% used [0x0000000758000000, 0x000000075a000000)
AC   0  F    TS    55 PTAMS 0x000000075a000000 NTAMS 0x000000075a000000 space 32768K,   0% used [0x000000075a000000, 0x000000075c000000)
AC   0  F    TS    57 PTAMS 0x000000075c000000 NTAMS 0x000000075c000000 space 32768K,   0% used [0x000000075c000000, 0x000000075e000000)
AC   0  F    TS    57 PTAMS 0x000000075e000000 NTAMS 0x000000075e000000 space 32768K,   0% used [0x000000075e000000, 0x0000000760000000)
AC   0  F    TS    57 PTAMS 0x0000000760000000 NTAMS 0x0000000760000000 space 32768K,   0% used [0x0000000760000000, 0x0000000762000000)
AC   0  F    TS    57 PTAMS 0x0000000762000000 NTAMS 0x0000000762000000 space 32768K,   0% used [0x0000000762000000, 0x0000000764000000)
AC   0  F    TS    57 PTAMS 0x0000000764000000 NTAMS 0x0000000764000000 space 32768K,   0% used [0x0000000764000000, 0x0000000766000000)
AC   0  F    TS    57 PTAMS 0x0000000766000000 NTAMS 0x0000000766000000 space 32768K,   0% used [0x0000000766000000, 0x0000000768000000)
AC   0  F    TS     0 PTAMS 0x0000000768000000 NTAMS 0x0000000768000000 space 32768K,   0% used [0x0000000768000000, 0x000000076a000000)
AC   0  S CS TS    81 PTAMS 0x000000076a000000 NTAMS 0x000000076a000000 space 32768K, 100% used [0x000000076a000000, 0x000000076c000000)
AC   0  S CS TS    81 PTAMS 0x000000076c000000 NTAMS 0x000000076c000000 space 32768K, 100% used [0x000000076c000000, 0x000000076e000000)
AC   0  S CS TS    81 PTAMS 0x000000076e000000 NTAMS 0x000000076e000000 space 32768K, 100% used [0x000000076e000000, 0x0000000770000000)
AC   0  S CS TS    81 PTAMS 0x0000000770000000 NTAMS 0x0000000770000000 space 32768K, 100% used [0x0000000770000000, 0x0000000772000000)
AC   0  S CS TS    81 PTAMS 0x0000000772000000 NTAMS 0x0000000772000000 space 32768K, 100% used [0x0000000772000000, 0x0000000774000000)
AC   0  S CS TS    81 PTAMS 0x0000000774000000 NTAMS 0x0000000774000000 space 32768K, 100% used [0x0000000774000000, 0x0000000776000000)
AC   0  S CS TS    81 PTAMS 0x0000000776000000 NTAMS 0x0000000776000000 space 32768K, 100% used [0x0000000776000000, 0x0000000778000000)
AC   0  F    TS     0 PTAMS 0x0000000778000000 NTAMS 0x0000000778000000 space 32768K,   0% used [0x0000000778000000, 0x000000077a000000)
AC   0  F    TS     0 PTAMS 0x000000077a000000 NTAMS 0x000000077a000000 space 32768K,   0% used [0x000000077a000000, 0x000000077c000000)
AC   0  F    TS     0 PTAMS 0x000000077c000000 NTAMS 0x000000077c000000 space 32768K,   0% used [0x000000077c000000, 0x000000077e000000)
AC   0  F    TS     0 PTAMS 0x000000077e000000 NTAMS 0x000000077e000000 space 32768K,   0% used [0x000000077e000000, 0x0000000780000000)
AC   0  F    TS     0 PTAMS 0x0000000780000000 NTAMS 0x0000000780000000 space 32768K,   0% used [0x0000000780000000, 0x0000000782000000)
AC   0  F    TS     0 PTAMS 0x0000000782000000 NTAMS 0x0000000782000000 space 32768K,   0% used [0x0000000782000000, 0x0000000784000000)
AC   0  F    TS     0 PTAMS 0x0000000784000000 NTAMS 0x0000000784000000 space 32768K,   0% used [0x0000000784000000, 0x0000000786000000)
AC   0  F    TS     0 PTAMS 0x0000000786000000 NTAMS 0x0000000786000000 space 32768K,   0% used [0x0000000786000000, 0x0000000788000000)
AC   0  F    TS     0 PTAMS 0x0000000788000000 NTAMS 0x0000000788000000 space 32768K,   0% used [0x0000000788000000, 0x000000078a000000)
AC   0  F    TS     0 PTAMS 0x000000078a000000 NTAMS 0x000000078a000000 space 32768K,   0% used [0x000000078a000000, 0x000000078c000000)
AC   0  F    TS     0 PTAMS 0x000000078c000000 NTAMS 0x000000078c000000 space 32768K,   0% used [0x000000078c000000, 0x000000078e000000)
AC   0  F    TS     0 PTAMS 0x000000078e000000 NTAMS 0x000000078e000000 space 32768K,   0% used [0x000000078e000000, 0x0000000790000000)
AC   0  F    TS     0 PTAMS 0x0000000790000000 NTAMS 0x0000000790000000 space 32768K,   0% used [0x0000000790000000, 0x0000000792000000)
AC   0  F    TS     0 PTAMS 0x0000000792000000 NTAMS 0x0000000792000000 space 32768K,   0% used [0x0000000792000000, 0x0000000794000000)
AC   0  F    TS     0 PTAMS 0x0000000794000000 NTAMS 0x0000000794000000 space 32768K,   0% used [0x0000000794000000, 0x0000000796000000)
AC   0  F    TS     0 PTAMS 0x0000000796000000 NTAMS 0x0000000796000000 space 32768K,   0% used [0x0000000796000000, 0x0000000798000000)
AC   0  F    TS     0 PTAMS 0x0000000798000000 NTAMS 0x0000000798000000 space 32768K,   0% used [0x0000000798000000, 0x000000079a000000)
AC   0  F    TS     0 PTAMS 0x000000079a000000 NTAMS 0x000000079a000000 space 32768K,   0% used [0x000000079a000000, 0x000000079c000000)
AC   0  F    TS     0 PTAMS 0x000000079c000000 NTAMS 0x000000079c000000 space 32768K,   0% used [0x000000079c000000, 0x000000079e000000)
AC   0  F    TS     0 PTAMS 0x000000079e000000 NTAMS 0x000000079e000000 space 32768K,   0% used [0x000000079e000000, 0x00000007a0000000)
AC   0  F    TS     0 PTAMS 0x00000007a0000000 NTAMS 0x00000007a0000000 space 32768K,   0% used [0x00000007a0000000, 0x00000007a2000000)
AC   0  F    TS     0 PTAMS 0x00000007a2000000 NTAMS 0x00000007a2000000 space 32768K,   0% used [0x00000007a2000000, 0x00000007a4000000)
AC   0  F    TS     0 PTAMS 0x00000007a4000000 NTAMS 0x00000007a4000000 space 32768K,   0% used [0x00000007a4000000, 0x00000007a6000000)
AC   0  F    TS     0 PTAMS 0x00000007a6000000 NTAMS 0x00000007a6000000 space 32768K,   0% used [0x00000007a6000000, 0x00000007a8000000)
AC   0  F    TS     0 PTAMS 0x00000007a8000000 NTAMS 0x00000007a8000000 space 32768K,   0% used [0x00000007a8000000, 0x00000007aa000000)
AC   0  F    TS     0 PTAMS 0x00000007aa000000 NTAMS 0x00000007aa000000 space 32768K,   0% used [0x00000007aa000000, 0x00000007ac000000)
AC   0  F    TS     0 PTAMS 0x00000007ac000000 NTAMS 0x00000007ac000000 space 32768K,   0% used [0x00000007ac000000, 0x00000007ae000000)
AC   0  F    TS     0 PTAMS 0x00000007ae000000 NTAMS 0x00000007ae000000 space 32768K,   0% used [0x00000007ae000000, 0x00000007b0000000)
AC   0  F    TS     0 PTAMS 0x00000007b0000000 NTAMS 0x00000007b0000000 space 32768K,   0% used [0x00000007b0000000, 0x00000007b2000000)
AC   0  E    TS     0 PTAMS 0x00000007b2000000 NTAMS 0x00000007b2000000 space 32768K,  91% used [0x00000007b2000000, 0x00000007b4000000)
AC   0  E CS TS     0 PTAMS 0x00000007b4000000 NTAMS 0x00000007b4000000 space 32768K, 100% used [0x00000007b4000000, 0x00000007b6000000)
AC   0  E CS TS     0 PTAMS 0x00000007b6000000 NTAMS 0x00000007b6000000 space 32768K, 100% used [0x00000007b6000000, 0x00000007b8000000)
AC   0  E CS TS     0 PTAMS 0x00000007b8000000 NTAMS 0x00000007b8000000 space 32768K, 100% used [0x00000007b8000000, 0x00000007ba000000)
AC   0  E CS TS     0 PTAMS 0x00000007ba000000 NTAMS 0x00000007ba000000 space 32768K, 100% used [0x00000007ba000000, 0x00000007bc000000)
AC   0  E CS TS     0 PTAMS 0x00000007bc000000 NTAMS 0x00000007bc000000 space 32768K, 100% used [0x00000007bc000000, 0x00000007be000000)
AC   0  E CS TS     0 PTAMS 0x00000007be000000 NTAMS 0x00000007be000000 space 32768K, 100% used [0x00000007be000000, 0x00000007c0000000)

Card table byte_map: [0x000002a2e2630000,0x000002a2e3630000] byte_map_base: 0x000002a2df830000

Marking Bits (Prev, Next): (CMBitMap*) 0x000002a2cec8d330, (CMBitMap*) 0x000002a2cec8d2d8
 Prev Bits: [0x000002a2ec630000, 0x000002a2f4630000)
 Next Bits: [0x000002a2e4630000, 0x000002a2ec630000)

Polling page: 0x000002a2ceb10000

CodeCache: size=245760Kb used=59820Kb max_used=59822Kb free=185939Kb
 bounds [0x000002a2d04a0000, 0x000002a2d3f60000, 0x000002a2df4a0000]
 total_blobs=17639 nmethods=15757 adapters=1791
 compilation: enabled

Compilation events (10 events):
Event: 152.529 Thread 0x000002a2f9b2d000 21157       4       net.minecraft.client.renderer.texture.TextureAtlasSprite::close (51 bytes)
Event: 152.531 Thread 0x000002a2f9b2d000 nmethod 21157 0x000002a2d3f42d10 code [0x000002a2d3f42e80, 0x000002a2d3f43088]
Event: 152.533 Thread 0x000002a2f9b7d000 21158       3       net.minecraft.client.gui.fonts.providers.UnicodeTextureGlyphProvider$$Lambda$15637/1812793795::accept (8 bytes)
Event: 152.533 Thread 0x000002a2f9b7d000 nmethod 21158 0x000002a2d3f445d0 code [0x000002a2d3f44740, 0x000002a2d3f44a50]
Event: 152.533 Thread 0x000002a2f9b80000 21159       3       java.lang.Thread::checkAccess (14 bytes)
Event: 152.534 Thread 0x000002a2f9b80000 nmethod 21159 0x000002a2d3f43c90 code [0x000002a2d3f43e40, 0x000002a2d3f44400]
Event: 152.562 Thread 0x000002a2f9b66000 21161       3       java.util.concurrent.ForkJoinPool$WorkQueue::poll (107 bytes)
Event: 152.562 Thread 0x000002a2f9b7c800 21160       3       java.util.concurrent.ForkJoinPool$WorkQueue::cancelAll (53 bytes)
Event: 152.563 Thread 0x000002a2f9b7c800 nmethod 21160 0x000002a2d3f54910 code [0x000002a2d3f54b20, 0x000002a2d3f556e0]
Event: 152.563 Thread 0x000002a2f9b66000 nmethod 21161 0x000002a2d3f54150 code [0x000002a2d3f542e0, 0x000002a2d3f547f8]

GC Heap History (10 events):
Event: 132.715 GC heap before
{Heap before GC invocations=119 (full 0):
 garbage-first heap   total 8388608K, used 6397937K [0x00000005c0000000, 0x00000005c2000800, 0x00000007c0000000)
  region size 32768K, 117 young (3833856K), 8 survivors (262144K)
 Metaspace       used 186053K, capacity 207414K, committed 207584K, reserved 1214464K
  class space    used 34438K, capacity 42087K, committed 42208K, reserved 1048576K
Event: 132.776 GC heap after
Heap after GC invocations=120 (full 0):
 garbage-first heap   total 8388608K, used 2755927K [0x00000005c0000000, 0x00000005c2000800, 0x00000007c0000000)
  region size 32768K, 5 young (163840K), 5 survivors (163840K)
 Metaspace       used 186053K, capacity 207414K, committed 207584K, reserved 1214464K
  class space    used 34438K, capacity 42087K, committed 42208K, reserved 1048576K
}
Event: 135.895 GC heap before
{Heap before GC invocations=120 (full 0):
 garbage-first heap   total 8388608K, used 6491479K [0x00000005c0000000, 0x00000005c2000800, 0x00000007c0000000)
  region size 32768K, 119 young (3899392K), 5 survivors (163840K)
 Metaspace       used 186053K, capacity 207414K, committed 207584K, reserved 1214464K
  class space    used 34438K, capacity 42087K, committed 42208K, reserved 1048576K
Event: 135.934 GC heap after
Heap after GC invocations=121 (full 0):
 garbage-first heap   total 8388608K, used 2787844K [0x00000005c0000000, 0x00000005c2000800, 0x00000007c0000000)
  region size 32768K, 6 young (196608K), 6 survivors (196608K)
 Metaspace       used 186053K, capacity 207414K, committed 207584K, reserved 1214464K
  class space    used 34438K, capacity 42087K, committed 42208K, reserved 1048576K
}
Event: 139.045 GC heap before
{Heap before GC invocations=121 (full 0):
 garbage-first heap   total 8388608K, used 6457860K [0x00000005c0000000, 0x00000005c2000800, 0x00000007c0000000)
  region size 32768K, 118 young (3866624K), 6 survivors (196608K)
 Metaspace       used 186053K, capacity 207414K, committed 207584K, reserved 1214464K
  class space    used 34438K, capacity 42087K, committed 42208K, reserved 1048576K
Event: 139.089 GC heap after
Heap after GC invocations=122 (full 0):
 garbage-first heap   total 8388608K, used 2807892K [0x00000005c0000000, 0x00000005c2000800, 0x00000007c0000000)
  region size 32768K, 6 young (196608K), 6 survivors (196608K)
 Metaspace       used 186053K, capacity 207414K, committed 207584K, reserved 1214464K
  class space    used 34438K, capacity 42087K, committed 42208K, reserved 1048576K
}
Event: 142.769 GC heap before
{Heap before GC invocations=122 (full 0):
 garbage-first heap   total 8388608K, used 6445140K [0x00000005c0000000, 0x00000005c2000800, 0x00000007c0000000)
  region size 32768K, 117 young (3833856K), 6 survivors (196608K)
 Metaspace       used 186828K, capacity 208278K, committed 208352K, reserved 1216512K
  class space    used 34510K, capacity 42153K, committed 42208K, reserved 1048576K
Event: 143.064 GC heap after
Heap after GC invocations=123 (full 0):
 garbage-first heap   total 8388608K, used 3494148K [0x00000005c0000000, 0x00000005c2000800, 0x00000007c0000000)
  region size 32768K, 15 young (491520K), 15 survivors (491520K)
 Metaspace       used 186828K, capacity 208278K, committed 208352K, reserved 1216512K
  class space    used 34510K, capacity 42153K, committed 42208K, reserved 1048576K
}
Event: 144.323 GC heap before
{Heap before GC invocations=123 (full 0):
 garbage-first heap   total 8388608K, used 4673796K [0x00000005c0000000, 0x00000005c2000800, 0x00000007c0000000)
  region size 32768K, 51 young (1671168K), 15 survivors (491520K)
 Metaspace       used 187045K, capacity 208562K, committed 208608K, reserved 1216512K
  class space    used 34548K, capacity 42195K, committed 42208K, reserved 1048576K
Event: 144.588 GC heap after
Heap after GC invocations=124 (full 0):
 garbage-first heap   total 8388608K, used 3801088K [0x00000005c0000000, 0x00000005c2000800, 0x00000007c0000000)
  region size 32768K, 7 young (229376K), 7 survivors (229376K)
 Metaspace       used 187045K, capacity 208562K, committed 208608K, reserved 1216512K
  class space    used 34548K, capacity 42195K, committed 42208K, reserved 1048576K
}

Deoptimization events (10 events):
Event: 146.312 Thread 0x000002a2cebda800 Uncommon trap: reason=bimorphic action=maybe_recompile pc=0x000002a2d3a05d48 method=net.minecraft.resources.FallbackResourceManager.func_199002_a(Lnet/minecraft/util/ResourceLocation;)Lnet/minecraft/resources/IResource; @ 104
Event: 146.312 Thread 0x000002a2cebda800 Uncommon trap: reason=bimorphic action=maybe_recompile pc=0x000002a2d21739c0 method=java.nio.channels.Channels$ReadableByteChannelImpl.read(Ljava/nio/ByteBuffer;)I @ 84
Event: 146.313 Thread 0x000002a2cebda800 Uncommon trap: reason=class_check action=maybe_recompile pc=0x000002a2d3299698 method=it.unimi.dsi.fastutil.chars.Char2ObjectOpenHashMap.computeIfAbsent(CLjava/util/function/IntFunction;)Ljava/lang/Object; @ 24
Event: 146.314 Thread 0x000002a2cebda800 Uncommon trap: reason=class_check action=maybe_recompile pc=0x000002a2d3299698 method=it.unimi.dsi.fastutil.chars.Char2ObjectOpenHashMap.computeIfAbsent(CLjava/util/function/IntFunction;)Ljava/lang/Object; @ 24
Event: 146.314 Thread 0x000002a2cebda800 Uncommon trap: reason=class_check action=maybe_recompile pc=0x000002a2d3299698 method=it.unimi.dsi.fastutil.chars.Char2ObjectOpenHashMap.computeIfAbsent(CLjava/util/function/IntFunction;)Ljava/lang/Object; @ 24
Event: 146.314 Thread 0x000002a2cebda800 Uncommon trap: reason=class_check action=maybe_recompile pc=0x000002a2d3299698 method=it.unimi.dsi.fastutil.chars.Char2ObjectOpenHashMap.computeIfAbsent(CLjava/util/function/IntFunction;)Ljava/lang/Object; @ 24
Event: 146.323 Thread 0x000002a2cebda800 Uncommon trap: reason=unstable_if action=reinterpret pc=0x000002a2d3a0a184 method=com.mojang.blaze3d.platform.GlStateManager.func_227644_a_(IIII)V @ 35
Event: 152.509 Thread 0x000002a2cebda800 Uncommon trap: reason=unstable_if action=reinterpret pc=0x000002a2d13c1138 method=java.util.concurrent.ConcurrentLinkedQueue.poll()Ljava/lang/Object; @ 61
Event: 152.509 Thread 0x000002a2cebda800 Uncommon trap: reason=unstable_if action=reinterpret pc=0x000002a2d15ddef4 method=java.util.concurrent.atomic.AtomicBoolean.compareAndSet(ZZ)Z @ 1
Event: 152.562 Thread 0x000002a28741d000 Uncommon trap: reason=unstable_if action=reinterpret pc=0x000002a2d36ba7f4 method=java.util.concurrent.ForkJoinPool.scan(Ljava/util/concurrent/ForkJoinPool$WorkQueue;I)Ljava/util/concurrent/ForkJoinTask; @ 321

Classes redefined (0 events):
No events

Internal exceptions (10 events):
Event: 71.813 Thread 0x000002a2fa7b3800 Implicit null exception at 0x000002a2d3897fa3 to 0x000002a2d389d149
Event: 127.176 Thread 0x000002a2cebda800 Exception <a 'java/lang/NoSuchMethodError': java.lang.Object.lambda$static$0()Z> (0x0000000716d7f488) thrown at [C:\cygwin64\tmp\openjdk-jdk8u-windows-x64-hotspot\workspace\build\src\hotspot\src\share\vm\interpreter\linkResolver.cpp, line 620]
Event: 127.176 Thread 0x000002a2cebda800 Exception <a 'java/lang/NoSuchMethodError': java.lang.Object.lambda$static$1()Z> (0x0000000716d81a60) thrown at [C:\cygwin64\tmp\openjdk-jdk8u-windows-x64-hotspot\workspace\build\src\hotspot\src\share\vm\interpreter\linkResolver.cpp, line 620]
Event: 139.951 Thread 0x000002a2cebda800 Exception <a 'java/lang/NoSuchMethodError': java.lang.Object.lambda$addQuads$0(Lnet/minecraftforge/client/model/IModelConfiguration;Lnet/minecraftforge/client/model/geometry/IModelGeometryPart;)Z> (0x000000078c8aa550) thrown at [C:\cygwin64\tmp\openjdk-jd
Event: 139.951 Thread 0x000002a2cebda800 Exception <a 'java/lang/NoSuchMethodError': java.lang.Object.lambda$addQuads$1(Lnet/minecraftforge/client/model/IModelConfiguration;Lnet/minecraftforge/client/model/IModelBuilder;Lnet/minecraft/client/renderer/model/ModelBakery;Ljava/util/function/Functio
Event: 139.973 Thread 0x000002a2cebda800 Implicit null exception at 0x000002a2d245ab7a to 0x000002a2d245ae19
Event: 141.108 Thread 0x000002a2cebda800 Implicit null exception at 0x000002a2d3b8f389 to 0x000002a2d3b8f921
Event: 141.108 Thread 0x000002a2cebda800 Implicit null exception at 0x000002a2d2399889 to 0x000002a2d2399e21
Event: 141.108 Thread 0x000002a2cebda800 Implicit null exception at 0x000002a2d3b89cc9 to 0x000002a2d3b8a121
Event: 151.464 Thread 0x000002a2cebda800 Exception <a 'java/lang/NoSuchMethodError': java.lang.Object.func_212931_a(DDILnet/minecraft/client/gui/IGuiEventListener;)Z> (0x00000007b55e3248) thrown at [C:\cygwin64\tmp\openjdk-jdk8u-windows-x64-hotspot\workspace\build\src\hotspot\src\share\vm\interp

Events (10 events):
Event: 152.562 Executing VM operation: RevokeBias done
Event: 152.562 Thread 0x000002a2fa7af000 Thread exited: 0x000002a2fa7af000
Event: 152.563 loading class org/lwjgl/glfw/Callbacks
Event: 152.563 loading class org/lwjgl/glfw/Callbacks done
Event: 152.593 Thread 0x000002a28741d000 Thread added: 0x000002a28741d000
Event: 152.593 Thread 0x000002a287417800 Thread added: 0x000002a287417800
Event: 152.593 Thread 0x000002a28741f000 Thread added: 0x000002a28741f000
Event: 152.593 Thread 0x000002a287420000 Thread added: 0x000002a287420000
Event: 152.593 Thread 0x000002a287420800 Thread added: 0x000002a287420800
Event: 152.593 Thread 0x000002a287421800 Thread added: 0x000002a287421800


Dynamic libraries:
0x00007ff60d240000 - 0x00007ff60d27a000 	C:\_gdl\java\8u242-b08\bin\java.exe
0x00007ffa2e660000 - 0x00007ffa2e850000 	C:\Windows\SYSTEM32\ntdll.dll
0x00007ffa2dcc0000 - 0x00007ffa2dd72000 	C:\Windows\System32\KERNEL32.DLL
0x00007ffa2c0b0000 - 0x00007ffa2c355000 	C:\Windows\System32\KERNELBASE.dll
0x00007ffa2dbd0000 - 0x00007ffa2dc73000 	C:\Windows\System32\ADVAPI32.dll
0x00007ffa2de80000 - 0x00007ffa2df1e000 	C:\Windows\System32\msvcrt.dll
0x00007ffa2db30000 - 0x00007ffa2dbc7000 	C:\Windows\System32\sechost.dll
0x00007ffa2d9a0000 - 0x00007ffa2dac0000 	C:\Windows\System32\RPCRT4.dll
0x00007ffa2d4c0000 - 0x00007ffa2d654000 	C:\Windows\System32\USER32.dll
0x00007ffa2bf80000 - 0x00007ffa2bfa1000 	C:\Windows\System32\win32u.dll
0x00007ffa2dc90000 - 0x00007ffa2dcb6000 	C:\Windows\System32\GDI32.dll
0x00007ffa2b650000 - 0x00007ffa2b7e6000 	C:\Windows\System32\gdi32full.dll
0x00007ffa2c430000 - 0x00007ffa2c4ce000 	C:\Windows\System32\msvcp_win.dll
0x00007ffa2bfb0000 - 0x00007ffa2c0aa000 	C:\Windows\System32\ucrtbase.dll
0x00007ffa1c4b0000 - 0x00007ffa1c734000 	C:\Windows\WinSxS\amd64_microsoft.windows.common-controls_6595b64144ccf1df_6.0.18362.1256_none_9e7e379be45e40e2\COMCTL32.dll
0x00007ffa2d660000 - 0x00007ffa2d996000 	C:\Windows\System32\combase.dll
0x00007ffa2c620000 - 0x00007ffa2c6a1000 	C:\Windows\System32\bcryptPrimitives.dll
0x00007ffa2de50000 - 0x00007ffa2de7e000 	C:\Windows\System32\IMM32.DLL
0x00007ff9ffa10000 - 0x00007ff9ffaff000 	C:\_gdl\java\8u242-b08\bin\msvcr120.dll
0x00007ff9fbc10000 - 0x00007ff9fbcb6000 	C:\_gdl\java\8u242-b08\bin\msvcp120.dll
0x0000000074ee0000 - 0x00000000756e1000 	C:\_gdl\java\8u242-b08\bin\server\jvm.dll
0x00007ffa2dc80000 - 0x00007ffa2dc88000 	C:\Windows\System32\PSAPI.DLL
0x00007ffa23890000 - 0x00007ffa2389a000 	C:\Windows\SYSTEM32\VERSION.dll
0x00007ffa29220000 - 0x00007ffa29244000 	C:\Windows\SYSTEM32\WINMM.dll
0x00007ffa21780000 - 0x00007ffa21789000 	C:\Windows\SYSTEM32\WSOCK32.dll
0x00007ffa2d450000 - 0x00007ffa2d4bf000 	C:\Windows\System32\WS2_32.dll
0x00007ffa291f0000 - 0x00007ffa2921d000 	C:\Windows\SYSTEM32\winmmbase.dll
0x00007ffa2b600000 - 0x00007ffa2b64a000 	C:\Windows\System32\cfgmgr32.dll
0x00007ffa27a90000 - 0x00007ffa27a9f000 	C:\_gdl\java\8u242-b08\bin\verify.dll
0x00007ffa216a0000 - 0x00007ffa216c8000 	C:\_gdl\java\8u242-b08\bin\java.dll
0x00007ffa27a00000 - 0x00007ffa27a16000 	C:\_gdl\java\8u242-b08\bin\zip.dll
0x00007ffa2c710000 - 0x00007ffa2cdf7000 	C:\Windows\System32\SHELL32.dll
0x00007ffa2d2a0000 - 0x00007ffa2d349000 	C:\Windows\System32\shcore.dll
0x00007ffa2b7f0000 - 0x00007ffa2bf71000 	C:\Windows\System32\windows.storage.dll
0x00007ffa2b510000 - 0x00007ffa2b533000 	C:\Windows\System32\profapi.dll
0x00007ffa2b580000 - 0x00007ffa2b5ca000 	C:\Windows\System32\powrprof.dll
0x00007ffa2b500000 - 0x00007ffa2b510000 	C:\Windows\System32\UMPDC.dll
0x00007ffa2d190000 - 0x00007ffa2d1e2000 	C:\Windows\System32\shlwapi.dll
0x00007ffa2b560000 - 0x00007ffa2b571000 	C:\Windows\System32\kernel.appcore.dll
0x00007ffa2c410000 - 0x00007ffa2c427000 	C:\Windows\System32\cryptsp.dll
0x00007ffa259d0000 - 0x00007ffa259dd000 	C:\_gdl\java\8u242-b08\bin\management.dll
0x00007ffa21680000 - 0x00007ffa2169a000 	C:\_gdl\java\8u242-b08\bin\net.dll
0x00007ffa2ad50000 - 0x00007ffa2adb7000 	C:\Windows\system32\mswsock.dll
0x00007ffa0f310000 - 0x00007ffa0f326000 	C:\Windows\system32\napinsp.dll
0x00007ffa0de00000 - 0x00007ffa0de1a000 	C:\Windows\system32\pnrpnsp.dll
0x00007ffa2aa40000 - 0x00007ffa2ab0b000 	C:\Windows\SYSTEM32\DNSAPI.dll
0x00007ffa2d3b0000 - 0x00007ffa2d3b8000 	C:\Windows\System32\NSI.dll
0x00007ffa2aa00000 - 0x00007ffa2aa3a000 	C:\Windows\SYSTEM32\IPHLPAPI.DLL
0x00007ffa21020000 - 0x00007ffa2102e000 	C:\Windows\System32\winrnr.dll
0x00007ffa279e0000 - 0x00007ffa279fc000 	C:\Windows\system32\NLAapi.dll
0x00007ffa26eb0000 - 0x00007ffa26ec5000 	C:\Windows\system32\wshbth.dll
0x00007ffa1f6d0000 - 0x00007ffa1f6da000 	C:\Windows\System32\rasadhlp.dll
0x00007ffa21860000 - 0x00007ffa218d7000 	C:\Windows\System32\fwpuclnt.dll
0x00007ffa2b5d0000 - 0x00007ffa2b5f6000 	C:\Windows\System32\bcrypt.dll
0x00007ffa1f4f0000 - 0x00007ffa1f502000 	C:\_gdl\java\8u242-b08\bin\nio.dll
0x00007ffa1a4e0000 - 0x00007ffa1a503000 	C:\_gdl\java\8u242-b08\bin\sunec.dll
0x00007ffa2a860000 - 0x00007ffa2a893000 	C:\Windows\system32\rsaenh.dll
0x00007ffa2b420000 - 0x00007ffa2b445000 	C:\Windows\SYSTEM32\USERENV.dll
0x00007ffa2af20000 - 0x00007ffa2af2c000 	C:\Windows\SYSTEM32\CRYPTBASE.dll
0x00007ffa21b20000 - 0x00007ffa21b36000 	C:\Windows\SYSTEM32\dhcpcsvc6.DLL
0x00007ffa21f10000 - 0x00007ffa21f2c000 	C:\Windows\SYSTEM32\dhcpcsvc.DLL
0x00007ffa1a190000 - 0x00007ffa1a202000 	C:\_gdl\instances\Craft to Exile [Dissonance]\natives\lwjgl.dll
0x00007ff9ebff0000 - 0x00007ff9ec241000 	C:\_gdl\instances\Craft to Exile [Dissonance]\natives\jemalloc.dll
0x00007ffa0f9d0000 - 0x00007ffa0fa2e000 	C:\_gdl\instances\Craft to Exile [Dissonance]\natives\glfw.dll
0x00007ffa29500000 - 0x00007ffa29599000 	C:\Windows\system32\uxtheme.dll
0x00007ffa2b2f0000 - 0x00007ffa2b31a000 	C:\Windows\SYSTEM32\DEVOBJ.dll
0x00007ffa29930000 - 0x00007ffa2995d000 	C:\Windows\SYSTEM32\dwmapi.dll
0x00007ffa230a0000 - 0x00007ffa231bb000 	C:\Windows\SYSTEM32\inputhost.dll
0x00007ffa26ed0000 - 0x00007ffa27023000 	C:\Windows\SYSTEM32\wintypes.dll
0x00007ffa28fe0000 - 0x00007ffa290b4000 	C:\Windows\SYSTEM32\CoreMessaging.dll
0x00007ffa265e0000 - 0x00007ffa2690a000 	C:\Windows\SYSTEM32\CoreUIComponents.dll
0x00007ffa27b40000 - 0x00007ffa27c30000 	C:\Windows\SYSTEM32\PROPSYS.dll
0x00007ffa2ce00000 - 0x00007ffa2cec5000 	C:\Windows\System32\OLEAUT32.dll
0x00007ffa2a540000 - 0x00007ffa2a571000 	C:\Windows\SYSTEM32\ntmarta.dll
0x00007ffa2cef0000 - 0x00007ffa2d025000 	C:\Windows\System32\MSCTF.dll
0x00007ffa2dfa0000 - 0x00007ffa2e410000 	C:\Windows\System32\SETUPAPI.DLL
0x00007ffa2c6b0000 - 0x00007ffa2c70c000 	C:\Windows\System32\WINTRUST.dll
0x00007ffa2b540000 - 0x00007ffa2b552000 	C:\Windows\System32\MSASN1.dll
0x00007ffa2c4d0000 - 0x00007ffa2c619000 	C:\Windows\System32\CRYPT32.dll
0x00007ff9f1110000 - 0x00007ff9f1266000 	C:\Windows\SYSTEM32\opengl32.dll
0x00007ffa1a260000 - 0x00007ffa1a28c000 	C:\Windows\SYSTEM32\GLU32.dll
0x00007ffa2a140000 - 0x00007ffa2a160000 	C:\Windows\SYSTEM32\dxcore.dll
0x00007ff9c7750000 - 0x00007ff9c9fa5000 	C:\Windows\System32\DriverStore\FileRepository\nvlt.inf_amd64_6fdb2f2a4eb90886\nvoglv64.dll
0x00007ffa2d030000 - 0x00007ffa2d187000 	C:\Windows\System32\ole32.dll
0x00007ffa27c60000 - 0x00007ffa27c73000 	C:\Windows\SYSTEM32\WTSAPI32.dll
0x00007ffa23850000 - 0x00007ffa2387f000 	C:\Windows\SYSTEM32\cryptnet.dll
0x00007ff9fa930000 - 0x00007ff9fabe7000 	C:\Windows\system32\nvspcap64.dll
0x00007ffa2ac60000 - 0x00007ffa2acb6000 	C:\Windows\SYSTEM32\WINSTA.dll
0x00007ffa02850000 - 0x00007ffa028cf000 	C:\_gdl\instances\Craft to Exile [Dissonance]\natives\lwjgl_stb.dll
0x00007ffa26080000 - 0x00007ffa2612e000 	C:\Windows\SYSTEM32\mscms.dll
0x00007ffa25fa0000 - 0x00007ffa25fb7000 	C:\Windows\SYSTEM32\ColorAdapterClient.dll
0x00007ffa19f20000 - 0x00007ffa19f63000 	C:\Windows\SYSTEM32\icm32.dll
0x00007ffa008a0000 - 0x00007ffa008f8000 	C:\_gdl\instances\Craft to Exile [Dissonance]\natives\lwjgl_opengl.dll
0x00007ffa23200000 - 0x00007ffa2329e000 	C:\Windows\System32\TextInputFramework.dll
0x00007ffa1c740000 - 0x00007ffa1c9e7000 	C:\Windows\System32\iertutil.dll
0x00007ffa1a410000 - 0x00007ffa1a452000 	C:\Users\Kelvin Vuu\AppData\Local\Temp\jna--18023041\jna8854312517089077383.dll
0x00007ffa259c0000 - 0x00007ffa259cb000 	C:\_gdl\java\8u242-b08\bin\sunmscapi.dll
0x00007ff9eb700000 - 0x00007ff9eb895000 	C:\_gdl\java\8u242-b08\bin\awt.dll
0x00007ffa29320000 - 0x00007ffa293af000 	C:\Windows\SYSTEM32\apphelp.dll
0x00007ffa1bf90000 - 0x00007ffa1bfaa000 	C:\_gdl\instances\Craft to Exile [Dissonance]\natives\SAPIWrapper_x64.dll
0x00007ffa2d1f0000 - 0x00007ffa2d292000 	C:\Windows\System32\clbcatq.dll
0x00007ffa22030000 - 0x00007ffa220a2000 	C:\Windows\System32\MMDevApi.dll
0x00007ff9eb990000 - 0x00007ff9ebaa4000 	C:\_gdl\instances\Craft to Exile [Dissonance]\natives\OpenAL.dll
0x00007ffa21db0000 - 0x00007ffa21f0d000 	C:\Windows\SYSTEM32\AUDIOSES.DLL
0x00007ffa29840000 - 0x00007ffa29854000 	C:\Windows\SYSTEM32\resourcepolicyclient.dll
0x00007ffa29ed0000 - 0x00007ffa2a0c4000 	C:\Windows\SYSTEM32\dbghelp.dll

VM Arguments:
jvm_args: -XX:HeapDumpPath=MojangTricksIntelDriversForPerformance_javaw.exe_minecraft.exe.heapdump -Dos.name=Windows 10 -Dos.version=10.0 -Djava.library.path=C:\_gdl\instances\Craft to Exile [Dissonance]\natives -Dminecraft.launcher.brand=GDLauncher -Dminecraft.launcher.version=1.0 -Xmx8192m -Xms8192m -Dminecraft.applet.TargetDirectory=C:\_gdl\instances\Craft to Exile [Dissonance] -Dfml.ignorePatchDiscrepancies=true -Dfml.ignoreInvalidMinecraftCertificates=true -XX:HeapDumpPath=MojangTricksIntelDriversForPerformance_javaw.exe_minecraft.exe.heapdump -Xms256m -XX:+UseG1GC -Dsun.rmi.dgc.server.gcInterval=2147483646 -XX:+UnlockExperimentalVMOptions -XX:G1NewSizePercent=20 -XX:G1ReservePercent=20 -XX:MaxGCPauseMillis=50 -XX:G1HeapRegionSize=32M 
java_command: cpw.mods.modlauncher.Launcher --width 854 --height 480 --username XihuanXigua --version 1.15.2 --gameDir C:\_gdl\instances\Craft to Exile [Dissonance] --assetsDir C:\_gdl\datastore\assets --assetIndex 1.15 --uuid 66c27608249346e99553ff38a6b6d84e --accessToken eyJhbGciOiJIUzI1NiJ9.eyJzdWIiOiI1NmVmODhjZWFkOGRmMWNlMTU3NmQ4YjU5MTFlYmU4MSIsInlnZ3QiOiJhODYyYmQ2YjU0MGU0MzEwYWI2YzUyYTkxODJjYzBkYSIsInNwciI6IjY2YzI3NjA4MjQ5MzQ2ZTk5NTUzZmYzOGE2YjZkODRlIiwiaXNzIjoiWWdnZHJhc2lsLUF1dGgiLCJleHAiOjE2MTA0OTc0OTAsImlhdCI6MTYxMDMyNDY5MH0.B8RSJ5gY_l1XSdvc__Klu2KdjILaJ9jZImWldJHoVe0 --userType mojang --versionType release --launchTarget fmlclient --fml.forgeVersion 31.2.47 --fml.mcVersion 1.15.2 --fml.forgeGroup net.minecraftforge --fml.mcpVersion 20200515.085601
java_class_path (initial): C:\_gdl\datastore\libraries\net\minecraftforge\forge\1.15.2-31.2.47\forge-1.15.2-31.2.47.jar;C:\_gdl\datastore\libraries\org\ow2\asm\asm\7.2\asm-7.2.jar;C:\_gdl\datastore\libraries\org\ow2\asm\asm-commons\7.2\asm-commons-7.2.jar;C:\_gdl\datastore\libraries\org\ow2\asm\asm-tree\7.2\asm-tree-7.2.jar;C:\_gdl\datastore\libraries\org\ow2\asm\asm-util\7.2\asm-util-7.2.jar;C:\_gdl\datastore\libraries\org\ow2\asm\asm-analysis\7.2\asm-analysis-7.2.jar;C:\_gdl\datastore\libraries\cpw\mods\modlauncher\5.1.2\modlauncher-5.1.2.jar;C:\_gdl\datastore\libraries\cpw\mods\grossjava9hacks\1.3.0\grossjava9hacks-1.3.0.jar;C:\_gdl\datastore\libraries\net\minecraftforge\accesstransformers\2.1.3-shadowed\accesstransformers-2.1.3-shadowed.jar;C:\_gdl\datastore\libraries\net\minecraftforge\eventbus\2.2.1-service\eventbus-2.2.1-service.jar;C:\_gdl\datastore\libraries\net\minecraftforge\forgespi\3.0.0\forgespi-3.0.0.jar;C:\_gdl\datastore\libraries\net\minecraftforge\coremods\2.0.3\coremods-2.0.3.jar;C:\_gdl\datastore\libraries\net\minecraftforge\unsafe\0.2.0\unsafe-0.2.0.jar;C:\_gdl\datastore\libraries\org\spongepowered\mixin\0.8.2\mixin-0.8.2.jar;C:\_gdl\datastore\libraries\com\electronwill\night-config\core\3.6.2\core-3.6.2.jar;C:\_gdl\datastore\libraries\com\electronwill\night-config\toml\3.6.2\toml-3.6.2.jar;C:\_gdl\datastore\libraries\org\jline\jline\3.12.1\jline-3.12.1.jar;C:\_gdl\datastore\libraries\org\apache\maven\maven-artifact\3.6.0\maven-artifact-3.6.0.jar;C:\_gdl\datastore\libraries\net\jodah\typetools\0.8.1\typetools-0.8.1.jar;C:\_gdl\datastore\libraries\org\apache\logging\log4j\log4j-api\2.11.2\log4j-api-2.11.2.jar;C:\_gdl\datastore\libraries\org\apache\logging\log4j\log4j-core\2.11.2\log4j-core-2.11.2.jar;C:\_gdl\datastore\libraries\net\minecrell\terminalconsoleappender\1.2.0\terminalconsoleappender-1.2.0.jar;C:\_gdl\datastore\libraries\net\sf\jopt-simple\jopt-simple\5.0.4\jopt-simple-5.0.4.jar;C:\_gdl\datastore\libraries\com\mojang\patchy\1.1\patch
Launcher Type: SUN_STANDARD

Environment Variables:
JAVA_HOME=C:\Program Files\AdoptOpenJDK\jdk-8.0.275.1-hotspot
PATH=C:\Program Files\AdoptOpenJDK\jdk-8.0.275.1-hotspot\bin;C:\Program Files\AdoptOpenJDK\jre-8.0.275.1-hotspot\bin;C:\Windows\system32;C:\Windows;C:\Windows\System32\Wbem;C:\Windows\System32\WindowsPowerShell\v1.0\;C:\Windows\System32\OpenSSH\;C:\Program Files (x86)\NVIDIA Corporation\PhysX\Common;C:\Program Files\NVIDIA Corporation\NVIDIA NvDLISR;C:\Program Files\Git\cmd;C:\Users\Kelvin Vuu\AppData\Local\Microsoft\WindowsApps;C:\Users\Kelvin Vuu\AppData\Local\GitHubDesktop\bin
USERNAME=Kelvin Vuu
OS=Windows_NT
PROCESSOR_IDENTIFIER=AMD64 Family 23 Model 96 Stepping 1, AuthenticAMD



---------------  S Y S T E M  ---------------

OS: Windows 10.0 , 64 bit Build 18362 (10.0.18362.1110)

CPU:total 16 (initial active 16) (16 cores per cpu, 1 threads per core) family 23 model 96 stepping 1, cmov, cx8, fxsr, mmx, sse, sse2, sse3, ssse3, sse4.1, sse4.2, popcnt, avx, avx2, aes, clmul, mmxext, 3dnowpref, lzcnt, sse4a, tsc, tscinvbit, tscinv, bmi1

Memory: 4k page, physical 16119108k(1978976k free), swap 21214528k(2688664k free)

vm_info: OpenJDK 64-Bit Server VM (25.242-b08) for windows-amd64 JRE (1.8.0_242-b08), built on Jan 19 2020 14:45:52 by "jenkins" with MS VC++ 12.0 (VS2013)

time: Tue Jan 12 01:59:32 2021
timezone: Eastern Standard Time
elapsed time: 152 seconds (0d 0h 2m 32s)

