#
# A fatal error has been detected by the Java Runtime Environment:
#
#  EXCEPTION_ACCESS_VIOLATION (0xc0000005) at pc=0x000000002cdd0000, pid=14620, tid=9368
#
# JRE version: Java(TM) SE Runtime Environment (8.0_51-b16) (build 1.8.0_51-b16)
# Java VM: Java HotSpot(TM) 64-Bit Server VM (25.51-b03 mixed mode windows-amd64 compressed oops)
# Problematic frame:
# C  0x000000002cdd0000
#
# Failed to write core dump. Minidumps are not enabled by default on client versions of Windows
#
# If you would like to submit a bug report, please visit:
#   http://bugreport.java.com/bugreport/crash.jsp
# The crash happened outside the Java Virtual Machine in native code.
# See problematic frame for where to report the bug.
#

---------------  T H R E A D  ---------------

Current thread (0x000000002e333000):  JavaThread "CraftPresence" [_thread_in_native, id=9368, stack(0x0000000029950000,0x0000000029a50000)]

siginfo: ExceptionCode=0xc0000005, ExceptionInformation=0x0000000000000008 0x000000002cdd0000

Registers:
RAX=0x000000002cdd0000, RBX=0x0000000000010001, RCX=0x0000000000010001, RDX=0x0000000029a4e900
RSP=0x0000000029a4e8c8, RBP=0x0000000029a4e9d0, RSI=0x00000000ffffffff, RDI=0x0000000000000009
R8 =0x00000000013ba330, R9 =0x00007fffdf7737b0, R10=0x00007fffde741a10, R11=0x0000000029a4ed38
R12=0x0000000000000000, R13=0x00000000daf52a92, R14=0x0000000029a4ef18, R15=0x000000002e333000
RIP=0x000000002cdd0000, EFLAGS=0x0000000000010206

Top of Stack: (sp=0x0000000029a4e8c8)
0x0000000029a4e8c8:   00007fffdf771f7c 000000005ab237e0
0x0000000029a4e8d8:   0000000002fe1e60 0000000000000040
0x0000000029a4e8e8:   00000000ffffffff 0000000000000001
0x0000000029a4e8f8:   000000005aac38a8 57464c4720656854
0x0000000029a4e908:   7972617262696c20 20746f6e20736920
0x0000000029a4e918:   696c616974696e69 000000000064657a
0x0000000029a4e928:   0000000000000000 0000000000000000
0x0000000029a4e938:   0000000000000000 ffffffff00000042
0x0000000029a4e948:   0000000000000001 0000000000000000
0x0000000029a4e958:   0000000000000000 0000002700000007
0x0000000029a4e968:   000000005a7e6643 0000000029a4ec30
0x0000000029a4e978:   0000000000000000 000000005ab237e0
0x0000000029a4e988:   0000000002fe1e60 000000002ab778d0
0x0000000029a4e998:   0000000000000001 000000002ab778e0
0x0000000029a4e9a8:   00000000000000d8 0000000000000000
0x0000000029a4e9b8:   0000000800000000 0000000000000000 

Instructions: (pc=0x000000002cdd0000)
0x000000002cdcffe0:   
[error occurred during error reporting (printing registers, top of stack, instructions near pc), id 0xc0000005]

Register to memory mapping:

RAX=0x000000002cdd0000 is an unknown value
RBX=0x0000000000010001 is an unknown value
RCX=0x0000000000010001 is an unknown value
RDX=0x0000000029a4e900 is pointing into the stack for thread: 0x000000002e333000
RSP=0x0000000029a4e8c8 is pointing into the stack for thread: 0x000000002e333000
RBP=0x0000000029a4e9d0 is pointing into the stack for thread: 0x000000002e333000
RSI=0x00000000ffffffff is an unknown value
RDI=0x0000000000000009 is an unknown value
R8 =0x00000000013ba330 is an unknown value
R9 =0x00007fffdf7737b0 is an unknown value
R10=0x00007fffde741a10 is an unknown value
R11=0x0000000029a4ed38 is pointing into the stack for thread: 0x000000002e333000
R12=0x0000000000000000 is an unknown value
R13=0x00000000daf52a92 is an unknown value
R14=0x0000000029a4ef18 is pointing into the stack for thread: 0x000000002e333000
R15=0x000000002e333000 is a thread


Stack: [0x0000000029950000,0x0000000029a50000],  sp=0x0000000029a4e8c8,  free space=1018k
Native frames: (J=compiled Java code, j=interpreted, Vv=VM code, C=native code)
C  0x000000002cdd0000

Java frames: (J=compiled Java code, j=interpreted, Vv=VM code)
J 16004  org.lwjgl.system.JNI.invokePI(JIJ)I (0 bytes) @ 0x0000000005497d0e [0x0000000005497c60+0xae]
J 44020 C2 com.gitlab.cdagaming.craftpresence.utils.CommandUtils.reloadData(Z)V (155 bytes) @ 0x0000000009f23cc0 [0x0000000009f21420+0x28a0]
j  com.gitlab.cdagaming.craftpresence.CraftPresence.clientTick()V+32
J 44018 C2 com.gitlab.cdagaming.craftpresence.CraftPresence$1.run()V (8 bytes) @ 0x00000000059271a0 [0x0000000005927160+0x40]
j  java.util.TimerThread.mainLoop()V+221
j  java.util.TimerThread.run()V+1
v  ~StubRoutines::call_stub

---------------  P R O C E S S  ---------------

Java Threads: ( => current thread )
  0x000000002fae5000 JavaThread "Sound engine" daemon [_thread_blocked, id=6784, stack(0x0000000000210000,0x0000000000310000)]
  0x000000009ce18000 JavaThread "Netty Server IO #1" daemon [_thread_in_native, id=9000, stack(0x0000000000b10000,0x0000000000c10000)]
  0x000000009ce17000 JavaThread "Netty Local Client IO #0" daemon [_thread_blocked, id=15736, stack(0x0000000000a10000,0x0000000000b10000)]
  0x000000009ce16800 JavaThread "Netty Server IO #0" daemon [_thread_in_native, id=11840, stack(0x0000000000810000,0x0000000000910000)]
  0x000000009ce0f000 JavaThread "ObjectCleanerThread" daemon [_thread_blocked, id=9584, stack(0x0000000000710000,0x0000000000810000)]
  0x000000009ce14000 JavaThread "Java2D Disposer" daemon [_thread_blocked, id=6620, stack(0x0000000000610000,0x0000000000710000)]
  0x000000002fad8800 JavaThread "Thread-28" daemon [_thread_in_native, id=11720, stack(0x0000000075270000,0x0000000075370000)]
  0x000000001fc29000 JavaThread "Snooper Timer" daemon [_thread_blocked, id=7440, stack(0x000000002cff0000,0x000000002d0f0000)]
  0x000000002fae4000 JavaThread "Keep-Alive-SocketCleaner" daemon [_thread_blocked, id=17116, stack(0x0000000021600000,0x0000000021700000)]
  0x000000002fadf000 JavaThread "Thread-25" daemon [_thread_blocked, id=8720, stack(0x000000003d090000,0x000000003d190000)]
  0x000000002fadb000 JavaThread "Thread-22" daemon [_thread_blocked, id=380, stack(0x000000003e0c0000,0x000000003e1c0000)]
  0x000000002e335000 JavaThread "Discord Rich Presence Timer Thread" daemon [_thread_blocked, id=6360, stack(0x000000003dfc0000,0x000000003e0c0000)]
  0x000000001fc2d000 JavaThread "Thread-20" daemon [_thread_in_native, id=10568, stack(0x000000003b930000,0x000000003ba30000)]
  0x000000001fc2c000 JavaThread "Thread-19" daemon [_thread_in_native, id=17188, stack(0x000000003b830000,0x000000003b930000)]
  0x000000001fc25800 JavaThread "Thread-18" daemon [_thread_in_native, id=6828, stack(0x000000003b730000,0x000000003b830000)]
  0x000000001fc2b800 JavaThread "Thread-17" daemon [_thread_in_native, id=3232, stack(0x000000003b330000,0x000000003b430000)]
  0x000000001fc24800 JavaThread "IPCClient-Reader" [_thread_blocked, id=6796, stack(0x00000000284e0000,0x00000000285e0000)]
  0x000000001fc23000 JavaThread "Thread-12" daemon [_thread_in_native, id=14120, stack(0x00000000357a0000,0x00000000358a0000)]
  0x000000001fc22800 JavaThread "Thread-11" daemon [_thread_in_native, id=16312, stack(0x00000000356a0000,0x00000000357a0000)]
  0x000000001fc1e800 JavaThread "Thread-10" daemon [_thread_in_native, id=18040, stack(0x00000000355a0000,0x00000000356a0000)]
  0x000000001fc1f800 JavaThread "Thread-9" daemon [_thread_in_native, id=9700, stack(0x0000000031ed0000,0x0000000031fd0000)]
  0x000000002e333800 JavaThread "Thread-8" daemon [_thread_in_native, id=16100, stack(0x000000002c9c0000,0x000000002cac0000)]
=>0x000000002e333000 JavaThread "CraftPresence" [_thread_in_native, id=9368, stack(0x0000000029950000,0x0000000029a50000)]
  0x000000002e332000 JavaThread "Timer hack thread" daemon [_thread_blocked, id=8268, stack(0x00000000332a0000,0x00000000333a0000)]
  0x000000002dee5800 JavaThread "pool-3-thread-1" [_thread_blocked, id=12440, stack(0x000000002ccc0000,0x000000002cdc0000)]
  0x000000002faa3800 JavaThread "Snooper Timer" daemon [_thread_blocked, id=13636, stack(0x0000000020950000,0x0000000020a50000)]
  0x00000000201ed800 JavaThread "Thread-2" daemon [_thread_in_native, id=11828, stack(0x0000000020d50000,0x0000000020e50000)]
  0x000000001e237800 JavaThread "Thread-1" daemon [_thread_blocked, id=5964, stack(0x0000000020a50000,0x0000000020b50000)]
  0x000000001e175800 JavaThread "Service Thread" daemon [_thread_blocked, id=4852, stack(0x000000001e540000,0x000000001e640000)]
  0x000000001c8dc000 JavaThread "C1 CompilerThread2" daemon [_thread_blocked, id=1412, stack(0x000000001e040000,0x000000001e140000)]
  0x000000001c8d8800 JavaThread "C2 CompilerThread1" daemon [_thread_blocked, id=3280, stack(0x000000001df40000,0x000000001e040000)]
  0x000000001c8d4000 JavaThread "C2 CompilerThread0" daemon [_thread_blocked, id=8308, stack(0x000000001de40000,0x000000001df40000)]
  0x000000001c8d2000 JavaThread "Attach Listener" daemon [_thread_blocked, id=6172, stack(0x000000001dd40000,0x000000001de40000)]
  0x000000001c8d1000 JavaThread "Signal Dispatcher" daemon [_thread_blocked, id=17904, stack(0x000000001dc40000,0x000000001dd40000)]
  0x00000000031fd000 JavaThread "Finalizer" daemon [_thread_blocked, id=7752, stack(0x000000001db40000,0x000000001dc40000)]
  0x00000000031f4000 JavaThread "Reference Handler" daemon [_thread_blocked, id=17944, stack(0x000000001da40000,0x000000001db40000)]
  0x0000000003104800 JavaThread "Render thread" [_thread_blocked, id=7212, stack(0x0000000003000000,0x0000000003100000)]

Other Threads:
  0x000000001c897000 VMThread [stack: 0x000000001d940000,0x000000001da40000] [id=19184]
  0x000000001e17b800 WatcherThread [stack: 0x000000001e640000,0x000000001e740000] [id=10844]

VM state:not at safepoint (normal execution)

VM Mutex/Monitor currently owned by a thread: None

Heap:
 PSYoungGen      total 1065472K, used 863496K [0x000000076ab00000, 0x00000007b6180000, 0x00000007c0000000)
  eden space 908800K, 86% used [0x000000076ab00000,0x000000079a8fea68,0x00000007a2280000)
  from space 156672K, 50% used [0x00000007abc00000,0x00000007b09438c0,0x00000007b5500000)
  to   space 157184K, 0% used [0x00000007a2280000,0x00000007a2280000,0x00000007abc00000)
 ParOldGen       total 2642944K, used 2392030K [0x00000006c0000000, 0x0000000761500000, 0x000000076ab00000)
  object space 2642944K, 90% used [0x00000006c0000000,0x0000000751ff7a30,0x0000000761500000)
 Metaspace       used 214984K, capacity 244490K, committed 244668K, reserved 1249280K
  class space    used 37491K, capacity 45637K, committed 45756K, reserved 1048576K

Card table byte_map: [0x00000000125c0000,0x0000000012dd0000] byte_map_base: 0x000000000efc0000

Marking Bits: (ParMarkBitMap*) 0x000000005a9e4040
 Begin Bits: [0x0000000013730000, 0x0000000017730000)
 End Bits:   [0x0000000017730000, 0x000000001b730000)

Polling page: 0x0000000001310000

CodeCache: size=245760Kb used=115905Kb max_used=116441Kb free=129854Kb
 bounds [0x0000000003200000, 0x000000000a460000, 0x0000000012200000]
 total_blobs=32414 nmethods=30209 adapters=2109
 compilation: enabled

Compilation events (10 events):
Event: 426.509 Thread 0x000000001c8dc000 45828       1       net.minecraft.client.Minecraft::func_184123_d (5 bytes)
Event: 426.509 Thread 0x000000001c8dc000 nmethod 45828 0x000000000784b910 code [0x000000000784ba60, 0x000000000784bb70]
Event: 426.647 Thread 0x000000001c8dc000 45829       3       net.minecraft.client.renderer.texture.TextureAtlasSprite::close (51 bytes)
Event: 426.647 Thread 0x000000001c8dc000 nmethod 45829 0x00000000089b8310 code [0x00000000089b84a0, 0x00000000089b88b8]
Event: 426.647 Thread 0x000000001c8d4000 45830       4       net.minecraft.client.renderer.texture.NativeImage::close (39 bytes)
Event: 426.648 Thread 0x000000001c8d4000 nmethod 45830 0x0000000005cdc490 code [0x0000000005cdc5e0, 0x0000000005cdc6d8]
Event: 426.649 Thread 0x000000001c8d8800 45831       4       net.minecraft.client.renderer.texture.TextureAtlasSprite::close (51 bytes)
Event: 426.652 Thread 0x000000001c8d8800 nmethod 45831 0x00000000089b7d50 code [0x00000000089b7ec0, 0x00000000089b80c8]
Event: 426.653 Thread 0x000000001c8dc000 45832       3       net.minecraft.client.gui.fonts.providers.UnicodeTextureGlyphProvider$$Lambda$17087/81650082::accept (8 bytes)
Event: 426.654 Thread 0x000000001c8dc000 nmethod 45832 0x000000000784b390 code [0x000000000784b500, 0x000000000784b808]

GC Heap History (10 events):
Event: 411.122 GC heap before
{Heap before GC invocations=275 (full 11):
 PSYoungGen      total 1058816K, used 880522K [0x000000076ab00000, 0x00000007b8600000, 0x00000007c0000000)
  eden space 845824K, 100% used [0x000000076ab00000,0x000000079e500000,0x000000079e500000)
  from space 212992K, 16% used [0x000000079e500000,0x00000007a06e2ae8,0x00000007ab500000)
  to   space 200704K, 0% used [0x00000007ac200000,0x00000007ac200000,0x00000007b8600000)
 ParOldGen       total 2642944K, used 2384777K [0x00000006c0000000, 0x0000000761500000, 0x000000076ab00000)
  object space 2642944K, 90% used [0x00000006c0000000,0x00000007518e26c8,0x0000000761500000)
 Metaspace       used 214735K, capacity 244098K, committed 244412K, reserved 1247232K
  class space    used 37472K, capacity 45613K, committed 45756K, reserved 1048576K
Event: 411.143 GC heap after
Heap after GC invocations=275 (full 11):
 PSYoungGen      total 1042432K, used 32513K [0x000000076ab00000, 0x00000007b6c80000, 0x00000007c0000000)
  eden space 867840K, 0% used [0x000000076ab00000,0x000000076ab00000,0x000000079fa80000)
  from space 174592K, 18% used [0x00000007ac200000,0x00000007ae1c0410,0x00000007b6c80000)
  to   space 189440K, 0% used [0x000000079fa80000,0x000000079fa80000,0x00000007ab380000)
 ParOldGen       total 2642944K, used 2385497K [0x00000006c0000000, 0x0000000761500000, 0x000000076ab00000)
  object space 2642944K, 90% used [0x00000006c0000000,0x0000000751996758,0x0000000761500000)
 Metaspace       used 214735K, capacity 244098K, committed 244412K, reserved 1247232K
  class space    used 37472K, capacity 45613K, committed 45756K, reserved 1048576K
}
Event: 416.122 GC heap before
{Heap before GC invocations=276 (full 11):
 PSYoungGen      total 1042432K, used 900353K [0x000000076ab00000, 0x00000007b6c80000, 0x00000007c0000000)
  eden space 867840K, 100% used [0x000000076ab00000,0x000000079fa80000,0x000000079fa80000)
  from space 174592K, 18% used [0x00000007ac200000,0x00000007ae1c0410,0x00000007b6c80000)
  to   space 189440K, 0% used [0x000000079fa80000,0x000000079fa80000,0x00000007ab380000)
 ParOldGen       total 2642944K, used 2385497K [0x00000006c0000000, 0x0000000761500000, 0x000000076ab00000)
  object space 2642944K, 90% used [0x00000006c0000000,0x0000000751996758,0x0000000761500000)
 Metaspace       used 214799K, capacity 244182K, committed 244412K, reserved 1247232K
  class space    used 37472K, capacity 45613K, committed 45756K, reserved 1048576K
Event: 416.142 GC heap after
Heap after GC invocations=276 (full 11):
 PSYoungGen      total 1057280K, used 32351K [0x000000076ab00000, 0x00000007b6b00000, 0x00000007c0000000)
  eden space 867840K, 0% used [0x000000076ab00000,0x000000076ab00000,0x000000079fa80000)
  from space 189440K, 17% used [0x000000079fa80000,0x00000007a1a17f80,0x00000007ab380000)
  to   space 179200K, 0% used [0x00000007abc00000,0x00000007abc00000,0x00000007b6b00000)
 ParOldGen       total 2642944K, used 2386483K [0x00000006c0000000, 0x0000000761500000, 0x000000076ab00000)
  object space 2642944K, 90% used [0x00000006c0000000,0x0000000751a8cec0,0x0000000761500000)
 Metaspace       used 214799K, capacity 244182K, committed 244412K, reserved 1247232K
  class space    used 37472K, capacity 45613K, committed 45756K, reserved 1048576K
}
Event: 420.945 GC heap before
{Heap before GC invocations=277 (full 11):
 PSYoungGen      total 1057280K, used 900191K [0x000000076ab00000, 0x00000007b6b00000, 0x00000007c0000000)
  eden space 867840K, 100% used [0x000000076ab00000,0x000000079fa80000,0x000000079fa80000)
  from space 189440K, 17% used [0x000000079fa80000,0x00000007a1a17f80,0x00000007ab380000)
  to   space 179200K, 0% used [0x00000007abc00000,0x00000007abc00000,0x00000007b6b00000)
 ParOldGen       total 2642944K, used 2386483K [0x00000006c0000000, 0x0000000761500000, 0x000000076ab00000)
  object space 2642944K, 90% used [0x00000006c0000000,0x0000000751a8cf48,0x0000000761500000)
 Metaspace       used 214899K, capacity 244352K, committed 244668K, reserved 1249280K
  class space    used 37478K, capacity 45616K, committed 45756K, reserved 1048576K
Event: 420.979 GC heap after
Heap after GC invocations=277 (full 11):
 PSYoungGen      total 1039360K, used 42525K [0x000000076ab00000, 0x00000007b5280000, 0x00000007c0000000)
  eden space 885248K, 0% used [0x000000076ab00000,0x000000076ab00000,0x00000007a0b80000)
  from space 154112K, 27% used [0x00000007abc00000,0x00000007ae587708,0x00000007b5280000)
  to   space 167424K, 0% used [0x00000007a0b80000,0x00000007a0b80000,0x00000007aaf00000)
 ParOldGen       total 2642944K, used 2388493K [0x00000006c0000000, 0x0000000761500000, 0x000000076ab00000)
  object space 2642944K, 90% used [0x00000006c0000000,0x0000000751c83470,0x0000000761500000)
 Metaspace       used 214899K, capacity 244352K, committed 244668K, reserved 1249280K
  class space    used 37478K, capacity 45616K, committed 45756K, reserved 1048576K
}
Event: 422.701 GC heap before
{Heap before GC invocations=278 (full 11):
 PSYoungGen      total 1039360K, used 927773K [0x000000076ab00000, 0x00000007b5280000, 0x00000007c0000000)
  eden space 885248K, 100% used [0x000000076ab00000,0x00000007a0b80000,0x00000007a0b80000)
  from space 154112K, 27% used [0x00000007abc00000,0x00000007ae587708,0x00000007b5280000)
  to   space 167424K, 0% used [0x00000007a0b80000,0x00000007a0b80000,0x00000007aaf00000)
 ParOldGen       total 2642944K, used 2388495K [0x00000006c0000000, 0x0000000761500000, 0x000000076ab00000)
  object space 2642944K, 90% used [0x00000006c0000000,0x0000000751c83d08,0x0000000761500000)
 Metaspace       used 214931K, capacity 244388K, committed 244668K, reserved 1249280K
  class space    used 37481K, capacity 45622K, committed 45756K, reserved 1048576K
Event: 422.751 GC heap after
Heap after GC invocations=278 (full 11):
 PSYoungGen      total 1052672K, used 52484K [0x000000076ab00000, 0x00000007b5500000, 0x00000007c0000000)
  eden space 885248K, 0% used [0x000000076ab00000,0x000000076ab00000,0x00000007a0b80000)
  from space 167424K, 31% used [0x00000007a0b80000,0x00000007a3ec1240,0x00000007aaf00000)
  to   space 156672K, 0% used [0x00000007abc00000,0x00000007abc00000,0x00000007b5500000)
 ParOldGen       total 2642944K, used 2390213K [0x00000006c0000000, 0x0000000761500000, 0x000000076ab00000)
  object space 2642944K, 90% used [0x00000006c0000000,0x0000000751e31468,0x0000000761500000)
 Metaspace       used 214931K, capacity 244388K, committed 244668K, reserved 1249280K
  class space    used 37481K, capacity 45622K, committed 45756K, reserved 1048576K
}
Event: 424.087 GC heap before
{Heap before GC invocations=279 (full 11):
 PSYoungGen      total 1052672K, used 937732K [0x000000076ab00000, 0x00000007b5500000, 0x00000007c0000000)
  eden space 885248K, 100% used [0x000000076ab00000,0x00000007a0b80000,0x00000007a0b80000)
  from space 167424K, 31% used [0x00000007a0b80000,0x00000007a3ec1240,0x00000007aaf00000)
  to   space 156672K, 0% used [0x00000007abc00000,0x00000007abc00000,0x00000007b5500000)
 ParOldGen       total 2642944K, used 2391870K [0x00000006c0000000, 0x0000000761500000, 0x000000076ab00000)
  object space 2642944K, 90% used [0x00000006c0000000,0x0000000751fcfa00,0x0000000761500000)
 Metaspace       used 214931K, capacity 244388K, committed 244668K, reserved 1249280K
  class space    used 37481K, capacity 45622K, committed 45756K, reserved 1048576K
Event: 424.158 GC heap after
Heap after GC invocations=279 (full 11):
 PSYoungGen      total 1065472K, used 79118K [0x000000076ab00000, 0x00000007b6180000, 0x00000007c0000000)
  eden space 908800K, 0% used [0x000000076ab00000,0x000000076ab00000,0x00000007a2280000)
  from space 156672K, 50% used [0x00000007abc00000,0x00000007b09438c0,0x00000007b5500000)
  to   space 157184K, 0% used [0x00000007a2280000,0x00000007a2280000,0x00000007abc00000)
 ParOldGen       total 2642944K, used 2392030K [0x00000006c0000000, 0x0000000761500000, 0x000000076ab00000)
  object space 2642944K, 90% used [0x00000006c0000000,0x0000000751ff7a30,0x0000000761500000)
 Metaspace       used 214931K, capacity 244388K, committed 244668K, reserved 1249280K
  class space    used 37481K, capacity 45622K, committed 45756K, reserved 1048576K
}

Deoptimization events (10 events):
Event: 421.501 Thread 0x000000001fc2a800 Uncommon trap: reason=class_check action=maybe_recompile pc=0x0000000008d1ae5c method=net.minecraft.block.Block.func_190949_e(Lnet/minecraft/block/BlockState;Lnet/minecraft/world/IBlockReader;Lnet/minecraft/util/math/BlockPos;)Lnet/minecraft/util/math/Vec3ÈO™QXz@
Event: 421.501 Thread 0x000000001fc2a800 Uncommon trap: reason=class_check action=maybe_recompile pc=0x0000000008d1ae5c method=net.minecraft.block.Block.func_190949_e(Lnet/minecraft/block/BlockState;Lnet/minecraft/world/IBlockReader;Lnet/minecraft/util/math/BlockPos;)Lnet/minecraft/util/math/Vec3öðÀ[ûŒz@
Event: 424.811 Thread 0x000000001fc2a800 Uncommon trap: reason=unstable_if action=reinterpret pc=0x0000000007527ce0 method=vazkii.quark.world.block.SpeleothemBlock.func_204507_t(Lnet/minecraft/block/BlockState;)Lnet/minecraft/fluid/IFluidState; @ 13
Event: 425.394 Thread 0x0000000003104800 Uncommon trap: reason=unstable_if action=reinterpret pc=0x0000000008466b7c method=net.minecraft.client.renderer.chunk.ChunkRenderDispatcher$ChunkRender.func_228935_i_()V @ 4
Event: 425.394 Thread 0x0000000003104800 Uncommon trap: reason=uninitialized action=reinterpret pc=0x000000000845cf74 method=net.minecraft.client.renderer.chunk.ChunkRenderDispatcher$ChunkRender.func_228935_i_()V @ 11
Event: 425.472 Thread 0x0000000003104800 Uncommon trap: reason=unstable_if action=reinterpret pc=0x0000000008e3d6ec method=vazkii.quark.automation.client.render.ChainRenderer.updateTick()V @ 16
Event: 425.510 Thread 0x000000002e333000 Uncommon trap: reason=unstable_if action=reinterpret pc=0x0000000009e5b51c method=com.gitlab.cdagaming.craftpresence.utils.world.DimensionUtils.onTick()V @ 37
Event: 426.680 Thread 0x0000000003104800 Uncommon trap: reason=unstable_if action=reinterpret pc=0x00000000098b4028 method=java.util.concurrent.ForkJoinPool.tryTerminate(ZZ)Z @ 19
Event: 426.680 Thread 0x00000000b983d000 Uncommon trap: reason=unstable_if action=reinterpret pc=0x0000000006c02d98 method=java.util.concurrent.ForkJoinPool.scan(Ljava/util/concurrent/ForkJoinPool$WorkQueue;I)Ljava/util/concurrent/ForkJoinTask; @ 321
Event: 426.680 Thread 0x000000002e330800 Uncommon trap: reason=unstable_if action=reinterpret pc=0x0000000006c02d98 method=java.util.concurrent.ForkJoinPool.scan(Ljava/util/concurrent/ForkJoinPool$WorkQueue;I)Ljava/util/concurrent/ForkJoinTask; @ 321

Internal exceptions (10 events):
Event: 421.232 Thread 0x000000002fae5000 Exception <a 'sun/nio/fs/WindowsException'> (0x000000076c4b6d20) thrown at [C:\re\workspace\8-2-build-windows-amd64-cygwin\jdk8u51\3951\hotspot\src\share\vm\prims\jni.cpp, line 709]
Event: 421.233 Thread 0x000000002fae5000 Exception <a 'sun/nio/fs/WindowsException'> (0x000000076c4bbb80) thrown at [C:\re\workspace\8-2-build-windows-amd64-cygwin\jdk8u51\3951\hotspot\src\share\vm\prims\jni.cpp, line 709]
Event: 421.233 Thread 0x000000002fae5000 Exception <a 'sun/nio/fs/WindowsException'> (0x000000076c4c09e0) thrown at [C:\re\workspace\8-2-build-windows-amd64-cygwin\jdk8u51\3951\hotspot\src\share\vm\prims\jni.cpp, line 709]
Event: 421.233 Thread 0x000000002fae5000 Exception <a 'sun/nio/fs/WindowsException'> (0x000000076c4c5840) thrown at [C:\re\workspace\8-2-build-windows-amd64-cygwin\jdk8u51\3951\hotspot\src\share\vm\prims\jni.cpp, line 709]
Event: 421.233 Thread 0x000000002fae5000 Exception <a 'sun/nio/fs/WindowsException'> (0x000000076c4ca6a0) thrown at [C:\re\workspace\8-2-build-windows-amd64-cygwin\jdk8u51\3951\hotspot\src\share\vm\prims\jni.cpp, line 709]
Event: 421.234 Thread 0x000000002fae5000 Exception <a 'sun/nio/fs/WindowsException'> (0x000000076c4cf500) thrown at [C:\re\workspace\8-2-build-windows-amd64-cygwin\jdk8u51\3951\hotspot\src\share\vm\prims\jni.cpp, line 709]
Event: 422.551 Thread 0x000000002fadf000 NullPointerException at vtable entry 0x000000000331f660
Event: 422.551 Thread 0x000000002fadf000 Exception <a 'java/lang/NullPointerException'> (0x000000079b1ddc60) thrown at [C:\re\workspace\8-2-build-windows-amd64-cygwin\jdk8u51\3951\hotspot\src\share\vm\runtime\sharedRuntime.cpp, line 605]
Event: 425.472 Thread 0x0000000003104800 Implicit null exception at 0x0000000008e3cbf8 to 0x0000000008e3d6dd
Event: 425.510 Thread 0x000000002e333000 Implicit null exception at 0x0000000009e56ef7 to 0x0000000009e5b501

Events (10 events):
Event: 426.681 Thread 0x000000002e330800 Thread exited: 0x000000002e330800
Event: 426.681 Executing VM operation: RevokeBias
Event: 426.681 Executing VM operation: RevokeBias done
Event: 426.681 Thread 0x00000000b983d000 Thread exited: 0x00000000b983d000
Event: 426.681 loading class org/lwjgl/glfw/Callbacks
Event: 426.681 loading class org/lwjgl/glfw/Callbacks done
Event: 426.687 Thread 0x000000001fc21800 Thread exited: 0x000000001fc21800
Event: 426.687 Executing VM operation: RevokeBias
Event: 426.688 Executing VM operation: RevokeBias done
Event: 426.688 Thread 0x000000001fc20000 Thread exited: 0x000000001fc20000


Dynamic libraries:
0x00007ff73ab80000 - 0x00007ff73abb7000 	C:\Users\Home\Twitch\Minecraft\Install\runtime\jre-x64\bin\javaw.exe
0x00007ffff9520000 - 0x00007ffff9710000 	C:\WINDOWS\SYSTEM32\ntdll.dll
0x00007ffff7df0000 - 0x00007ffff7ea2000 	C:\WINDOWS\System32\KERNEL32.DLL
0x00007ffff7240000 - 0x00007ffff74e4000 	C:\WINDOWS\System32\KERNELBASE.dll
0x00007ffff7d40000 - 0x00007ffff7de3000 	C:\WINDOWS\System32\ADVAPI32.dll
0x00007ffff7c00000 - 0x00007ffff7c9e000 	C:\WINDOWS\System32\msvcrt.dll
0x00007ffff8990000 - 0x00007ffff8a27000 	C:\WINDOWS\System32\sechost.dll
0x00007ffff9220000 - 0x00007ffff9340000 	C:\WINDOWS\System32\RPCRT4.dll
0x00007ffff7f50000 - 0x00007ffff80e5000 	C:\WINDOWS\System32\USER32.dll
0x00007ffff6ed0000 - 0x00007ffff6ef1000 	C:\WINDOWS\System32\win32u.dll
0x00007ffff88b0000 - 0x00007ffff88d6000 	C:\WINDOWS\System32\GDI32.dll
0x00007ffff7040000 - 0x00007ffff71d6000 	C:\WINDOWS\System32\gdi32full.dll
0x00007ffff6f20000 - 0x00007ffff6fbe000 	C:\WINDOWS\System32\msvcp_win.dll
0x00007ffff6dd0000 - 0x00007ffff6eca000 	C:\WINDOWS\System32\ucrtbase.dll
0x00007fffeac80000 - 0x00007fffeaf04000 	C:\WINDOWS\WinSxS\amd64_microsoft.windows.common-controls_6595b64144ccf1df_6.0.18362.1016_none_9e7a36bbe461dae4\COMCTL32.dll
0x00007ffff7860000 - 0x00007ffff7b95000 	C:\WINDOWS\System32\combase.dll
0x00007ffff6fc0000 - 0x00007ffff7040000 	C:\WINDOWS\System32\bcryptPrimitives.dll
0x00007ffff7cb0000 - 0x00007ffff7cde000 	C:\WINDOWS\System32\IMM32.DLL
0x000000005aa70000 - 0x000000005ab42000 	C:\Users\Home\Twitch\Minecraft\Install\runtime\jre-x64\bin\msvcr100.dll
0x000000005a1e0000 - 0x000000005aa63000 	C:\Users\Home\Twitch\Minecraft\Install\runtime\jre-x64\bin\server\jvm.dll
0x00007ffff7f40000 - 0x00007ffff7f48000 	C:\WINDOWS\System32\PSAPI.DLL
0x00007fffe9cf0000 - 0x00007fffe9d14000 	C:\WINDOWS\SYSTEM32\WINMM.dll
0x00007ffff06d0000 - 0x00007ffff06da000 	C:\WINDOWS\SYSTEM32\VERSION.dll
0x00007ffff4ab0000 - 0x00007ffff4ab9000 	C:\WINDOWS\SYSTEM32\WSOCK32.dll
0x00007ffff8a30000 - 0x00007ffff8a9f000 	C:\WINDOWS\System32\WS2_32.dll
0x00007fffe9bc0000 - 0x00007fffe9bed000 	C:\WINDOWS\SYSTEM32\winmmbase.dll
0x00007ffff64a0000 - 0x00007ffff64ea000 	C:\WINDOWS\System32\cfgmgr32.dll
0x000000005a1d0000 - 0x000000005a1df000 	C:\Users\Home\Twitch\Minecraft\Install\runtime\jre-x64\bin\verify.dll
0x000000005a1a0000 - 0x000000005a1c9000 	C:\Users\Home\Twitch\Minecraft\Install\runtime\jre-x64\bin\java.dll
0x000000005a180000 - 0x000000005a196000 	C:\Users\Home\Twitch\Minecraft\Install\runtime\jre-x64\bin\zip.dll
0x00007ffff81c0000 - 0x00007ffff88a7000 	C:\WINDOWS\System32\SHELL32.dll
0x00007ffff80f0000 - 0x00007ffff8199000 	C:\WINDOWS\System32\shcore.dll
0x00007ffff6640000 - 0x00007ffff6dc2000 	C:\WINDOWS\System32\windows.storage.dll
0x00007ffff63e0000 - 0x00007ffff6403000 	C:\WINDOWS\System32\profapi.dll
0x00007ffff6450000 - 0x00007ffff649a000 	C:\WINDOWS\System32\powrprof.dll
0x00007ffff63d0000 - 0x00007ffff63e0000 	C:\WINDOWS\System32\UMPDC.dll
0x00007ffff75d0000 - 0x00007ffff7622000 	C:\WINDOWS\System32\shlwapi.dll
0x00007ffff6430000 - 0x00007ffff6441000 	C:\WINDOWS\System32\kernel.appcore.dll
0x00007ffff6f00000 - 0x00007ffff6f17000 	C:\WINDOWS\System32\cryptsp.dll
0x000000005a170000 - 0x000000005a17d000 	C:\Users\Home\Twitch\Minecraft\Install\runtime\jre-x64\bin\management.dll
0x000000005a150000 - 0x000000005a16a000 	C:\Users\Home\Twitch\Minecraft\Install\runtime\jre-x64\bin\net.dll
0x00007ffff5c30000 - 0x00007ffff5c97000 	C:\WINDOWS\system32\mswsock.dll
0x00007fffd5fb0000 - 0x00007fffd5fc6000 	C:\WINDOWS\system32\napinsp.dll
0x00007fffd5860000 - 0x00007fffd587a000 	C:\WINDOWS\system32\pnrpnsp.dll
0x00007ffff5980000 - 0x00007ffff5a4b000 	C:\WINDOWS\SYSTEM32\DNSAPI.dll
0x00007ffff7ca0000 - 0x00007ffff7ca8000 	C:\WINDOWS\System32\NSI.dll
0x00007ffff5940000 - 0x00007ffff597a000 	C:\WINDOWS\SYSTEM32\IPHLPAPI.DLL
0x00007fffeda50000 - 0x00007fffeda5e000 	C:\WINDOWS\System32\winrnr.dll
0x00007fffef750000 - 0x00007fffef76c000 	C:\WINDOWS\system32\NLAapi.dll
0x00007ffff1540000 - 0x00007ffff1555000 	C:\WINDOWS\system32\wshbth.dll
0x00007fffedc40000 - 0x00007fffedc4a000 	C:\Windows\System32\rasadhlp.dll
0x00007ffff1ae0000 - 0x00007ffff1b57000 	C:\WINDOWS\System32\fwpuclnt.dll
0x00007ffff75a0000 - 0x00007ffff75c6000 	C:\WINDOWS\System32\bcrypt.dll
0x000000005a130000 - 0x000000005a141000 	C:\Users\Home\Twitch\Minecraft\Install\runtime\jre-x64\bin\nio.dll
0x000000005a100000 - 0x000000005a124000 	C:\Users\Home\Twitch\Minecraft\Install\runtime\jre-x64\bin\sunec.dll
0x00007ffff5740000 - 0x00007ffff5773000 	C:\WINDOWS\system32\rsaenh.dll
0x00007ffff62c0000 - 0x00007ffff62e5000 	C:\WINDOWS\SYSTEM32\USERENV.dll
0x00007ffff5e00000 - 0x00007ffff5e0c000 	C:\WINDOWS\SYSTEM32\CRYPTBASE.dll
0x00007ffff3070000 - 0x00007ffff3086000 	C:\WINDOWS\SYSTEM32\dhcpcsvc6.DLL
0x00007ffff3050000 - 0x00007ffff306c000 	C:\WINDOWS\SYSTEM32\dhcpcsvc.DLL
0x00007fffde740000 - 0x00007fffde7b2000 	C:\Users\Home\Twitch\Minecraft\Install\bin\1657-75df-1fb4-ce87\lwjgl.dll
0x00007fffba4e0000 - 0x00007fffba731000 	C:\Users\Home\Twitch\Minecraft\Install\bin\1657-75df-1fb4-ce87\jemalloc.dll
0x00007fffdf770000 - 0x00007fffdf7ce000 	C:\Users\Home\Twitch\Minecraft\Install\bin\1657-75df-1fb4-ce87\glfw.dll
0x00007ffff30b0000 - 0x00007ffff3149000 	C:\WINDOWS\system32\uxtheme.dll
0x00007ffff61d0000 - 0x00007ffff61fa000 	C:\WINDOWS\SYSTEM32\DEVOBJ.dll
0x00007ffff34f0000 - 0x00007ffff351d000 	C:\WINDOWS\SYSTEM32\dwmapi.dll
0x00007fffe9640000 - 0x00007fffe975b000 	C:\WINDOWS\SYSTEM32\inputhost.dll
0x00007fffe8420000 - 0x00007fffe874a000 	C:\WINDOWS\SYSTEM32\CoreUIComponents.dll
0x00007ffff29d0000 - 0x00007ffff2aa4000 	C:\WINDOWS\SYSTEM32\CoreMessaging.dll
0x00007ffff1560000 - 0x00007ffff16b3000 	C:\WINDOWS\SYSTEM32\wintypes.dll
0x00007ffff5420000 - 0x00007ffff5451000 	C:\WINDOWS\SYSTEM32\ntmarta.dll
0x00007ffff1fe0000 - 0x00007ffff20d0000 	C:\WINDOWS\SYSTEM32\PROPSYS.dll
0x00007ffff9410000 - 0x00007ffff94d5000 	C:\WINDOWS\System32\OLEAUT32.dll
0x00007ffff8aa0000 - 0x00007ffff8bd5000 	C:\WINDOWS\System32\MSCTF.dll
0x00007ffff8db0000 - 0x00007ffff9220000 	C:\WINDOWS\System32\SETUPAPI.DLL
0x00007ffff71e0000 - 0x00007ffff723c000 	C:\WINDOWS\System32\WINTRUST.dll
0x00007ffff6410000 - 0x00007ffff6422000 	C:\WINDOWS\System32\MSASN1.dll
0x00007ffff64f0000 - 0x00007ffff6639000 	C:\WINDOWS\System32\CRYPT32.dll
0x00007fffbbdb0000 - 0x00007fffbbf06000 	C:\WINDOWS\SYSTEM32\opengl32.dll
0x00007fffe51f0000 - 0x00007fffe521c000 	C:\WINDOWS\SYSTEM32\GLU32.dll
0x00007ffff5030000 - 0x00007ffff5050000 	C:\WINDOWS\SYSTEM32\dxcore.dll
0x00007fffb7180000 - 0x00007fffb99c5000 	C:\WINDOWS\System32\DriverStore\FileRepository\nv_dispi.inf_amd64_e92a0ac2e05fb2ca\nvoglv64.dll
0x00007ffff8be0000 - 0x00007ffff8d37000 	C:\WINDOWS\System32\ole32.dll
0x00007ffff3170000 - 0x00007ffff3183000 	C:\WINDOWS\SYSTEM32\WTSAPI32.dll
0x00007fffdbed0000 - 0x00007fffdc17e000 	C:\WINDOWS\system32\nvspcap64.dll
0x00007ffff5860000 - 0x00007ffff58b6000 	C:\WINDOWS\SYSTEM32\WINSTA.dll
0x00007fffda750000 - 0x00007fffda7cf000 	C:\Users\Home\Twitch\Minecraft\Install\bin\1657-75df-1fb4-ce87\lwjgl_stb.dll
0x00007fffe5630000 - 0x00007fffe56de000 	C:\WINDOWS\SYSTEM32\mscms.dll
0x00007fffe5610000 - 0x00007fffe5627000 	C:\WINDOWS\SYSTEM32\ColorAdapterClient.dll
0x00007fffda700000 - 0x00007fffda743000 	C:\WINDOWS\SYSTEM32\icm32.dll
0x00007fffda6a0000 - 0x00007fffda6f8000 	C:\Users\Home\Twitch\Minecraft\Install\bin\1657-75df-1fb4-ce87\lwjgl_opengl.dll
0x00007fffda0c0000 - 0x00007fffda102000 	C:\Users\Home\AppData\Local\Temp\jna-2255103\jna4078458467097695344.dll
0x0000000059f60000 - 0x000000005a0f8000 	C:\Users\Home\Twitch\Minecraft\Install\runtime\jre-x64\bin\awt.dll
0x00007ffff2f80000 - 0x00007ffff300f000 	C:\WINDOWS\SYSTEM32\apphelp.dll
0x00007ffff4a90000 - 0x00007ffff4aaa000 	C:\Users\Home\Twitch\Minecraft\Install\bin\1657-75df-1fb4-ce87\SAPIWrapper_x64.dll
0x00007ffff88e0000 - 0x00007ffff8982000 	C:\WINDOWS\System32\clbcatq.dll
0x00007ffff0ad0000 - 0x00007ffff0b42000 	C:\WINDOWS\System32\MMDevApi.dll
0x00007fffee3f0000 - 0x00007fffee48e000 	C:\WINDOWS\System32\TextInputFramework.dll
0x00007fffe8020000 - 0x00007fffe82c6000 	C:\WINDOWS\System32\iertutil.dll
0x00007fffda260000 - 0x00007fffda374000 	C:\Users\Home\Twitch\Minecraft\Install\bin\1657-75df-1fb4-ce87\OpenAL.dll
0x00007ffff0c00000 - 0x00007ffff0d5d000 	C:\WINDOWS\SYSTEM32\AUDIOSES.DLL
0x00007ffff3400000 - 0x00007ffff3414000 	C:\WINDOWS\SYSTEM32\resourcepolicyclient.dll
0x00007ffff45c0000 - 0x00007ffff47b4000 	C:\WINDOWS\SYSTEM32\dbghelp.dll

VM Arguments:
jvm_args: -XX:HeapDumpPath=MojangTricksIntelDriversForPerformance_javaw.exe_minecraft.exe.heapdump -Dos.name=Windows 10 -Dos.version=10.0 -Xss1M -Djava.library.path=C:\Users\Home\Twitch\Minecraft\Install\bin\1657-75df-1fb4-ce87 -Dminecraft.launcher.brand=minecraft-launcher -Dminecraft.launcher.version=2.1.16101 -Xmx4096m -Xms256m -XX:PermSize=256m -Dminecraft.applet.TargetDirectory=C:\Users\Home\Twitch\Minecraft\Instances\Craft to Exile [Dissonance] -Dfml.ignorePatchDiscrepancies=true -Dfml.ignoreInvalidMinecraftCertificates=true -Duser.language=en -Duser.country=US -Dlog4j.configurationFile=C:\Users\Home\Twitch\Minecraft\Install\assets\log_configs\client-1.12.xml 
java_command: cpw.mods.modlauncher.Launcher --username Mageronix --version forge-31.2.36 --gameDir C:\Users\Home\Twitch\Minecraft\Instances\Craft to Exile [Dissonance] --assetsDir C:\Users\Home\Twitch\Minecraft\Install\assets --assetIndex 1.15 --uuid 078e6d6a263646289d0d28d4dd831d5f --accessToken eyJhbGciOiJIUzI1NiJ9.eyJzdWIiOiJlMTdjMzAwM2Q5MDk4YjAzMThiYzljN2VlODFlOTFhNCIsInlnZ3QiOiI5NDJkYjgyY2Y1NjE0M2JhODZiYmY0YjQxZjhlNWQ1OSIsInNwciI6IjA3OGU2ZDZhMjYzNjQ2Mjg5ZDBkMjhkNGRkODMxZDVmIiwiaXNzIjoiWWdnZHJhc2lsLUF1dGgiLCJleHAiOjE1OTc0Mjc0MjUsImlhdCI6MTU5NzI1NDYyNX0.JhK3DKSUf7-2ArHM1L6Xftg09wIHPOkPOSEeILuGiX8 --userType mojang --versionType release --width 1024 --height 768 --launchTarget fmlclient --fml.forgeVersion 31.2.36 --fml.mcVersion 1.15.2 --fml.forgeGroup net.minecraftforge --fml.mcpVersion 20200515.085601
java_class_path (initial): C:\Users\Home\Twitch\Minecraft\Install\libraries\net\minecraftforge\forge\1.15.2-31.2.36\forge-1.15.2-31.2.36.jar;C:\Users\Home\Twitch\Minecraft\Install\libraries\org\ow2\asm\asm\7.2\asm-7.2.jar;C:\Users\Home\Twitch\Minecraft\Install\libraries\org\ow2\asm\asm-commons\7.2\asm-commons-7.2.jar;C:\Users\Home\Twitch\Minecraft\Install\libraries\org\ow2\asm\asm-tree\7.2\asm-tree-7.2.jar;C:\Users\Home\Twitch\Minecraft\Install\libraries\cpw\mods\modlauncher\5.1.2\modlauncher-5.1.2.jar;C:\Users\Home\Twitch\Minecraft\Install\libraries\cpw\mods\grossjava9hacks\1.3.0\grossjava9hacks-1.3.0.jar;C:\Users\Home\Twitch\Minecraft\Install\libraries\net\minecraftforge\accesstransformers\2.1.3-shadowed\accesstransformers-2.1.3-shadowed.jar;C:\Users\Home\Twitch\Minecraft\Install\libraries\net\minecraftforge\eventbus\2.2.0-service\eventbus-2.2.0-service.jar;C:\Users\Home\Twitch\Minecraft\Install\libraries\net\minecraftforge\forgespi\3.0.0\forgespi-3.0.0.jar;C:\Users\Home\Twitch\Minecraft\Install\libraries\net\minecraftforge\coremods\2.0.3\coremods-2.0.3.jar;C:\Users\Home\Twitch\Minecraft\Install\libraries\net\minecraftforge\unsafe\0.2.0\unsafe-0.2.0.jar;C:\Users\Home\Twitch\Minecraft\Install\libraries\com\electronwill\night-config\core\3.6.2\core-3.6.2.jar;C:\Users\Home\Twitch\Minecraft\Install\libraries\com\electronwill\night-config\toml\3.6.2\toml-3.6.2.jar;C:\Users\Home\Twitch\Minecraft\Install\libraries\org\jline\jline\3.12.1\jline-3.12.1.jar;C:\Users\Home\Twitch\Minecraft\Install\libraries\org\apache\maven\maven-artifact\3.6.0\maven-artifact-3.6.0.jar;C:\Users\Home\Twitch\Minecraft\Install\libraries\net\jodah\typetools\0.8.1\typetools-0.8.1.jar;C:\Users\Home\Twitch\Minecraft\Install\libraries\org\apache\logging\log4j\log4j-api\2.11.2\log4j-api-2.11.2.jar;C:\Users\Home\Twitch\Minecraft\Install\libraries\org\apache\logging\log4j\log4j-core\2.11.2\log4j-core-2.11.2.jar;C:\Users\Home\Twitch\Minecraft\Install\libraries\net\minecrell\terminalconsoleappender\1.2.0
Launcher Type: SUN_STANDARD

Environment Variables:
PATH=C:\Program Files (x86)\Common Files\Oracle\Java\javapath;C:\Windows\system32;C:\Windows;C:\Windows\System32\Wbem;C:\Windows\System32\WindowsPowerShell\v1.0\;C:\Windows\System32\OpenSSH\;C:\Program Files\NVIDIA Corporation\NVIDIA NvDLISR;;C:\Program Files (x86)\NVIDIA Corporation\PhysX\Common;C:\WINDOWS\system32;C:\WINDOWS;C:\WINDOWS\System32\Wbem;C:\WINDOWS\System32\WindowsPowerShell\v1.0\;C:\WINDOWS\System32\OpenSSH\;C:\Program Files\nodejs\;C:\Users\Home\AppData\Local\Microsoft\WindowsApps;C:\Users\Home\AppData\Local\GitHubDesktop\bin;C:\Users\Home\AppData\Roaming\npm
USERNAME=Home
OS=Windows_NT
PROCESSOR_IDENTIFIER=AMD64 Family 23 Model 17 Stepping 0, AuthenticAMD



---------------  S Y S T E M  ---------------

OS: Windows 10.0 , 64 bit Build 18362 (10.0.18362.959)

CPU:total 4 (4 cores per cpu, 1 threads per core) family 23 model 17 stepping 0, cmov, cx8, fxsr, mmx, sse, sse2, sse3, ssse3, sse4.1, sse4.2, popcnt, avx, avx2, aes, clmul, mmxext, 3dnowpref, lzcnt, sse4a, tsc, tscinvbit, tscinv, bmi1

Memory: 4k page, physical 16705536k(7127296k free), swap 19195904k(6308168k free)

vm_info: Java HotSpot(TM) 64-Bit Server VM (25.51-b03) for windows-amd64 JRE (1.8.0_51-b16), built on Jun  8 2015 18:03:07 by "java_re" with MS VC++ 10.0 (VS2010)

time: Thu Aug 13 12:30:58 2020
elapsed time: 426 seconds (0d 0h 7m 6s)

