#
# A fatal error has been detected by the Java Runtime Environment:
#
#  EXCEPTION_ACCESS_VIOLATION (0xc0000005) at pc=0x00000000270a0000, pid=3588, tid=15832
#
# JRE version: Java(TM) SE Runtime Environment (8.0_51-b16) (build 1.8.0_51-b16)
# Java VM: Java HotSpot(TM) 64-Bit Server VM (25.51-b03 mixed mode windows-amd64 compressed oops)
# Problematic frame:
# C  0x00000000270a0000
#
# Failed to write core dump. Minidumps are not enabled by default on client versions of Windows
#
# If you would like to submit a bug report, please visit:
#   http://bugreport.java.com/bugreport/crash.jsp
# The crash happened outside the Java Virtual Machine in native code.
# See problematic frame for where to report the bug.
#

---------------  T H R E A D  ---------------

Current thread (0x00000000292ac000):  JavaThread "CraftPresence" [_thread_in_native, id=15832, stack(0x0000000027670000,0x0000000027770000)]

siginfo: ExceptionCode=0xc0000005, ExceptionInformation=0x0000000000000008 0x00000000270a0000

Registers:
RAX=0x00000000270a0000, RBX=0x0000000000010001, RCX=0x0000000000010001, RDX=0x000000002776e7a0
RSP=0x000000002776e768, RBP=0x000000002776e870, RSI=0x00000000005fd360, RDI=0x0000000000000009
R8 =0x00000000005fd360, R9 =0x00007ffb74ad37b0, R10=0x00007ffb7d601a10, R11=0x000000002776ebd8
R12=0x0000000000000000, R13=0x0000000080000001, R14=0x00000006c0000488, R15=0x00000000292ac000
RIP=0x00000000270a0000, EFLAGS=0x0000000000010206

Top of Stack: (sp=0x000000002776e768)
0x000000002776e768:   00007ffb74ad1f7c 0000000100000084
0x000000002776e778:   00000000681f2ccd 000066c2e90727d4
0x000000002776e788:   00000000292ac000 0000000786cca7e8
0x000000002776e798:   00000000043cf7bc 57464c4720656854
0x000000002776e7a8:   7972617262696c20 20746f6e20736920
0x000000002776e7b8:   696c616974696e69 000000070064657a
0x000000002776e7c8:   0000000786cca9dc 0000000786cca9d0
0x000000002776e7d8:   0000000786cca9d0 00000000d8038c8e
0x000000002776e7e8:   0000000786cca970 00000000292ac000
0x000000002776e7f8:   00000000292ac000 0000000786cca7e8
0x000000002776e808:   00000000049c5320 0000000000000000
0x000000002776e818:   0000000786cca970 0000000000000006
0x000000002776e828:   0000000003568ee4 00000007c0091b30
0x000000002776e838:   0000000786cca958 0000000786cca7e8
0x000000002776e848:   0000000000000000 00000006c6405c58
0x000000002776e858:   0000000600000000 0000004600000001 

Instructions: (pc=0x00000000270a0000)
0x000000002709ffe0:   
[error occurred during error reporting (printing registers, top of stack, instructions near pc), id 0xc0000005]

Register to memory mapping:

RAX=0x00000000270a0000 is an unknown value
RBX=0x0000000000010001 is an unknown value
RCX=0x0000000000010001 is an unknown value
RDX=0x000000002776e7a0 is pointing into the stack for thread: 0x00000000292ac000
RSP=0x000000002776e768 is pointing into the stack for thread: 0x00000000292ac000
RBP=0x000000002776e870 is pointing into the stack for thread: 0x00000000292ac000
RSI=0x00000000005fd360 is an unknown value
RDI=0x0000000000000009 is an unknown value
R8 =0x00000000005fd360 is an unknown value
R9 =0x00007ffb74ad37b0 is an unknown value
R10=0x00007ffb7d601a10 is an unknown value
R11=0x000000002776ebd8 is pointing into the stack for thread: 0x00000000292ac000
R12=0x0000000000000000 is an unknown value
R13=0x0000000080000001 is an unknown value
R14=0x00000006c0000488 is an oop
[I 
 - klass: {type array int}
 - length: 256
R15=0x00000000292ac000 is a thread


Stack: [0x0000000027670000,0x0000000027770000],  sp=0x000000002776e768,  free space=1017k
Native frames: (J=compiled Java code, j=interpreted, Vv=VM code, C=native code)
C  0x00000000270a0000

Java frames: (J=compiled Java code, j=interpreted, Vv=VM code)
J 14904  org.lwjgl.system.JNI.invokePI(JIJ)I (0 bytes) @ 0x00000000048c104e [0x00000000048c0fa0+0xae]
J 16558 C1 com.gitlab.cdagaming.craftpresence.utils.KeyUtils.onTick()V (150 bytes) @ 0x000000000324788c [0x0000000003247260+0x62c]
J 19455 C1 com.gitlab.cdagaming.craftpresence.utils.CommandUtils.reloadData(Z)V (155 bytes) @ 0x0000000005351ee4 [0x0000000005351de0+0x104]
J 16555 C1 com.gitlab.cdagaming.craftpresence.CraftPresence.clientTick()V (477 bytes) @ 0x00000000026ecf4c [0x00000000026ecdc0+0x18c]
J 16553 C1 com.gitlab.cdagaming.craftpresence.CraftPresence$1.run()V (8 bytes) @ 0x000000000272494c [0x0000000002724880+0xcc]
j  java.util.TimerThread.mainLoop()V+221
j  java.util.TimerThread.run()V+1
v  ~StubRoutines::call_stub

---------------  P R O C E S S  ---------------

Java Threads: ( => current thread )
  0x000000002e083800 JavaThread "Sound engine" daemon [_thread_blocked, id=16436, stack(0x0000000036fa0000,0x00000000370a0000)]
  0x00000000292aa800 JavaThread "Keep-Alive-SocketCleaner" daemon [_thread_blocked, id=16740, stack(0x000000003a7d0000,0x000000003a8d0000)]
  0x00000000292a8000 JavaThread "Thread-20" daemon [_thread_blocked, id=5964, stack(0x000000003acd0000,0x000000003add0000)]
  0x0000000029e77000 JavaThread "Thread-17" daemon [_thread_blocked, id=416, stack(0x000000003b5c0000,0x000000003b6c0000)]
  0x0000000029e76800 JavaThread "Discord Rich Presence Timer Thread" daemon [_thread_blocked, id=4544, stack(0x000000003b4c0000,0x000000003b5c0000)]
  0x0000000029e73800 JavaThread "Thread-15" daemon [_thread_in_native, id=9268, stack(0x000000003b1c0000,0x000000003b2c0000)]
  0x0000000029e74000 JavaThread "Thread-14" daemon [_thread_in_native, id=4552, stack(0x000000003a0d0000,0x000000003a1d0000)]
  0x0000000029e6c000 JavaThread "Thread-13" daemon [_thread_in_native, id=12560, stack(0x0000000038330000,0x0000000038430000)]
  0x0000000029e72800 JavaThread "Thread-12" daemon [_thread_in_native, id=12344, stack(0x0000000039fd0000,0x000000003a0d0000)]
  0x0000000029e68000 JavaThread "IPCClient-Reader" [_thread_blocked, id=15312, stack(0x0000000030260000,0x0000000030360000)]
=>0x00000000292ac000 JavaThread "CraftPresence" [_thread_in_native, id=15832, stack(0x0000000027670000,0x0000000027770000)]
  0x00000000292a9800 JavaThread "Timer hack thread" daemon [_thread_blocked, id=16392, stack(0x0000000026f90000,0x0000000027090000)]
  0x000000002b65b800 JavaThread "pool-3-thread-1" [_thread_blocked, id=4436, stack(0x000000002bc20000,0x000000002bd20000)]
  0x000000001dda8800 JavaThread "Snooper Timer" daemon [_thread_blocked, id=9708, stack(0x000000002bab0000,0x000000002bbb0000)]
  0x000000001f364800 JavaThread "Thread-2" daemon [_thread_in_native, id=6592, stack(0x000000001fef0000,0x000000001fff0000)]
  0x000000001f1af000 JavaThread "Thread-1" daemon [_thread_blocked, id=14800, stack(0x000000001fbf0000,0x000000001fcf0000)]
  0x000000001d412800 JavaThread "Service Thread" daemon [_thread_blocked, id=12848, stack(0x000000001d7e0000,0x000000001d8e0000)]
  0x000000001bb9f800 JavaThread "C1 CompilerThread2" daemon [_thread_blocked, id=13504, stack(0x000000001d2e0000,0x000000001d3e0000)]
  0x000000001bb9c000 JavaThread "C2 CompilerThread1" daemon [_thread_blocked, id=16116, stack(0x000000001d1e0000,0x000000001d2e0000)]
  0x000000001bb97000 JavaThread "C2 CompilerThread0" daemon [_thread_blocked, id=12092, stack(0x000000001d0e0000,0x000000001d1e0000)]
  0x000000001bb95800 JavaThread "Attach Listener" daemon [_thread_blocked, id=16892, stack(0x000000001cfe0000,0x000000001d0e0000)]
  0x000000001bb94800 JavaThread "Signal Dispatcher" daemon [_thread_blocked, id=13992, stack(0x000000001cee0000,0x000000001cfe0000)]
  0x00000000024bd000 JavaThread "Finalizer" daemon [_thread_blocked, id=756, stack(0x000000001cde0000,0x000000001cee0000)]
  0x00000000024b4000 JavaThread "Reference Handler" daemon [_thread_blocked, id=12628, stack(0x000000001cce0000,0x000000001cde0000)]
  0x00000000023c4800 JavaThread "Render thread" [_thread_blocked, id=15036, stack(0x00000000022c0000,0x00000000023c0000)]

Other Threads:
  0x000000001bb57000 VMThread [stack: 0x000000001cbe0000,0x000000001cce0000] [id=7300]
  0x000000001d424000 WatcherThread [stack: 0x000000001d8e0000,0x000000001d9e0000] [id=8368]

VM state:not at safepoint (normal execution)

VM Mutex/Monitor currently owned by a thread: None

Heap:
 PSYoungGen      total 931840K, used 367063K [0x000000076ab00000, 0x00000007c0000000, 0x00000007c0000000)
  eden space 465920K, 3% used [0x000000076ab00000,0x000000076b9cedc8,0x0000000787200000)
  from space 465920K, 75% used [0x0000000787200000,0x000000079c9a71a0,0x00000007a3900000)
  to   space 465920K, 0% used [0x00000007a3900000,0x00000007a3900000,0x00000007c0000000)
 ParOldGen       total 1961472K, used 1445071K [0x00000006c0000000, 0x0000000737b80000, 0x000000076ab00000)
  object space 1961472K, 73% used [0x00000006c0000000,0x0000000718333c48,0x0000000737b80000)
 Metaspace       used 174427K, capacity 194243K, committed 194304K, reserved 1206272K
  class space    used 31749K, capacity 38128K, committed 38144K, reserved 1048576K

Card table byte_map: [0x0000000011880000,0x0000000012090000] byte_map_base: 0x000000000e280000

Marking Bits: (ParMarkBitMap*) 0x0000000068804040
 Begin Bits: [0x00000000129f0000, 0x00000000169f0000)
 End Bits:   [0x00000000169f0000, 0x000000001a9f0000)

Polling page: 0x0000000000530000

CodeCache: size=245760Kb used=51112Kb max_used=51216Kb free=194647Kb
 bounds [0x00000000024c0000, 0x0000000005740000, 0x00000000114c0000]
 total_blobs=16791 nmethods=14875 adapters=1826
 compilation: enabled

Compilation events (10 events):
Event: 179.971 Thread 0x000000001bb9c000 20946       4       java.lang.Class::getCanonicalName (102 bytes)
Event: 179.977 Thread 0x000000001bb9c000 nmethod 20946 0x00000000051f2790 code [0x00000000051f29a0, 0x00000000051f3070]
Event: 181.347 Thread 0x000000001bb9f800 20947       3       net.minecraft.client.renderer.texture.TextureAtlasSprite::close (51 bytes)
Event: 181.348 Thread 0x000000001bb9f800 nmethod 20947 0x0000000004d4ecd0 code [0x0000000004d4ee60, 0x0000000004d4f278]
Event: 181.348 Thread 0x000000001bb97000 20948       4       net.minecraft.client.renderer.texture.NativeImage::close (39 bytes)
Event: 181.349 Thread 0x000000001bb97000 nmethod 20948 0x0000000004fafa50 code [0x0000000004fafba0, 0x0000000004fafc98]
Event: 181.349 Thread 0x000000001bb9c000 20949       4       net.minecraft.client.renderer.texture.TextureAtlasSprite::close (51 bytes)
Event: 181.352 Thread 0x000000001bb9c000 nmethod 20949 0x000000000526ba90 code [0x000000000526bc00, 0x000000000526be08]
Event: 181.353 Thread 0x000000001bb9f800 20950       3       net.minecraft.client.gui.fonts.providers.UnicodeTextureGlyphProvider$$Lambda$13280/1644564366::accept (8 bytes)
Event: 181.353 Thread 0x000000001bb9f800 nmethod 20950 0x0000000004d4e750 code [0x0000000004d4e8c0, 0x0000000004d4ebc8]

GC Heap History (10 events):
Event: 146.679 GC heap before
{Heap before GC invocations=137 (full 7):
 PSYoungGen      total 1154048K, used 1154016K [0x000000076ab00000, 0x00000007c0000000, 0x00000007c0000000)
  eden space 910336K, 100% used [0x000000076ab00000,0x00000007a2400000,0x00000007a2400000)
  from space 243712K, 99% used [0x00000007a2400000,0x00000007b11f8020,0x00000007b1200000)
  to   space 243712K, 0% used [0x00000007b1200000,0x00000007b1200000,0x00000007c0000000)
 ParOldGen       total 1445376K, used 1078568K [0x00000006c0000000, 0x0000000718380000, 0x000000076ab00000)
  object space 1445376K, 74% used [0x00000006c0000000,0x0000000701d4a120,0x0000000718380000)
 Metaspace       used 172625K, capacity 191939K, committed 192000K, reserved 1204224K
  class space    used 31537K, capacity 37850K, committed 37888K, reserved 1048576K
Event: 146.953 GC heap after
Heap after GC invocations=137 (full 7):
 PSYoungGen      total 830464K, used 243680K [0x000000076ab00000, 0x00000007c0000000, 0x00000007c0000000)
  eden space 586752K, 0% used [0x000000076ab00000,0x000000076ab00000,0x000000078e800000)
  from space 243712K, 99% used [0x00000007b1200000,0x00000007bfff8020,0x00000007c0000000)
  to   space 405504K, 0% used [0x000000078e800000,0x000000078e800000,0x00000007a7400000)
 ParOldGen       total 1445376K, used 1303208K [0x00000006c0000000, 0x0000000718380000, 0x000000076ab00000)
  object space 1445376K, 90% used [0x00000006c0000000,0x000000070f8aa120,0x0000000718380000)
 Metaspace       used 172625K, capacity 191939K, committed 192000K, reserved 1204224K
  class space    used 31537K, capacity 37850K, committed 37888K, reserved 1048576K
}
Event: 147.664 GC heap before
{Heap before GC invocations=138 (full 7):
 PSYoungGen      total 830464K, used 830432K [0x000000076ab00000, 0x00000007c0000000, 0x00000007c0000000)
  eden space 586752K, 100% used [0x000000076ab00000,0x000000078e800000,0x000000078e800000)
  from space 243712K, 99% used [0x00000007b1200000,0x00000007bfff8020,0x00000007c0000000)
  to   space 405504K, 0% used [0x000000078e800000,0x000000078e800000,0x00000007a7400000)
 ParOldGen       total 1445376K, used 1303208K [0x00000006c0000000, 0x0000000718380000, 0x000000076ab00000)
  object space 1445376K, 90% used [0x00000006c0000000,0x000000070f8aa120,0x0000000718380000)
 Metaspace       used 172644K, capacity 191945K, committed 192000K, reserved 1204224K
  class space    used 31541K, capacity 37851K, committed 37888K, reserved 1048576K
Event: 147.926 GC heap after
Heap after GC invocations=138 (full 7):
 PSYoungGen      total 974848K, used 387936K [0x000000076ab00000, 0x00000007c0000000, 0x00000007c0000000)
  eden space 586752K, 0% used [0x000000076ab00000,0x000000076ab00000,0x000000078e800000)
  from space 388096K, 99% used [0x000000078e800000,0x00000007a62d8020,0x00000007a6300000)
  to   space 422912K, 0% used [0x00000007a6300000,0x00000007a6300000,0x00000007c0000000)
 ParOldGen       total 1445376K, used 1303208K [0x00000006c0000000, 0x0000000718380000, 0x000000076ab00000)
  object space 1445376K, 90% used [0x00000006c0000000,0x000000070f8aa120,0x0000000718380000)
 Metaspace       used 172644K, capacity 191945K, committed 192000K, reserved 1204224K
  class space    used 31541K, capacity 37851K, committed 37888K, reserved 1048576K
}
Event: 148.568 GC heap before
{Heap before GC invocations=139 (full 7):
 PSYoungGen      total 974848K, used 974688K [0x000000076ab00000, 0x00000007c0000000, 0x00000007c0000000)
  eden space 586752K, 100% used [0x000000076ab00000,0x000000078e800000,0x000000078e800000)
  from space 388096K, 99% used [0x000000078e800000,0x00000007a62d8020,0x00000007a6300000)
  to   space 422912K, 0% used [0x00000007a6300000,0x00000007a6300000,0x00000007c0000000)
 ParOldGen       total 1445376K, used 1303208K [0x00000006c0000000, 0x0000000718380000, 0x000000076ab00000)
  object space 1445376K, 90% used [0x00000006c0000000,0x000000070f8aa120,0x0000000718380000)
 Metaspace       used 172757K, capacity 192131K, committed 192256K, reserved 1204224K
  class space    used 31563K, capacity 37876K, committed 37888K, reserved 1048576K
Event: 148.863 GC heap after
Heap after GC invocations=139 (full 7):
 PSYoungGen      total 888832K, used 422880K [0x000000076ab00000, 0x00000007c0000000, 0x00000007c0000000)
  eden space 465920K, 0% used [0x000000076ab00000,0x000000076ab00000,0x0000000787200000)
  from space 422912K, 99% used [0x00000007a6300000,0x00000007bfff8270,0x00000007c0000000)
  to   space 465920K, 0% used [0x0000000787200000,0x0000000787200000,0x00000007a3900000)
 ParOldGen       total 1445376K, used 1377654K [0x00000006c0000000, 0x0000000718380000, 0x000000076ab00000)
  object space 1445376K, 95% used [0x00000006c0000000,0x000000071415d960,0x0000000718380000)
 Metaspace       used 172757K, capacity 192131K, committed 192256K, reserved 1204224K
  class space    used 31563K, capacity 37876K, committed 37888K, reserved 1048576K
}
Event: 148.863 GC heap before
{Heap before GC invocations=140 (full 8):
 PSYoungGen      total 888832K, used 422880K [0x000000076ab00000, 0x00000007c0000000, 0x00000007c0000000)
  eden space 465920K, 0% used [0x000000076ab00000,0x000000076ab00000,0x0000000787200000)
  from space 422912K, 99% used [0x00000007a6300000,0x00000007bfff8270,0x00000007c0000000)
  to   space 465920K, 0% used [0x0000000787200000,0x0000000787200000,0x00000007a3900000)
 ParOldGen       total 1445376K, used 1377654K [0x00000006c0000000, 0x0000000718380000, 0x000000076ab00000)
  object space 1445376K, 95% used [0x00000006c0000000,0x000000071415d960,0x0000000718380000)
 Metaspace       used 172757K, capacity 192131K, committed 192256K, reserved 1204224K
  class space    used 31563K, capacity 37876K, committed 37888K, reserved 1048576K
Event: 151.575 GC heap after
Heap after GC invocations=140 (full 8):
 PSYoungGen      total 888832K, used 331266K [0x000000076ab00000, 0x00000007c0000000, 0x00000007c0000000)
  eden space 465920K, 0% used [0x000000076ab00000,0x000000076ab00000,0x0000000787200000)
  from space 422912K, 78% used [0x00000007a6300000,0x00000007ba6809f8,0x00000007c0000000)
  to   space 465920K, 0% used [0x0000000787200000,0x0000000787200000,0x00000007a3900000)
 ParOldGen       total 1961472K, used 1445063K [0x00000006c0000000, 0x0000000737b80000, 0x000000076ab00000)
  object space 1961472K, 73% used [0x00000006c0000000,0x0000000718331c48,0x0000000737b80000)
 Metaspace       used 172757K, capacity 192131K, committed 192256K, reserved 1204224K
  class space    used 31563K, capacity 37876K, committed 37888K, reserved 1048576K
}
Event: 181.433 GC heap before
{Heap before GC invocations=141 (full 8):
 PSYoungGen      total 888832K, used 797186K [0x000000076ab00000, 0x00000007c0000000, 0x00000007c0000000)
  eden space 465920K, 100% used [0x000000076ab00000,0x0000000787200000,0x0000000787200000)
  from space 422912K, 78% used [0x00000007a6300000,0x00000007ba6809f8,0x00000007c0000000)
  to   space 465920K, 0% used [0x0000000787200000,0x0000000787200000,0x00000007a3900000)
 ParOldGen       total 1961472K, used 1445063K [0x00000006c0000000, 0x0000000737b80000, 0x000000076ab00000)
  object space 1961472K, 73% used [0x00000006c0000000,0x0000000718331c48,0x0000000737b80000)
 Metaspace       used 174425K, capacity 194243K, committed 194304K, reserved 1206272K
  class space    used 31749K, capacity 38128K, committed 38144K, reserved 1048576K
Event: 181.809 GC heap after
Heap after GC invocations=141 (full 8):
 PSYoungGen      total 931840K, used 351900K [0x000000076ab00000, 0x00000007c0000000, 0x00000007c0000000)
  eden space 465920K, 0% used [0x000000076ab00000,0x000000076ab00000,0x0000000787200000)
  from space 465920K, 75% used [0x0000000787200000,0x000000079c9a71a0,0x00000007a3900000)
  to   space 465920K, 0% used [0x00000007a3900000,0x00000007a3900000,0x00000007c0000000)
 ParOldGen       total 1961472K, used 1445071K [0x00000006c0000000, 0x0000000737b80000, 0x000000076ab00000)
  object space 1961472K, 73% used [0x00000006c0000000,0x0000000718333c48,0x0000000737b80000)
 Metaspace       used 174425K, capacity 194243K, committed 194304K, reserved 1206272K
  class space    used 31749K, capacity 38128K, committed 38144K, reserved 1048576K
}

Deoptimization events (10 events):
Event: 181.347 Thread 0x00000000023c4800 Uncommon trap: reason=unstable_if action=reinterpret pc=0x00000000051c3498 method=com.google.common.cache.LocalCache$AccessQueue.peek()Lcom/google/common/cache/LocalCache$ReferenceEntry; @ 15
Event: 181.347 Thread 0x00000000023c4800 Uncommon trap: reason=class_check action=maybe_recompile pc=0x00000000052c61d4 method=com.google.common.cache.LocalCache$Segment.cleanUp()V @ 7
Event: 181.347 Thread 0x00000000023c4800 Uncommon trap: reason=unstable_if action=reinterpret pc=0x000000000509c8e0 method=com.google.common.cache.LocalCache$AccessQueue.peek()Lcom/google/common/cache/LocalCache$ReferenceEntry; @ 15
Event: 181.347 Thread 0x00000000023c4800 Uncommon trap: reason=class_check action=maybe_recompile pc=0x00000000052c61d4 method=com.google.common.cache.LocalCache$Segment.cleanUp()V @ 7
Event: 181.347 Thread 0x00000000023c4800 Uncommon trap: reason=class_check action=maybe_recompile pc=0x00000000052c61d4 method=com.google.common.cache.LocalCache$Segment.cleanUp()V @ 7
Event: 181.432 Thread 0x000000002e07f000 Uncommon trap: reason=speculate_class_check action=maybe_recompile pc=0x00000000028a8cc0 method=org.apache.logging.log4j.spi.AbstractLogger.logIfEnabled(Ljava/lang/String;Lorg/apache/logging/log4j/Level;Lorg/apache/logging/log4j/Marker;Ljava/lang/String;LjÆΩ™‘≠f@
Event: 181.432 Thread 0x000000002e07f000 Uncommon trap: reason=unstable_if action=reinterpret pc=0x00000000051008fc method=java.util.concurrent.locks.ReentrantLock$Sync.nonfairTryAcquire(I)Z @ 34
Event: 181.432 Thread 0x000000002e084000 Uncommon trap: reason=class_check action=maybe_recompile pc=0x0000000005356044 method=org.apache.logging.log4j.spi.AbstractLogger.logIfEnabled(Ljava/lang/String;Lorg/apache/logging/log4j/Level;Lorg/apache/logging/log4j/Marker;Ljava/lang/String;Ljava/lang/Oÿ6{÷≠f@
Event: 181.432 Thread 0x000000002e084000 Uncommon trap: reason=class_check action=maybe_recompile pc=0x0000000005356044 method=org.apache.logging.log4j.spi.AbstractLogger.logIfEnabled(Ljava/lang/String;Lorg/apache/logging/log4j/Level;Lorg/apache/logging/log4j/Marker;Ljava/lang/String;Ljava/lang/OE{a◊≠f@
Event: 181.433 Thread 0x000000002e084000 Uncommon trap: reason=class_check action=maybe_recompile pc=0x0000000005356044 method=org.apache.logging.log4j.spi.AbstractLogger.logIfEnabled(Ljava/lang/String;Lorg/apache/logging/log4j/Level;Lorg/apache/logging/log4j/Marker;Ljava/lang/String;Ljava/lang/OG˝öQ´f@

Internal exceptions (10 events):
Event: 140.970 Thread 0x00000000023c4800 Exception <a 'java/lang/NoSuchMethodError': java.lang.Object.lambda$addQuads$1(Lnet/minecraftforge/client/model/IModelConfiguration;Lnet/minecraftforge/client/model/IModelBuilder;Lnet/minecraft/client/renderer/model/ModelBakery;Ljava/util/function/Function<ö§üa@
Event: 140.989 Thread 0x00000000023c4800 Implicit null exception at 0x0000000004425f36 to 0x0000000004426151
Event: 145.918 Thread 0x00000000023c4800 Implicit null exception at 0x0000000004bd448a to 0x0000000004bd47e1
Event: 145.919 Thread 0x00000000023c4800 Implicit null exception at 0x000000000543f4d2 to 0x0000000005441551
Event: 145.919 Thread 0x00000000023c4800 Implicit null exception at 0x000000000542d4ca to 0x000000000542d821
Event: 145.919 Thread 0x00000000023c4800 Implicit null exception at 0x0000000003a49761 to 0x0000000003a49979
Event: 147.629 Thread 0x00000000023c4800 Implicit null exception at 0x0000000005420f6b to 0x000000000542343d
Event: 175.257 Thread 0x00000000023c4800 Exception <a 'java/lang/NoSuchMethodError': java.lang.Object.lambda$comparingByKey$6d558cbf$1(Ljava/util/Comparator;Ljava/util/Map$Entry;Ljava/util/Map$Entry;)I> (0x000000078570c630) thrown at [C:\re\workspace\8-2-build-windows-amd64-cygwin\jdk8u51\3951\ho^‡8Èe@
Event: 175.285 Thread 0x00000000023c4800 Exception <a 'java/lang/NoSuchMethodError': java.lang.Object.func_212931_a(DDILnet/minecraft/client/gui/IGuiEventListener;)Z> (0x0000000785bcf520) thrown at [C:\re\workspace\8-2-build-windows-amd64-cygwin\jdk8u51\3951\hotspot\src\share\vm\interpreter\linkRA≥êe™f@
Event: 181.325 Thread 0x00000000023c4800 Exception <a 'java/lang/IncompatibleClassChangeError': Found class java.lang.Object, but interface was expected> (0x00000007866fb110) thrown at [C:\re\workspace\8-2-build-windows-amd64-cygwin\jdk8u51\3951\hotspot\src\share\vm\interpreter\linkResolver.cpp, 2tÆüa@

Events (10 events):
Event: 181.432 Thread 0x000000002e084000 DEOPT PACKING pc=0x0000000005356044 sp=0x000000002437eae0
Event: 181.432 Thread 0x000000002e084000 DEOPT UNPACKING pc=0x000000000250582a sp=0x000000002437eab8 mode 2
Event: 181.432 Thread 0x000000002e084000 Uncommon trap: trap_request=0xffffffde fr.pc=0x0000000005356044
Event: 181.432 Thread 0x000000002e084000 DEOPT PACKING pc=0x0000000005356044 sp=0x000000002437eae0
Event: 181.433 Thread 0x000000002e084000 DEOPT UNPACKING pc=0x000000000250582a sp=0x000000002437eab8 mode 2
Event: 181.433 Thread 0x000000002e084000 Uncommon trap: trap_request=0xffffffde fr.pc=0x0000000005356044
Event: 181.433 Thread 0x000000002e084000 DEOPT PACKING pc=0x0000000005356044 sp=0x000000002437eae0
Event: 181.433 Thread 0x000000002e084000 DEOPT UNPACKING pc=0x000000000250582a sp=0x000000002437eab8 mode 2
Event: 181.433 Executing VM operation: ParallelGCFailedAllocation
Event: 181.809 Executing VM operation: ParallelGCFailedAllocation done


Dynamic libraries:
0x00007ff79eda0000 - 0x00007ff79edd7000 	C:\Users\Home\Twitch\Minecraft\Install\runtime\jre-x64\bin\javaw.exe
0x00007ffb933c0000 - 0x00007ffb935b0000 	C:\WINDOWS\SYSTEM32\ntdll.dll
0x00007ffb92eb0000 - 0x00007ffb92f62000 	C:\WINDOWS\System32\KERNEL32.DLL
0x00007ffb90710000 - 0x00007ffb909b4000 	C:\WINDOWS\System32\KERNELBASE.dll
0x00007ffb91d50000 - 0x00007ffb91df3000 	C:\WINDOWS\System32\ADVAPI32.dll
0x00007ffb92fc0000 - 0x00007ffb9305e000 	C:\WINDOWS\System32\msvcrt.dll
0x00007ffb93060000 - 0x00007ffb930f7000 	C:\WINDOWS\System32\sechost.dll
0x00007ffb93260000 - 0x00007ffb93380000 	C:\WINDOWS\System32\RPCRT4.dll
0x00007ffb927b0000 - 0x00007ffb92944000 	C:\WINDOWS\System32\USER32.dll
0x00007ffb906e0000 - 0x00007ffb90701000 	C:\WINDOWS\System32\win32u.dll
0x00007ffb92950000 - 0x00007ffb92976000 	C:\WINDOWS\System32\GDI32.dll
0x00007ffb90410000 - 0x00007ffb905a6000 	C:\WINDOWS\System32\gdi32full.dll
0x00007ffb90370000 - 0x00007ffb9040e000 	C:\WINDOWS\System32\msvcp_win.dll
0x00007ffb91150000 - 0x00007ffb9124a000 	C:\WINDOWS\System32\ucrtbase.dll
0x00007ffb870a0000 - 0x00007ffb87324000 	C:\WINDOWS\WinSxS\amd64_microsoft.windows.common-controls_6595b64144ccf1df_6.0.18362.959_none_e6c7bbbf130c62bb\COMCTL32.dll
0x00007ffb92330000 - 0x00007ffb92665000 	C:\WINDOWS\System32\combase.dll
0x00007ffb905b0000 - 0x00007ffb90630000 	C:\WINDOWS\System32\bcryptPrimitives.dll
0x00007ffb92f90000 - 0x00007ffb92fbe000 	C:\WINDOWS\System32\IMM32.DLL
0x0000000068890000 - 0x0000000068962000 	C:\Users\Home\Twitch\Minecraft\Install\runtime\jre-x64\bin\msvcr100.dll
0x0000000068000000 - 0x0000000068883000 	C:\Users\Home\Twitch\Minecraft\Install\runtime\jre-x64\bin\server\jvm.dll
0x00007ffb91ed0000 - 0x00007ffb91ed8000 	C:\WINDOWS\System32\PSAPI.DLL
0x00007ffb8c230000 - 0x00007ffb8c239000 	C:\WINDOWS\SYSTEM32\WSOCK32.dll
0x00007ffb7fd50000 - 0x00007ffb7fd74000 	C:\WINDOWS\SYSTEM32\WINMM.dll
0x00007ffb92740000 - 0x00007ffb927af000 	C:\WINDOWS\System32\WS2_32.dll
0x00007ffb8b050000 - 0x00007ffb8b05a000 	C:\WINDOWS\SYSTEM32\VERSION.dll
0x00007ffb7fd20000 - 0x00007ffb7fd4d000 	C:\WINDOWS\SYSTEM32\winmmbase.dll
0x00007ffb90690000 - 0x00007ffb906da000 	C:\WINDOWS\System32\cfgmgr32.dll
0x0000000067ff0000 - 0x0000000067fff000 	C:\Users\Home\Twitch\Minecraft\Install\runtime\jre-x64\bin\verify.dll
0x0000000067fc0000 - 0x0000000067fe9000 	C:\Users\Home\Twitch\Minecraft\Install\runtime\jre-x64\bin\java.dll
0x0000000067fa0000 - 0x0000000067fb6000 	C:\Users\Home\Twitch\Minecraft\Install\runtime\jre-x64\bin\zip.dll
0x00007ffb91600000 - 0x00007ffb91ce6000 	C:\WINDOWS\System32\SHELL32.dll
0x00007ffb91550000 - 0x00007ffb915f9000 	C:\WINDOWS\System32\shcore.dll
0x00007ffb909c0000 - 0x00007ffb91142000 	C:\WINDOWS\System32\windows.storage.dll
0x00007ffb902f0000 - 0x00007ffb90313000 	C:\WINDOWS\System32\profapi.dll
0x00007ffb90280000 - 0x00007ffb902ca000 	C:\WINDOWS\System32\powrprof.dll
0x00007ffb90270000 - 0x00007ffb90280000 	C:\WINDOWS\System32\UMPDC.dll
0x00007ffb914f0000 - 0x00007ffb91542000 	C:\WINDOWS\System32\shlwapi.dll
0x00007ffb90320000 - 0x00007ffb90331000 	C:\WINDOWS\System32\kernel.appcore.dll
0x00007ffb91450000 - 0x00007ffb91467000 	C:\WINDOWS\System32\cryptsp.dll
0x0000000067f90000 - 0x0000000067f9d000 	C:\Users\Home\Twitch\Minecraft\Install\runtime\jre-x64\bin\management.dll
0x0000000067f70000 - 0x0000000067f8a000 	C:\Users\Home\Twitch\Minecraft\Install\runtime\jre-x64\bin\net.dll
0x00007ffb8fae0000 - 0x00007ffb8fb47000 	C:\WINDOWS\system32\mswsock.dll
0x00007ffb74d50000 - 0x00007ffb74d66000 	C:\WINDOWS\system32\napinsp.dll
0x00007ffb74d30000 - 0x00007ffb74d4a000 	C:\WINDOWS\system32\pnrpnsp.dll
0x00007ffb8f830000 - 0x00007ffb8f8fb000 	C:\WINDOWS\SYSTEM32\DNSAPI.dll
0x00007ffb93100000 - 0x00007ffb93108000 	C:\WINDOWS\System32\NSI.dll
0x00007ffb8f7f0000 - 0x00007ffb8f82a000 	C:\WINDOWS\SYSTEM32\IPHLPAPI.DLL
0x00007ffb85cc0000 - 0x00007ffb85cce000 	C:\WINDOWS\System32\winrnr.dll
0x00007ffb8b0e0000 - 0x00007ffb8b0fc000 	C:\WINDOWS\system32\NLAapi.dll
0x00007ffb8c320000 - 0x00007ffb8c335000 	C:\WINDOWS\system32\wshbth.dll
0x00007ffb88600000 - 0x00007ffb8860a000 	C:\Windows\System32\rasadhlp.dll
0x00007ffb89e00000 - 0x00007ffb89e77000 	C:\WINDOWS\System32\fwpuclnt.dll
0x00007ffb90340000 - 0x00007ffb90366000 	C:\WINDOWS\System32\bcrypt.dll
0x0000000067f50000 - 0x0000000067f61000 	C:\Users\Home\Twitch\Minecraft\Install\runtime\jre-x64\bin\nio.dll
0x0000000067f20000 - 0x0000000067f44000 	C:\Users\Home\Twitch\Minecraft\Install\runtime\jre-x64\bin\sunec.dll
0x00007ffb8f5f0000 - 0x00007ffb8f623000 	C:\WINDOWS\system32\rsaenh.dll
0x00007ffb90190000 - 0x00007ffb901b5000 	C:\WINDOWS\SYSTEM32\USERENV.dll
0x00007ffb8fcb0000 - 0x00007ffb8fcbc000 	C:\WINDOWS\SYSTEM32\CRYPTBASE.dll
0x00007ffb8aa70000 - 0x00007ffb8aa86000 	C:\WINDOWS\SYSTEM32\dhcpcsvc6.DLL
0x00007ffb8aa50000 - 0x00007ffb8aa6c000 	C:\WINDOWS\SYSTEM32\dhcpcsvc.DLL
0x00007ffb7d600000 - 0x00007ffb7d672000 	C:\Users\Home\Twitch\Minecraft\Install\bin\801d-c15a-29ab-2ba5\lwjgl.dll
0x00007ffb5c680000 - 0x00007ffb5c8d1000 	C:\Users\Home\Twitch\Minecraft\Install\bin\801d-c15a-29ab-2ba5\jemalloc.dll
0x00007ffb74ad0000 - 0x00007ffb74b2e000 	C:\Users\Home\Twitch\Minecraft\Install\bin\801d-c15a-29ab-2ba5\glfw.dll
0x00007ffb8e5e0000 - 0x00007ffb8e679000 	C:\WINDOWS\system32\uxtheme.dll
0x00007ffb90070000 - 0x00007ffb9009a000 	C:\WINDOWS\SYSTEM32\DEVOBJ.dll
0x00007ffb8ea10000 - 0x00007ffb8ea3d000 	C:\WINDOWS\SYSTEM32\dwmapi.dll
0x00007ffb83e90000 - 0x00007ffb83fab000 	C:\WINDOWS\SYSTEM32\inputhost.dll
0x00007ffb7ea90000 - 0x00007ffb7edba000 	C:\WINDOWS\SYSTEM32\CoreUIComponents.dll
0x00007ffb8df70000 - 0x00007ffb8e044000 	C:\WINDOWS\SYSTEM32\CoreMessaging.dll
0x00007ffb8cc60000 - 0x00007ffb8cd50000 	C:\WINDOWS\SYSTEM32\PROPSYS.dll
0x00007ffb91e00000 - 0x00007ffb91ec5000 	C:\WINDOWS\System32\OLEAUT32.dll
0x00007ffb8c380000 - 0x00007ffb8c4d3000 	C:\WINDOWS\SYSTEM32\wintypes.dll
0x00007ffb8f380000 - 0x00007ffb8f3b1000 	C:\WINDOWS\SYSTEM32\ntmarta.dll
0x00007ffb921f0000 - 0x00007ffb92325000 	C:\WINDOWS\System32\MSCTF.dll
0x00007ffb92a40000 - 0x00007ffb92eb0000 	C:\WINDOWS\System32\SETUPAPI.DLL
0x00007ffb90630000 - 0x00007ffb9068c000 	C:\WINDOWS\System32\WINTRUST.dll
0x00007ffb902d0000 - 0x00007ffb902e2000 	C:\WINDOWS\System32\MSASN1.dll
0x00007ffb91250000 - 0x00007ffb91399000 	C:\WINDOWS\System32\CRYPT32.dll
0x00007ffb6e140000 - 0x00007ffb6e296000 	C:\WINDOWS\SYSTEM32\opengl32.dll
0x00007ffb7dfd0000 - 0x00007ffb7dffc000 	C:\WINDOWS\SYSTEM32\GLU32.dll
0x00007ffb8eee0000 - 0x00007ffb8ef00000 	C:\WINDOWS\SYSTEM32\dxcore.dll
0x00007ffb4f0b0000 - 0x00007ffb518f5000 	C:\WINDOWS\System32\DriverStore\FileRepository\nv_dispi.inf_amd64_e92a0ac2e05fb2ca\nvoglv64.dll
0x00007ffb91ee0000 - 0x00007ffb92037000 	C:\WINDOWS\System32\ole32.dll
0x00007ffb8bac0000 - 0x00007ffb8bad3000 	C:\WINDOWS\SYSTEM32\WTSAPI32.dll
0x00007ffb7b120000 - 0x00007ffb7b3ce000 	C:\WINDOWS\system32\nvspcap64.dll
0x00007ffb8f690000 - 0x00007ffb8f6e6000 	C:\WINDOWS\SYSTEM32\WINSTA.dll
0x00007ffb72fc0000 - 0x00007ffb7303f000 	C:\Users\Home\Twitch\Minecraft\Install\bin\801d-c15a-29ab-2ba5\lwjgl_stb.dll
0x00007ffb7cd30000 - 0x00007ffb7cdde000 	C:\WINDOWS\SYSTEM32\mscms.dll
0x00007ffb7f6d0000 - 0x00007ffb7f6e7000 	C:\WINDOWS\SYSTEM32\ColorAdapterClient.dll
0x00007ffb74a50000 - 0x00007ffb74a93000 	C:\WINDOWS\SYSTEM32\icm32.dll
0x00007ffb86840000 - 0x00007ffb868de000 	C:\WINDOWS\System32\TextInputFramework.dll
0x00007ffb834c0000 - 0x00007ffb83766000 	C:\WINDOWS\System32\iertutil.dll
0x00007ffb71540000 - 0x00007ffb71598000 	C:\Users\Home\Twitch\Minecraft\Install\bin\801d-c15a-29ab-2ba5\lwjgl_opengl.dll
0x00007ffb74850000 - 0x00007ffb74892000 	C:\Users\Home\AppData\Local\Temp\jna-2255103\jna2011209209010399973.dll
0x0000000068e50000 - 0x0000000068fe8000 	C:\Users\Home\Twitch\Minecraft\Install\runtime\jre-x64\bin\awt.dll
0x00007ffb8e530000 - 0x00007ffb8e5bf000 	C:\WINDOWS\SYSTEM32\apphelp.dll
0x00007ffb7dd80000 - 0x00007ffb7dd9a000 	C:\Users\Home\Twitch\Minecraft\Install\bin\801d-c15a-29ab-2ba5\SAPIWrapper_x64.dll
0x00007ffb92980000 - 0x00007ffb92a22000 	C:\WINDOWS\System32\clbcatq.dll
0x00007ffb8b670000 - 0x00007ffb8b6e2000 	C:\WINDOWS\System32\MMDevApi.dll
0x00007ffb71940000 - 0x00007ffb71a54000 	C:\Users\Home\Twitch\Minecraft\Install\bin\801d-c15a-29ab-2ba5\OpenAL.dll
0x00007ffb8b7a0000 - 0x00007ffb8b8fd000 	C:\WINDOWS\SYSTEM32\AUDIOSES.DLL
0x00007ffb8e910000 - 0x00007ffb8e924000 	C:\WINDOWS\SYSTEM32\resourcepolicyclient.dll
0x00007ffb8a660000 - 0x00007ffb8a854000 	C:\WINDOWS\SYSTEM32\dbghelp.dll

VM Arguments:
jvm_args: -XX:HeapDumpPath=MojangTricksIntelDriversForPerformance_javaw.exe_minecraft.exe.heapdump -Dos.name=Windows 10 -Dos.version=10.0 -Xss1M -Djava.library.path=C:\Users\Home\Twitch\Minecraft\Install\bin\801d-c15a-29ab-2ba5 -Dminecraft.launcher.brand=minecraft-launcher -Dminecraft.launcher.version=2.1.16101 -Xmx4096m -Xms256m -XX:PermSize=256m -Dminecraft.applet.TargetDirectory=C:\Users\Home\Twitch\Minecraft\Instances\Craft to Exile [1.15.2] -Dfml.ignorePatchDiscrepancies=true -Dfml.ignoreInvalidMinecraftCertificates=true -Duser.language=en -Duser.country=US -Dlog4j.configurationFile=C:\Users\Home\Twitch\Minecraft\Install\assets\log_configs\client-1.12.xml 
java_command: cpw.mods.modlauncher.Launcher --username Mageronix --version forge-31.2.31 --gameDir C:\Users\Home\Twitch\Minecraft\Instances\Craft to Exile [1.15.2] --assetsDir C:\Users\Home\Twitch\Minecraft\Install\assets --assetIndex 1.15 --uuid 078e6d6a263646289d0d28d4dd831d5f --accessToken eyJhbGciOiJIUzI1NiJ9.eyJzdWIiOiJlMTdjMzAwM2Q5MDk4YjAzMThiYzljN2VlODFlOTFhNCIsInlnZ3QiOiJkYmYwY2QwMjQxNjQ0MGQ1YTVlYjZjMmRiNTQ3MzYyNyIsInNwciI6IjA3OGU2ZDZhMjYzNjQ2Mjg5ZDBkMjhkNGRkODMxZDVmIiwiaXNzIjoiWWdnZHJhc2lsLUF1dGgiLCJleHAiOjE1OTY0MDQ5ODQsImlhdCI6MTU5NjIzMjE4NH0.NMBUDf8BEP0zifoVBGZJF9CcJPWOrz5YYrSHKeXL0gs --userType mojang --versionType release --width 1024 --height 768 --launchTarget fmlclient --fml.forgeVersion 31.2.31 --fml.mcVersion 1.15.2 --fml.forgeGroup net.minecraftforge --fml.mcpVersion 20200515.085601
java_class_path (initial): C:\Users\Home\Twitch\Minecraft\Install\libraries\net\minecraftforge\forge\1.15.2-31.2.31\forge-1.15.2-31.2.31.jar;C:\Users\Home\Twitch\Minecraft\Install\libraries\org\ow2\asm\asm\7.2\asm-7.2.jar;C:\Users\Home\Twitch\Minecraft\Install\libraries\org\ow2\asm\asm-commons\7.2\asm-commons-7.2.jar;C:\Users\Home\Twitch\Minecraft\Install\libraries\org\ow2\asm\asm-tree\7.2\asm-tree-7.2.jar;C:\Users\Home\Twitch\Minecraft\Install\libraries\cpw\mods\modlauncher\5.1.0\modlauncher-5.1.0.jar;C:\Users\Home\Twitch\Minecraft\Install\libraries\cpw\mods\grossjava9hacks\1.3.0\grossjava9hacks-1.3.0.jar;C:\Users\Home\Twitch\Minecraft\Install\libraries\net\minecraftforge\accesstransformers\2.1.3-shadowed\accesstransformers-2.1.3-shadowed.jar;C:\Users\Home\Twitch\Minecraft\Install\libraries\net\minecraftforge\eventbus\2.2.0-service\eventbus-2.2.0-service.jar;C:\Users\Home\Twitch\Minecraft\Install\libraries\net\minecraftforge\forgespi\3.0.0\forgespi-3.0.0.jar;C:\Users\Home\Twitch\Minecraft\Install\libraries\net\minecraftforge\coremods\2.0.3\coremods-2.0.3.jar;C:\Users\Home\Twitch\Minecraft\Install\libraries\net\minecraftforge\unsafe\0.2.0\unsafe-0.2.0.jar;C:\Users\Home\Twitch\Minecraft\Install\libraries\com\electronwill\night-config\core\3.6.2\core-3.6.2.jar;C:\Users\Home\Twitch\Minecraft\Install\libraries\com\electronwill\night-config\toml\3.6.2\toml-3.6.2.jar;C:\Users\Home\Twitch\Minecraft\Install\libraries\org\jline\jline\3.12.1\jline-3.12.1.jar;C:\Users\Home\Twitch\Minecraft\Install\libraries\org\apache\maven\maven-artifact\3.6.0\maven-artifact-3.6.0.jar;C:\Users\Home\Twitch\Minecraft\Install\libraries\net\jodah\typetools\0.8.1\typetools-0.8.1.jar;C:\Users\Home\Twitch\Minecraft\Install\libraries\org\apache\logging\log4j\log4j-api\2.11.2\log4j-api-2.11.2.jar;C:\Users\Home\Twitch\Minecraft\Install\libraries\org\apache\logging\log4j\log4j-core\2.11.2\log4j-core-2.11.2.jar;C:\Users\Home\Twitch\Minecraft\Install\libraries\net\minecrell\terminalconsoleappender\1.2.0
Launcher Type: SUN_STANDARD

Environment Variables:
PATH=C:\Program Files (x86)\Common Files\Oracle\Java\javapath;C:\Windows\system32;C:\Windows;C:\Windows\System32\Wbem;C:\Windows\System32\WindowsPowerShell\v1.0\;C:\Windows\System32\OpenSSH\;C:\Program Files\NVIDIA Corporation\NVIDIA NvDLISR;;C:\Program Files (x86)\NVIDIA Corporation\PhysX\Common;C:\WINDOWS\system32;C:\WINDOWS;C:\WINDOWS\System32\Wbem;C:\WINDOWS\System32\WindowsPowerShell\v1.0\;C:\WINDOWS\System32\OpenSSH\;C:\Program Files\nodejs\;C:\Users\Home\AppData\Local\Microsoft\WindowsApps;C:\Users\Home\AppData\Local\GitHubDesktop\bin;C:\Users\Home\AppData\Roaming\npm
USERNAME=Home
OS=Windows_NT
PROCESSOR_IDENTIFIER=AMD64 Family 23 Model 17 Stepping 0, AuthenticAMD



---------------  S Y S T E M  ---------------

OS: Windows 10.0 , 64 bit Build 18362 (10.0.18362.959)

CPU:total 4 (4 cores per cpu, 1 threads per core) family 23 model 17 stepping 0, cmov, cx8, fxsr, mmx, sse, sse2, sse3, ssse3, sse4.1, sse4.2, popcnt, avx, avx2, aes, clmul, mmxext, 3dnowpref, lzcnt, sse4a, tsc, tscinvbit, tscinv, bmi1

Memory: 4k page, physical 16705536k(8266520k free), swap 19195904k(7017672k free)

vm_info: Java HotSpot(TM) 64-Bit Server VM (25.51-b03) for windows-amd64 JRE (1.8.0_51-b16), built on Jun  8 2015 18:03:07 by "java_re" with MS VC++ 10.0 (VS2010)

time: Sun Aug 02 13:26:00 2020
elapsed time: 181 seconds (0d 0h 3m 1s)

