#
# A fatal error has been detected by the Java Runtime Environment:
#
#  EXCEPTION_ACCESS_VIOLATION (0xc0000005) at pc=0x00000293be9e0000, pid=17116, tid=0x0000000000002a7c
#
# JRE version: OpenJDK Runtime Environment (8.0_242-b08) (build 1.8.0_242-b08)
# Java VM: OpenJDK 64-Bit Server VM (25.242-b08 mixed mode windows-amd64 compressed oops)
# Problematic frame:
# C  0x00000293be9e0000
#
# Failed to write core dump. Minidumps are not enabled by default on client versions of Windows
#
# If you would like to submit a bug report, please visit:
#   
# The crash happened outside the Java Virtual Machine in native code.
# See problematic frame for where to report the bug.
#

---------------  T H R E A D  ---------------

Current thread (0x00000293c1eb0800):  JavaThread "CraftPresence" [_thread_in_native, id=10876, stack(0x000000983af00000,0x000000983b000000)]

siginfo: ExceptionCode=0xc0000005, ExceptionInformation=0x0000000000000008 0x00000293be9e0000

Registers:
RAX=0x00000293be9e0000, RBX=0x0000000000010001, RCX=0x0000000000010001, RDX=0x000000983affed70
RSP=0x000000983affed38, RBP=0x000000983affee40, RSI=0x0000000000000060, RDI=0x00000000f80021de
R8 =0x00000293b5f4b7f0, R9 =0x00007ff809e437b0, R10=0x00007ff809031a10, R11=0x000000983afff1a8
R12=0x0000000000000000, R13=0x00000000be0e1b71, R14=0x00000000b8c01140, R15=0x00000293c1eb0800
RIP=0x00000293be9e0000, EFLAGS=0x0000000000010206

Top of Stack: (sp=0x000000983affed38)
0x000000983affed38:   00007ff809e41f7c 0000000619a0a978
0x000000983affed48:   f105626b0000011e 000000983afff0a8
0x000000983affed58:   000002938cd56056 00000007882b0f10
0x000000983affed68:   00000007882b15f8 57464c4720656854
0x000000983affed78:   7972617262696c20 20746f6e20736920
0x000000983affed88:   696c616974696e69 000000070064657a
0x000000983affed98:   f105626b0000011e 00000000882b1358
0x000000983affeda8:   000000983affef88 00000007882b13a0
0x000000983affedb8:   00000005c6be4938 00000000f8056085
0x000000983affedc8:   f105626b0000011e 00000007882b1358
0x000000983affedd8:   000000007052119d 0000000000000001
0x000000983affede8:   000002938e8f0fbb 00000007882b1340
0x000000983affedf8:   000002939170c71c 0000000619a0a978
0x000000983affee08:   0000000000004eb3 0000000000000001
0x000000983affee18:   000002938e8f0fbb 00000007882b13a0
0x000000983affee28:   00000007c00301f0 00000005c04749c8 

Instructions: (pc=0x00000293be9e0000)
0x00000293be9dffe0:   
[error occurred during error reporting (printing registers, top of stack, instructions near pc), id 0xc0000005]

Register to memory mapping:

RAX=0x00000293be9e0000 is an unknown value
RBX=0x0000000000010001 is an unknown value
RCX=0x0000000000010001 is an unknown value
RDX=0x000000983affed70 is pointing into the stack for thread: 0x00000293c1eb0800
RSP=0x000000983affed38 is pointing into the stack for thread: 0x00000293c1eb0800
RBP=0x000000983affee40 is pointing into the stack for thread: 0x00000293c1eb0800
RSI=0x0000000000000060 is an unknown value
RDI=0x00000000f80021de is an unknown value
R8 =0x00000293b5f4b7f0 is an unknown value
R9 =0x00007ff809e437b0 is an unknown value
R10=0x00007ff809031a10 is an unknown value
R11=0x000000983afff1a8 is pointing into the stack for thread: 0x00000293c1eb0800
R12=0x0000000000000000 is an unknown value
R13=0x00000000be0e1b71 is an unknown value
R14=0x00000000b8c01140 is an unknown value
R15=0x00000293c1eb0800 is a thread


Stack: [0x000000983af00000,0x000000983b000000],  sp=0x000000983affed38,  free space=1019k
Native frames: (J=compiled Java code, j=interpreted, Vv=VM code, C=native code)
C  0x00000293be9e0000

Java frames: (J=compiled Java code, j=interpreted, Vv=VM code)
J 16352  org.lwjgl.system.JNI.invokePI(JIJ)I (0 bytes) @ 0x000002938efd879d [0x000002938efd86e0+0xbd]
J 54988 C2 com.gitlab.cdagaming.craftpresence.utils.CommandUtils.reloadData(Z)V (167 bytes) @ 0x0000029392213c18 [0x0000029392213700+0x518]
J 54989 C2 com.gitlab.cdagaming.craftpresence.CraftPresence.clientTick()V (339 bytes) @ 0x000002938cafd0c0 [0x000002938cafce80+0x240]
J 45148 C2 com.gitlab.cdagaming.craftpresence.CraftPresence$1.run()V (8 bytes) @ 0x000002938d69ea60 [0x000002938d69ea20+0x40]
j  java.util.TimerThread.mainLoop()V+221
j  java.util.TimerThread.run()V+1
v  ~StubRoutines::call_stub

---------------  P R O C E S S  ---------------

Java Threads: ( => current thread )
  0x000002941a65c000 JavaThread "Sound engine" daemon [_thread_blocked, id=6256, stack(0x0000009837f00000,0x0000009838000000)]
  0x000002941a65b800 JavaThread "Netty Client IO #8" daemon [_thread_in_native, id=19856, stack(0x000000983ef00000,0x000000983f000000)]
  0x000002941a653000 JavaThread "Netty Client IO #7" daemon [_thread_in_native, id=5396, stack(0x000000983ee00000,0x000000983ef00000)]
  0x000002941a657800 JavaThread "Netty Client IO #6" daemon [_thread_in_native, id=6244, stack(0x000000983ed00000,0x000000983ee00000)]
  0x000002940959d800 JavaThread "Netty Client IO #5" daemon [_thread_in_native, id=19744, stack(0x000000983da00000,0x000000983db00000)]
  0x0000029409596000 JavaThread "Server Pinger #4" daemon [_thread_blocked, id=11636, stack(0x000000983b600000,0x000000983b700000)]
  0x000002940959c800 JavaThread "LanServerDetector #2" daemon [_thread_in_native, id=12148, stack(0x000000983b500000,0x000000983b600000)]
  0x0000029417d36000 JavaThread "Netty Client IO #4" daemon [_thread_in_native, id=1924, stack(0x000000983eb00000,0x000000983ec00000)]
  0x0000029417d2a000 JavaThread "Netty Client IO #3" daemon [_thread_in_native, id=6432, stack(0x000000983e500000,0x000000983e600000)]
  0x0000029417d37000 JavaThread "Netty Client IO #2" daemon [_thread_in_native, id=12272, stack(0x000000983e900000,0x000000983ea00000)]
  0x0000029417d38800 JavaThread "Netty Client IO #1" daemon [_thread_in_native, id=13820, stack(0x000000983e800000,0x000000983e900000)]
  0x0000029417d34800 JavaThread "Netty Client IO #0" daemon [_thread_in_native, id=1400, stack(0x000000983e700000,0x000000983e800000)]
  0x0000029417d2f800 JavaThread "Server Pinger #3" daemon [_thread_blocked, id=13268, stack(0x000000983db00000,0x000000983dc00000)]
  0x000002941a65a800 JavaThread "Thread-221" daemon [_thread_in_native, id=10204, stack(0x000000983c000000,0x000000983c100000)]
  0x000002941a65a000 JavaThread "Server Pinger #2" daemon [_thread_blocked, id=12472, stack(0x000000983bc00000,0x000000983bd00000)]
  0x000002941a64e800 JavaThread "Server Pinger #1" daemon [_thread_blocked, id=11004, stack(0x000000983b900000,0x000000983ba00000)]
  0x000002941a654800 JavaThread "Server Pinger #0" daemon [_thread_blocked, id=10944, stack(0x000000983b100000,0x000000983b200000)]
  0x0000029409599800 JavaThread "Resource IO {0}" daemon [_thread_blocked, id=1528, stack(0x000000983bf00000,0x000000983c000000)]
  0x0000029417d31000 JavaThread "Netty Server IO #3" daemon [_thread_in_native, id=8144, stack(0x000000983c300000,0x000000983c400000)]
  0x0000029417d30000 JavaThread "Netty Local Client IO #1" daemon [_thread_blocked, id=8544, stack(0x000000983c200000,0x000000983c300000)]
  0x0000029417d2d000 JavaThread "Netty Server IO #2" daemon [_thread_in_native, id=6692, stack(0x000000983c100000,0x000000983c200000)]
  0x00000294095a0800 JavaThread "Thread-135" daemon [_thread_in_native, id=328, stack(0x000000983bd00000,0x000000983be00000)]
  0x0000029409595000 JavaThread "Snooper Timer" daemon [_thread_blocked, id=11088, stack(0x0000009837d00000,0x0000009837e00000)]
  0x0000029409598000 JavaThread "Netty Server IO #1" daemon [_thread_in_native, id=12536, stack(0x000000983e400000,0x000000983e500000)]
  0x0000029409596800 JavaThread "Netty Local Client IO #0" daemon [_thread_blocked, id=6448, stack(0x000000983e300000,0x000000983e400000)]
  0x000002940959c000 JavaThread "Netty Server IO #0" daemon [_thread_in_native, id=5216, stack(0x000000983e200000,0x000000983e300000)]
  0x0000029409593800 JavaThread "ObjectCleanerThread" daemon [_thread_blocked, id=3284, stack(0x000000983e100000,0x000000983e200000)]
  0x0000029403377800 JavaThread "Java2D Disposer" daemon [_thread_blocked, id=13692, stack(0x000000983ff00000,0x0000009840000000)]
  0x00000293c1bfc000 JavaThread "Thread-40" daemon [_thread_in_native, id=3960, stack(0x000000983b700000,0x000000983b800000)]
  0x00000293c1eb3800 JavaThread "Snooper Timer" daemon [_thread_blocked, id=9672, stack(0x0000009837e00000,0x0000009837f00000)]
  0x00000293c73f5000 JavaThread "Thread-35" daemon [_thread_blocked, id=7560, stack(0x000000983e000000,0x000000983e100000)]
  0x00000293c73f3800 JavaThread "Discord Rich Presence Timer Thread" daemon [_thread_blocked, id=1204, stack(0x000000983df00000,0x000000983e000000)]
  0x00000293c1ebb000 JavaThread "Thread-30" daemon [_thread_in_native, id=5928, stack(0x000000983d900000,0x000000983da00000)]
  0x00000293c1eb1000 JavaThread "Thread-29" daemon [_thread_in_native, id=820, stack(0x000000983d800000,0x000000983d900000)]
  0x00000293c1eb7800 JavaThread "Thread-28" daemon [_thread_in_native, id=6832, stack(0x000000983d700000,0x000000983d800000)]
  0x00000293c1eaf800 JavaThread "Thread-27" daemon [_thread_in_native, id=4504, stack(0x000000983d600000,0x000000983d700000)]
  0x00000293c5e11000 JavaThread "Thread-26" daemon [_thread_in_native, id=9468, stack(0x000000983be00000,0x000000983bf00000)]
  0x00000293c5e10000 JavaThread "Thread-25" daemon [_thread_in_native, id=16740, stack(0x000000983b800000,0x000000983b900000)]
  0x00000293c5e05800 JavaThread "Thread-20" daemon [_thread_in_native, id=14244, stack(0x000000983d300000,0x000000983d400000)]
  0x00000293c5e09800 JavaThread "Thread-19" daemon [_thread_in_native, id=2084, stack(0x000000983d200000,0x000000983d300000)]
  0x00000293c5e08800 JavaThread "Thread-18" daemon [_thread_in_native, id=19068, stack(0x000000983d100000,0x000000983d200000)]
  0x00000293c5e06800 JavaThread "Thread-17" daemon [_thread_in_native, id=16576, stack(0x000000983d000000,0x000000983d100000)]
  0x00000293c5e08000 JavaThread "Thread-16" daemon [_thread_in_native, id=10004, stack(0x000000983cf00000,0x000000983d000000)]
  0x00000293c5e07000 JavaThread "Thread-15" daemon [_thread_in_native, id=5048, stack(0x000000983ce00000,0x000000983cf00000)]
  0x00000293c1c03000 JavaThread "Thread-14" daemon [_thread_in_native, id=4520, stack(0x000000983cd00000,0x000000983ce00000)]
  0x00000293c1eb9800 JavaThread "Thread-13" daemon [_thread_in_native, id=11212, stack(0x000000983cc00000,0x000000983cd00000)]
  0x00000293c1eb8000 JavaThread "Thread-12" daemon [_thread_in_native, id=4768, stack(0x000000983cb00000,0x000000983cc00000)]
  0x00000293c1eb6800 JavaThread "Thread-11" daemon [_thread_in_native, id=10172, stack(0x000000983ca00000,0x000000983cb00000)]
  0x00000293c1ebc000 JavaThread "Thread-10" daemon [_thread_in_native, id=20104, stack(0x000000983c900000,0x000000983ca00000)]
  0x00000293c1eba800 JavaThread "Thread-9" daemon [_thread_in_native, id=15828, stack(0x000000983c800000,0x000000983c900000)]
  0x00000293c1eb5800 JavaThread "Thread-8" daemon [_thread_in_native, id=7704, stack(0x000000983c700000,0x000000983c800000)]
=>0x00000293c1eb0800 JavaThread "CraftPresence" [_thread_in_native, id=10876, stack(0x000000983af00000,0x000000983b000000)]
  0x00000293c1bfd000 JavaThread "Timer hack thread" daemon [_thread_blocked, id=18232, stack(0x000000983bb00000,0x000000983bc00000)]
  0x00000293c3de3000 JavaThread "pool-3-thread-1" [_thread_blocked, id=12056, stack(0x000000983b300000,0x000000983b400000)]
  0x00000293c5409000 JavaThread "Snooper Timer" daemon [_thread_blocked, id=14152, stack(0x000000983b200000,0x000000983b300000)]
  0x00000293b7359800 JavaThread "Thread-2" daemon [_thread_in_native, id=9024, stack(0x000000983a800000,0x000000983a900000)]
  0x00000293b7543800 JavaThread "Thread-1" daemon [_thread_blocked, id=11236, stack(0x000000983a700000,0x000000983a800000)]
  0x00000293b528f000 JavaThread "Service Thread" daemon [_thread_blocked, id=3528, stack(0x000000983a400000,0x000000983a500000)]
  0x00000293b5219000 JavaThread "C1 CompilerThread3" daemon [_thread_blocked, id=5548, stack(0x000000983a300000,0x000000983a400000)]
  0x00000293b5216800 JavaThread "C2 CompilerThread2" daemon [_thread_blocked, id=18424, stack(0x000000983a200000,0x000000983a300000)]
  0x00000293b5212000 JavaThread "C2 CompilerThread1" daemon [_thread_blocked, id=7980, stack(0x000000983a100000,0x000000983a200000)]
  0x00000293b5206800 JavaThread "C2 CompilerThread0" daemon [_thread_blocked, id=17156, stack(0x000000983a000000,0x000000983a100000)]
  0x00000293b5203800 JavaThread "Attach Listener" daemon [_thread_blocked, id=14068, stack(0x0000009839f00000,0x000000983a000000)]
  0x00000293b5200800 JavaThread "Signal Dispatcher" daemon [_thread_blocked, id=8660, stack(0x0000009839e00000,0x0000009839f00000)]
  0x00000293b51fb800 JavaThread "Surrogate Locker Thread (Concurrent GC)" daemon [_thread_blocked, id=12064, stack(0x0000009839d00000,0x0000009839e00000)]
  0x00000293b5194000 JavaThread "Finalizer" daemon [_thread_blocked, id=6196, stack(0x0000009839c00000,0x0000009839d00000)]
  0x00000293b518b800 JavaThread "Reference Handler" daemon [_thread_blocked, id=13860, stack(0x0000009839b00000,0x0000009839c00000)]
  0x000002938ae34800 JavaThread "Render thread" [_thread_blocked, id=12196, stack(0x0000009838000000,0x0000009838100000)]

Other Threads:
  0x00000293b5183000 VMThread [stack: 0x0000009839a00000,0x0000009839b00000] [id=4828]
  0x00000293b5291800 WatcherThread [stack: 0x000000983a500000,0x000000983a600000] [id=6664]

VM state:not at safepoint (normal execution)

VM Mutex/Monitor currently owned by a thread: None

heap address: 0x00000005c0000000, size: 8192 MB, Compressed Oops mode: Zero based, Oop shift amount: 3
Narrow klass base: 0x0000000000000000, Narrow klass shift: 3
Compressed class space size: 1073741824 Address: 0x00000007c0000000

Heap:
 garbage-first heap   total 8388608K, used 5415763K [0x00000005c0000000, 0x00000005c2000800, 0x00000007c0000000)
  region size 32768K, 33 young (1081344K), 5 survivors (163840K)
 Metaspace       used 238774K, capacity 271502K, committed 271836K, reserved 1269760K
  class space    used 41222K, capacity 51051K, committed 51168K, reserved 1048576K

Heap Regions: (Y=young(eden), SU=young(survivor), HS=humongous(starts), HC=humongous(continues), CS=collection set, F=free, TS=gc time stamp, PTAMS=previous top-at-mark-start, NTAMS=next top-at-mark-start)
AC   0  O    TS     0 PTAMS 0x00000005c2000000 NTAMS 0x00000005c2000000 space 32768K, 100% used [0x00000005c0000000, 0x00000005c2000000)
AC   0  O    TS     0 PTAMS 0x00000005c4000000 NTAMS 0x00000005c4000000 space 32768K, 100% used [0x00000005c2000000, 0x00000005c4000000)
AC   0  O    TS     0 PTAMS 0x00000005c6000000 NTAMS 0x00000005c6000000 space 32768K, 100% used [0x00000005c4000000, 0x00000005c6000000)
AC   0  O    TS     0 PTAMS 0x00000005c8000000 NTAMS 0x00000005c8000000 space 32768K, 100% used [0x00000005c6000000, 0x00000005c8000000)
AC   0  O    TS     0 PTAMS 0x00000005ca000000 NTAMS 0x00000005ca000000 space 32768K, 100% used [0x00000005c8000000, 0x00000005ca000000)
AC   0  O    TS     0 PTAMS 0x00000005cc000000 NTAMS 0x00000005cc000000 space 32768K, 100% used [0x00000005ca000000, 0x00000005cc000000)
AC   0  O    TS     0 PTAMS 0x00000005ce000000 NTAMS 0x00000005ce000000 space 32768K, 100% used [0x00000005cc000000, 0x00000005ce000000)
AC   0  O    TS     0 PTAMS 0x00000005d0000000 NTAMS 0x00000005d0000000 space 32768K, 100% used [0x00000005ce000000, 0x00000005d0000000)
AC   0  O    TS     0 PTAMS 0x00000005d2000000 NTAMS 0x00000005d2000000 space 32768K, 100% used [0x00000005d0000000, 0x00000005d2000000)
AC   0  O    TS     0 PTAMS 0x00000005d4000000 NTAMS 0x00000005d4000000 space 32768K, 100% used [0x00000005d2000000, 0x00000005d4000000)
AC   0  O    TS     0 PTAMS 0x00000005d6000000 NTAMS 0x00000005d6000000 space 32768K, 100% used [0x00000005d4000000, 0x00000005d6000000)
AC   0  O    TS     0 PTAMS 0x00000005d8000000 NTAMS 0x00000005d8000000 space 32768K, 100% used [0x00000005d6000000, 0x00000005d8000000)
AC   0  O    TS     0 PTAMS 0x00000005da000000 NTAMS 0x00000005da000000 space 32768K, 100% used [0x00000005d8000000, 0x00000005da000000)
AC   0  O    TS     0 PTAMS 0x00000005dc000000 NTAMS 0x00000005dc000000 space 32768K, 100% used [0x00000005da000000, 0x00000005dc000000)
AC   0  O    TS     0 PTAMS 0x00000005de000000 NTAMS 0x00000005de000000 space 32768K, 100% used [0x00000005dc000000, 0x00000005de000000)
AC   0  O    TS     0 PTAMS 0x00000005e0000000 NTAMS 0x00000005e0000000 space 32768K, 100% used [0x00000005de000000, 0x00000005e0000000)
AC   0  O    TS     0 PTAMS 0x00000005e2000000 NTAMS 0x00000005e2000000 space 32768K, 100% used [0x00000005e0000000, 0x00000005e2000000)
AC   0  O    TS     0 PTAMS 0x00000005e4000000 NTAMS 0x00000005e4000000 space 32768K, 100% used [0x00000005e2000000, 0x00000005e4000000)
AC   0  O    TS     0 PTAMS 0x00000005e6000000 NTAMS 0x00000005e6000000 space 32768K, 100% used [0x00000005e4000000, 0x00000005e6000000)
AC   0  O    TS     0 PTAMS 0x00000005e8000000 NTAMS 0x00000005e8000000 space 32768K, 100% used [0x00000005e6000000, 0x00000005e8000000)
AC   0  O    TS     0 PTAMS 0x00000005ea000000 NTAMS 0x00000005ea000000 space 32768K, 100% used [0x00000005e8000000, 0x00000005ea000000)
AC   0  O    TS     0 PTAMS 0x00000005ec000000 NTAMS 0x00000005ec000000 space 32768K, 100% used [0x00000005ea000000, 0x00000005ec000000)
AC   0  O    TS     0 PTAMS 0x00000005ee000000 NTAMS 0x00000005ee000000 space 32768K, 100% used [0x00000005ec000000, 0x00000005ee000000)
AC   0  O    TS     0 PTAMS 0x00000005f0000000 NTAMS 0x00000005f0000000 space 32768K, 100% used [0x00000005ee000000, 0x00000005f0000000)
AC   0  O    TS     0 PTAMS 0x00000005f2000000 NTAMS 0x00000005f2000000 space 32768K, 100% used [0x00000005f0000000, 0x00000005f2000000)
AC   0  O    TS     0 PTAMS 0x00000005f4000000 NTAMS 0x00000005f4000000 space 32768K, 100% used [0x00000005f2000000, 0x00000005f4000000)
AC   0  O    TS     0 PTAMS 0x00000005f6000000 NTAMS 0x00000005f6000000 space 32768K, 100% used [0x00000005f4000000, 0x00000005f6000000)
AC   0  O    TS     0 PTAMS 0x00000005f8000000 NTAMS 0x00000005f8000000 space 32768K, 100% used [0x00000005f6000000, 0x00000005f8000000)
AC   0  O    TS     0 PTAMS 0x00000005fa000000 NTAMS 0x00000005fa000000 space 32768K, 100% used [0x00000005f8000000, 0x00000005fa000000)
AC   0  O    TS     0 PTAMS 0x00000005fc000000 NTAMS 0x00000005fc000000 space 32768K, 100% used [0x00000005fa000000, 0x00000005fc000000)
AC   0  O    TS     0 PTAMS 0x00000005fe000000 NTAMS 0x00000005fe000000 space 32768K, 100% used [0x00000005fc000000, 0x00000005fe000000)
AC   0  O    TS     0 PTAMS 0x0000000600000000 NTAMS 0x0000000600000000 space 32768K, 100% used [0x00000005fe000000, 0x0000000600000000)
AC   0  O    TS     0 PTAMS 0x0000000602000000 NTAMS 0x0000000602000000 space 32768K, 100% used [0x0000000600000000, 0x0000000602000000)
AC   0  O    TS     0 PTAMS 0x0000000604000000 NTAMS 0x0000000604000000 space 32768K, 100% used [0x0000000602000000, 0x0000000604000000)
AC   0  O    TS     0 PTAMS 0x0000000606000000 NTAMS 0x0000000606000000 space 32768K, 100% used [0x0000000604000000, 0x0000000606000000)
AC   0  O    TS     0 PTAMS 0x0000000608000000 NTAMS 0x0000000608000000 space 32768K, 100% used [0x0000000606000000, 0x0000000608000000)
AC   0  O    TS     0 PTAMS 0x000000060a000000 NTAMS 0x000000060a000000 space 32768K, 100% used [0x0000000608000000, 0x000000060a000000)
AC   0  O    TS     0 PTAMS 0x000000060c000000 NTAMS 0x000000060c000000 space 32768K, 100% used [0x000000060a000000, 0x000000060c000000)
AC   0  O    TS     0 PTAMS 0x000000060e000000 NTAMS 0x000000060e000000 space 32768K, 100% used [0x000000060c000000, 0x000000060e000000)
AC   0  O    TS     0 PTAMS 0x0000000610000000 NTAMS 0x0000000610000000 space 32768K, 100% used [0x000000060e000000, 0x0000000610000000)
AC   0  O    TS     0 PTAMS 0x0000000612000000 NTAMS 0x0000000612000000 space 32768K, 100% used [0x0000000610000000, 0x0000000612000000)
AC   0  O    TS     0 PTAMS 0x0000000614000000 NTAMS 0x0000000614000000 space 32768K, 100% used [0x0000000612000000, 0x0000000614000000)
AC   0  O    TS     0 PTAMS 0x0000000616000000 NTAMS 0x0000000616000000 space 32768K, 100% used [0x0000000614000000, 0x0000000616000000)
AC   0  O    TS     0 PTAMS 0x0000000618000000 NTAMS 0x0000000618000000 space 32768K, 100% used [0x0000000616000000, 0x0000000618000000)
AC   0  O    TS     0 PTAMS 0x000000061a000000 NTAMS 0x000000061a000000 space 32768K, 100% used [0x0000000618000000, 0x000000061a000000)
AC   0  O    TS     0 PTAMS 0x000000061c000000 NTAMS 0x000000061c000000 space 32768K, 100% used [0x000000061a000000, 0x000000061c000000)
AC   0  O    TS     0 PTAMS 0x000000061e000000 NTAMS 0x000000061e000000 space 32768K, 100% used [0x000000061c000000, 0x000000061e000000)
AC   0  O    TS     0 PTAMS 0x0000000620000000 NTAMS 0x0000000620000000 space 32768K, 100% used [0x000000061e000000, 0x0000000620000000)
AC   0  O    TS     0 PTAMS 0x0000000622000000 NTAMS 0x0000000622000000 space 32768K, 100% used [0x0000000620000000, 0x0000000622000000)
AC   0  O    TS     0 PTAMS 0x0000000624000000 NTAMS 0x0000000624000000 space 32768K, 100% used [0x0000000622000000, 0x0000000624000000)
AC   0  O    TS     0 PTAMS 0x0000000626000000 NTAMS 0x0000000626000000 space 32768K, 100% used [0x0000000624000000, 0x0000000626000000)
AC   0  O    TS     0 PTAMS 0x0000000628000000 NTAMS 0x0000000628000000 space 32768K, 100% used [0x0000000626000000, 0x0000000628000000)
AC   0  O    TS     0 PTAMS 0x000000062a000000 NTAMS 0x000000062a000000 space 32768K, 100% used [0x0000000628000000, 0x000000062a000000)
AC   0  O    TS     0 PTAMS 0x000000062c000000 NTAMS 0x000000062c000000 space 32768K, 100% used [0x000000062a000000, 0x000000062c000000)
AC   0  O    TS     0 PTAMS 0x000000062e000000 NTAMS 0x000000062e000000 space 32768K, 100% used [0x000000062c000000, 0x000000062e000000)
AC   0  O    TS     0 PTAMS 0x0000000630000000 NTAMS 0x0000000630000000 space 32768K, 100% used [0x000000062e000000, 0x0000000630000000)
AC   0  O    TS     0 PTAMS 0x0000000632000000 NTAMS 0x0000000632000000 space 32768K, 100% used [0x0000000630000000, 0x0000000632000000)
AC   0  O    TS     0 PTAMS 0x0000000634000000 NTAMS 0x0000000634000000 space 32768K, 100% used [0x0000000632000000, 0x0000000634000000)
AC   0  O    TS     0 PTAMS 0x0000000636000000 NTAMS 0x0000000636000000 space 32768K, 100% used [0x0000000634000000, 0x0000000636000000)
AC   0  O    TS     0 PTAMS 0x0000000638000000 NTAMS 0x0000000638000000 space 32768K, 100% used [0x0000000636000000, 0x0000000638000000)
AC   0  O    TS     0 PTAMS 0x000000063a000000 NTAMS 0x000000063a000000 space 32768K, 100% used [0x0000000638000000, 0x000000063a000000)
AC   0  O    TS     0 PTAMS 0x000000063c000000 NTAMS 0x000000063c000000 space 32768K, 100% used [0x000000063a000000, 0x000000063c000000)
AC   0  O    TS     0 PTAMS 0x000000063e000000 NTAMS 0x000000063e000000 space 32768K, 100% used [0x000000063c000000, 0x000000063e000000)
AC   0  O    TS     0 PTAMS 0x0000000640000000 NTAMS 0x0000000640000000 space 32768K, 100% used [0x000000063e000000, 0x0000000640000000)
AC   0  O    TS     0 PTAMS 0x0000000642000000 NTAMS 0x0000000642000000 space 32768K, 100% used [0x0000000640000000, 0x0000000642000000)
AC   0  O    TS     0 PTAMS 0x0000000644000000 NTAMS 0x0000000644000000 space 32768K, 100% used [0x0000000642000000, 0x0000000644000000)
AC   0  O    TS     0 PTAMS 0x0000000646000000 NTAMS 0x0000000646000000 space 32768K, 100% used [0x0000000644000000, 0x0000000646000000)
AC   0  O    TS     0 PTAMS 0x0000000648000000 NTAMS 0x0000000648000000 space 32768K, 100% used [0x0000000646000000, 0x0000000648000000)
AC   0  O    TS     0 PTAMS 0x000000064a000000 NTAMS 0x000000064a000000 space 32768K, 100% used [0x0000000648000000, 0x000000064a000000)
AC   0  O    TS     0 PTAMS 0x000000064c000000 NTAMS 0x000000064c000000 space 32768K, 100% used [0x000000064a000000, 0x000000064c000000)
AC   0  O    TS     0 PTAMS 0x000000064e000000 NTAMS 0x000000064e000000 space 32768K, 100% used [0x000000064c000000, 0x000000064e000000)
AC   0  O    TS     0 PTAMS 0x0000000650000000 NTAMS 0x0000000650000000 space 32768K, 100% used [0x000000064e000000, 0x0000000650000000)
AC   0  O    TS     0 PTAMS 0x0000000652000000 NTAMS 0x0000000652000000 space 32768K, 100% used [0x0000000650000000, 0x0000000652000000)
AC   0  O    TS     0 PTAMS 0x0000000654000000 NTAMS 0x0000000654000000 space 32768K, 100% used [0x0000000652000000, 0x0000000654000000)
AC   0  O    TS     0 PTAMS 0x0000000656000000 NTAMS 0x0000000656000000 space 32768K, 100% used [0x0000000654000000, 0x0000000656000000)
AC   0  O    TS     0 PTAMS 0x0000000658000000 NTAMS 0x0000000658000000 space 32768K, 100% used [0x0000000656000000, 0x0000000658000000)
AC   0  O    TS     0 PTAMS 0x000000065a000000 NTAMS 0x000000065a000000 space 32768K, 100% used [0x0000000658000000, 0x000000065a000000)
AC   0  O    TS     0 PTAMS 0x000000065c000000 NTAMS 0x000000065c000000 space 32768K, 100% used [0x000000065a000000, 0x000000065c000000)
AC   0  O    TS     0 PTAMS 0x000000065e000000 NTAMS 0x000000065e000000 space 32768K, 100% used [0x000000065c000000, 0x000000065e000000)
AC   0  O    TS     0 PTAMS 0x0000000660000000 NTAMS 0x0000000660000000 space 32768K, 100% used [0x000000065e000000, 0x0000000660000000)
AC   0  O    TS     0 PTAMS 0x0000000662000000 NTAMS 0x0000000662000000 space 32768K, 100% used [0x0000000660000000, 0x0000000662000000)
AC   0  O    TS     0 PTAMS 0x0000000664000000 NTAMS 0x0000000664000000 space 32768K, 100% used [0x0000000662000000, 0x0000000664000000)
AC   0  O    TS     0 PTAMS 0x0000000666000000 NTAMS 0x0000000666000000 space 32768K, 100% used [0x0000000664000000, 0x0000000666000000)
AC   0  O    TS     0 PTAMS 0x0000000668000000 NTAMS 0x0000000668000000 space 32768K, 100% used [0x0000000666000000, 0x0000000668000000)
AC   0  O    TS     0 PTAMS 0x000000066a000000 NTAMS 0x000000066a000000 space 32768K, 100% used [0x0000000668000000, 0x000000066a000000)
AC   0  O    TS     0 PTAMS 0x000000066c000000 NTAMS 0x000000066c000000 space 32768K, 100% used [0x000000066a000000, 0x000000066c000000)
AC   0  O    TS     0 PTAMS 0x000000066e000000 NTAMS 0x000000066e000000 space 32768K, 100% used [0x000000066c000000, 0x000000066e000000)
AC   0  O    TS     0 PTAMS 0x0000000670000000 NTAMS 0x0000000670000000 space 32768K, 100% used [0x000000066e000000, 0x0000000670000000)
AC   0  O    TS     0 PTAMS 0x0000000672000000 NTAMS 0x0000000672000000 space 32768K, 100% used [0x0000000670000000, 0x0000000672000000)
AC   0  O    TS     0 PTAMS 0x0000000674000000 NTAMS 0x0000000674000000 space 32768K, 100% used [0x0000000672000000, 0x0000000674000000)
AC   0  O    TS     0 PTAMS 0x0000000676000000 NTAMS 0x0000000676000000 space 32768K, 100% used [0x0000000674000000, 0x0000000676000000)
AC   0  O    TS     0 PTAMS 0x0000000678000000 NTAMS 0x0000000678000000 space 32768K, 100% used [0x0000000676000000, 0x0000000678000000)
AC   0  O    TS     0 PTAMS 0x000000067a000000 NTAMS 0x000000067a000000 space 32768K, 100% used [0x0000000678000000, 0x000000067a000000)
AC   0  O    TS     0 PTAMS 0x000000067c000000 NTAMS 0x000000067c000000 space 32768K, 100% used [0x000000067a000000, 0x000000067c000000)
AC   0  O    TS     0 PTAMS 0x000000067e000000 NTAMS 0x000000067e000000 space 32768K, 100% used [0x000000067c000000, 0x000000067e000000)
AC   0  O    TS     0 PTAMS 0x0000000680000000 NTAMS 0x0000000680000000 space 32768K, 100% used [0x000000067e000000, 0x0000000680000000)
AC   0  F    TS     0 PTAMS 0x0000000680000000 NTAMS 0x0000000680000000 space 32768K,   0% used [0x0000000680000000, 0x0000000682000000)
AC   0  O    TS     0 PTAMS 0x0000000684000000 NTAMS 0x0000000684000000 space 32768K, 100% used [0x0000000682000000, 0x0000000684000000)
AC   0  O    TS     0 PTAMS 0x0000000686000000 NTAMS 0x0000000686000000 space 32768K, 100% used [0x0000000684000000, 0x0000000686000000)
AC   0  O    TS     0 PTAMS 0x0000000688000000 NTAMS 0x0000000688000000 space 32768K, 100% used [0x0000000686000000, 0x0000000688000000)
AC   0  O    TS     0 PTAMS 0x000000068a000000 NTAMS 0x000000068a000000 space 32768K, 100% used [0x0000000688000000, 0x000000068a000000)
AC   0  O    TS     0 PTAMS 0x000000068c000000 NTAMS 0x000000068c000000 space 32768K, 100% used [0x000000068a000000, 0x000000068c000000)
AC   0  F    TS     0 PTAMS 0x000000068c000000 NTAMS 0x000000068c000000 space 32768K,   0% used [0x000000068c000000, 0x000000068e000000)
AC   0  O    TS     0 PTAMS 0x0000000690000000 NTAMS 0x0000000690000000 space 32768K, 100% used [0x000000068e000000, 0x0000000690000000)
AC   0  F    TS     0 PTAMS 0x0000000690000000 NTAMS 0x0000000690000000 space 32768K,   0% used [0x0000000690000000, 0x0000000692000000)
AC   0 HS    TS     0 PTAMS 0x0000000693000010 NTAMS 0x0000000693000010 space 32768K,  50% used [0x0000000692000000, 0x0000000694000000)
AC   0  F    TS     0 PTAMS 0x0000000694000000 NTAMS 0x0000000694000000 space 32768K,   0% used [0x0000000694000000, 0x0000000696000000)
AC   0  O    TS     0 PTAMS 0x0000000698000000 NTAMS 0x0000000698000000 space 32768K, 100% used [0x0000000696000000, 0x0000000698000000)
AC   0  O    TS     0 PTAMS 0x000000069a000000 NTAMS 0x000000069a000000 space 32768K, 100% used [0x0000000698000000, 0x000000069a000000)
AC   0  O    TS     0 PTAMS 0x000000069c000000 NTAMS 0x000000069c000000 space 32768K, 100% used [0x000000069a000000, 0x000000069c000000)
AC   0  O    TS     0 PTAMS 0x000000069e000000 NTAMS 0x000000069e000000 space 32768K, 100% used [0x000000069c000000, 0x000000069e000000)
AC   0  O    TS     0 PTAMS 0x00000006a0000000 NTAMS 0x00000006a0000000 space 32768K, 100% used [0x000000069e000000, 0x00000006a0000000)
AC   0  O    TS     0 PTAMS 0x00000006a2000000 NTAMS 0x00000006a2000000 space 32768K, 100% used [0x00000006a0000000, 0x00000006a2000000)
AC   0  F    TS     0 PTAMS 0x00000006a2000000 NTAMS 0x00000006a2000000 space 32768K,   0% used [0x00000006a2000000, 0x00000006a4000000)
AC   0  O    TS     0 PTAMS 0x00000006a6000000 NTAMS 0x00000006a6000000 space 32768K, 100% used [0x00000006a4000000, 0x00000006a6000000)
AC   0  O    TS     0 PTAMS 0x00000006a8000000 NTAMS 0x00000006a8000000 space 32768K, 100% used [0x00000006a6000000, 0x00000006a8000000)
AC   0  O    TS     0 PTAMS 0x00000006aa000000 NTAMS 0x00000006aa000000 space 32768K, 100% used [0x00000006a8000000, 0x00000006aa000000)
AC   0  O    TS     0 PTAMS 0x00000006ac000000 NTAMS 0x00000006ac000000 space 32768K, 100% used [0x00000006aa000000, 0x00000006ac000000)
AC   0  O    TS     0 PTAMS 0x00000006ae000000 NTAMS 0x00000006ae000000 space 32768K, 100% used [0x00000006ac000000, 0x00000006ae000000)
AC   0  F    TS     0 PTAMS 0x00000006ae000000 NTAMS 0x00000006ae000000 space 32768K,   0% used [0x00000006ae000000, 0x00000006b0000000)
AC   0  O    TS     0 PTAMS 0x00000006b2000000 NTAMS 0x00000006b2000000 space 32768K, 100% used [0x00000006b0000000, 0x00000006b2000000)
AC   0  O    TS     0 PTAMS 0x00000006b4000000 NTAMS 0x00000006b4000000 space 32768K, 100% used [0x00000006b2000000, 0x00000006b4000000)
AC   0  O    TS     0 PTAMS 0x00000006b6000000 NTAMS 0x00000006b6000000 space 32768K, 100% used [0x00000006b4000000, 0x00000006b6000000)
AC   0  O    TS     0 PTAMS 0x00000006b8000000 NTAMS 0x00000006b8000000 space 32768K, 100% used [0x00000006b6000000, 0x00000006b8000000)
AC   0  F    TS     0 PTAMS 0x00000006b8000000 NTAMS 0x00000006b8000000 space 32768K,   0% used [0x00000006b8000000, 0x00000006ba000000)
AC   0  O    TS     0 PTAMS 0x00000006bc000000 NTAMS 0x00000006bc000000 space 32768K, 100% used [0x00000006ba000000, 0x00000006bc000000)
AC   0  O    TS     0 PTAMS 0x00000006be000000 NTAMS 0x00000006be000000 space 32768K, 100% used [0x00000006bc000000, 0x00000006be000000)
AC   0  F    TS     0 PTAMS 0x00000006be000000 NTAMS 0x00000006be000000 space 32768K,   0% used [0x00000006be000000, 0x00000006c0000000)
AC   0  O    TS     0 PTAMS 0x00000006c2000000 NTAMS 0x00000006c2000000 space 32768K, 100% used [0x00000006c0000000, 0x00000006c2000000)
AC   0  O    TS     0 PTAMS 0x00000006c4000000 NTAMS 0x00000006c4000000 space 32768K, 100% used [0x00000006c2000000, 0x00000006c4000000)
AC   0  O    TS     0 PTAMS 0x00000006c6000000 NTAMS 0x00000006c6000000 space 32768K, 100% used [0x00000006c4000000, 0x00000006c6000000)
AC   0  O    TS     0 PTAMS 0x00000006c8000000 NTAMS 0x00000006c8000000 space 32768K, 100% used [0x00000006c6000000, 0x00000006c8000000)
AC   0  O    TS     0 PTAMS 0x00000006ca000000 NTAMS 0x00000006ca000000 space 32768K, 100% used [0x00000006c8000000, 0x00000006ca000000)
AC   0  O    TS     0 PTAMS 0x00000006cc000000 NTAMS 0x00000006cc000000 space 32768K, 100% used [0x00000006ca000000, 0x00000006cc000000)
AC   0  F    TS     0 PTAMS 0x00000006cc000000 NTAMS 0x00000006cc000000 space 32768K,   0% used [0x00000006cc000000, 0x00000006ce000000)
AC   0  O    TS     0 PTAMS 0x00000006d0000000 NTAMS 0x00000006d0000000 space 32768K, 100% used [0x00000006ce000000, 0x00000006d0000000)
AC   0  O    TS     0 PTAMS 0x00000006d2000000 NTAMS 0x00000006d2000000 space 32768K, 100% used [0x00000006d0000000, 0x00000006d2000000)
AC   0  O    TS     0 PTAMS 0x00000006d4000000 NTAMS 0x00000006d4000000 space 32768K, 100% used [0x00000006d2000000, 0x00000006d4000000)
AC   0  O    TS     0 PTAMS 0x00000006d6000000 NTAMS 0x00000006d6000000 space 32768K, 100% used [0x00000006d4000000, 0x00000006d6000000)
AC   0  O    TS     0 PTAMS 0x00000006d8000000 NTAMS 0x00000006d8000000 space 32768K, 100% used [0x00000006d6000000, 0x00000006d8000000)
AC   0  O    TS     1 PTAMS 0x00000006d8ca7e00 NTAMS 0x00000006d8ca7e00 space 32768K,  39% used [0x00000006d8000000, 0x00000006da000000)
AC   0  F    TS     0 PTAMS 0x00000006da000000 NTAMS 0x00000006da000000 space 32768K,   0% used [0x00000006da000000, 0x00000006dc000000)
AC   0  F    TS     0 PTAMS 0x00000006dc000000 NTAMS 0x00000006dc000000 space 32768K,   0% used [0x00000006dc000000, 0x00000006de000000)
AC   0  O    TS     0 PTAMS 0x00000006e0000000 NTAMS 0x00000006e0000000 space 32768K, 100% used [0x00000006de000000, 0x00000006e0000000)
AC   0  O    TS     0 PTAMS 0x00000006e2000000 NTAMS 0x00000006e2000000 space 32768K, 100% used [0x00000006e0000000, 0x00000006e2000000)
AC   0  O    TS     0 PTAMS 0x00000006e4000000 NTAMS 0x00000006e4000000 space 32768K, 100% used [0x00000006e2000000, 0x00000006e4000000)
AC   0  F    TS     0 PTAMS 0x00000006e4000000 NTAMS 0x00000006e4000000 space 32768K,   0% used [0x00000006e4000000, 0x00000006e6000000)
AC   0  F    TS     0 PTAMS 0x00000006e6000000 NTAMS 0x00000006e6000000 space 32768K,   0% used [0x00000006e6000000, 0x00000006e8000000)
AC   0  F    TS     0 PTAMS 0x00000006e8000000 NTAMS 0x00000006e8000000 space 32768K,   0% used [0x00000006e8000000, 0x00000006ea000000)
AC   0  F    TS     0 PTAMS 0x00000006ea000000 NTAMS 0x00000006ea000000 space 32768K,   0% used [0x00000006ea000000, 0x00000006ec000000)
AC   0  F    TS     0 PTAMS 0x00000006ec000000 NTAMS 0x00000006ec000000 space 32768K,   0% used [0x00000006ec000000, 0x00000006ee000000)
AC   0  F    TS     0 PTAMS 0x00000006ee000000 NTAMS 0x00000006ee000000 space 32768K,   0% used [0x00000006ee000000, 0x00000006f0000000)
AC   0  F    TS     0 PTAMS 0x00000006f0000000 NTAMS 0x00000006f0000000 space 32768K,   0% used [0x00000006f0000000, 0x00000006f2000000)
AC   0  F    TS     0 PTAMS 0x00000006f2000000 NTAMS 0x00000006f2000000 space 32768K,   0% used [0x00000006f2000000, 0x00000006f4000000)
AC   0  F    TS     0 PTAMS 0x00000006f4000000 NTAMS 0x00000006f4000000 space 32768K,   0% used [0x00000006f4000000, 0x00000006f6000000)
AC   0  F    TS     0 PTAMS 0x00000006f6000000 NTAMS 0x00000006f6000000 space 32768K,   0% used [0x00000006f6000000, 0x00000006f8000000)
AC   0  F    TS     0 PTAMS 0x00000006f8000000 NTAMS 0x00000006f8000000 space 32768K,   0% used [0x00000006f8000000, 0x00000006fa000000)
AC   0  F    TS     0 PTAMS 0x00000006fa000000 NTAMS 0x00000006fa000000 space 32768K,   0% used [0x00000006fa000000, 0x00000006fc000000)
AC   0  F    TS     0 PTAMS 0x00000006fc000000 NTAMS 0x00000006fc000000 space 32768K,   0% used [0x00000006fc000000, 0x00000006fe000000)
AC   0  F    TS     0 PTAMS 0x00000006fe000000 NTAMS 0x00000006fe000000 space 32768K,   0% used [0x00000006fe000000, 0x0000000700000000)
AC   0  F    TS     0 PTAMS 0x0000000700000000 NTAMS 0x0000000700000000 space 32768K,   0% used [0x0000000700000000, 0x0000000702000000)
AC   0  F    TS     0 PTAMS 0x0000000702000000 NTAMS 0x0000000702000000 space 32768K,   0% used [0x0000000702000000, 0x0000000704000000)
AC   0  F    TS     0 PTAMS 0x0000000704000000 NTAMS 0x0000000704000000 space 32768K,   0% used [0x0000000704000000, 0x0000000706000000)
AC   0  F    TS     0 PTAMS 0x0000000706000000 NTAMS 0x0000000706000000 space 32768K,   0% used [0x0000000706000000, 0x0000000708000000)
AC   0  F    TS     0 PTAMS 0x0000000708000000 NTAMS 0x0000000708000000 space 32768K,   0% used [0x0000000708000000, 0x000000070a000000)
AC   0  F    TS     0 PTAMS 0x000000070a000000 NTAMS 0x000000070a000000 space 32768K,   0% used [0x000000070a000000, 0x000000070c000000)
AC   0  F    TS     0 PTAMS 0x000000070c000000 NTAMS 0x000000070c000000 space 32768K,   0% used [0x000000070c000000, 0x000000070e000000)
AC   0  F    TS     0 PTAMS 0x000000070e000000 NTAMS 0x000000070e000000 space 32768K,   0% used [0x000000070e000000, 0x0000000710000000)
AC   0  F    TS     0 PTAMS 0x0000000710000000 NTAMS 0x0000000710000000 space 32768K,   0% used [0x0000000710000000, 0x0000000712000000)
AC   0  F    TS     0 PTAMS 0x0000000712000000 NTAMS 0x0000000712000000 space 32768K,   0% used [0x0000000712000000, 0x0000000714000000)
AC   0  F    TS     0 PTAMS 0x0000000714000000 NTAMS 0x0000000714000000 space 32768K,   0% used [0x0000000714000000, 0x0000000716000000)
AC   0  F    TS     0 PTAMS 0x0000000716000000 NTAMS 0x0000000716000000 space 32768K,   0% used [0x0000000716000000, 0x0000000718000000)
AC   0  F    TS     0 PTAMS 0x0000000718000000 NTAMS 0x0000000718000000 space 32768K,   0% used [0x0000000718000000, 0x000000071a000000)
AC   0  F    TS     0 PTAMS 0x000000071a000000 NTAMS 0x000000071a000000 space 32768K,   0% used [0x000000071a000000, 0x000000071c000000)
AC   0  F    TS     0 PTAMS 0x000000071c000000 NTAMS 0x000000071c000000 space 32768K,   0% used [0x000000071c000000, 0x000000071e000000)
AC   0  F    TS     0 PTAMS 0x000000071e000000 NTAMS 0x000000071e000000 space 32768K,   0% used [0x000000071e000000, 0x0000000720000000)
AC   0  F    TS     0 PTAMS 0x0000000720000000 NTAMS 0x0000000720000000 space 32768K,   0% used [0x0000000720000000, 0x0000000722000000)
AC   0  F    TS     0 PTAMS 0x0000000722000000 NTAMS 0x0000000722000000 space 32768K,   0% used [0x0000000722000000, 0x0000000724000000)
AC   0  F    TS     0 PTAMS 0x0000000724000000 NTAMS 0x0000000724000000 space 32768K,   0% used [0x0000000724000000, 0x0000000726000000)
AC   0  F    TS     0 PTAMS 0x0000000726000000 NTAMS 0x0000000726000000 space 32768K,   0% used [0x0000000726000000, 0x0000000728000000)
AC   0  F    TS     0 PTAMS 0x0000000728000000 NTAMS 0x0000000728000000 space 32768K,   0% used [0x0000000728000000, 0x000000072a000000)
AC   0  F    TS     0 PTAMS 0x000000072a000000 NTAMS 0x000000072a000000 space 32768K,   0% used [0x000000072a000000, 0x000000072c000000)
AC   0  F    TS     0 PTAMS 0x000000072c000000 NTAMS 0x000000072c000000 space 32768K,   0% used [0x000000072c000000, 0x000000072e000000)
AC   0  F    TS     0 PTAMS 0x000000072e000000 NTAMS 0x000000072e000000 space 32768K,   0% used [0x000000072e000000, 0x0000000730000000)
AC   0  F    TS     0 PTAMS 0x0000000730000000 NTAMS 0x0000000730000000 space 32768K,   0% used [0x0000000730000000, 0x0000000732000000)
AC   0  F    TS     0 PTAMS 0x0000000732000000 NTAMS 0x0000000732000000 space 32768K,   0% used [0x0000000732000000, 0x0000000734000000)
AC   0  F    TS     0 PTAMS 0x0000000734000000 NTAMS 0x0000000734000000 space 32768K,   0% used [0x0000000734000000, 0x0000000736000000)
AC   0  F    TS     0 PTAMS 0x0000000736000000 NTAMS 0x0000000736000000 space 32768K,   0% used [0x0000000736000000, 0x0000000738000000)
AC   0  F    TS     0 PTAMS 0x0000000738000000 NTAMS 0x0000000738000000 space 32768K,   0% used [0x0000000738000000, 0x000000073a000000)
AC   0  F    TS     0 PTAMS 0x000000073a000000 NTAMS 0x000000073a000000 space 32768K,   0% used [0x000000073a000000, 0x000000073c000000)
AC   0  F    TS     0 PTAMS 0x000000073c000000 NTAMS 0x000000073c000000 space 32768K,   0% used [0x000000073c000000, 0x000000073e000000)
AC   0  F    TS     0 PTAMS 0x000000073e000000 NTAMS 0x000000073e000000 space 32768K,   0% used [0x000000073e000000, 0x0000000740000000)
AC   0  F    TS     0 PTAMS 0x0000000740000000 NTAMS 0x0000000740000000 space 32768K,   0% used [0x0000000740000000, 0x0000000742000000)
AC   0  F    TS     0 PTAMS 0x0000000742000000 NTAMS 0x0000000742000000 space 32768K,   0% used [0x0000000742000000, 0x0000000744000000)
AC   0  F    TS     0 PTAMS 0x0000000744000000 NTAMS 0x0000000744000000 space 32768K,   0% used [0x0000000744000000, 0x0000000746000000)
AC   0  F    TS     0 PTAMS 0x0000000746000000 NTAMS 0x0000000746000000 space 32768K,   0% used [0x0000000746000000, 0x0000000748000000)
AC   0  F    TS     0 PTAMS 0x0000000748000000 NTAMS 0x0000000748000000 space 32768K,   0% used [0x0000000748000000, 0x000000074a000000)
AC   0  F    TS     0 PTAMS 0x000000074a000000 NTAMS 0x000000074a000000 space 32768K,   0% used [0x000000074a000000, 0x000000074c000000)
AC   0  F    TS     0 PTAMS 0x000000074c000000 NTAMS 0x000000074c000000 space 32768K,   0% used [0x000000074c000000, 0x000000074e000000)
AC   0  F    TS     0 PTAMS 0x000000074e000000 NTAMS 0x000000074e000000 space 32768K,   0% used [0x000000074e000000, 0x0000000750000000)
AC   0  F    TS     0 PTAMS 0x0000000750000000 NTAMS 0x0000000750000000 space 32768K,   0% used [0x0000000750000000, 0x0000000752000000)
AC   0  F    TS     0 PTAMS 0x0000000752000000 NTAMS 0x0000000752000000 space 32768K,   0% used [0x0000000752000000, 0x0000000754000000)
AC   0  F    TS     0 PTAMS 0x0000000754000000 NTAMS 0x0000000754000000 space 32768K,   0% used [0x0000000754000000, 0x0000000756000000)
AC   0  F    TS     0 PTAMS 0x0000000756000000 NTAMS 0x0000000756000000 space 32768K,   0% used [0x0000000756000000, 0x0000000758000000)
AC   0  F    TS     0 PTAMS 0x0000000758000000 NTAMS 0x0000000758000000 space 32768K,   0% used [0x0000000758000000, 0x000000075a000000)
AC   0  F    TS     0 PTAMS 0x000000075a000000 NTAMS 0x000000075a000000 space 32768K,   0% used [0x000000075a000000, 0x000000075c000000)
AC   0  S CS TS     1 PTAMS 0x000000075c000000 NTAMS 0x000000075c000000 space 32768K,  38% used [0x000000075c000000, 0x000000075e000000)
AC   0  S CS TS     1 PTAMS 0x000000075e000000 NTAMS 0x000000075e000000 space 32768K, 100% used [0x000000075e000000, 0x0000000760000000)
AC   0  S CS TS     1 PTAMS 0x0000000760000000 NTAMS 0x0000000760000000 space 32768K, 100% used [0x0000000760000000, 0x0000000762000000)
AC   0  F    TS     0 PTAMS 0x0000000762000000 NTAMS 0x0000000762000000 space 32768K,   0% used [0x0000000762000000, 0x0000000764000000)
AC   0  S CS TS     1 PTAMS 0x0000000764000000 NTAMS 0x0000000764000000 space 32768K, 100% used [0x0000000764000000, 0x0000000766000000)
AC   0  S CS TS     1 PTAMS 0x0000000766000000 NTAMS 0x0000000766000000 space 32768K, 100% used [0x0000000766000000, 0x0000000768000000)
AC   0  F    TS     0 PTAMS 0x0000000768000000 NTAMS 0x0000000768000000 space 32768K,   0% used [0x0000000768000000, 0x000000076a000000)
AC   0  F    TS     0 PTAMS 0x000000076a000000 NTAMS 0x000000076a000000 space 32768K,   0% used [0x000000076a000000, 0x000000076c000000)
AC   0  F    TS     0 PTAMS 0x000000076c000000 NTAMS 0x000000076c000000 space 32768K,   0% used [0x000000076c000000, 0x000000076e000000)
AC   0  F    TS     0 PTAMS 0x000000076e000000 NTAMS 0x000000076e000000 space 32768K,   0% used [0x000000076e000000, 0x0000000770000000)
AC   0  F    TS     0 PTAMS 0x0000000770000000 NTAMS 0x0000000770000000 space 32768K,   0% used [0x0000000770000000, 0x0000000772000000)
AC   0  F    TS     0 PTAMS 0x0000000772000000 NTAMS 0x0000000772000000 space 32768K,   0% used [0x0000000772000000, 0x0000000774000000)
AC   0  F    TS     0 PTAMS 0x0000000774000000 NTAMS 0x0000000774000000 space 32768K,   0% used [0x0000000774000000, 0x0000000776000000)
AC   0  F    TS     0 PTAMS 0x0000000776000000 NTAMS 0x0000000776000000 space 32768K,   0% used [0x0000000776000000, 0x0000000778000000)
AC   0  F    TS     0 PTAMS 0x0000000778000000 NTAMS 0x0000000778000000 space 32768K,   0% used [0x0000000778000000, 0x000000077a000000)
AC   0  F    TS     0 PTAMS 0x000000077a000000 NTAMS 0x000000077a000000 space 32768K,   0% used [0x000000077a000000, 0x000000077c000000)
AC   0  F    TS     0 PTAMS 0x000000077c000000 NTAMS 0x000000077c000000 space 32768K,   0% used [0x000000077c000000, 0x000000077e000000)
AC   0  F    TS     0 PTAMS 0x000000077e000000 NTAMS 0x000000077e000000 space 32768K,   0% used [0x000000077e000000, 0x0000000780000000)
AC   0  F    TS     0 PTAMS 0x0000000780000000 NTAMS 0x0000000780000000 space 32768K,   0% used [0x0000000780000000, 0x0000000782000000)
AC   0  F    TS     0 PTAMS 0x0000000782000000 NTAMS 0x0000000782000000 space 32768K,   0% used [0x0000000782000000, 0x0000000784000000)
AC   0  F    TS     0 PTAMS 0x0000000784000000 NTAMS 0x0000000784000000 space 32768K,   0% used [0x0000000784000000, 0x0000000786000000)
AC   0  F    TS     0 PTAMS 0x0000000786000000 NTAMS 0x0000000786000000 space 32768K,   0% used [0x0000000786000000, 0x0000000788000000)
AC   0  E    TS     0 PTAMS 0x0000000788000000 NTAMS 0x0000000788000000 space 32768K,  61% used [0x0000000788000000, 0x000000078a000000)
AC   0  E CS TS     0 PTAMS 0x000000078a000000 NTAMS 0x000000078a000000 space 32768K, 100% used [0x000000078a000000, 0x000000078c000000)
AC   0  E CS TS     0 PTAMS 0x000000078c000000 NTAMS 0x000000078c000000 space 32768K, 100% used [0x000000078c000000, 0x000000078e000000)
AC   0  E CS TS     0 PTAMS 0x000000078e000000 NTAMS 0x000000078e000000 space 32768K, 100% used [0x000000078e000000, 0x0000000790000000)
AC   0  E CS TS     0 PTAMS 0x0000000790000000 NTAMS 0x0000000790000000 space 32768K, 100% used [0x0000000790000000, 0x0000000792000000)
AC   0  E CS TS     0 PTAMS 0x0000000792000000 NTAMS 0x0000000792000000 space 32768K, 100% used [0x0000000792000000, 0x0000000794000000)
AC   0  E CS TS     0 PTAMS 0x0000000794000000 NTAMS 0x0000000794000000 space 32768K, 100% used [0x0000000794000000, 0x0000000796000000)
AC   0  E CS TS     0 PTAMS 0x0000000796000000 NTAMS 0x0000000796000000 space 32768K, 100% used [0x0000000796000000, 0x0000000798000000)
AC   0  E CS TS     0 PTAMS 0x0000000798000000 NTAMS 0x0000000798000000 space 32768K, 100% used [0x0000000798000000, 0x000000079a000000)
AC   0  E CS TS     0 PTAMS 0x000000079a000000 NTAMS 0x000000079a000000 space 32768K, 100% used [0x000000079a000000, 0x000000079c000000)
AC   0  E CS TS     0 PTAMS 0x000000079c000000 NTAMS 0x000000079c000000 space 32768K, 100% used [0x000000079c000000, 0x000000079e000000)
AC   0  E CS TS     0 PTAMS 0x000000079e000000 NTAMS 0x000000079e000000 space 32768K, 100% used [0x000000079e000000, 0x00000007a0000000)
AC   0  E CS TS     0 PTAMS 0x00000007a0000000 NTAMS 0x00000007a0000000 space 32768K, 100% used [0x00000007a0000000, 0x00000007a2000000)
AC   0  E CS TS     0 PTAMS 0x00000007a2000000 NTAMS 0x00000007a2000000 space 32768K, 100% used [0x00000007a2000000, 0x00000007a4000000)
AC   0  E CS TS     0 PTAMS 0x00000007a4000000 NTAMS 0x00000007a4000000 space 32768K, 100% used [0x00000007a4000000, 0x00000007a6000000)
AC   0  E CS TS     0 PTAMS 0x00000007a6000000 NTAMS 0x00000007a6000000 space 32768K, 100% used [0x00000007a6000000, 0x00000007a8000000)
AC   0  E CS TS     0 PTAMS 0x00000007a8000000 NTAMS 0x00000007a8000000 space 32768K, 100% used [0x00000007a8000000, 0x00000007aa000000)
AC   0  E CS TS     0 PTAMS 0x00000007aa000000 NTAMS 0x00000007aa000000 space 32768K, 100% used [0x00000007aa000000, 0x00000007ac000000)
AC   0  E CS TS     0 PTAMS 0x00000007ac000000 NTAMS 0x00000007ac000000 space 32768K, 100% used [0x00000007ac000000, 0x00000007ae000000)
AC   0  E CS TS     0 PTAMS 0x00000007ae000000 NTAMS 0x00000007ae000000 space 32768K, 100% used [0x00000007ae000000, 0x00000007b0000000)
AC   0  E CS TS     0 PTAMS 0x00000007b0000000 NTAMS 0x00000007b0000000 space 32768K, 100% used [0x00000007b0000000, 0x00000007b2000000)
AC   0  E CS TS     0 PTAMS 0x00000007b2000000 NTAMS 0x00000007b2000000 space 32768K, 100% used [0x00000007b2000000, 0x00000007b4000000)
AC   0  E CS TS     0 PTAMS 0x00000007b4000000 NTAMS 0x00000007b4000000 space 32768K, 100% used [0x00000007b4000000, 0x00000007b6000000)
AC   0  E CS TS     0 PTAMS 0x00000007b6000000 NTAMS 0x00000007b6000000 space 32768K, 100% used [0x00000007b6000000, 0x00000007b8000000)
AC   0  E CS TS     0 PTAMS 0x00000007b8000000 NTAMS 0x00000007b8000000 space 32768K, 100% used [0x00000007b8000000, 0x00000007ba000000)
AC   0  E CS TS     0 PTAMS 0x00000007ba000000 NTAMS 0x00000007ba000000 space 32768K, 100% used [0x00000007ba000000, 0x00000007bc000000)
AC   0  E CS TS     0 PTAMS 0x00000007bc000000 NTAMS 0x00000007bc000000 space 32768K, 100% used [0x00000007bc000000, 0x00000007be000000)
AC   0  E CS TS     0 PTAMS 0x00000007be000000 NTAMS 0x00000007be000000 space 32768K, 100% used [0x00000007be000000, 0x00000007c0000000)

Card table byte_map: [0x000002939e670000,0x000002939f670000] byte_map_base: 0x000002939b870000

Marking Bits (Prev, Next): (CMBitMap*) 0x000002938aed6e30, (CMBitMap*) 0x000002938aed6dd8
 Prev Bits: [0x00000293a8670000, 0x00000293b0670000)
 Next Bits: [0x00000293a0670000, 0x00000293a8670000)

Polling page: 0x000002938afd0000

CodeCache: size=245760Kb used=144737Kb max_used=146740Kb free=101022Kb
 bounds [0x000002938c810000, 0x0000029395970000, 0x000002939b810000]
 total_blobs=38381 nmethods=36098 adapters=2187
 compilation: enabled

Compilation events (10 events):
Event: 1147.047 Thread 0x00000293b5219000 57662   !   3       sun.nio.ch.SocketChannelImpl::isConnected (28 bytes)
Event: 1147.047 Thread 0x00000293b5219000 nmethod 57662 0x0000029391face10 code [0x0000029391facf80, 0x0000029391fad2d8]
Event: 1148.364 Thread 0x00000293b5219000 57663       3       net.minecraft.client.renderer.texture.TextureAtlasSprite::close (51 bytes)
Event: 1148.364 Thread 0x00000293b5219000 nmethod 57663 0x0000029393ae8850 code [0x0000029393ae89e0, 0x0000029393ae8e00]
Event: 1148.364 Thread 0x00000293b5216800 57664       4       net.minecraft.client.renderer.texture.NativeImage::close (39 bytes)
Event: 1148.365 Thread 0x00000293b5216800 nmethod 57664 0x0000029394db7f50 code [0x0000029394db80a0, 0x0000029394db8198]
Event: 1148.366 Thread 0x00000293b5206800 57665       4       net.minecraft.client.renderer.texture.TextureAtlasSprite::close (51 bytes)
Event: 1148.367 Thread 0x00000293b5206800 nmethod 57665 0x000002938f3ec310 code [0x000002938f3ec480, 0x000002938f3ec688]
Event: 1148.369 Thread 0x00000293b5219000 57666       3       net.minecraft.client.gui.fonts.providers.UnicodeTextureGlyphProvider$$Lambda$20482/1844714373::accept (8 bytes)
Event: 1148.370 Thread 0x00000293b5219000 nmethod 57666 0x000002938f6d63d0 code [0x000002938f6d6540, 0x000002938f6d6850]

GC Heap History (10 events):
Event: 1049.761 GC heap before
{Heap before GC invocations=233 (full 0):
 garbage-first heap   total 8388608K, used 6112416K [0x00000005c0000000, 0x00000005c2000800, 0x00000007c0000000)
  region size 32768K, 51 young (1671168K), 7 survivors (229376K)
 Metaspace       used 238515K, capacity 271220K, committed 271580K, reserved 1269760K
  class space    used 41207K, capacity 51030K, committed 51168K, reserved 1048576K
Event: 1049.855 GC heap after
Heap after GC invocations=234 (full 0):
 garbage-first heap   total 8388608K, used 4530496K [0x00000005c0000000, 0x00000005c2000800, 0x00000007c0000000)
  region size 32768K, 6 young (196608K), 6 survivors (196608K)
 Metaspace       used 238515K, capacity 271220K, committed 271580K, reserved 1269760K
  class space    used 41207K, capacity 51030K, committed 51168K, reserved 1048576K
}
Event: 1076.165 GC heap before
{Heap before GC invocations=234 (full 0):
 garbage-first heap   total 8388608K, used 6005056K [0x00000005c0000000, 0x00000005c2000800, 0x00000007c0000000)
  region size 32768K, 52 young (1703936K), 6 survivors (196608K)
 Metaspace       used 238603K, capacity 271320K, committed 271580K, reserved 1269760K
  class space    used 41213K, capacity 51036K, committed 51168K, reserved 1048576K
Event: 1076.280 GC heap after
Heap after GC invocations=235 (full 0):
 garbage-first heap   total 8388608K, used 4536445K [0x00000005c0000000, 0x00000005c2000800, 0x00000007c0000000)
  region size 32768K, 5 young (163840K), 5 survivors (163840K)
 Metaspace       used 238603K, capacity 271320K, committed 271580K, reserved 1269760K
  class space    used 41213K, capacity 51036K, committed 51168K, reserved 1048576K
}
Event: 1105.053 GC heap before
{Heap before GC invocations=235 (full 0):
 garbage-first heap   total 8388608K, used 6043773K [0x00000005c0000000, 0x00000005c2000800, 0x00000007c0000000)
  region size 32768K, 52 young (1703936K), 5 survivors (163840K)
 Metaspace       used 238668K, capacity 271390K, committed 271580K, reserved 1269760K
  class space    used 41213K, capacity 51037K, committed 51168K, reserved 1048576K
Event: 1105.095 GC heap after
Heap after GC invocations=236 (full 0):
 garbage-first heap   total 8388608K, used 4578852K [0x00000005c0000000, 0x00000005c2000800, 0x00000007c0000000)
  region size 32768K, 6 young (196608K), 6 survivors (196608K)
 Metaspace       used 238668K, capacity 271390K, committed 271580K, reserved 1269760K
  class space    used 41213K, capacity 51037K, committed 51168K, reserved 1048576K
}
Event: 1122.107 GC heap before
{Heap before GC invocations=236 (full 0):
 garbage-first heap   total 8388608K, used 6053412K [0x00000005c0000000, 0x00000005c2000800, 0x00000007c0000000)
  region size 32768K, 52 young (1703936K), 6 survivors (196608K)
 Metaspace       used 238697K, capacity 271394K, committed 271580K, reserved 1269760K
  class space    used 41213K, capacity 51037K, committed 51168K, reserved 1048576K
Event: 1122.146 GC heap after
Heap after GC invocations=237 (full 0):
 garbage-first heap   total 8388608K, used 4593862K [0x00000005c0000000, 0x00000005c2000800, 0x00000007c0000000)
  region size 32768K, 7 young (229376K), 7 survivors (229376K)
 Metaspace       used 238697K, capacity 271394K, committed 271580K, reserved 1269760K
  class space    used 41213K, capacity 51037K, committed 51168K, reserved 1048576K
}
Event: 1141.874 GC heap before
{Heap before GC invocations=238 (full 0):
 garbage-first heap   total 8388608K, used 6035654K [0x00000005c0000000, 0x00000005c2000800, 0x00000007c0000000)
  region size 32768K, 51 young (1671168K), 7 survivors (229376K)
 Metaspace       used 238730K, capacity 271462K, committed 271836K, reserved 1269760K
  class space    used 41213K, capacity 51037K, committed 51168K, reserved 1048576K
Event: 1141.905 GC heap after
Heap after GC invocations=239 (full 0):
 garbage-first heap   total 8388608K, used 4531027K [0x00000005c0000000, 0x00000005c2000800, 0x00000007c0000000)
  region size 32768K, 5 young (163840K), 5 survivors (163840K)
 Metaspace       used 238730K, capacity 271462K, committed 271836K, reserved 1269760K
  class space    used 41213K, capacity 51037K, committed 51168K, reserved 1048576K
}

Deoptimization events (10 events):
Event: 1146.989 Thread 0x000002941a65b800 Uncommon trap: reason=class_check action=maybe_recompile pc=0x00000293905c2f24 method=io.netty.handler.codec.ByteToMessageDecoder.callDecode(Lio/netty/channel/ChannelHandlerContext;Lio/netty/buffer/ByteBuf;Ljava/util/List;)V @ 87
Event: 1146.989 Thread 0x000002941a65b800 Uncommon trap: reason=class_check action=maybe_recompile pc=0x0000029390229a44 method=io.netty.handler.codec.ByteToMessageDecoder.discardSomeReadBytes()V @ 18
Event: 1146.989 Thread 0x000002941a65b800 Uncommon trap: reason=class_check action=maybe_recompile pc=0x0000029390229a44 method=io.netty.handler.codec.ByteToMessageDecoder.discardSomeReadBytes()V @ 18
Event: 1147.047 Thread 0x000002941a65b800 Uncommon trap: reason=unstable_if action=reinterpret pc=0x00000293952b5310 method=io.netty.channel.nio.AbstractNioByteChannel$NioByteUnsafe.read()V @ 209
Event: 1148.408 Thread 0x000002938ae34800 Uncommon trap: reason=unstable_if action=reinterpret pc=0x0000029390b6efc8 method=java.util.concurrent.ForkJoinPool.tryTerminate(ZZ)Z @ 19
Event: 1148.408 Thread 0x000002940336d000 Uncommon trap: reason=unstable_if action=reinterpret pc=0x0000029390b45124 method=java.util.concurrent.ForkJoinPool.scan(Ljava/util/concurrent/ForkJoinPool$WorkQueue;I)Ljava/util/concurrent/ForkJoinTask; @ 321
Event: 1148.408 Thread 0x00000294095a2800 Uncommon trap: reason=unstable_if action=reinterpret pc=0x0000029390b45124 method=java.util.concurrent.ForkJoinPool.scan(Ljava/util/concurrent/ForkJoinPool$WorkQueue;I)Ljava/util/concurrent/ForkJoinTask; @ 321
Event: 1148.408 Thread 0x000002940959f000 Uncommon trap: reason=unstable_if action=reinterpret pc=0x0000029390b45124 method=java.util.concurrent.ForkJoinPool.scan(Ljava/util/concurrent/ForkJoinPool$WorkQueue;I)Ljava/util/concurrent/ForkJoinTask; @ 321
Event: 1148.408 Thread 0x00000294095a2800 Uncommon trap: reason=unstable_if action=reinterpret pc=0x0000029390f49110 method=java.util.concurrent.ForkJoinPool.awaitWork(Ljava/util/concurrent/ForkJoinPool$WorkQueue;I)Z @ 8
Event: 1148.408 Thread 0x0000029403375000 Uncommon trap: reason=unstable_if action=reinterpret pc=0x0000029390b45124 method=java.util.concurrent.ForkJoinPool.scan(Ljava/util/concurrent/ForkJoinPool$WorkQueue;I)Ljava/util/concurrent/ForkJoinTask; @ 321

Classes redefined (0 events):
No events

Internal exceptions (10 events):
Event: 1134.642 Thread 0x00000293c73f5000 Exception <a 'sun/nio/fs/WindowsException'> (0x000000078686c7e0) thrown at [C:\cygwin64\tmp\openjdk-jdk8u-windows-x64-hotspot\workspace\build\src\hotspot\src\share\vm\prims\jni.cpp, line 710]
Event: 1134.643 Thread 0x00000293c73f5000 Exception <a 'sun/nio/fs/WindowsException'> (0x0000000780015458) thrown at [C:\cygwin64\tmp\openjdk-jdk8u-windows-x64-hotspot\workspace\build\src\hotspot\src\share\vm\prims\jni.cpp, line 710]
Event: 1134.656 Thread 0x00000293c73f5000 Exception <a 'sun/nio/fs/WindowsException'> (0x000000078001b8b8) thrown at [C:\cygwin64\tmp\openjdk-jdk8u-windows-x64-hotspot\workspace\build\src\hotspot\src\share\vm\prims\jni.cpp, line 710]
Event: 1134.656 Thread 0x00000293c73f5000 Exception <a 'sun/nio/fs/WindowsException'> (0x000000078001bbf8) thrown at [C:\cygwin64\tmp\openjdk-jdk8u-windows-x64-hotspot\workspace\build\src\hotspot\src\share\vm\prims\jni.cpp, line 710]
Event: 1147.673 Thread 0x00000293c73f5000 NullPointerException at vtable entry 0x000002938cc03b37
Event: 1147.673 Thread 0x00000293c73f5000 Exception <a 'java/lang/NullPointerException'> (0x00000007ba0298a0) thrown at [C:\cygwin64\tmp\openjdk-jdk8u-windows-x64-hotspot\workspace\build\src\hotspot\src\share\vm\runtime\sharedRuntime.cpp, line 605]
Event: 1147.695 Thread 0x00000293c73f5000 Exception <a 'sun/nio/fs/WindowsException'> (0x000000078b11ffe0) thrown at [C:\cygwin64\tmp\openjdk-jdk8u-windows-x64-hotspot\workspace\build\src\hotspot\src\share\vm\prims\jni.cpp, line 710]
Event: 1147.696 Thread 0x00000293c73f5000 Exception <a 'sun/nio/fs/WindowsException'> (0x000000078b1222b0) thrown at [C:\cygwin64\tmp\openjdk-jdk8u-windows-x64-hotspot\workspace\build\src\hotspot\src\share\vm\prims\jni.cpp, line 710]
Event: 1147.796 Thread 0x00000293c73f5000 Exception <a 'sun/nio/fs/WindowsException'> (0x00000007882a34c0) thrown at [C:\cygwin64\tmp\openjdk-jdk8u-windows-x64-hotspot\workspace\build\src\hotspot\src\share\vm\prims\jni.cpp, line 710]
Event: 1147.797 Thread 0x00000293c73f5000 Exception <a 'sun/nio/fs/WindowsException'> (0x00000007882a77a0) thrown at [C:\cygwin64\tmp\openjdk-jdk8u-windows-x64-hotspot\workspace\build\src\hotspot\src\share\vm\prims\jni.cpp, line 710]

Events (10 events):
Event: 1148.408 Executing VM operation: RevokeBias
Event: 1148.408 Executing VM operation: RevokeBias done
Event: 1148.408 Thread 0x000002940959f000 Thread exited: 0x000002940959f000
Event: 1148.408 Thread 0x00000294095a2800 Thread exited: 0x00000294095a2800
Event: 1148.408 Thread 0x0000029403375000 Thread exited: 0x0000029403375000
Event: 1148.408 Executing VM operation: RevokeBias
Event: 1148.408 Executing VM operation: RevokeBias done
Event: 1148.408 Thread 0x000002940336d000 Thread exited: 0x000002940336d000
Event: 1148.408 loading class org/lwjgl/glfw/Callbacks
Event: 1148.408 loading class org/lwjgl/glfw/Callbacks done


Dynamic libraries:
0x00007ff675100000 - 0x00007ff67513a000 	C:\_gdl\java\8u242-b08\bin\java.exe
0x00007ff82a5f0000 - 0x00007ff82a7e6000 	C:\WINDOWS\SYSTEM32\ntdll.dll
0x00007ff829040000 - 0x00007ff8290fd000 	C:\WINDOWS\System32\KERNEL32.DLL
0x00007ff827d90000 - 0x00007ff828058000 	C:\WINDOWS\System32\KERNELBASE.dll
0x00007ff829ef0000 - 0x00007ff829f9c000 	C:\WINDOWS\System32\ADVAPI32.dll
0x00007ff8299e0000 - 0x00007ff829a7e000 	C:\WINDOWS\System32\msvcrt.dll
0x00007ff829510000 - 0x00007ff8295ab000 	C:\WINDOWS\System32\sechost.dll
0x00007ff8291d0000 - 0x00007ff8292f4000 	C:\WINDOWS\System32\RPCRT4.dll
0x00007ff829fa0000 - 0x00007ff82a140000 	C:\WINDOWS\System32\USER32.dll
0x00007ff828060000 - 0x00007ff828082000 	C:\WINDOWS\System32\win32u.dll
0x00007ff829ec0000 - 0x00007ff829eea000 	C:\WINDOWS\System32\GDI32.dll
0x00007ff8283a0000 - 0x00007ff8284a9000 	C:\WINDOWS\System32\gdi32full.dll
0x00007ff8284b0000 - 0x00007ff82854d000 	C:\WINDOWS\System32\msvcp_win.dll
0x00007ff828550000 - 0x00007ff828650000 	C:\WINDOWS\System32\ucrtbase.dll
0x00007ff81a5d0000 - 0x00007ff81a86b000 	C:\WINDOWS\WinSxS\amd64_microsoft.windows.common-controls_6595b64144ccf1df_6.0.19041.488_none_ca04af081b815d21\COMCTL32.dll
0x00007ff8296d0000 - 0x00007ff829700000 	C:\WINDOWS\System32\IMM32.DLL
0x00007ff806910000 - 0x00007ff8069ff000 	C:\_gdl\java\8u242-b08\bin\msvcr120.dll
0x00007ff80a0c0000 - 0x00007ff80a166000 	C:\_gdl\java\8u242-b08\bin\msvcp120.dll
0x00000000701d0000 - 0x00000000709d1000 	C:\_gdl\java\8u242-b08\bin\server\jvm.dll
0x00007ff829760000 - 0x00007ff829768000 	C:\WINDOWS\System32\PSAPI.DLL
0x00007ff81dfa0000 - 0x00007ff81dfa9000 	C:\WINDOWS\SYSTEM32\WSOCK32.dll
0x00007ff820d60000 - 0x00007ff820d6a000 	C:\WINDOWS\SYSTEM32\VERSION.dll
0x00007ff81b6b0000 - 0x00007ff81b6d7000 	C:\WINDOWS\SYSTEM32\WINMM.dll
0x00007ff8294a0000 - 0x00007ff82950b000 	C:\WINDOWS\System32\WS2_32.dll
0x00007ff823af0000 - 0x00007ff823aff000 	C:\_gdl\java\8u242-b08\bin\verify.dll
0x00007ff822cd0000 - 0x00007ff822cf8000 	C:\_gdl\java\8u242-b08\bin\java.dll
0x00007ff822ca0000 - 0x00007ff822cb6000 	C:\_gdl\java\8u242-b08\bin\zip.dll
0x00007ff828650000 - 0x00007ff828d91000 	C:\WINDOWS\System32\SHELL32.dll
0x00007ff825ea0000 - 0x00007ff826635000 	C:\WINDOWS\SYSTEM32\windows.storage.dll
0x00007ff829a80000 - 0x00007ff829dd5000 	C:\WINDOWS\System32\combase.dll
0x00007ff8277a0000 - 0x00007ff8277cc000 	C:\WINDOWS\SYSTEM32\Wldp.dll
0x00007ff829860000 - 0x00007ff82990e000 	C:\WINDOWS\System32\SHCORE.dll
0x00007ff829700000 - 0x00007ff829755000 	C:\WINDOWS\System32\shlwapi.dll
0x00007ff827c60000 - 0x00007ff827c86000 	C:\WINDOWS\SYSTEM32\profapi.dll
0x00007ff822c70000 - 0x00007ff822c7d000 	C:\_gdl\java\8u242-b08\bin\management.dll
0x00007ff81c820000 - 0x00007ff81c83a000 	C:\_gdl\java\8u242-b08\bin\net.dll
0x00007ff827520000 - 0x00007ff82758a000 	C:\WINDOWS\system32\mswsock.dll
0x00007ff8034e0000 - 0x00007ff8034f7000 	C:\WINDOWS\system32\napinsp.dll
0x00007ff8033c0000 - 0x00007ff8033db000 	C:\WINDOWS\system32\pnrpnsp.dll
0x00007ff8033e0000 - 0x00007ff8033f5000 	C:\WINDOWS\system32\wshbth.dll
0x00007ff823ad0000 - 0x00007ff823aed000 	C:\WINDOWS\system32\NLAapi.dll
0x00007ff8271c0000 - 0x00007ff8271fb000 	C:\WINDOWS\SYSTEM32\IPHLPAPI.DLL
0x00007ff827210000 - 0x00007ff8272db000 	C:\WINDOWS\SYSTEM32\DNSAPI.dll
0x00007ff829300000 - 0x00007ff829308000 	C:\WINDOWS\System32\NSI.dll
0x00007ff800de0000 - 0x00007ff800df2000 	C:\WINDOWS\System32\winrnr.dll
0x00007ff81f1f0000 - 0x00007ff81f1fa000 	C:\Windows\System32\rasadhlp.dll
0x00007ff81e200000 - 0x00007ff81e27f000 	C:\WINDOWS\System32\fwpuclnt.dll
0x00007ff828370000 - 0x00007ff828397000 	C:\WINDOWS\System32\bcrypt.dll
0x00007ff81b490000 - 0x00007ff81b4a2000 	C:\_gdl\java\8u242-b08\bin\nio.dll
0x00007ff8186d0000 - 0x00007ff8186f3000 	C:\_gdl\java\8u242-b08\bin\sunec.dll
0x00007ff827700000 - 0x00007ff827718000 	C:\WINDOWS\SYSTEM32\CRYPTSP.dll
0x00007ff826e40000 - 0x00007ff826e74000 	C:\WINDOWS\system32\rsaenh.dll
0x00007ff827c20000 - 0x00007ff827c4e000 	C:\WINDOWS\SYSTEM32\USERENV.dll
0x00007ff8280e0000 - 0x00007ff82815f000 	C:\WINDOWS\System32\bcryptprimitives.dll
0x00007ff8276f0000 - 0x00007ff8276fc000 	C:\WINDOWS\SYSTEM32\CRYPTBASE.dll
0x00007ff821aa0000 - 0x00007ff821ab7000 	C:\WINDOWS\SYSTEM32\dhcpcsvc6.DLL
0x00007ff820dd0000 - 0x00007ff820ded000 	C:\WINDOWS\SYSTEM32\dhcpcsvc.DLL
0x00007ff809030000 - 0x00007ff8090a2000 	C:\_gdl\instances\Craft to Exile [Dissonance]\natives\lwjgl.dll
0x00007ffffec70000 - 0x00007ffffeec1000 	C:\_gdl\instances\Craft to Exile [Dissonance]\natives\jemalloc.dll
0x00007ff809e40000 - 0x00007ff809e9e000 	C:\_gdl\instances\Craft to Exile [Dissonance]\natives\glfw.dll
0x00007ff825740000 - 0x00007ff8257de000 	C:\WINDOWS\system32\uxtheme.dll
0x00007ff809af0000 - 0x00007ff809b35000 	C:\WINDOWS\SYSTEM32\dinput8.dll
0x00007ff81b3b0000 - 0x00007ff81b3c1000 	C:\WINDOWS\SYSTEM32\xinput1_4.dll
0x00007ff828090000 - 0x00007ff8280de000 	C:\WINDOWS\System32\cfgmgr32.dll
0x00007ff827ae0000 - 0x00007ff827b0c000 	C:\WINDOWS\SYSTEM32\DEVOBJ.dll
0x00007ff8259b0000 - 0x00007ff8259df000 	C:\WINDOWS\SYSTEM32\dwmapi.dll
0x00007ff8168e0000 - 0x00007ff816a32000 	C:\WINDOWS\SYSTEM32\inputhost.dll
0x00007ff829910000 - 0x00007ff8299dd000 	C:\WINDOWS\System32\OLEAUT32.dll
0x00007ff823d20000 - 0x00007ff823e76000 	C:\WINDOWS\SYSTEM32\wintypes.dll
0x00007ff8253e0000 - 0x00007ff8254d2000 	C:\WINDOWS\SYSTEM32\CoreMessaging.dll
0x00007ff823600000 - 0x00007ff8236f7000 	C:\WINDOWS\SYSTEM32\PROPSYS.dll
0x00007ff824d00000 - 0x00007ff82505e000 	C:\WINDOWS\SYSTEM32\CoreUIComponents.dll
0x00007ff826a70000 - 0x00007ff826aa3000 	C:\WINDOWS\SYSTEM32\ntmarta.dll
0x00007ff825ca0000 - 0x00007ff825cb2000 	C:\WINDOWS\SYSTEM32\kernel.appcore.dll
0x00007ff8295b0000 - 0x00007ff8296c5000 	C:\WINDOWS\System32\MSCTF.dll
0x00007ff826640000 - 0x00007ff82664d000 	C:\WINDOWS\SYSTEM32\HID.DLL
0x00007ff82a140000 - 0x00007ff82a5a7000 	C:\WINDOWS\System32\SETUPAPI.DLL
0x00007ff827d30000 - 0x00007ff827d90000 	C:\WINDOWS\System32\WINTRUST.dll
0x00007ff828160000 - 0x00007ff8282bd000 	C:\WINDOWS\System32\CRYPT32.dll
0x00007ff827920000 - 0x00007ff827932000 	C:\WINDOWS\SYSTEM32\MSASN1.dll
0x00007ff804aa0000 - 0x00007ff804bc5000 	C:\WINDOWS\SYSTEM32\opengl32.dll
0x00007ff80b140000 - 0x00007ff80b16c000 	C:\WINDOWS\SYSTEM32\GLU32.dll
0x00007ff829120000 - 0x00007ff8291c9000 	C:\WINDOWS\System32\clbcatq.dll
0x00007fffde510000 - 0x00007fffe11f0000 	C:\WINDOWS\System32\DriverStore\FileRepository\nv_dispi.inf_amd64_8e1b465b962975a0\nvoglv64.dll
0x00007ff829310000 - 0x00007ff82943a000 	C:\WINDOWS\System32\ole32.dll
0x00007ff823880000 - 0x00007ff823894000 	C:\WINDOWS\SYSTEM32\WTSAPI32.dll
0x00007ff820bc0000 - 0x00007ff820bf1000 	C:\WINDOWS\SYSTEM32\cryptnet.dll
0x00007ff81f220000 - 0x00007ff81f25b000 	C:\WINDOWS\SYSTEM32\dxcore.dll
0x00007ffffc270000 - 0x00007ffffc529000 	C:\WINDOWS\system32\nvspcap64.dll
0x00007ff827330000 - 0x00007ff82737b000 	C:\WINDOWS\SYSTEM32\powrprof.dll
0x00007ff8271a0000 - 0x00007ff8271b2000 	C:\WINDOWS\SYSTEM32\UMPDC.dll
0x00007ff826ae0000 - 0x00007ff826b3a000 	C:\WINDOWS\SYSTEM32\WINSTA.dll
0x00007ff807010000 - 0x00007ff80708f000 	C:\_gdl\instances\Craft to Exile [Dissonance]\natives\lwjgl_stb.dll
0x00007ff820df0000 - 0x00007ff820e9e000 	C:\WINDOWS\SYSTEM32\mscms.dll
0x00007ff820db0000 - 0x00007ff820dc1000 	C:\WINDOWS\SYSTEM32\ColorAdapterClient.dll
0x00007ff823b50000 - 0x00007ff823b93000 	C:\WINDOWS\SYSTEM32\icm32.dll
0x00007ff816a40000 - 0x00007ff816b3c000 	C:\WINDOWS\SYSTEM32\textinputframework.dll
0x00007ff807380000 - 0x00007ff8073d8000 	C:\_gdl\instances\Craft to Exile [Dissonance]\natives\lwjgl_opengl.dll
0x00007ff806150000 - 0x00007ff806192000 	C:\Users\Kelvin\AppData\Local\Temp\jna--2051171159\jna7927371146211399340.dll
0x00007ff822c40000 - 0x00007ff822c4b000 	C:\_gdl\java\8u242-b08\bin\sunmscapi.dll
0x00007ffffe9b0000 - 0x00007ffffeb45000 	C:\_gdl\java\8u242-b08\bin\awt.dll
0x00007ff825610000 - 0x00007ff8256a0000 	C:\WINDOWS\SYSTEM32\apphelp.dll
0x00007ff813bd0000 - 0x00007ff813bea000 	C:\_gdl\instances\Craft to Exile [Dissonance]\natives\SAPIWrapper_x64.dll
0x00007ff81fdd0000 - 0x00007ff81fe55000 	C:\WINDOWS\System32\MMDevApi.dll
0x00007ff800eb0000 - 0x00007ff800fc4000 	C:\_gdl\instances\Craft to Exile [Dissonance]\natives\OpenAL.dll
0x00007ff803ea0000 - 0x00007ff804021000 	C:\WINDOWS\SYSTEM32\AUDIOSES.DLL
0x00007ff8258c0000 - 0x00007ff8258d4000 	C:\WINDOWS\SYSTEM32\resourcepolicyclient.dll
0x00007ff811080000 - 0x00007ff811264000 	C:\WINDOWS\SYSTEM32\dbghelp.dll

VM Arguments:
jvm_args: -XX:HeapDumpPath=MojangTricksIntelDriversForPerformance_javaw.exe_minecraft.exe.heapdump -Dos.name=Windows 10 -Dos.version=10.0 -Djava.library.path=C:\_gdl\instances\Craft to Exile [Dissonance]\natives -Dminecraft.launcher.brand=GDLauncher -Dminecraft.launcher.version=1.0 -Xmx8192m -Xms8192m -Dminecraft.applet.TargetDirectory=C:\_gdl\instances\Craft to Exile [Dissonance] -Dfml.ignorePatchDiscrepancies=true -Dfml.ignoreInvalidMinecraftCertificates=true -XX:HeapDumpPath=MojangTricksIntelDriversForPerformance_javaw.exe_minecraft.exe.heapdump -Xms256m -XX:+UseG1GC -Dsun.rmi.dgc.server.gcInterval=2147483646 -XX:+UnlockExperimentalVMOptions -XX:G1NewSizePercent=20 -XX:G1ReservePercent=20 -XX:MaxGCPauseMillis=50 -XX:G1HeapRegionSize=32M 
java_command: cpw.mods.modlauncher.Launcher --width 854 --height 480 --username Mahjerion --version 1.15.2 --gameDir C:\_gdl\instances\Craft to Exile [Dissonance] --assetsDir C:\_gdl\datastore\assets --assetIndex 1.15 --uuid 078e6d6a263646289d0d28d4dd831d5f --accessToken eyJhbGciOiJIUzI1NiJ9.eyJzdWIiOiJlMTdjMzAwM2Q5MDk4YjAzMThiYzljN2VlODFlOTFhNCIsInlnZ3QiOiI3MTg5ZmM3M2M3MzU0MDk4OTgxMGNjNWI1ZTRhYWI3OSIsInNwciI6IjA3OGU2ZDZhMjYzNjQ2Mjg5ZDBkMjhkNGRkODMxZDVmIiwiaXNzIjoiWWdnZHJhc2lsLUF1dGgiLCJleHAiOjE2MDcyNzA1NTUsImlhdCI6MTYwNzA5Nzc1NX0.qHd9LvHOJCWYqhembKnBj414snzB2or4TJbdEUrXyyU --userType mojang --versionType release --launchTarget fmlclient --fml.forgeVersion 31.2.47 --fml.mcVersion 1.15.2 --fml.forgeGroup net.minecraftforge --fml.mcpVersion 20200515.085601
java_class_path (initial): C:\_gdl\datastore\libraries\net\minecraftforge\forge\1.15.2-31.2.47\forge-1.15.2-31.2.47.jar;C:\_gdl\datastore\libraries\org\ow2\asm\asm\7.2\asm-7.2.jar;C:\_gdl\datastore\libraries\org\ow2\asm\asm-commons\7.2\asm-commons-7.2.jar;C:\_gdl\datastore\libraries\org\ow2\asm\asm-tree\7.2\asm-tree-7.2.jar;C:\_gdl\datastore\libraries\org\ow2\asm\asm-util\7.2\asm-util-7.2.jar;C:\_gdl\datastore\libraries\org\ow2\asm\asm-analysis\7.2\asm-analysis-7.2.jar;C:\_gdl\datastore\libraries\cpw\mods\modlauncher\5.1.2\modlauncher-5.1.2.jar;C:\_gdl\datastore\libraries\cpw\mods\grossjava9hacks\1.3.0\grossjava9hacks-1.3.0.jar;C:\_gdl\datastore\libraries\net\minecraftforge\accesstransformers\2.1.3-shadowed\accesstransformers-2.1.3-shadowed.jar;C:\_gdl\datastore\libraries\net\minecraftforge\eventbus\2.2.1-service\eventbus-2.2.1-service.jar;C:\_gdl\datastore\libraries\net\minecraftforge\forgespi\3.0.0\forgespi-3.0.0.jar;C:\_gdl\datastore\libraries\net\minecraftforge\coremods\2.0.3\coremods-2.0.3.jar;C:\_gdl\datastore\libraries\net\minecraftforge\unsafe\0.2.0\unsafe-0.2.0.jar;C:\_gdl\datastore\libraries\org\spongepowered\mixin\0.8.2\mixin-0.8.2.jar;C:\_gdl\datastore\libraries\com\electronwill\night-config\core\3.6.2\core-3.6.2.jar;C:\_gdl\datastore\libraries\com\electronwill\night-config\toml\3.6.2\toml-3.6.2.jar;C:\_gdl\datastore\libraries\org\jline\jline\3.12.1\jline-3.12.1.jar;C:\_gdl\datastore\libraries\org\apache\maven\maven-artifact\3.6.0\maven-artifact-3.6.0.jar;C:\_gdl\datastore\libraries\net\jodah\typetools\0.8.1\typetools-0.8.1.jar;C:\_gdl\datastore\libraries\org\apache\logging\log4j\log4j-api\2.11.2\log4j-api-2.11.2.jar;C:\_gdl\datastore\libraries\org\apache\logging\log4j\log4j-core\2.11.2\log4j-core-2.11.2.jar;C:\_gdl\datastore\libraries\net\minecrell\terminalconsoleappender\1.2.0\terminalconsoleappender-1.2.0.jar;C:\_gdl\datastore\libraries\net\sf\jopt-simple\jopt-simple\5.0.4\jopt-simple-5.0.4.jar;C:\_gdl\datastore\libraries\com\mojang\patchy\1.1\patch
Launcher Type: SUN_STANDARD

Environment Variables:
JAVA_HOME=C:\Program Files\AdoptOpenJDK\jdk-8.0.265.01-hotspot\
PATH=C:\Program Files\AdoptOpenJDK\jdk-8.0.265.01-hotspot\bin;C:\Program Files\AdoptOpenJDK\jdk-11.0.8.10-hotspot\bin;C:\Program Files (x86)\Common Files\Oracle\Java\javapath;C:\Windows\system32;C:\Windows;C:\Windows\System32\Wbem;C:\Windows\System32\WindowsPowerShell\v1.0\;C:\Windows\System32\OpenSSH\;C:\Program Files (x86)\NVIDIA Corporation\PhysX\Common;C:\Program Files\NVIDIA Corporation\NVIDIA NvDLISR;C:\WINDOWS\system32;C:\WINDOWS;C:\WINDOWS\System32\Wbem;C:\WINDOWS\System32\WindowsPowerShell\v1.0\;C:\WINDOWS\System32\OpenSSH\;C:\Program Files\AdoptOpenJDK\jdk-8.0.265.01-hotspot\\bin;C:\Users\Kelvin\AppData\Local\Programs\Python\Python38-32\Scripts;C:\Users\Kelvin\AppData\Local\Microsoft\WindowsApps;C:\Users\Kelvin\AppData\Local\GitHubDesktop\bin;C:\Program Files\JetBrains\PyCharm Community Edition 2020.2.1\bin;;C:\Program Files\JetBrains\IntelliJ IDEA Community Edition 2020.2.1\bin;;C:\Users\Kelvin\AppData\Local\Microsoft\WindowsApps;
USERNAME=Kelvin
OS=Windows_NT
PROCESSOR_IDENTIFIER=AMD64 Family 23 Model 8 Stepping 2, AuthenticAMD



---------------  S Y S T E M  ---------------

OS: Windows 10.0 , 64 bit Build 19041 (10.0.19041.546)

CPU:total 12 (initial active 12) (12 cores per cpu, 1 threads per core) family 23 model 8 stepping 2, cmov, cx8, fxsr, mmx, sse, sse2, sse3, ssse3, sse4.1, sse4.2, popcnt, avx, avx2, aes, clmul, mmxext, 3dnowpref, lzcnt, sse4a, tsc, tscinvbit, tscinv, bmi1

Memory: 4k page, physical 33501216k(16868228k free), swap 35598368k(14280528k free)

vm_info: OpenJDK 64-Bit Server VM (25.242-b08) for windows-amd64 JRE (1.8.0_242-b08), built on Jan 19 2020 14:45:52 by "jenkins" with MS VC++ 12.0 (VS2013)

time: Fri Dec 04 16:04:55 2020
timezone: Eastern Standard Time
elapsed time: 1148 seconds (0d 0h 19m 8s)

